[0.674s] Invoking command in '/home/huy/ros2_ws/src/ps4_controller': PYTHONPATH=/home/huy/ros2_ws/build/ps4_controller/prefix_override:/usr/lib/python3/dist-packages/colcon_core/task/python/colcon_distutils_commands:/home/huy/ros2_ws/install/ps4_controller/lib/python3.10/site-packages:${PYTHONPATH} /usr/bin/python3 -W ignore:setup.py install is deprecated -W ignore:easy_install command is deprecated setup.py egg_info --egg-base ../../build/ps4_controller build --build-base /home/huy/ros2_ws/build/ps4_controller/build install --record /home/huy/ros2_ws/build/ps4_controller/install.log --single-version-externally-managed install_data
[0.937s] running egg_info
[0.937s] writing ../../build/ps4_controller/ps4_controller.egg-info/PKG-INFO
[0.937s] writing dependency_links to ../../build/ps4_controller/ps4_controller.egg-info/dependency_links.txt
[0.937s] writing entry points to ../../build/ps4_controller/ps4_controller.egg-info/entry_points.txt
[0.938s] writing requirements to ../../build/ps4_controller/ps4_controller.egg-info/requires.txt
[0.938s] writing top-level names to ../../build/ps4_controller/ps4_controller.egg-info/top_level.txt
[0.940s] reading manifest file '../../build/ps4_controller/ps4_controller.egg-info/SOURCES.txt'
[0.941s] writing manifest file '../../build/ps4_controller/ps4_controller.egg-info/SOURCES.txt'
[0.941s] running build
[0.941s] running build_py
[0.941s] copying ps4_controller/ps4_controller.py -> /home/huy/ros2_ws/build/ps4_controller/build/lib/ps4_controller
[0.941s] copying ps4_controller/servo_controller.py -> /home/huy/ros2_ws/build/ps4_controller/build/lib/ps4_controller
[0.941s] running install
[0.942s] running install_lib
[0.942s] copying /home/huy/ros2_ws/build/ps4_controller/build/lib/ps4_controller/ps4_controller.py -> /home/huy/ros2_ws/install/ps4_controller/lib/python3.10/site-packages/ps4_controller
[0.943s] copying /home/huy/ros2_ws/build/ps4_controller/build/lib/ps4_controller/servo_controller.py -> /home/huy/ros2_ws/install/ps4_controller/lib/python3.10/site-packages/ps4_controller
[0.943s] byte-compiling /home/huy/ros2_ws/install/ps4_controller/lib/python3.10/site-packages/ps4_controller/ps4_controller.py to ps4_controller.cpython-310.pyc
[0.944s] byte-compiling /home/huy/ros2_ws/install/ps4_controller/lib/python3.10/site-packages/ps4_controller/servo_controller.py to servo_controller.cpython-310.pyc
[0.945s] running install_data
[0.945s] running install_egg_info
[0.947s] removing '/home/huy/ros2_ws/install/ps4_controller/lib/python3.10/site-packages/ps4_controller-0.0.0-py3.10.egg-info' (and everything under it)
[0.947s] Copying ../../build/ps4_controller/ps4_controller.egg-info to /home/huy/ros2_ws/install/ps4_controller/lib/python3.10/site-packages/ps4_controller-0.0.0-py3.10.egg-info
[0.948s] running install_scripts
[0.971s] Installing ps4_controller_node script to /home/huy/ros2_ws/install/ps4_controller/lib/ps4_controller
[0.971s] Installing servo_controller_node script to /home/huy/ros2_ws/install/ps4_controller/lib/ps4_controller
[0.971s] writing list of installed files to '/home/huy/ros2_ws/build/ps4_controller/install.log'
[1.000s] Invoked command in '/home/huy/ros2_ws/src/ps4_controller' returned '0': PYTHONPATH=/home/huy/ros2_ws/build/ps4_controller/prefix_override:/usr/lib/python3/dist-packages/colcon_core/task/python/colcon_distutils_commands:/home/huy/ros2_ws/install/ps4_controller/lib/python3.10/site-packages:${PYTHONPATH} /usr/bin/python3 -W ignore:setup.py install is deprecated -W ignore:easy_install command is deprecated setup.py egg_info --egg-base ../../build/ps4_controller build --build-base /home/huy/ros2_ws/build/ps4_controller/build install --record /home/huy/ros2_ws/build/ps4_controller/install.log --single-version-externally-managed install_data
