[0.010s] Invoking command in '/home/huy/ros2_ws/build/uav_motor_plugin': CMAKE_PREFIX_PATH=/home/huy/ros2_ws/install/uav_dynamics:/opt/ros/humble:/home/huy/ros2_ws/install/uav_msgs:/home/huy/ros2_ws/install/uav_motor_plugin /usr/bin/cmake --build /home/huy/ros2_ws/build/uav_motor_plugin -- -j16 -l16
[0.077s] [ 50%] [32mBuilding CXX object CMakeFiles/uav_motor_plugin.dir/src/uav_motor_plugin.cpp.o[0m
[12.748s] [100%] [32m[1mLinking CXX shared library libuav_motor_plugin.so[0m
[13.347s] [100%] Built target uav_motor_plugin
[13.358s] Invoked command in '/home/huy/ros2_ws/build/uav_motor_plugin' returned '0': CMAKE_PREFIX_PATH=/home/huy/ros2_ws/install/uav_dynamics:/opt/ros/humble:/home/huy/ros2_ws/install/uav_msgs:/home/huy/ros2_ws/install/uav_motor_plugin /usr/bin/cmake --build /home/huy/ros2_ws/build/uav_motor_plugin -- -j16 -l16
[13.359s] Invoking command in '/home/huy/ros2_ws/build/uav_motor_plugin': CMAKE_PREFIX_PATH=/home/huy/ros2_ws/install/uav_dynamics:/opt/ros/humble:/home/huy/ros2_ws/install/uav_msgs:/home/huy/ros2_ws/install/uav_motor_plugin /usr/bin/cmake --install /home/huy/ros2_ws/build/uav_motor_plugin
[13.367s] -- Install configuration: ""
[13.367s] -- Installing: /home/huy/ros2_ws/install/uav_motor_plugin/lib/libuav_motor_plugin.so
[13.379s] -- Set runtime path of "/home/huy/ros2_ws/install/uav_motor_plugin/lib/libuav_motor_plugin.so" to ""
[13.379s] -- Up-to-date: /home/huy/ros2_ws/install/uav_motor_plugin/share/ament_index/resource_index/package_run_dependencies/uav_motor_plugin
[13.379s] -- Up-to-date: /home/huy/ros2_ws/install/uav_motor_plugin/share/ament_index/resource_index/parent_prefix_path/uav_motor_plugin
[13.379s] -- Up-to-date: /home/huy/ros2_ws/install/uav_motor_plugin/share/uav_motor_plugin/environment/ament_prefix_path.sh
[13.379s] -- Up-to-date: /home/huy/ros2_ws/install/uav_motor_plugin/share/uav_motor_plugin/environment/ament_prefix_path.dsv
[13.379s] -- Up-to-date: /home/huy/ros2_ws/install/uav_motor_plugin/share/uav_motor_plugin/environment/path.sh
[13.379s] -- Up-to-date: /home/huy/ros2_ws/install/uav_motor_plugin/share/uav_motor_plugin/environment/path.dsv
[13.379s] -- Up-to-date: /home/huy/ros2_ws/install/uav_motor_plugin/share/uav_motor_plugin/local_setup.bash
[13.379s] -- Up-to-date: /home/huy/ros2_ws/install/uav_motor_plugin/share/uav_motor_plugin/local_setup.sh
[13.379s] -- Up-to-date: /home/huy/ros2_ws/install/uav_motor_plugin/share/uav_motor_plugin/local_setup.zsh
[13.379s] -- Up-to-date: /home/huy/ros2_ws/install/uav_motor_plugin/share/uav_motor_plugin/local_setup.dsv
[13.379s] -- Installing: /home/huy/ros2_ws/install/uav_motor_plugin/share/uav_motor_plugin/package.dsv
[13.379s] -- Up-to-date: /home/huy/ros2_ws/install/uav_motor_plugin/share/ament_index/resource_index/packages/uav_motor_plugin
[13.379s] -- Up-to-date: /home/huy/ros2_ws/install/uav_motor_plugin/share/uav_motor_plugin/cmake/uav_motor_pluginConfig.cmake
[13.380s] -- Up-to-date: /home/huy/ros2_ws/install/uav_motor_plugin/share/uav_motor_plugin/cmake/uav_motor_pluginConfig-version.cmake
[13.380s] -- Up-to-date: /home/huy/ros2_ws/install/uav_motor_plugin/share/uav_motor_plugin/package.xml
[13.382s] Invoked command in '/home/huy/ros2_ws/build/uav_motor_plugin' returned '0': CMAKE_PREFIX_PATH=/home/huy/ros2_ws/install/uav_dynamics:/opt/ros/humble:/home/huy/ros2_ws/install/uav_msgs:/home/huy/ros2_ws/install/uav_motor_plugin /usr/bin/cmake --install /home/huy/ros2_ws/build/uav_motor_plugin
