[0.012s] Invoking command in '/home/huy/ros2_ws/build/uav_controller': CMAKE_PREFIX_PATH=/opt/ros/humble:${CMAKE_PREFIX_PATH} /usr/bin/cmake --build /home/huy/ros2_ws/build/uav_controller -- -j16 -l16
[0.050s] [35m[1mConsolidate compiler generated dependencies of target pos_controller_node[0m
[0.063s] [ 33%] Built target imu_node
[0.063s] [ 50%] [32mBuilding CXX object CMakeFiles/smc_controller_node.dir/src/smc_controller.cpp.o[0m
[0.074s] [ 83%] Built target pos_controller_node
[10.427s] [100%] [32m[1mLinking CXX executable smc_controller_node[0m
[10.986s] [100%] Built target smc_controller_node
[10.998s] Invoked command in '/home/huy/ros2_ws/build/uav_controller' returned '0': CMAKE_PREFIX_PATH=/opt/ros/humble:${CMAKE_PREFIX_PATH} /usr/bin/cmake --build /home/huy/ros2_ws/build/uav_controller -- -j16 -l16
[10.999s] Invoking command in '/home/huy/ros2_ws/build/uav_controller': CMAKE_PREFIX_PATH=/opt/ros/humble:${CMAKE_PREFIX_PATH} /usr/bin/cmake --install /home/huy/ros2_ws/build/uav_controller
[11.008s] -- Install configuration: ""
[11.008s] -- Up-to-date: /home/huy/ros2_ws/install/uav_controller/lib/uav_controller/imu_node
[11.008s] -- Up-to-date: /home/huy/ros2_ws/install/uav_controller/lib/uav_controller/pos_controller_node
[11.008s] -- Installing: /home/huy/ros2_ws/install/uav_controller/lib/uav_controller/smc_controller_node
[11.019s] -- Set runtime path of "/home/huy/ros2_ws/install/uav_controller/lib/uav_controller/smc_controller_node" to ""
[11.019s] -- Up-to-date: /home/huy/ros2_ws/install/uav_controller/share/ament_index/resource_index/package_run_dependencies/uav_controller
[11.019s] -- Up-to-date: /home/huy/ros2_ws/install/uav_controller/share/ament_index/resource_index/parent_prefix_path/uav_controller
[11.019s] -- Up-to-date: /home/huy/ros2_ws/install/uav_controller/share/uav_controller/environment/ament_prefix_path.sh
[11.019s] -- Up-to-date: /home/huy/ros2_ws/install/uav_controller/share/uav_controller/environment/ament_prefix_path.dsv
[11.020s] -- Up-to-date: /home/huy/ros2_ws/install/uav_controller/share/uav_controller/environment/path.sh
[11.020s] -- Up-to-date: /home/huy/ros2_ws/install/uav_controller/share/uav_controller/environment/path.dsv
[11.020s] -- Up-to-date: /home/huy/ros2_ws/install/uav_controller/share/uav_controller/local_setup.bash
[11.020s] -- Up-to-date: /home/huy/ros2_ws/install/uav_controller/share/uav_controller/local_setup.sh
[11.020s] -- Up-to-date: /home/huy/ros2_ws/install/uav_controller/share/uav_controller/local_setup.zsh
[11.020s] -- Up-to-date: /home/huy/ros2_ws/install/uav_controller/share/uav_controller/local_setup.dsv
[11.020s] -- Installing: /home/huy/ros2_ws/install/uav_controller/share/uav_controller/package.dsv
[11.020s] -- Up-to-date: /home/huy/ros2_ws/install/uav_controller/share/ament_index/resource_index/packages/uav_controller
[11.020s] -- Up-to-date: /home/huy/ros2_ws/install/uav_controller/share/uav_controller/cmake/uav_controllerConfig.cmake
[11.020s] -- Up-to-date: /home/huy/ros2_ws/install/uav_controller/share/uav_controller/cmake/uav_controllerConfig-version.cmake
[11.020s] -- Up-to-date: /home/huy/ros2_ws/install/uav_controller/share/uav_controller/package.xml
[11.022s] Invoked command in '/home/huy/ros2_ws/build/uav_controller' returned '0': CMAKE_PREFIX_PATH=/opt/ros/humble:${CMAKE_PREFIX_PATH} /usr/bin/cmake --install /home/huy/ros2_ws/build/uav_controller
