[0.457s] Invoking command in '/home/huy/ros2_ws/src/my_robot_pkg': PYTHONPATH=/home/huy/ros2_ws/src/build/my_robot_pkg/prefix_override:/usr/lib/python3/dist-packages/colcon_core/task/python/colcon_distutils_commands:/home/huy/ros2_ws/src/install/my_robot_pkg/lib/python3.10/site-packages:${PYTHONPATH} /usr/bin/python3 -W ignore:setup.py install is deprecated -W ignore:easy_install command is deprecated setup.py egg_info --egg-base ../build/my_robot_pkg build --build-base /home/huy/ros2_ws/src/build/my_robot_pkg/build install --record /home/huy/ros2_ws/src/build/my_robot_pkg/install.log --single-version-externally-managed install_data
[0.622s] running egg_info
[0.622s] creating ../build/my_robot_pkg/my_robot_pkg.egg-info
[0.622s] writing ../build/my_robot_pkg/my_robot_pkg.egg-info/PKG-INFO
[0.622s] writing dependency_links to ../build/my_robot_pkg/my_robot_pkg.egg-info/dependency_links.txt
[0.622s] writing entry points to ../build/my_robot_pkg/my_robot_pkg.egg-info/entry_points.txt
[0.623s] writing requirements to ../build/my_robot_pkg/my_robot_pkg.egg-info/requires.txt
[0.623s] writing top-level names to ../build/my_robot_pkg/my_robot_pkg.egg-info/top_level.txt
[0.623s] writing manifest file '../build/my_robot_pkg/my_robot_pkg.egg-info/SOURCES.txt'
[0.624s] reading manifest file '../build/my_robot_pkg/my_robot_pkg.egg-info/SOURCES.txt'
[0.624s] writing manifest file '../build/my_robot_pkg/my_robot_pkg.egg-info/SOURCES.txt'
[0.624s] running build
[0.624s] running build_py
[0.624s] creating /home/huy/ros2_ws/src/build/my_robot_pkg/build
[0.624s] creating /home/huy/ros2_ws/src/build/my_robot_pkg/build/lib
[0.625s] creating /home/huy/ros2_ws/src/build/my_robot_pkg/build/lib/my_robot_pkg
[0.625s] copying my_robot_pkg/__init__.py -> /home/huy/ros2_ws/src/build/my_robot_pkg/build/lib/my_robot_pkg
[0.625s] running install
[0.625s] running install_lib
[0.625s] creating /home/huy/ros2_ws/src/install/my_robot_pkg/lib/python3.10/site-packages/my_robot_pkg
[0.625s] copying /home/huy/ros2_ws/src/build/my_robot_pkg/build/lib/my_robot_pkg/__init__.py -> /home/huy/ros2_ws/src/install/my_robot_pkg/lib/python3.10/site-packages/my_robot_pkg
[0.626s] byte-compiling /home/huy/ros2_ws/src/install/my_robot_pkg/lib/python3.10/site-packages/my_robot_pkg/__init__.py to __init__.cpython-310.pyc
[0.626s] running install_data
[0.626s] creating /home/huy/ros2_ws/src/install/my_robot_pkg/share/ament_index
[0.626s] creating /home/huy/ros2_ws/src/install/my_robot_pkg/share/ament_index/resource_index
[0.626s] creating /home/huy/ros2_ws/src/install/my_robot_pkg/share/ament_index/resource_index/packages
[0.626s] copying resource/my_robot_pkg -> /home/huy/ros2_ws/src/install/my_robot_pkg/share/ament_index/resource_index/packages
[0.626s] copying package.xml -> /home/huy/ros2_ws/src/install/my_robot_pkg/share/my_robot_pkg
[0.626s] running install_egg_info
[0.627s] Copying ../build/my_robot_pkg/my_robot_pkg.egg-info to /home/huy/ros2_ws/src/install/my_robot_pkg/lib/python3.10/site-packages/my_robot_pkg-0.0.0-py3.10.egg-info
[0.628s] running install_scripts
[0.643s] writing list of installed files to '/home/huy/ros2_ws/src/build/my_robot_pkg/install.log'
[0.659s] Invoked command in '/home/huy/ros2_ws/src/my_robot_pkg' returned '0': PYTHONPATH=/home/huy/ros2_ws/src/build/my_robot_pkg/prefix_override:/usr/lib/python3/dist-packages/colcon_core/task/python/colcon_distutils_commands:/home/huy/ros2_ws/src/install/my_robot_pkg/lib/python3.10/site-packages:${PYTHONPATH} /usr/bin/python3 -W ignore:setup.py install is deprecated -W ignore:easy_install command is deprecated setup.py egg_info --egg-base ../build/my_robot_pkg build --build-base /home/huy/ros2_ws/src/build/my_robot_pkg/build install --record /home/huy/ros2_ws/src/build/my_robot_pkg/install.log --single-version-externally-managed install_data
