[0.255s] DEBUG:colcon:Command line arguments: ['/usr/bin/colcon', 'build']
[0.255s] DEBUG:colcon:Parsed command line arguments: Namespace(log_base=None, log_level=None, verb_name='build', build_base='build', install_base='install', merge_install=False, symlink_install=False, test_result_base=None, continue_on_error=False, executor='parallel', parallel_workers=16, event_handlers=None, ignore_user_meta=False, metas=['./colcon.meta'], base_paths=['.'], packages_ignore=None, packages_ignore_regex=None, paths=None, packages_up_to=None, packages_up_to_regex=None, packages_above=None, packages_above_and_dependencies=None, packages_above_depth=None, packages_select_by_dep=None, packages_skip_by_dep=None, packages_skip_up_to=None, packages_select_build_failed=False, packages_skip_build_finished=False, packages_select_test_failures=False, packages_skip_test_passed=False, packages_select=None, packages_skip=None, packages_select_regex=None, packages_skip_regex=None, packages_start=None, packages_end=None, allow_overriding=[], cmake_args=None, cmake_target=None, cmake_target_skip_unavailable=False, cmake_clean_cache=False, cmake_clean_first=False, cmake_force_configure=False, ament_cmake_args=None, catkin_cmake_args=None, catkin_skip_building_tests=False, mixin_files=None, mixin=None, verb_parser=<colcon_mixin.mixin.mixin_argument.MixinArgumentDecorator object at 0x7cf0d5b5a050>, verb_extension=<colcon_core.verb.build.BuildVerb object at 0x7cf0d5b59ab0>, main=<bound method BuildVerb.main of <colcon_core.verb.build.BuildVerb object at 0x7cf0d5b59ab0>>, mixin_verb=('build',))
[0.657s] Level 1:colcon.colcon_core.package_discovery:discover_packages(colcon_meta) check parameters
[0.657s] Level 1:colcon.colcon_core.package_discovery:discover_packages(recursive) check parameters
[0.657s] Level 1:colcon.colcon_core.package_discovery:discover_packages(ignore) check parameters
[0.657s] Level 1:colcon.colcon_core.package_discovery:discover_packages(path) check parameters
[0.658s] Level 1:colcon.colcon_core.package_discovery:discover_packages(colcon_meta) discover
[0.658s] Level 1:colcon.colcon_core.package_discovery:discover_packages(recursive) discover
[0.658s] INFO:colcon.colcon_core.package_discovery:Crawling recursively for packages in '/home/huy/ros2_ws'
[0.658s] Level 1:colcon.colcon_core.package_identification:_identify(.) by extensions ['ignore', 'ignore_ament_install']
[0.658s] Level 1:colcon.colcon_core.package_identification:_identify(.) by extension 'ignore'
[0.658s] Level 1:colcon.colcon_core.package_identification:_identify(.) by extension 'ignore_ament_install'
[0.659s] Level 1:colcon.colcon_core.package_identification:_identify(.) by extensions ['colcon_pkg']
[0.659s] Level 1:colcon.colcon_core.package_identification:_identify(.) by extension 'colcon_pkg'
[0.659s] Level 1:colcon.colcon_core.package_identification:_identify(.) by extensions ['colcon_meta']
[0.659s] Level 1:colcon.colcon_core.package_identification:_identify(.) by extension 'colcon_meta'
[0.659s] Level 1:colcon.colcon_core.package_identification:_identify(.) by extensions ['ros']
[0.659s] Level 1:colcon.colcon_core.package_identification:_identify(.) by extension 'ros'
[0.683s] Level 1:colcon.colcon_core.package_identification:_identify(.) by extensions ['cmake', 'python']
[0.683s] Level 1:colcon.colcon_core.package_identification:_identify(.) by extension 'cmake'
[0.683s] Level 1:colcon.colcon_core.package_identification:_identify(.) by extension 'python'
[0.683s] Level 1:colcon.colcon_core.package_identification:_identify(.) by extensions ['python_setup_py']
[0.683s] Level 1:colcon.colcon_core.package_identification:_identify(.) by extension 'python_setup_py'
[0.684s] Level 1:colcon.colcon_core.package_identification:_identify(build) by extensions ['ignore', 'ignore_ament_install']
[0.684s] Level 1:colcon.colcon_core.package_identification:_identify(build) by extension 'ignore'
[0.684s] Level 1:colcon.colcon_core.package_identification:_identify(build) ignored
[0.684s] Level 1:colcon.colcon_core.package_identification:_identify(install) by extensions ['ignore', 'ignore_ament_install']
[0.684s] Level 1:colcon.colcon_core.package_identification:_identify(install) by extension 'ignore'
[0.685s] Level 1:colcon.colcon_core.package_identification:_identify(install) ignored
[0.685s] Level 1:colcon.colcon_core.package_identification:_identify(log) by extensions ['ignore', 'ignore_ament_install']
[0.685s] Level 1:colcon.colcon_core.package_identification:_identify(log) by extension 'ignore'
[0.685s] Level 1:colcon.colcon_core.package_identification:_identify(log) ignored
[0.685s] Level 1:colcon.colcon_core.package_identification:_identify(src) by extensions ['ignore', 'ignore_ament_install']
[0.686s] Level 1:colcon.colcon_core.package_identification:_identify(src) by extension 'ignore'
[0.686s] Level 1:colcon.colcon_core.package_identification:_identify(src) by extension 'ignore_ament_install'
[0.686s] Level 1:colcon.colcon_core.package_identification:_identify(src) by extensions ['colcon_pkg']
[0.686s] Level 1:colcon.colcon_core.package_identification:_identify(src) by extension 'colcon_pkg'
[0.686s] Level 1:colcon.colcon_core.package_identification:_identify(src) by extensions ['colcon_meta']
[0.686s] Level 1:colcon.colcon_core.package_identification:_identify(src) by extension 'colcon_meta'
[0.686s] Level 1:colcon.colcon_core.package_identification:_identify(src) by extensions ['ros']
[0.686s] Level 1:colcon.colcon_core.package_identification:_identify(src) by extension 'ros'
[0.686s] Level 1:colcon.colcon_core.package_identification:_identify(src) by extensions ['cmake', 'python']
[0.686s] Level 1:colcon.colcon_core.package_identification:_identify(src) by extension 'cmake'
[0.687s] Level 1:colcon.colcon_core.package_identification:_identify(src) by extension 'python'
[0.687s] Level 1:colcon.colcon_core.package_identification:_identify(src) by extensions ['python_setup_py']
[0.687s] Level 1:colcon.colcon_core.package_identification:_identify(src) by extension 'python_setup_py'
[0.687s] Level 1:colcon.colcon_core.package_identification:_identify(src/launch) by extensions ['ignore', 'ignore_ament_install']
[0.687s] Level 1:colcon.colcon_core.package_identification:_identify(src/launch) by extension 'ignore'
[0.687s] Level 1:colcon.colcon_core.package_identification:_identify(src/launch) by extension 'ignore_ament_install'
[0.688s] Level 1:colcon.colcon_core.package_identification:_identify(src/launch) by extensions ['colcon_pkg']
[0.688s] Level 1:colcon.colcon_core.package_identification:_identify(src/launch) by extension 'colcon_pkg'
[0.688s] Level 1:colcon.colcon_core.package_identification:_identify(src/launch) by extensions ['colcon_meta']
[0.688s] Level 1:colcon.colcon_core.package_identification:_identify(src/launch) by extension 'colcon_meta'
[0.688s] Level 1:colcon.colcon_core.package_identification:_identify(src/launch) by extensions ['ros']
[0.688s] Level 1:colcon.colcon_core.package_identification:_identify(src/launch) by extension 'ros'
[0.688s] Level 1:colcon.colcon_core.package_identification:_identify(src/launch) by extensions ['cmake', 'python']
[0.688s] Level 1:colcon.colcon_core.package_identification:_identify(src/launch) by extension 'cmake'
[0.689s] Level 1:colcon.colcon_core.package_identification:_identify(src/launch) by extension 'python'
[0.689s] Level 1:colcon.colcon_core.package_identification:_identify(src/launch) by extensions ['python_setup_py']
[0.689s] Level 1:colcon.colcon_core.package_identification:_identify(src/launch) by extension 'python_setup_py'
[0.689s] Level 1:colcon.colcon_core.package_identification:_identify(src/models) by extensions ['ignore', 'ignore_ament_install']
[0.689s] Level 1:colcon.colcon_core.package_identification:_identify(src/models) by extension 'ignore'
[0.689s] Level 1:colcon.colcon_core.package_identification:_identify(src/models) by extension 'ignore_ament_install'
[0.689s] Level 1:colcon.colcon_core.package_identification:_identify(src/models) by extensions ['colcon_pkg']
[0.690s] Level 1:colcon.colcon_core.package_identification:_identify(src/models) by extension 'colcon_pkg'
[0.690s] Level 1:colcon.colcon_core.package_identification:_identify(src/models) by extensions ['colcon_meta']
[0.690s] Level 1:colcon.colcon_core.package_identification:_identify(src/models) by extension 'colcon_meta'
[0.690s] Level 1:colcon.colcon_core.package_identification:_identify(src/models) by extensions ['ros']
[0.690s] Level 1:colcon.colcon_core.package_identification:_identify(src/models) by extension 'ros'
[0.690s] Level 1:colcon.colcon_core.package_identification:_identify(src/models) by extensions ['cmake', 'python']
[0.691s] Level 1:colcon.colcon_core.package_identification:_identify(src/models) by extension 'cmake'
[0.691s] Level 1:colcon.colcon_core.package_identification:_identify(src/models) by extension 'python'
[0.691s] Level 1:colcon.colcon_core.package_identification:_identify(src/models) by extensions ['python_setup_py']
[0.691s] Level 1:colcon.colcon_core.package_identification:_identify(src/models) by extension 'python_setup_py'
[0.691s] Level 1:colcon.colcon_core.package_identification:_identify(src/models/uav) by extensions ['ignore', 'ignore_ament_install']
[0.692s] Level 1:colcon.colcon_core.package_identification:_identify(src/models/uav) by extension 'ignore'
[0.692s] Level 1:colcon.colcon_core.package_identification:_identify(src/models/uav) by extension 'ignore_ament_install'
[0.692s] Level 1:colcon.colcon_core.package_identification:_identify(src/models/uav) by extensions ['colcon_pkg']
[0.692s] Level 1:colcon.colcon_core.package_identification:_identify(src/models/uav) by extension 'colcon_pkg'
[0.692s] Level 1:colcon.colcon_core.package_identification:_identify(src/models/uav) by extensions ['colcon_meta']
[0.692s] Level 1:colcon.colcon_core.package_identification:_identify(src/models/uav) by extension 'colcon_meta'
[0.692s] Level 1:colcon.colcon_core.package_identification:_identify(src/models/uav) by extensions ['ros']
[0.692s] Level 1:colcon.colcon_core.package_identification:_identify(src/models/uav) by extension 'ros'
[0.693s] Level 1:colcon.colcon_core.package_identification:_identify(src/models/uav) by extensions ['cmake', 'python']
[0.693s] Level 1:colcon.colcon_core.package_identification:_identify(src/models/uav) by extension 'cmake'
[0.693s] Level 1:colcon.colcon_core.package_identification:_identify(src/models/uav) by extension 'python'
[0.693s] Level 1:colcon.colcon_core.package_identification:_identify(src/models/uav) by extensions ['python_setup_py']
[0.693s] Level 1:colcon.colcon_core.package_identification:_identify(src/models/uav) by extension 'python_setup_py'
[0.693s] Level 1:colcon.colcon_core.package_identification:_identify(src/uav_controller) by extensions ['ignore', 'ignore_ament_install']
[0.694s] Level 1:colcon.colcon_core.package_identification:_identify(src/uav_controller) by extension 'ignore'
[0.694s] Level 1:colcon.colcon_core.package_identification:_identify(src/uav_controller) by extension 'ignore_ament_install'
[0.694s] Level 1:colcon.colcon_core.package_identification:_identify(src/uav_controller) by extensions ['colcon_pkg']
[0.694s] Level 1:colcon.colcon_core.package_identification:_identify(src/uav_controller) by extension 'colcon_pkg'
[0.694s] Level 1:colcon.colcon_core.package_identification:_identify(src/uav_controller) by extensions ['colcon_meta']
[0.694s] Level 1:colcon.colcon_core.package_identification:_identify(src/uav_controller) by extension 'colcon_meta'
[0.694s] Level 1:colcon.colcon_core.package_identification:_identify(src/uav_controller) by extensions ['ros']
[0.694s] Level 1:colcon.colcon_core.package_identification:_identify(src/uav_controller) by extension 'ros'
[0.695s] Level 1:colcon.colcon_core.package_identification:_identify(src/uav_controller) by extensions ['cmake', 'python']
[0.695s] Level 1:colcon.colcon_core.package_identification:_identify(src/uav_controller) by extension 'cmake'
[0.695s] Level 1:colcon.colcon_core.package_identification:_identify(src/uav_controller) by extension 'python'
[0.695s] Level 1:colcon.colcon_core.package_identification:_identify(src/uav_controller) by extensions ['python_setup_py']
[0.695s] Level 1:colcon.colcon_core.package_identification:_identify(src/uav_controller) by extension 'python_setup_py'
[0.695s] Level 1:colcon.colcon_core.package_identification:_identify(src/uav_controller/include) by extensions ['ignore', 'ignore_ament_install']
[0.695s] Level 1:colcon.colcon_core.package_identification:_identify(src/uav_controller/include) by extension 'ignore'
[0.696s] Level 1:colcon.colcon_core.package_identification:_identify(src/uav_controller/include) by extension 'ignore_ament_install'
[0.696s] Level 1:colcon.colcon_core.package_identification:_identify(src/uav_controller/include) by extensions ['colcon_pkg']
[0.696s] Level 1:colcon.colcon_core.package_identification:_identify(src/uav_controller/include) by extension 'colcon_pkg'
[0.696s] Level 1:colcon.colcon_core.package_identification:_identify(src/uav_controller/include) by extensions ['colcon_meta']
[0.696s] Level 1:colcon.colcon_core.package_identification:_identify(src/uav_controller/include) by extension 'colcon_meta'
[0.696s] Level 1:colcon.colcon_core.package_identification:_identify(src/uav_controller/include) by extensions ['ros']
[0.696s] Level 1:colcon.colcon_core.package_identification:_identify(src/uav_controller/include) by extension 'ros'
[0.696s] Level 1:colcon.colcon_core.package_identification:_identify(src/uav_controller/include) by extensions ['cmake', 'python']
[0.697s] Level 1:colcon.colcon_core.package_identification:_identify(src/uav_controller/include) by extension 'cmake'
[0.697s] Level 1:colcon.colcon_core.package_identification:_identify(src/uav_controller/include) by extension 'python'
[0.697s] Level 1:colcon.colcon_core.package_identification:_identify(src/uav_controller/include) by extensions ['python_setup_py']
[0.697s] Level 1:colcon.colcon_core.package_identification:_identify(src/uav_controller/include) by extension 'python_setup_py'
[0.697s] Level 1:colcon.colcon_core.package_identification:_identify(src/uav_controller/src) by extensions ['ignore', 'ignore_ament_install']
[0.698s] Level 1:colcon.colcon_core.package_identification:_identify(src/uav_controller/src) by extension 'ignore'
[0.698s] Level 1:colcon.colcon_core.package_identification:_identify(src/uav_controller/src) by extension 'ignore_ament_install'
[0.698s] Level 1:colcon.colcon_core.package_identification:_identify(src/uav_controller/src) by extensions ['colcon_pkg']
[0.698s] Level 1:colcon.colcon_core.package_identification:_identify(src/uav_controller/src) by extension 'colcon_pkg'
[0.698s] Level 1:colcon.colcon_core.package_identification:_identify(src/uav_controller/src) by extensions ['colcon_meta']
[0.698s] Level 1:colcon.colcon_core.package_identification:_identify(src/uav_controller/src) by extension 'colcon_meta'
[0.698s] Level 1:colcon.colcon_core.package_identification:_identify(src/uav_controller/src) by extensions ['ros']
[0.698s] Level 1:colcon.colcon_core.package_identification:_identify(src/uav_controller/src) by extension 'ros'
[0.699s] Level 1:colcon.colcon_core.package_identification:_identify(src/uav_controller/src) by extensions ['cmake', 'python']
[0.699s] Level 1:colcon.colcon_core.package_identification:_identify(src/uav_controller/src) by extension 'cmake'
[0.699s] Level 1:colcon.colcon_core.package_identification:_identify(src/uav_controller/src) by extension 'python'
[0.699s] Level 1:colcon.colcon_core.package_identification:_identify(src/uav_controller/src) by extensions ['python_setup_py']
[0.699s] Level 1:colcon.colcon_core.package_identification:_identify(src/uav_controller/src) by extension 'python_setup_py'
[0.699s] Level 1:colcon.colcon_core.package_identification:_identify(src/uav_dynamics) by extensions ['ignore', 'ignore_ament_install']
[0.699s] Level 1:colcon.colcon_core.package_identification:_identify(src/uav_dynamics) by extension 'ignore'
[0.700s] Level 1:colcon.colcon_core.package_identification:_identify(src/uav_dynamics) by extension 'ignore_ament_install'
[0.700s] Level 1:colcon.colcon_core.package_identification:_identify(src/uav_dynamics) by extensions ['colcon_pkg']
[0.700s] Level 1:colcon.colcon_core.package_identification:_identify(src/uav_dynamics) by extension 'colcon_pkg'
[0.700s] Level 1:colcon.colcon_core.package_identification:_identify(src/uav_dynamics) by extensions ['colcon_meta']
[0.700s] Level 1:colcon.colcon_core.package_identification:_identify(src/uav_dynamics) by extension 'colcon_meta'
[0.700s] Level 1:colcon.colcon_core.package_identification:_identify(src/uav_dynamics) by extensions ['ros']
[0.700s] Level 1:colcon.colcon_core.package_identification:_identify(src/uav_dynamics) by extension 'ros'
[0.706s] DEBUG:colcon.colcon_core.package_identification:Package 'src/uav_dynamics' with type 'ros.ament_cmake' and name 'uav_dynamics'
[0.706s] Level 1:colcon.colcon_core.package_identification:_identify(src/uav_motor_plugin) by extensions ['ignore', 'ignore_ament_install']
[0.706s] Level 1:colcon.colcon_core.package_identification:_identify(src/uav_motor_plugin) by extension 'ignore'
[0.707s] Level 1:colcon.colcon_core.package_identification:_identify(src/uav_motor_plugin) by extension 'ignore_ament_install'
[0.707s] Level 1:colcon.colcon_core.package_identification:_identify(src/uav_motor_plugin) by extensions ['colcon_pkg']
[0.707s] Level 1:colcon.colcon_core.package_identification:_identify(src/uav_motor_plugin) by extension 'colcon_pkg'
[0.707s] Level 1:colcon.colcon_core.package_identification:_identify(src/uav_motor_plugin) by extensions ['colcon_meta']
[0.707s] Level 1:colcon.colcon_core.package_identification:_identify(src/uav_motor_plugin) by extension 'colcon_meta'
[0.707s] Level 1:colcon.colcon_core.package_identification:_identify(src/uav_motor_plugin) by extensions ['ros']
[0.707s] Level 1:colcon.colcon_core.package_identification:_identify(src/uav_motor_plugin) by extension 'ros'
[0.709s] DEBUG:colcon.colcon_core.package_identification:Package 'src/uav_motor_plugin' with type 'ros.ament_cmake' and name 'uav_motor_plugin'
[0.709s] Level 1:colcon.colcon_core.package_identification:_identify(src/uav_msgs) by extensions ['ignore', 'ignore_ament_install']
[0.710s] Level 1:colcon.colcon_core.package_identification:_identify(src/uav_msgs) by extension 'ignore'
[0.710s] Level 1:colcon.colcon_core.package_identification:_identify(src/uav_msgs) by extension 'ignore_ament_install'
[0.710s] Level 1:colcon.colcon_core.package_identification:_identify(src/uav_msgs) by extensions ['colcon_pkg']
[0.710s] Level 1:colcon.colcon_core.package_identification:_identify(src/uav_msgs) by extension 'colcon_pkg'
[0.710s] Level 1:colcon.colcon_core.package_identification:_identify(src/uav_msgs) by extensions ['colcon_meta']
[0.710s] Level 1:colcon.colcon_core.package_identification:_identify(src/uav_msgs) by extension 'colcon_meta'
[0.710s] Level 1:colcon.colcon_core.package_identification:_identify(src/uav_msgs) by extensions ['ros']
[0.711s] Level 1:colcon.colcon_core.package_identification:_identify(src/uav_msgs) by extension 'ros'
[0.712s] DEBUG:colcon.colcon_core.package_identification:Package 'src/uav_msgs' with type 'ros.catkin' and name 'uav_msgs'
[0.712s] Level 1:colcon.colcon_core.package_discovery:discover_packages(recursive) using defaults
[0.712s] Level 1:colcon.colcon_core.package_discovery:discover_packages(ignore) discover
[0.712s] Level 1:colcon.colcon_core.package_discovery:discover_packages(ignore) using defaults
[0.712s] Level 1:colcon.colcon_core.package_discovery:discover_packages(path) discover
[0.712s] Level 1:colcon.colcon_core.package_discovery:discover_packages(path) using defaults
[0.773s] Level 1:colcon.colcon_core.package_discovery:discover_packages(prefix_path) check parameters
[0.773s] Level 1:colcon.colcon_core.package_discovery:discover_packages(prefix_path) discover
[0.775s] WARNING:colcon.colcon_ros.prefix_path.ament:The path '/home/huy/ros2_ws/install/uav_dynamics' in the environment variable AMENT_PREFIX_PATH doesn't exist
[0.775s] WARNING:colcon.colcon_ros.prefix_path.catkin:The path '/home/huy/ros2_ws/install/uav_dynamics' in the environment variable CMAKE_PREFIX_PATH doesn't exist
[0.776s] WARNING:colcon.colcon_ros.prefix_path.catkin:The path '/home/huy/ros2_ws/install/uav_msgs' in the environment variable CMAKE_PREFIX_PATH doesn't exist
[0.777s] DEBUG:colcon.colcon_installed_package_information.package_discovery:Found 1 installed packages in /home/huy/ros2_ws/install
[0.781s] DEBUG:colcon.colcon_installed_package_information.package_discovery:Found 308 installed packages in /opt/ros/humble
[0.784s] Level 1:colcon.colcon_core.package_discovery:discover_packages(prefix_path) using defaults
[0.886s] Level 5:colcon.colcon_core.verb:set package 'uav_motor_plugin' build argument 'cmake_args' from command line to 'None'
[0.886s] Level 5:colcon.colcon_core.verb:set package 'uav_motor_plugin' build argument 'cmake_target' from command line to 'None'
[0.886s] Level 5:colcon.colcon_core.verb:set package 'uav_motor_plugin' build argument 'cmake_target_skip_unavailable' from command line to 'False'
[0.886s] Level 5:colcon.colcon_core.verb:set package 'uav_motor_plugin' build argument 'cmake_clean_cache' from command line to 'False'
[0.886s] Level 5:colcon.colcon_core.verb:set package 'uav_motor_plugin' build argument 'cmake_clean_first' from command line to 'False'
[0.886s] Level 5:colcon.colcon_core.verb:set package 'uav_motor_plugin' build argument 'cmake_force_configure' from command line to 'False'
[0.886s] Level 5:colcon.colcon_core.verb:set package 'uav_motor_plugin' build argument 'ament_cmake_args' from command line to 'None'
[0.886s] Level 5:colcon.colcon_core.verb:set package 'uav_motor_plugin' build argument 'catkin_cmake_args' from command line to 'None'
[0.886s] Level 5:colcon.colcon_core.verb:set package 'uav_motor_plugin' build argument 'catkin_skip_building_tests' from command line to 'False'
[0.887s] DEBUG:colcon.colcon_core.verb:Building package 'uav_motor_plugin' with the following arguments: {'ament_cmake_args': None, 'build_base': '/home/huy/ros2_ws/build/uav_motor_plugin', 'catkin_cmake_args': None, 'catkin_skip_building_tests': False, 'cmake_args': None, 'cmake_clean_cache': False, 'cmake_clean_first': False, 'cmake_force_configure': False, 'cmake_target': None, 'cmake_target_skip_unavailable': False, 'install_base': '/home/huy/ros2_ws/install/uav_motor_plugin', 'merge_install': False, 'path': '/home/huy/ros2_ws/src/uav_motor_plugin', 'symlink_install': False, 'test_result_base': None}
[0.887s] Level 5:colcon.colcon_core.verb:set package 'uav_msgs' build argument 'cmake_args' from command line to 'None'
[0.887s] Level 5:colcon.colcon_core.verb:set package 'uav_msgs' build argument 'cmake_target' from command line to 'None'
[0.888s] Level 5:colcon.colcon_core.verb:set package 'uav_msgs' build argument 'cmake_target_skip_unavailable' from command line to 'False'
[0.888s] Level 5:colcon.colcon_core.verb:set package 'uav_msgs' build argument 'cmake_clean_cache' from command line to 'False'
[0.888s] Level 5:colcon.colcon_core.verb:set package 'uav_msgs' build argument 'cmake_clean_first' from command line to 'False'
[0.888s] Level 5:colcon.colcon_core.verb:set package 'uav_msgs' build argument 'cmake_force_configure' from command line to 'False'
[0.888s] Level 5:colcon.colcon_core.verb:set package 'uav_msgs' build argument 'ament_cmake_args' from command line to 'None'
[0.888s] Level 5:colcon.colcon_core.verb:set package 'uav_msgs' build argument 'catkin_cmake_args' from command line to 'None'
[0.888s] Level 5:colcon.colcon_core.verb:set package 'uav_msgs' build argument 'catkin_skip_building_tests' from command line to 'False'
[0.888s] DEBUG:colcon.colcon_core.verb:Building package 'uav_msgs' with the following arguments: {'ament_cmake_args': None, 'build_base': '/home/huy/ros2_ws/build/uav_msgs', 'catkin_cmake_args': None, 'catkin_skip_building_tests': False, 'cmake_args': None, 'cmake_clean_cache': False, 'cmake_clean_first': False, 'cmake_force_configure': False, 'cmake_target': None, 'cmake_target_skip_unavailable': False, 'install_base': '/home/huy/ros2_ws/install/uav_msgs', 'merge_install': False, 'path': '/home/huy/ros2_ws/src/uav_msgs', 'symlink_install': False, 'test_result_base': None}
[0.889s] Level 5:colcon.colcon_core.verb:set package 'uav_dynamics' build argument 'cmake_args' from command line to 'None'
[0.889s] Level 5:colcon.colcon_core.verb:set package 'uav_dynamics' build argument 'cmake_target' from command line to 'None'
[0.889s] Level 5:colcon.colcon_core.verb:set package 'uav_dynamics' build argument 'cmake_target_skip_unavailable' from command line to 'False'
[0.889s] Level 5:colcon.colcon_core.verb:set package 'uav_dynamics' build argument 'cmake_clean_cache' from command line to 'False'
[0.889s] Level 5:colcon.colcon_core.verb:set package 'uav_dynamics' build argument 'cmake_clean_first' from command line to 'False'
[0.889s] Level 5:colcon.colcon_core.verb:set package 'uav_dynamics' build argument 'cmake_force_configure' from command line to 'False'
[0.889s] Level 5:colcon.colcon_core.verb:set package 'uav_dynamics' build argument 'ament_cmake_args' from command line to 'None'
[0.889s] Level 5:colcon.colcon_core.verb:set package 'uav_dynamics' build argument 'catkin_cmake_args' from command line to 'None'
[0.889s] Level 5:colcon.colcon_core.verb:set package 'uav_dynamics' build argument 'catkin_skip_building_tests' from command line to 'False'
[0.889s] DEBUG:colcon.colcon_core.verb:Building package 'uav_dynamics' with the following arguments: {'ament_cmake_args': None, 'build_base': '/home/huy/ros2_ws/build/uav_dynamics', 'catkin_cmake_args': None, 'catkin_skip_building_tests': False, 'cmake_args': None, 'cmake_clean_cache': False, 'cmake_clean_first': False, 'cmake_force_configure': False, 'cmake_target': None, 'cmake_target_skip_unavailable': False, 'install_base': '/home/huy/ros2_ws/install/uav_dynamics', 'merge_install': False, 'path': '/home/huy/ros2_ws/src/uav_dynamics', 'symlink_install': False, 'test_result_base': None}
[0.890s] INFO:colcon.colcon_core.executor:Executing jobs using 'parallel' executor
[0.892s] DEBUG:colcon.colcon_parallel_executor.executor.parallel:run_until_complete
[0.893s] INFO:colcon.colcon_ros.task.catkin.build:Building ROS package in '/home/huy/ros2_ws/src/uav_msgs' with build type 'catkin'
[0.893s] INFO:colcon.colcon_cmake.task.cmake.build:Building CMake package in '/home/huy/ros2_ws/src/uav_msgs'
[0.898s] INFO:colcon.colcon_core.plugin_system:Skipping extension 'colcon_core.shell.bat': Not used on non-Windows systems
[0.899s] INFO:colcon.colcon_core.shell:Skip shell extension 'powershell' for command environment: Not usable outside of PowerShell
[0.899s] DEBUG:colcon.colcon_core.shell:Skip shell extension 'dsv' for command environment
[0.908s] INFO:colcon.colcon_ros.task.ament_cmake.build:Building ROS package in '/home/huy/ros2_ws/src/uav_motor_plugin' with build type 'ament_cmake'
[0.908s] INFO:colcon.colcon_cmake.task.cmake.build:Building CMake package in '/home/huy/ros2_ws/src/uav_motor_plugin'
[0.909s] INFO:colcon.colcon_core.shell:Skip shell extension 'powershell' for command environment: Not usable outside of PowerShell
[0.909s] DEBUG:colcon.colcon_core.shell:Skip shell extension 'dsv' for command environment
[0.931s] DEBUG:colcon.colcon_core.event_handler.log_command:Invoking command in '/home/huy/ros2_ws/build/uav_msgs': /usr/bin/cmake /home/huy/ros2_ws/src/uav_msgs -DCATKIN_INSTALL_INTO_PREFIX_ROOT=0 -DCMAKE_INSTALL_PREFIX=/home/huy/ros2_ws/install/uav_msgs
[0.940s] DEBUG:colcon.colcon_core.event_handler.log_command:Invoking command in '/home/huy/ros2_ws/build/uav_motor_plugin': CMAKE_PREFIX_PATH=${CMAKE_PREFIX_PATH}:/opt/ros/humble /usr/bin/cmake /home/huy/ros2_ws/src/uav_motor_plugin -DCMAKE_INSTALL_PREFIX=/home/huy/ros2_ws/install/uav_motor_plugin
[4.358s] DEBUG:colcon.colcon_core.event_handler.log_command:Invoked command in '/home/huy/ros2_ws/build/uav_msgs' returned '0': /usr/bin/cmake /home/huy/ros2_ws/src/uav_msgs -DCATKIN_INSTALL_INTO_PREFIX_ROOT=0 -DCMAKE_INSTALL_PREFIX=/home/huy/ros2_ws/install/uav_msgs
[4.363s] DEBUG:colcon.colcon_core.event_handler.log_command:Invoking command in '/home/huy/ros2_ws/build/uav_msgs': /usr/bin/cmake --build /home/huy/ros2_ws/build/uav_msgs -- -j16 -l16
[6.413s] DEBUG:colcon.colcon_core.event_handler.log_command:Invoked command in '/home/huy/ros2_ws/build/uav_motor_plugin' returned '0': CMAKE_PREFIX_PATH=${CMAKE_PREFIX_PATH}:/opt/ros/humble /usr/bin/cmake /home/huy/ros2_ws/src/uav_motor_plugin -DCMAKE_INSTALL_PREFIX=/home/huy/ros2_ws/install/uav_motor_plugin
[6.419s] DEBUG:colcon.colcon_core.event_handler.log_command:Invoking command in '/home/huy/ros2_ws/build/uav_motor_plugin': CMAKE_PREFIX_PATH=${CMAKE_PREFIX_PATH}:/opt/ros/humble /usr/bin/cmake --build /home/huy/ros2_ws/build/uav_motor_plugin -- -j16 -l16
[8.296s] DEBUG:colcon.colcon_core.event_handler.log_command:Invoked command in '/home/huy/ros2_ws/build/uav_msgs' returned '0': /usr/bin/cmake --build /home/huy/ros2_ws/build/uav_msgs -- -j16 -l16
[8.311s] DEBUG:colcon.colcon_core.event_handler.log_command:Invoking command in '/home/huy/ros2_ws/build/uav_msgs': /usr/bin/cmake --install /home/huy/ros2_ws/build/uav_msgs
[8.396s] DEBUG:colcon.colcon_core.event_handler.log_command:Invoked command in '/home/huy/ros2_ws/build/uav_msgs' returned '0': /usr/bin/cmake --install /home/huy/ros2_ws/build/uav_msgs
[8.396s] Level 1:colcon.colcon_core.shell:create_environment_hook('uav_msgs', 'ros_package_path')
[8.397s] INFO:colcon.colcon_core.shell:Creating environment hook '/home/huy/ros2_ws/install/uav_msgs/share/uav_msgs/hook/ros_package_path.ps1'
[8.398s] INFO:colcon.colcon_core.shell:Creating environment descriptor '/home/huy/ros2_ws/install/uav_msgs/share/uav_msgs/hook/ros_package_path.dsv'
[8.398s] INFO:colcon.colcon_core.shell:Creating environment hook '/home/huy/ros2_ws/install/uav_msgs/share/uav_msgs/hook/ros_package_path.sh'
[8.399s] Level 1:colcon.colcon_ros.task.catkin:checking '/home/huy/ros2_ws/install/uav_msgs/local/lib/python3.10/dist-packages'
[8.399s] Level 1:colcon.colcon_core.shell:create_environment_hook('uav_msgs', 'catkin_pythonpath')
[8.399s] INFO:colcon.colcon_core.shell:Creating environment hook '/home/huy/ros2_ws/install/uav_msgs/share/uav_msgs/hook/catkin_pythonpath.ps1'
[8.399s] INFO:colcon.colcon_core.shell:Creating environment descriptor '/home/huy/ros2_ws/install/uav_msgs/share/uav_msgs/hook/catkin_pythonpath.dsv'
[8.400s] INFO:colcon.colcon_core.shell:Creating environment hook '/home/huy/ros2_ws/install/uav_msgs/share/uav_msgs/hook/catkin_pythonpath.sh'
[8.401s] Level 1:colcon.colcon_core.shell:create_environment_hook('uav_msgs', 'pkg_config_path')
[8.401s] INFO:colcon.colcon_core.shell:Creating environment hook '/home/huy/ros2_ws/install/uav_msgs/share/uav_msgs/hook/pkg_config_path.ps1'
[8.401s] INFO:colcon.colcon_core.shell:Creating environment descriptor '/home/huy/ros2_ws/install/uav_msgs/share/uav_msgs/hook/pkg_config_path.dsv'
[8.402s] INFO:colcon.colcon_core.shell:Creating environment hook '/home/huy/ros2_ws/install/uav_msgs/share/uav_msgs/hook/pkg_config_path.sh'
[8.404s] Level 1:colcon.colcon_core.shell:create_environment_hook('uav_msgs', 'pkg_config_path_multiarch')
[8.404s] INFO:colcon.colcon_core.shell:Creating environment hook '/home/huy/ros2_ws/install/uav_msgs/share/uav_msgs/hook/pkg_config_path_multiarch.ps1'
[8.405s] INFO:colcon.colcon_core.shell:Creating environment descriptor '/home/huy/ros2_ws/install/uav_msgs/share/uav_msgs/hook/pkg_config_path_multiarch.dsv'
[8.405s] INFO:colcon.colcon_core.shell:Creating environment hook '/home/huy/ros2_ws/install/uav_msgs/share/uav_msgs/hook/pkg_config_path_multiarch.sh'
[8.406s] Level 1:colcon.colcon_core.environment:create_environment_scripts_only(uav_msgs)
[8.408s] Level 1:colcon.colcon_core.environment:checking '/home/huy/ros2_ws/install/uav_msgs' for CMake module files
[8.409s] Level 1:colcon.colcon_core.environment:checking '/home/huy/ros2_ws/install/uav_msgs' for CMake config files
[8.410s] Level 1:colcon.colcon_core.shell:create_environment_hook('uav_msgs', 'cmake_prefix_path')
[8.410s] INFO:colcon.colcon_core.shell:Creating environment hook '/home/huy/ros2_ws/install/uav_msgs/share/uav_msgs/hook/cmake_prefix_path.ps1'
[8.410s] INFO:colcon.colcon_core.shell:Creating environment descriptor '/home/huy/ros2_ws/install/uav_msgs/share/uav_msgs/hook/cmake_prefix_path.dsv'
[8.411s] INFO:colcon.colcon_core.shell:Creating environment hook '/home/huy/ros2_ws/install/uav_msgs/share/uav_msgs/hook/cmake_prefix_path.sh'
[8.412s] Level 1:colcon.colcon_core.environment:checking '/home/huy/ros2_ws/install/uav_msgs/lib'
[8.412s] Level 1:colcon.colcon_core.shell:create_environment_hook('uav_msgs', 'ld_library_path_lib')
[8.412s] INFO:colcon.colcon_core.shell:Creating environment hook '/home/huy/ros2_ws/install/uav_msgs/share/uav_msgs/hook/ld_library_path_lib.ps1'
[8.413s] INFO:colcon.colcon_core.shell:Creating environment descriptor '/home/huy/ros2_ws/install/uav_msgs/share/uav_msgs/hook/ld_library_path_lib.dsv'
[8.413s] INFO:colcon.colcon_core.shell:Creating environment hook '/home/huy/ros2_ws/install/uav_msgs/share/uav_msgs/hook/ld_library_path_lib.sh'
[8.413s] Level 1:colcon.colcon_core.environment:checking '/home/huy/ros2_ws/install/uav_msgs/bin'
[8.413s] Level 1:colcon.colcon_core.environment:checking '/home/huy/ros2_ws/install/uav_msgs/lib/pkgconfig/uav_msgs.pc'
[8.414s] Level 1:colcon.colcon_core.environment:checking '/home/huy/ros2_ws/install/uav_msgs/lib/python3.10/site-packages'
[8.414s] Level 1:colcon.colcon_core.environment:checking '/home/huy/ros2_ws/install/uav_msgs/bin'
[8.414s] INFO:colcon.colcon_core.shell:Creating package script '/home/huy/ros2_ws/install/uav_msgs/share/uav_msgs/package.ps1'
[8.415s] INFO:colcon.colcon_core.shell:Creating package descriptor '/home/huy/ros2_ws/install/uav_msgs/share/uav_msgs/package.dsv'
[8.416s] INFO:colcon.colcon_core.shell:Creating package script '/home/huy/ros2_ws/install/uav_msgs/share/uav_msgs/package.sh'
[8.417s] INFO:colcon.colcon_core.shell:Creating package script '/home/huy/ros2_ws/install/uav_msgs/share/uav_msgs/package.bash'
[8.417s] INFO:colcon.colcon_core.shell:Creating package script '/home/huy/ros2_ws/install/uav_msgs/share/uav_msgs/package.zsh'
[8.418s] Level 1:colcon.colcon_core.environment:create_file_with_runtime_dependencies(/home/huy/ros2_ws/install/uav_msgs/share/colcon-core/packages/uav_msgs)
[8.419s] INFO:colcon.colcon_ros.task.ament_cmake.build:Building ROS package in '/home/huy/ros2_ws/src/uav_dynamics' with build type 'ament_cmake'
[8.419s] INFO:colcon.colcon_cmake.task.cmake.build:Building CMake package in '/home/huy/ros2_ws/src/uav_dynamics'
[8.419s] INFO:colcon.colcon_core.shell:Skip shell extension 'powershell' for command environment: Not usable outside of PowerShell
[8.419s] DEBUG:colcon.colcon_core.shell:Skip shell extension 'dsv' for command environment
[8.432s] DEBUG:colcon.colcon_core.event_handler.log_command:Invoking command in '/home/huy/ros2_ws/build/uav_dynamics': CMAKE_PREFIX_PATH=/opt/ros/humble:/home/huy/ros2_ws/install/uav_msgs:/home/huy/ros2_ws/install/uav_dynamics:/home/huy/ros2_ws/install/uav_motor_plugin LD_LIBRARY_PATH=/home/huy/ros2_ws/install/uav_msgs/lib:/home/huy/ros2_ws/install/uav_motor_plugin/lib:/usr/lib/x86_64-linux-gnu/gazebo-11/plugins:/opt/ros/humble/opt/rviz_ogre_vendor/lib:/opt/ros/humble/lib/x86_64-linux-gnu:/opt/ros/humble/lib:/usr/lib/x86_64-linux-gnu/gazebo-11/plugins /usr/bin/cmake /home/huy/ros2_ws/src/uav_dynamics -DCMAKE_INSTALL_PREFIX=/home/huy/ros2_ws/install/uav_dynamics
[9.489s] DEBUG:colcon.colcon_core.event_handler.log_command:Invoked command in '/home/huy/ros2_ws/build/uav_dynamics' returned '0': CMAKE_PREFIX_PATH=/opt/ros/humble:/home/huy/ros2_ws/install/uav_msgs:/home/huy/ros2_ws/install/uav_dynamics:/home/huy/ros2_ws/install/uav_motor_plugin LD_LIBRARY_PATH=/home/huy/ros2_ws/install/uav_msgs/lib:/home/huy/ros2_ws/install/uav_motor_plugin/lib:/usr/lib/x86_64-linux-gnu/gazebo-11/plugins:/opt/ros/humble/opt/rviz_ogre_vendor/lib:/opt/ros/humble/lib/x86_64-linux-gnu:/opt/ros/humble/lib:/usr/lib/x86_64-linux-gnu/gazebo-11/plugins /usr/bin/cmake /home/huy/ros2_ws/src/uav_dynamics -DCMAKE_INSTALL_PREFIX=/home/huy/ros2_ws/install/uav_dynamics
[9.491s] DEBUG:colcon.colcon_core.event_handler.log_command:Invoking command in '/home/huy/ros2_ws/build/uav_dynamics': CMAKE_PREFIX_PATH=/opt/ros/humble:/home/huy/ros2_ws/install/uav_msgs:/home/huy/ros2_ws/install/uav_dynamics:/home/huy/ros2_ws/install/uav_motor_plugin LD_LIBRARY_PATH=/home/huy/ros2_ws/install/uav_msgs/lib:/home/huy/ros2_ws/install/uav_motor_plugin/lib:/usr/lib/x86_64-linux-gnu/gazebo-11/plugins:/opt/ros/humble/opt/rviz_ogre_vendor/lib:/opt/ros/humble/lib/x86_64-linux-gnu:/opt/ros/humble/lib:/usr/lib/x86_64-linux-gnu/gazebo-11/plugins /usr/bin/cmake --build /home/huy/ros2_ws/build/uav_dynamics -- -j16 -l16
[17.619s] DEBUG:colcon.colcon_core.event_handler.log_command:Invoked command in '/home/huy/ros2_ws/build/uav_dynamics' returned '0': CMAKE_PREFIX_PATH=/opt/ros/humble:/home/huy/ros2_ws/install/uav_msgs:/home/huy/ros2_ws/install/uav_dynamics:/home/huy/ros2_ws/install/uav_motor_plugin LD_LIBRARY_PATH=/home/huy/ros2_ws/install/uav_msgs/lib:/home/huy/ros2_ws/install/uav_motor_plugin/lib:/usr/lib/x86_64-linux-gnu/gazebo-11/plugins:/opt/ros/humble/opt/rviz_ogre_vendor/lib:/opt/ros/humble/lib/x86_64-linux-gnu:/opt/ros/humble/lib:/usr/lib/x86_64-linux-gnu/gazebo-11/plugins /usr/bin/cmake --build /home/huy/ros2_ws/build/uav_dynamics -- -j16 -l16
[17.621s] DEBUG:colcon.colcon_core.event_handler.log_command:Invoking command in '/home/huy/ros2_ws/build/uav_dynamics': CMAKE_PREFIX_PATH=/opt/ros/humble:/home/huy/ros2_ws/install/uav_msgs:/home/huy/ros2_ws/install/uav_dynamics:/home/huy/ros2_ws/install/uav_motor_plugin LD_LIBRARY_PATH=/home/huy/ros2_ws/install/uav_msgs/lib:/home/huy/ros2_ws/install/uav_motor_plugin/lib:/usr/lib/x86_64-linux-gnu/gazebo-11/plugins:/opt/ros/humble/opt/rviz_ogre_vendor/lib:/opt/ros/humble/lib/x86_64-linux-gnu:/opt/ros/humble/lib:/usr/lib/x86_64-linux-gnu/gazebo-11/plugins /usr/bin/cmake --install /home/huy/ros2_ws/build/uav_dynamics
[17.639s] Level 1:colcon.colcon_core.environment:create_environment_scripts_only(uav_dynamics)
[17.640s] Level 1:colcon.colcon_core.environment:checking '/home/huy/ros2_ws/install/uav_dynamics' for CMake module files
[17.640s] DEBUG:colcon.colcon_core.event_handler.log_command:Invoked command in '/home/huy/ros2_ws/build/uav_dynamics' returned '0': CMAKE_PREFIX_PATH=/opt/ros/humble:/home/huy/ros2_ws/install/uav_msgs:/home/huy/ros2_ws/install/uav_dynamics:/home/huy/ros2_ws/install/uav_motor_plugin LD_LIBRARY_PATH=/home/huy/ros2_ws/install/uav_msgs/lib:/home/huy/ros2_ws/install/uav_motor_plugin/lib:/usr/lib/x86_64-linux-gnu/gazebo-11/plugins:/opt/ros/humble/opt/rviz_ogre_vendor/lib:/opt/ros/humble/lib/x86_64-linux-gnu:/opt/ros/humble/lib:/usr/lib/x86_64-linux-gnu/gazebo-11/plugins /usr/bin/cmake --install /home/huy/ros2_ws/build/uav_dynamics
[17.641s] Level 1:colcon.colcon_core.environment:checking '/home/huy/ros2_ws/install/uav_dynamics' for CMake config files
[17.641s] Level 1:colcon.colcon_core.shell:create_environment_hook('uav_dynamics', 'cmake_prefix_path')
[17.642s] INFO:colcon.colcon_core.shell:Creating environment hook '/home/huy/ros2_ws/install/uav_dynamics/share/uav_dynamics/hook/cmake_prefix_path.ps1'
[17.642s] INFO:colcon.colcon_core.shell:Creating environment descriptor '/home/huy/ros2_ws/install/uav_dynamics/share/uav_dynamics/hook/cmake_prefix_path.dsv'
[17.642s] INFO:colcon.colcon_core.shell:Creating environment hook '/home/huy/ros2_ws/install/uav_dynamics/share/uav_dynamics/hook/cmake_prefix_path.sh'
[17.643s] Level 1:colcon.colcon_core.environment:checking '/home/huy/ros2_ws/install/uav_dynamics/lib'
[17.643s] Level 1:colcon.colcon_core.environment:checking '/home/huy/ros2_ws/install/uav_dynamics/bin'
[17.643s] Level 1:colcon.colcon_core.environment:checking '/home/huy/ros2_ws/install/uav_dynamics/lib/pkgconfig/uav_dynamics.pc'
[17.643s] Level 1:colcon.colcon_core.environment:checking '/home/huy/ros2_ws/install/uav_dynamics/lib/python3.10/site-packages'
[17.643s] Level 1:colcon.colcon_core.environment:checking '/home/huy/ros2_ws/install/uav_dynamics/bin'
[17.644s] INFO:colcon.colcon_core.shell:Creating package script '/home/huy/ros2_ws/install/uav_dynamics/share/uav_dynamics/package.ps1'
[17.644s] INFO:colcon.colcon_core.shell:Creating package descriptor '/home/huy/ros2_ws/install/uav_dynamics/share/uav_dynamics/package.dsv'
[17.644s] INFO:colcon.colcon_core.shell:Creating package script '/home/huy/ros2_ws/install/uav_dynamics/share/uav_dynamics/package.sh'
[17.645s] INFO:colcon.colcon_core.shell:Creating package script '/home/huy/ros2_ws/install/uav_dynamics/share/uav_dynamics/package.bash'
[17.645s] INFO:colcon.colcon_core.shell:Creating package script '/home/huy/ros2_ws/install/uav_dynamics/share/uav_dynamics/package.zsh'
[17.645s] Level 1:colcon.colcon_core.environment:create_file_with_runtime_dependencies(/home/huy/ros2_ws/install/uav_dynamics/share/colcon-core/packages/uav_dynamics)
[17.646s] Level 1:colcon.colcon_core.environment:create_environment_scripts_only(uav_dynamics)
[17.646s] Level 1:colcon.colcon_core.environment:checking '/home/huy/ros2_ws/install/uav_dynamics' for CMake module files
[17.647s] Level 1:colcon.colcon_core.environment:checking '/home/huy/ros2_ws/install/uav_dynamics' for CMake config files
[17.647s] Level 1:colcon.colcon_core.shell:create_environment_hook('uav_dynamics', 'cmake_prefix_path')
[17.647s] INFO:colcon.colcon_core.shell:Creating environment hook '/home/huy/ros2_ws/install/uav_dynamics/share/uav_dynamics/hook/cmake_prefix_path.ps1'
[17.647s] INFO:colcon.colcon_core.shell:Creating environment descriptor '/home/huy/ros2_ws/install/uav_dynamics/share/uav_dynamics/hook/cmake_prefix_path.dsv'
[17.648s] INFO:colcon.colcon_core.shell:Creating environment hook '/home/huy/ros2_ws/install/uav_dynamics/share/uav_dynamics/hook/cmake_prefix_path.sh'
[17.648s] Level 1:colcon.colcon_core.environment:checking '/home/huy/ros2_ws/install/uav_dynamics/lib'
[17.648s] Level 1:colcon.colcon_core.environment:checking '/home/huy/ros2_ws/install/uav_dynamics/bin'
[17.648s] Level 1:colcon.colcon_core.environment:checking '/home/huy/ros2_ws/install/uav_dynamics/lib/pkgconfig/uav_dynamics.pc'
[17.649s] Level 1:colcon.colcon_core.environment:checking '/home/huy/ros2_ws/install/uav_dynamics/lib/python3.10/site-packages'
[17.649s] Level 1:colcon.colcon_core.environment:checking '/home/huy/ros2_ws/install/uav_dynamics/bin'
[17.649s] INFO:colcon.colcon_core.shell:Creating package script '/home/huy/ros2_ws/install/uav_dynamics/share/uav_dynamics/package.ps1'
[17.650s] INFO:colcon.colcon_core.shell:Creating package descriptor '/home/huy/ros2_ws/install/uav_dynamics/share/uav_dynamics/package.dsv'
[17.650s] INFO:colcon.colcon_core.shell:Creating package script '/home/huy/ros2_ws/install/uav_dynamics/share/uav_dynamics/package.sh'
[17.650s] INFO:colcon.colcon_core.shell:Creating package script '/home/huy/ros2_ws/install/uav_dynamics/share/uav_dynamics/package.bash'
[17.651s] INFO:colcon.colcon_core.shell:Creating package script '/home/huy/ros2_ws/install/uav_dynamics/share/uav_dynamics/package.zsh'
[17.651s] Level 1:colcon.colcon_core.environment:create_file_with_runtime_dependencies(/home/huy/ros2_ws/install/uav_dynamics/share/colcon-core/packages/uav_dynamics)
[22.791s] DEBUG:colcon.colcon_core.event_handler.log_command:Invoked command in '/home/huy/ros2_ws/build/uav_motor_plugin' returned '0': CMAKE_PREFIX_PATH=${CMAKE_PREFIX_PATH}:/opt/ros/humble /usr/bin/cmake --build /home/huy/ros2_ws/build/uav_motor_plugin -- -j16 -l16
[22.793s] DEBUG:colcon.colcon_core.event_handler.log_command:Invoking command in '/home/huy/ros2_ws/build/uav_motor_plugin': CMAKE_PREFIX_PATH=${CMAKE_PREFIX_PATH}:/opt/ros/humble /usr/bin/cmake --install /home/huy/ros2_ws/build/uav_motor_plugin
[22.816s] Level 1:colcon.colcon_core.environment:create_environment_scripts_only(uav_motor_plugin)
[22.816s] Level 1:colcon.colcon_core.environment:checking '/home/huy/ros2_ws/install/uav_motor_plugin' for CMake module files
[22.817s] DEBUG:colcon.colcon_core.event_handler.log_command:Invoked command in '/home/huy/ros2_ws/build/uav_motor_plugin' returned '0': CMAKE_PREFIX_PATH=${CMAKE_PREFIX_PATH}:/opt/ros/humble /usr/bin/cmake --install /home/huy/ros2_ws/build/uav_motor_plugin
[22.817s] Level 1:colcon.colcon_core.environment:checking '/home/huy/ros2_ws/install/uav_motor_plugin' for CMake config files
[22.817s] Level 1:colcon.colcon_core.shell:create_environment_hook('uav_motor_plugin', 'cmake_prefix_path')
[22.818s] INFO:colcon.colcon_core.shell:Creating environment hook '/home/huy/ros2_ws/install/uav_motor_plugin/share/uav_motor_plugin/hook/cmake_prefix_path.ps1'
[22.818s] INFO:colcon.colcon_core.shell:Creating environment descriptor '/home/huy/ros2_ws/install/uav_motor_plugin/share/uav_motor_plugin/hook/cmake_prefix_path.dsv'
[22.818s] INFO:colcon.colcon_core.shell:Creating environment hook '/home/huy/ros2_ws/install/uav_motor_plugin/share/uav_motor_plugin/hook/cmake_prefix_path.sh'
[22.819s] Level 1:colcon.colcon_core.environment:checking '/home/huy/ros2_ws/install/uav_motor_plugin/lib'
[22.819s] Level 1:colcon.colcon_core.shell:create_environment_hook('uav_motor_plugin', 'ld_library_path_lib')
[22.819s] INFO:colcon.colcon_core.shell:Creating environment hook '/home/huy/ros2_ws/install/uav_motor_plugin/share/uav_motor_plugin/hook/ld_library_path_lib.ps1'
[22.819s] INFO:colcon.colcon_core.shell:Creating environment descriptor '/home/huy/ros2_ws/install/uav_motor_plugin/share/uav_motor_plugin/hook/ld_library_path_lib.dsv'
[22.820s] INFO:colcon.colcon_core.shell:Creating environment hook '/home/huy/ros2_ws/install/uav_motor_plugin/share/uav_motor_plugin/hook/ld_library_path_lib.sh'
[22.820s] Level 1:colcon.colcon_core.environment:checking '/home/huy/ros2_ws/install/uav_motor_plugin/bin'
[22.820s] Level 1:colcon.colcon_core.environment:checking '/home/huy/ros2_ws/install/uav_motor_plugin/lib/pkgconfig/uav_motor_plugin.pc'
[22.820s] Level 1:colcon.colcon_core.environment:checking '/home/huy/ros2_ws/install/uav_motor_plugin/lib/python3.10/site-packages'
[22.820s] Level 1:colcon.colcon_core.environment:checking '/home/huy/ros2_ws/install/uav_motor_plugin/bin'
[22.821s] INFO:colcon.colcon_core.shell:Creating package script '/home/huy/ros2_ws/install/uav_motor_plugin/share/uav_motor_plugin/package.ps1'
[22.821s] INFO:colcon.colcon_core.shell:Creating package descriptor '/home/huy/ros2_ws/install/uav_motor_plugin/share/uav_motor_plugin/package.dsv'
[22.821s] INFO:colcon.colcon_core.shell:Creating package script '/home/huy/ros2_ws/install/uav_motor_plugin/share/uav_motor_plugin/package.sh'
[22.822s] INFO:colcon.colcon_core.shell:Creating package script '/home/huy/ros2_ws/install/uav_motor_plugin/share/uav_motor_plugin/package.bash'
[22.822s] INFO:colcon.colcon_core.shell:Creating package script '/home/huy/ros2_ws/install/uav_motor_plugin/share/uav_motor_plugin/package.zsh'
[22.822s] Level 1:colcon.colcon_core.environment:create_file_with_runtime_dependencies(/home/huy/ros2_ws/install/uav_motor_plugin/share/colcon-core/packages/uav_motor_plugin)
[22.823s] Level 1:colcon.colcon_core.environment:create_environment_scripts_only(uav_motor_plugin)
[22.823s] Level 1:colcon.colcon_core.environment:checking '/home/huy/ros2_ws/install/uav_motor_plugin' for CMake module files
[22.823s] Level 1:colcon.colcon_core.environment:checking '/home/huy/ros2_ws/install/uav_motor_plugin' for CMake config files
[22.824s] Level 1:colcon.colcon_core.shell:create_environment_hook('uav_motor_plugin', 'cmake_prefix_path')
[22.824s] INFO:colcon.colcon_core.shell:Creating environment hook '/home/huy/ros2_ws/install/uav_motor_plugin/share/uav_motor_plugin/hook/cmake_prefix_path.ps1'
[22.824s] INFO:colcon.colcon_core.shell:Creating environment descriptor '/home/huy/ros2_ws/install/uav_motor_plugin/share/uav_motor_plugin/hook/cmake_prefix_path.dsv'
[22.824s] INFO:colcon.colcon_core.shell:Creating environment hook '/home/huy/ros2_ws/install/uav_motor_plugin/share/uav_motor_plugin/hook/cmake_prefix_path.sh'
[22.825s] Level 1:colcon.colcon_core.environment:checking '/home/huy/ros2_ws/install/uav_motor_plugin/lib'
[22.825s] Level 1:colcon.colcon_core.shell:create_environment_hook('uav_motor_plugin', 'ld_library_path_lib')
[22.825s] INFO:colcon.colcon_core.shell:Creating environment hook '/home/huy/ros2_ws/install/uav_motor_plugin/share/uav_motor_plugin/hook/ld_library_path_lib.ps1'
[22.825s] INFO:colcon.colcon_core.shell:Creating environment descriptor '/home/huy/ros2_ws/install/uav_motor_plugin/share/uav_motor_plugin/hook/ld_library_path_lib.dsv'
[22.826s] INFO:colcon.colcon_core.shell:Creating environment hook '/home/huy/ros2_ws/install/uav_motor_plugin/share/uav_motor_plugin/hook/ld_library_path_lib.sh'
[22.826s] Level 1:colcon.colcon_core.environment:checking '/home/huy/ros2_ws/install/uav_motor_plugin/bin'
[22.826s] Level 1:colcon.colcon_core.environment:checking '/home/huy/ros2_ws/install/uav_motor_plugin/lib/pkgconfig/uav_motor_plugin.pc'
[22.826s] Level 1:colcon.colcon_core.environment:checking '/home/huy/ros2_ws/install/uav_motor_plugin/lib/python3.10/site-packages'
[22.826s] Level 1:colcon.colcon_core.environment:checking '/home/huy/ros2_ws/install/uav_motor_plugin/bin'
[22.826s] INFO:colcon.colcon_core.shell:Creating package script '/home/huy/ros2_ws/install/uav_motor_plugin/share/uav_motor_plugin/package.ps1'
[22.827s] INFO:colcon.colcon_core.shell:Creating package descriptor '/home/huy/ros2_ws/install/uav_motor_plugin/share/uav_motor_plugin/package.dsv'
[22.827s] INFO:colcon.colcon_core.shell:Creating package script '/home/huy/ros2_ws/install/uav_motor_plugin/share/uav_motor_plugin/package.sh'
[22.828s] INFO:colcon.colcon_core.shell:Creating package script '/home/huy/ros2_ws/install/uav_motor_plugin/share/uav_motor_plugin/package.bash'
[22.828s] INFO:colcon.colcon_core.shell:Creating package script '/home/huy/ros2_ws/install/uav_motor_plugin/share/uav_motor_plugin/package.zsh'
[22.828s] Level 1:colcon.colcon_core.environment:create_file_with_runtime_dependencies(/home/huy/ros2_ws/install/uav_motor_plugin/share/colcon-core/packages/uav_motor_plugin)
[22.828s] DEBUG:colcon.colcon_parallel_executor.executor.parallel:closing loop
[22.829s] DEBUG:colcon.colcon_parallel_executor.executor.parallel:loop closed
[22.829s] DEBUG:colcon.colcon_parallel_executor.executor.parallel:run_until_complete finished with '0'
[22.829s] DEBUG:colcon.colcon_core.event_reactor:joining thread
[22.834s] INFO:colcon.colcon_core.plugin_system:Skipping extension 'colcon_notification.desktop_notification.terminal_notifier': Not used on non-Darwin systems
[22.834s] INFO:colcon.colcon_core.plugin_system:Skipping extension 'colcon_notification.desktop_notification.win32': Not used on non-Windows systems
[22.834s] INFO:colcon.colcon_notification.desktop_notification:Sending desktop notification using 'notify2'
[22.844s] DEBUG:colcon.colcon_core.event_reactor:joined thread
[22.845s] INFO:colcon.colcon_core.shell:Creating prefix script '/home/huy/ros2_ws/install/local_setup.ps1'
[22.846s] INFO:colcon.colcon_core.shell:Creating prefix util module '/home/huy/ros2_ws/install/_local_setup_util_ps1.py'
[22.847s] INFO:colcon.colcon_core.shell:Creating prefix chain script '/home/huy/ros2_ws/install/setup.ps1'
[22.848s] INFO:colcon.colcon_core.shell:Creating prefix script '/home/huy/ros2_ws/install/local_setup.sh'
[22.849s] INFO:colcon.colcon_core.shell:Creating prefix util module '/home/huy/ros2_ws/install/_local_setup_util_sh.py'
[22.849s] INFO:colcon.colcon_core.shell:Creating prefix chain script '/home/huy/ros2_ws/install/setup.sh'
[22.850s] INFO:colcon.colcon_core.shell:Creating prefix script '/home/huy/ros2_ws/install/local_setup.bash'
[22.851s] INFO:colcon.colcon_core.shell:Creating prefix chain script '/home/huy/ros2_ws/install/setup.bash'
[22.851s] INFO:colcon.colcon_core.shell:Creating prefix script '/home/huy/ros2_ws/install/local_setup.zsh'
[22.852s] INFO:colcon.colcon_core.shell:Creating prefix chain script '/home/huy/ros2_ws/install/setup.zsh'
