[0.462s] Invoking command in '/home/huy/ros2_ws/src/my_robot_pkg': PYTHONPATH=/home/huy/ros2_ws/build/my_robot_pkg/prefix_override:/usr/lib/python3/dist-packages/colcon_core/task/python/colcon_distutils_commands:/home/huy/ros2_ws/install/my_robot_pkg/lib/python3.10/site-packages:${PYTHONPATH} /usr/bin/python3 -W ignore:setup.py install is deprecated -W ignore:easy_install command is deprecated setup.py egg_info --egg-base ../../build/my_robot_pkg build --build-base /home/huy/ros2_ws/build/my_robot_pkg/build install --record /home/huy/ros2_ws/build/my_robot_pkg/install.log --single-version-externally-managed install_data
[0.628s] running egg_info
[0.629s] writing ../../build/my_robot_pkg/my_robot_pkg.egg-info/PKG-INFO
[0.629s] writing dependency_links to ../../build/my_robot_pkg/my_robot_pkg.egg-info/dependency_links.txt
[0.629s] writing entry points to ../../build/my_robot_pkg/my_robot_pkg.egg-info/entry_points.txt
[0.629s] writing requirements to ../../build/my_robot_pkg/my_robot_pkg.egg-info/requires.txt
[0.629s] writing top-level names to ../../build/my_robot_pkg/my_robot_pkg.egg-info/top_level.txt
[0.630s] reading manifest file '../../build/my_robot_pkg/my_robot_pkg.egg-info/SOURCES.txt'
[0.631s] writing manifest file '../../build/my_robot_pkg/my_robot_pkg.egg-info/SOURCES.txt'
[0.631s] running build
[0.631s] running build_py
[0.631s] copying my_robot_pkg/controller_node.py -> /home/huy/ros2_ws/build/my_robot_pkg/build/lib/my_robot_pkg
[0.632s] running install
[0.632s] running install_lib
[0.633s] copying /home/huy/ros2_ws/build/my_robot_pkg/build/lib/my_robot_pkg/controller_node.py -> /home/huy/ros2_ws/install/my_robot_pkg/lib/python3.10/site-packages/my_robot_pkg
[0.633s] byte-compiling /home/huy/ros2_ws/install/my_robot_pkg/lib/python3.10/site-packages/my_robot_pkg/controller_node.py to controller_node.cpython-310.pyc
[0.634s] running install_data
[0.634s] copying description/inertial_macros.xacro -> /home/huy/ros2_ws/install/my_robot_pkg/share/my_robot_pkg/description
[0.634s] copying description/robot.urdf.xacro -> /home/huy/ros2_ws/install/my_robot_pkg/share/my_robot_pkg/description
[0.634s] running install_egg_info
[0.635s] removing '/home/huy/ros2_ws/install/my_robot_pkg/lib/python3.10/site-packages/my_robot_pkg-0.0.0-py3.10.egg-info' (and everything under it)
[0.636s] Copying ../../build/my_robot_pkg/my_robot_pkg.egg-info to /home/huy/ros2_ws/install/my_robot_pkg/lib/python3.10/site-packages/my_robot_pkg-0.0.0-py3.10.egg-info
[0.637s] running install_scripts
[0.652s] writing list of installed files to '/home/huy/ros2_ws/build/my_robot_pkg/install.log'
[0.672s] Invoked command in '/home/huy/ros2_ws/src/my_robot_pkg' returned '0': PYTHONPATH=/home/huy/ros2_ws/build/my_robot_pkg/prefix_override:/usr/lib/python3/dist-packages/colcon_core/task/python/colcon_distutils_commands:/home/huy/ros2_ws/install/my_robot_pkg/lib/python3.10/site-packages:${PYTHONPATH} /usr/bin/python3 -W ignore:setup.py install is deprecated -W ignore:easy_install command is deprecated setup.py egg_info --egg-base ../../build/my_robot_pkg build --build-base /home/huy/ros2_ws/build/my_robot_pkg/build install --record /home/huy/ros2_ws/build/my_robot_pkg/install.log --single-version-externally-managed install_data
