running egg_info
creating ../../build/example_pkg/example_pkg.egg-info
writing ../../build/example_pkg/example_pkg.egg-info/PKG-INFO
writing dependency_links to ../../build/example_pkg/example_pkg.egg-info/dependency_links.txt
writing entry points to ../../build/example_pkg/example_pkg.egg-info/entry_points.txt
writing requirements to ../../build/example_pkg/example_pkg.egg-info/requires.txt
writing top-level names to ../../build/example_pkg/example_pkg.egg-info/top_level.txt
writing manifest file '../../build/example_pkg/example_pkg.egg-info/SOURCES.txt'
reading manifest file '../../build/example_pkg/example_pkg.egg-info/SOURCES.txt'
writing manifest file '../../build/example_pkg/example_pkg.egg-info/SOURCES.txt'
running build
running build_py
creating /home/huy/ros2_ws/build/example_pkg/build
creating /home/huy/ros2_ws/build/example_pkg/build/lib
creating /home/huy/ros2_ws/build/example_pkg/build/lib/example_pkg
copying example_pkg/__init__.py -> /home/huy/ros2_ws/build/example_pkg/build/lib/example_pkg
copying example_pkg/listener.py -> /home/huy/ros2_ws/build/example_pkg/build/lib/example_pkg
copying example_pkg/talker.py -> /home/huy/ros2_ws/build/example_pkg/build/lib/example_pkg
running install
running install_lib
creating /home/huy/ros2_ws/install/example_pkg/lib/python3.10/site-packages/example_pkg
copying /home/huy/ros2_ws/build/example_pkg/build/lib/example_pkg/__init__.py -> /home/huy/ros2_ws/install/example_pkg/lib/python3.10/site-packages/example_pkg
copying /home/huy/ros2_ws/build/example_pkg/build/lib/example_pkg/listener.py -> /home/huy/ros2_ws/install/example_pkg/lib/python3.10/site-packages/example_pkg
copying /home/huy/ros2_ws/build/example_pkg/build/lib/example_pkg/talker.py -> /home/huy/ros2_ws/install/example_pkg/lib/python3.10/site-packages/example_pkg
byte-compiling /home/huy/ros2_ws/install/example_pkg/lib/python3.10/site-packages/example_pkg/__init__.py to __init__.cpython-310.pyc
byte-compiling /home/huy/ros2_ws/install/example_pkg/lib/python3.10/site-packages/example_pkg/listener.py to listener.cpython-310.pyc
byte-compiling /home/huy/ros2_ws/install/example_pkg/lib/python3.10/site-packages/example_pkg/talker.py to talker.cpython-310.pyc
running install_data
creating /home/huy/ros2_ws/install/example_pkg/share/ament_index
creating /home/huy/ros2_ws/install/example_pkg/share/ament_index/resource_index
creating /home/huy/ros2_ws/install/example_pkg/share/ament_index/resource_index/packages
copying resource/example_pkg -> /home/huy/ros2_ws/install/example_pkg/share/ament_index/resource_index/packages
copying package.xml -> /home/huy/ros2_ws/install/example_pkg/share/example_pkg
running install_egg_info
Copying ../../build/example_pkg/example_pkg.egg-info to /home/huy/ros2_ws/install/example_pkg/lib/python3.10/site-packages/example_pkg-0.0.0-py3.10.egg-info
running install_scripts
Installing listener script to /home/huy/ros2_ws/install/example_pkg/lib/example_pkg
Installing talker script to /home/huy/ros2_ws/install/example_pkg/lib/example_pkg
writing list of installed files to '/home/huy/ros2_ws/build/example_pkg/install.log'
