[0.658s] Invoking command in '/home/huy/ros2_ws/src/ps4_controller': PYTHONPATH=/home/huy/ros2_ws/build/ps4_controller/prefix_override:/usr/lib/python3/dist-packages/colcon_core/task/python/colcon_distutils_commands:/home/huy/ros2_ws/install/ps4_controller/lib/python3.10/site-packages:${PYTHONPATH} /usr/bin/python3 -W ignore:setup.py install is deprecated -W ignore:easy_install command is deprecated setup.py egg_info --egg-base ../../build/ps4_controller build --build-base /home/huy/ros2_ws/build/ps4_controller/build install --record /home/huy/ros2_ws/build/ps4_controller/install.log --single-version-externally-managed install_data
[0.918s] running egg_info
[0.918s] writing ../../build/ps4_controller/ps4_controller.egg-info/PKG-INFO
[0.919s] writing dependency_links to ../../build/ps4_controller/ps4_controller.egg-info/dependency_links.txt
[0.919s] writing entry points to ../../build/ps4_controller/ps4_controller.egg-info/entry_points.txt
[0.919s] writing requirements to ../../build/ps4_controller/ps4_controller.egg-info/requires.txt
[0.919s] writing top-level names to ../../build/ps4_controller/ps4_controller.egg-info/top_level.txt
[0.921s] reading manifest file '../../build/ps4_controller/ps4_controller.egg-info/SOURCES.txt'
[0.922s] writing manifest file '../../build/ps4_controller/ps4_controller.egg-info/SOURCES.txt'
[0.922s] running build
[0.922s] running build_py
[0.922s] copying ps4_controller/ps4_controller.py -> /home/huy/ros2_ws/build/ps4_controller/build/lib/ps4_controller
[0.923s] copying ps4_controller/servo_controller.py -> /home/huy/ros2_ws/build/ps4_controller/build/lib/ps4_controller
[0.923s] running install
[0.923s] running install_lib
[0.924s] copying /home/huy/ros2_ws/build/ps4_controller/build/lib/ps4_controller/ps4_controller.py -> /home/huy/ros2_ws/install/ps4_controller/lib/python3.10/site-packages/ps4_controller
[0.924s] copying /home/huy/ros2_ws/build/ps4_controller/build/lib/ps4_controller/servo_controller.py -> /home/huy/ros2_ws/install/ps4_controller/lib/python3.10/site-packages/ps4_controller
[0.925s] byte-compiling /home/huy/ros2_ws/install/ps4_controller/lib/python3.10/site-packages/ps4_controller/ps4_controller.py to ps4_controller.cpython-310.pyc
[0.926s] byte-compiling /home/huy/ros2_ws/install/ps4_controller/lib/python3.10/site-packages/ps4_controller/servo_controller.py to servo_controller.cpython-310.pyc
[0.926s] running install_data
[0.927s] copying launch/ps4_servo_launch.py -> /home/huy/ros2_ws/install/ps4_controller/share/ps4_controller/launch
[0.927s] running install_egg_info
[0.929s] removing '/home/huy/ros2_ws/install/ps4_controller/lib/python3.10/site-packages/ps4_controller-0.0.0-py3.10.egg-info' (and everything under it)
[0.929s] Copying ../../build/ps4_controller/ps4_controller.egg-info to /home/huy/ros2_ws/install/ps4_controller/lib/python3.10/site-packages/ps4_controller-0.0.0-py3.10.egg-info
[0.930s] running install_scripts
[0.953s] Installing ps4_controller_node script to /home/huy/ros2_ws/install/ps4_controller/lib/ps4_controller
[0.953s] Installing servo_controller_node script to /home/huy/ros2_ws/install/ps4_controller/lib/ps4_controller
[0.953s] writing list of installed files to '/home/huy/ros2_ws/build/ps4_controller/install.log'
[0.979s] Invoked command in '/home/huy/ros2_ws/src/ps4_controller' returned '0': PYTHONPATH=/home/huy/ros2_ws/build/ps4_controller/prefix_override:/usr/lib/python3/dist-packages/colcon_core/task/python/colcon_distutils_commands:/home/huy/ros2_ws/install/ps4_controller/lib/python3.10/site-packages:${PYTHONPATH} /usr/bin/python3 -W ignore:setup.py install is deprecated -W ignore:easy_install command is deprecated setup.py egg_info --egg-base ../../build/ps4_controller build --build-base /home/huy/ros2_ws/build/ps4_controller/build install --record /home/huy/ros2_ws/build/ps4_controller/install.log --single-version-externally-managed install_data
