[35m[1mConsolidate compiler generated dependencies of target gazebo_drone_diff_drive[0m
[100%] Built target gazebo_drone_diff_drive
-- Install configuration: ""
-- Up-to-date: /home/huy/ros2_ws/install/drone_drive/lib/libgazebo_drone_diff_drive.so
-- Up-to-date: /home/huy/ros2_ws/install/drone_drive/include/drone_drive
-- Up-to-date: /home/huy/ros2_ws/install/drone_drive/include/drone_drive/drone_drive
-- Up-to-date: /home/huy/ros2_ws/install/drone_drive/include/drone_drive/drone_drive/drone_drive.hpp
-- Up-to-date: /home/huy/ros2_ws/install/drone_drive/share/drone_drive/package.xml
-- Up-to-date: /home/huy/ros2_ws/install/drone_drive/share/ament_index/resource_index/package_run_dependencies/drone_drive
-- Up-to-date: /home/huy/ros2_ws/install/drone_drive/share/ament_index/resource_index/parent_prefix_path/drone_drive
-- Up-to-date: /home/huy/ros2_ws/install/drone_drive/share/drone_drive/environment/ament_prefix_path.sh
-- Up-to-date: /home/huy/ros2_ws/install/drone_drive/share/drone_drive/environment/ament_prefix_path.dsv
-- Up-to-date: /home/huy/ros2_ws/install/drone_drive/share/drone_drive/environment/path.sh
-- Up-to-date: /home/huy/ros2_ws/install/drone_drive/share/drone_drive/environment/path.dsv
-- Up-to-date: /home/huy/ros2_ws/install/drone_drive/share/drone_drive/local_setup.bash
-- Up-to-date: /home/huy/ros2_ws/install/drone_drive/share/drone_drive/local_setup.sh
-- Up-to-date: /home/huy/ros2_ws/install/drone_drive/share/drone_drive/local_setup.zsh
-- Up-to-date: /home/huy/ros2_ws/install/drone_drive/share/drone_drive/local_setup.dsv
-- Up-to-date: /home/huy/ros2_ws/install/drone_drive/share/drone_drive/package.dsv
-- Up-to-date: /home/huy/ros2_ws/install/drone_drive/share/ament_index/resource_index/packages/drone_drive
-- Up-to-date: /home/huy/ros2_ws/install/drone_drive/share/drone_drive/cmake/drone_driveConfig.cmake
-- Up-to-date: /home/huy/ros2_ws/install/drone_drive/share/drone_drive/cmake/drone_driveConfig-version.cmake
-- Up-to-date: /home/huy/ros2_ws/install/drone_drive/share/drone_drive/package.xml
