[0.435s] Invoking command in '/home/huy/ros2_ws/src/ps4_controller': PYTHONPATH=/home/huy/ros2_ws/build/ps4_controller/prefix_override:/usr/lib/python3/dist-packages/colcon_core/task/python/colcon_distutils_commands:/home/huy/ros2_ws/install/ps4_controller/lib/python3.10/site-packages:${PYTHONPATH} /usr/bin/python3 -W ignore:setup.py install is deprecated -W ignore:easy_install command is deprecated setup.py egg_info --egg-base ../../build/ps4_controller build --build-base /home/huy/ros2_ws/build/ps4_controller/build install --record /home/huy/ros2_ws/build/ps4_controller/install.log --single-version-externally-managed install_data
[0.605s] running egg_info
[0.606s] creating ../../build/ps4_controller/ps4_controller.egg-info
[0.606s] writing ../../build/ps4_controller/ps4_controller.egg-info/PKG-INFO
[0.606s] writing dependency_links to ../../build/ps4_controller/ps4_controller.egg-info/dependency_links.txt
[0.606s] writing entry points to ../../build/ps4_controller/ps4_controller.egg-info/entry_points.txt
[0.606s] writing requirements to ../../build/ps4_controller/ps4_controller.egg-info/requires.txt
[0.606s] writing top-level names to ../../build/ps4_controller/ps4_controller.egg-info/top_level.txt
[0.606s] writing manifest file '../../build/ps4_controller/ps4_controller.egg-info/SOURCES.txt'
[0.608s] reading manifest file '../../build/ps4_controller/ps4_controller.egg-info/SOURCES.txt'
[0.608s] writing manifest file '../../build/ps4_controller/ps4_controller.egg-info/SOURCES.txt'
[0.608s] running build
[0.608s] running build_py
[0.608s] creating /home/huy/ros2_ws/build/ps4_controller/build
[0.608s] creating /home/huy/ros2_ws/build/ps4_controller/build/lib
[0.608s] creating /home/huy/ros2_ws/build/ps4_controller/build/lib/ps4_controller
[0.608s] copying ps4_controller/ps4_controller.py -> /home/huy/ros2_ws/build/ps4_controller/build/lib/ps4_controller
[0.608s] copying ps4_controller/__init__.py -> /home/huy/ros2_ws/build/ps4_controller/build/lib/ps4_controller
[0.609s] copying ps4_controller/servo_controller.py -> /home/huy/ros2_ws/build/ps4_controller/build/lib/ps4_controller
[0.609s] running install
[0.609s] running install_lib
[0.609s] creating /home/huy/ros2_ws/install/ps4_controller/lib/python3.10/site-packages/ps4_controller
[0.609s] copying /home/huy/ros2_ws/build/ps4_controller/build/lib/ps4_controller/ps4_controller.py -> /home/huy/ros2_ws/install/ps4_controller/lib/python3.10/site-packages/ps4_controller
[0.610s] copying /home/huy/ros2_ws/build/ps4_controller/build/lib/ps4_controller/__init__.py -> /home/huy/ros2_ws/install/ps4_controller/lib/python3.10/site-packages/ps4_controller
[0.610s] copying /home/huy/ros2_ws/build/ps4_controller/build/lib/ps4_controller/servo_controller.py -> /home/huy/ros2_ws/install/ps4_controller/lib/python3.10/site-packages/ps4_controller
[0.610s] byte-compiling /home/huy/ros2_ws/install/ps4_controller/lib/python3.10/site-packages/ps4_controller/ps4_controller.py to ps4_controller.cpython-310.pyc
[0.610s] byte-compiling /home/huy/ros2_ws/install/ps4_controller/lib/python3.10/site-packages/ps4_controller/__init__.py to __init__.cpython-310.pyc
[0.611s] byte-compiling /home/huy/ros2_ws/install/ps4_controller/lib/python3.10/site-packages/ps4_controller/servo_controller.py to servo_controller.cpython-310.pyc
[0.611s] running install_data
[0.611s] creating /home/huy/ros2_ws/install/ps4_controller/share/ament_index
[0.611s] creating /home/huy/ros2_ws/install/ps4_controller/share/ament_index/resource_index
[0.611s] creating /home/huy/ros2_ws/install/ps4_controller/share/ament_index/resource_index/packages
[0.611s] copying resource/ps4_controller -> /home/huy/ros2_ws/install/ps4_controller/share/ament_index/resource_index/packages
[0.611s] copying package.xml -> /home/huy/ros2_ws/install/ps4_controller/share/ps4_controller
[0.611s] creating /home/huy/ros2_ws/install/ps4_controller/share/ps4_controller/launch
[0.611s] copying launch/ps4_servo_launch.py -> /home/huy/ros2_ws/install/ps4_controller/share/ps4_controller/launch
[0.611s] running install_egg_info
[0.613s] Copying ../../build/ps4_controller/ps4_controller.egg-info to /home/huy/ros2_ws/install/ps4_controller/lib/python3.10/site-packages/ps4_controller-0.0.0-py3.10.egg-info
[0.613s] running install_scripts
[0.628s] Installing ps4_controller_node script to /home/huy/ros2_ws/install/ps4_controller/lib/ps4_controller
[0.628s] Installing servo_controller_node script to /home/huy/ros2_ws/install/ps4_controller/lib/ps4_controller
[0.629s] writing list of installed files to '/home/huy/ros2_ws/build/ps4_controller/install.log'
[0.647s] Invoked command in '/home/huy/ros2_ws/src/ps4_controller' returned '0': PYTHONPATH=/home/huy/ros2_ws/build/ps4_controller/prefix_override:/usr/lib/python3/dist-packages/colcon_core/task/python/colcon_distutils_commands:/home/huy/ros2_ws/install/ps4_controller/lib/python3.10/site-packages:${PYTHONPATH} /usr/bin/python3 -W ignore:setup.py install is deprecated -W ignore:easy_install command is deprecated setup.py egg_info --egg-base ../../build/ps4_controller build --build-base /home/huy/ros2_ws/build/ps4_controller/build install --record /home/huy/ros2_ws/build/ps4_controller/install.log --single-version-externally-managed install_data
