[0.012s] Invoking command in '/home/huy/ros2_ws/src/build/custom_msgs': /usr/bin/cmake /home/huy/ros2_ws/src/custom_msgs -DCMAKE_INSTALL_PREFIX=/home/huy/ros2_ws/src/install/custom_msgs
[0.168s] -- The C compiler identification is GNU 11.4.0
[0.312s] -- The CXX compiler identification is GNU 11.4.0
[0.326s] -- Detecting C compiler ABI info
[0.428s] -- Detecting C compiler ABI info - done
[0.436s] -- Check for working C compiler: /usr/bin/cc - skipped
[0.437s] -- Detecting C compile features
[0.437s] -- Detecting C compile features - done
[0.442s] -- Detecting CXX compiler ABI info
[0.552s] -- Detecting CXX compiler ABI info - done
[0.560s] -- Check for working CXX compiler: /usr/bin/c++ - skipped
[0.561s] -- Detecting CXX compile features
[0.561s] -- Detecting CXX compile features - done
[0.565s] -- Found rosidl_default_generators: 1.2.0 (/opt/ros/humble/share/rosidl_default_generators/cmake)
[0.567s] -- Found ament_cmake_core: 1.3.11 (/opt/ros/humble/share/ament_cmake_core/cmake)
[0.747s] -- Found Python3: /usr/bin/python3 (found version "3.10.12") found components: Interpreter 
[0.834s] -- Using all available rosidl_typesupport_c: rosidl_typesupport_fastrtps_c;rosidl_typesupport_introspection_c
[0.846s] -- Found rosidl_adapter: 3.1.6 (/opt/ros/humble/share/rosidl_adapter/cmake)
[0.952s] -- Using all available rosidl_typesupport_cpp: rosidl_typesupport_fastrtps_cpp;rosidl_typesupport_introspection_cpp
[1.004s] -- Found rclcpp: 16.0.12 (/opt/ros/humble/share/rclcpp/cmake)
[1.086s] -- Found rmw_implementation_cmake: 6.1.2 (/opt/ros/humble/share/rmw_implementation_cmake/cmake)
[1.090s] -- Found rmw_fastrtps_cpp: 6.2.7 (/opt/ros/humble/share/rmw_fastrtps_cpp/cmake)
[1.212s] -- Found OpenSSL: /usr/lib/x86_64-linux-gnu/libcrypto.so (found version "3.0.2")  
[1.244s] -- Found FastRTPS: /opt/ros/humble/include  
[1.292s] -- Using RMW implementation 'rmw_fastrtps_cpp' as default
[1.304s] -- Looking for pthread.h
[1.404s] -- Looking for pthread.h - found
[1.404s] -- Performing Test CMAKE_HAVE_LIBC_PTHREAD
[1.496s] -- Performing Test CMAKE_HAVE_LIBC_PTHREAD - Success
[1.497s] -- Found Threads: TRUE  
[1.750s] [31mCMake Error at /opt/ros/humble/share/rosidl_adapter/cmake/rosidl_adapt_interfaces.cmake:59 (message):
[1.750s]   execute_process(/usr/bin/python3 -m rosidl_adapter --package-name
[1.750s]   custom_msgs --arguments-file
[1.750s]   /home/huy/ros2_ws/src/build/custom_msgs/rosidl_adapter__arguments__custom_msgs.json
[1.751s]   --output-dir
[1.751s]   /home/huy/ros2_ws/src/build/custom_msgs/rosidl_adapter/custom_msgs
[1.751s]   --output-file
[1.751s]   /home/huy/ros2_ws/src/build/custom_msgs/rosidl_adapter/custom_msgs.idls)
[1.751s]   returned error code 1:
[1.751s] 
[1.751s]   Traceback (most recent call last):
[1.751s] 
[1.751s]     File "/usr/lib/python3.10/runpy.py", line 196, in _run_module_as_main
[1.751s]       return _run_code(code, main_globals, None,
[1.751s]     File "/usr/lib/python3.10/runpy.py", line 86, in _run_code
[1.751s]       exec(code, run_globals)
[1.751s]     File "/opt/ros/humble/local/lib/python3.10/dist-packages/rosidl_adapter/__main__.py", line 19, in <module>
[1.752s]       sys.exit(main())
[1.752s]     File "/opt/ros/humble/local/lib/python3.10/dist-packages/rosidl_adapter/main.py", line 53, in main
[1.752s]       abs_idl_file = convert_to_idl(
[1.752s]     File "/opt/ros/humble/local/lib/python3.10/dist-packages/rosidl_adapter/__init__.py", line 19, in convert_to_idl
[1.752s]       return convert_msg_to_idl(
[1.752s]     File "/opt/ros/humble/local/lib/python3.10/dist-packages/rosidl_adapter/msg/__init__.py", line 28, in convert_msg_to_idl
[1.752s]       msg = parse_message_string(package_name, input_file.stem, content)
[1.752s]     File "/opt/ros/humble/local/lib/python3.10/dist-packages/rosidl_adapter/parser.py", line 544, in parse_message_string
[1.752s]       msg = MessageSpecification(pkg_name, msg_name, fields, constants)
[1.752s]     File "/opt/ros/humble/local/lib/python3.10/dist-packages/rosidl_adapter/parser.py", line 388, in __init__
[1.752s]       self.base_type = BaseType(
[1.752s]     File "/opt/ros/humble/local/lib/python3.10/dist-packages/rosidl_adapter/parser.py", line 205, in __init__
[1.752s]       raise InvalidResourceName(
[1.752s] 
[1.752s]   rosidl_adapter.parser.InvalidResourceName: 'ps4_msg' is an invalid message
[1.752s]   name.  It should have the pattern '^[A-Z][A-Za-z0-9]*$'
[1.752s] 
[1.752s] Call Stack (most recent call first):
[1.752s]   /opt/ros/humble/share/rosidl_cmake/cmake/rosidl_generate_interfaces.cmake:130 (rosidl_adapt_interfaces)
[1.752s]   CMakeLists.txt:14 (rosidl_generate_interfaces)
[1.753s] 
[1.753s] [0m
[1.753s] -- Configuring incomplete, errors occurred!
[1.753s] See also "/home/huy/ros2_ws/src/build/custom_msgs/CMakeFiles/CMakeOutput.log".
[1.762s] Invoked command in '/home/huy/ros2_ws/src/build/custom_msgs' returned '1': /usr/bin/cmake /home/huy/ros2_ws/src/custom_msgs -DCMAKE_INSTALL_PREFIX=/home/huy/ros2_ws/src/install/custom_msgs
