[0.447s] Invoking command in '/home/huy/ros2_ws/src/my_robot_pkg': PYTHONPATH=/home/huy/ros2_ws/build/my_robot_pkg/prefix_override:/usr/lib/python3/dist-packages/colcon_core/task/python/colcon_distutils_commands:/home/huy/ros2_ws/install/my_robot_pkg/lib/python3.10/site-packages:${PYTHONPATH} /usr/bin/python3 -W ignore:setup.py install is deprecated -W ignore:easy_install command is deprecated setup.py egg_info --egg-base ../../build/my_robot_pkg build --build-base /home/huy/ros2_ws/build/my_robot_pkg/build install --record /home/huy/ros2_ws/build/my_robot_pkg/install.log --single-version-externally-managed install_data
[0.619s] running egg_info
[0.620s] writing ../../build/my_robot_pkg/my_robot_pkg.egg-info/PKG-INFO
[0.620s] writing dependency_links to ../../build/my_robot_pkg/my_robot_pkg.egg-info/dependency_links.txt
[0.620s] writing entry points to ../../build/my_robot_pkg/my_robot_pkg.egg-info/entry_points.txt
[0.620s] writing requirements to ../../build/my_robot_pkg/my_robot_pkg.egg-info/requires.txt
[0.620s] writing top-level names to ../../build/my_robot_pkg/my_robot_pkg.egg-info/top_level.txt
[0.621s] reading manifest file '../../build/my_robot_pkg/my_robot_pkg.egg-info/SOURCES.txt'
[0.622s] writing manifest file '../../build/my_robot_pkg/my_robot_pkg.egg-info/SOURCES.txt'
[0.622s] running build
[0.622s] running build_py
[0.622s] running install
[0.623s] running install_lib
[0.624s] running install_data
[0.624s] copying description/drone_macros.xacro -> /home/huy/ros2_ws/install/my_robot_pkg/share/my_robot_pkg/description
[0.624s] copying description/gazebo_control_drone.xacro -> /home/huy/ros2_ws/install/my_robot_pkg/share/my_robot_pkg/description
[0.624s] running install_egg_info
[0.625s] removing '/home/huy/ros2_ws/install/my_robot_pkg/lib/python3.10/site-packages/my_robot_pkg-0.0.0-py3.10.egg-info' (and everything under it)
[0.626s] Copying ../../build/my_robot_pkg/my_robot_pkg.egg-info to /home/huy/ros2_ws/install/my_robot_pkg/lib/python3.10/site-packages/my_robot_pkg-0.0.0-py3.10.egg-info
[0.626s] running install_scripts
[0.642s] Installing ps4_controller_node script to /home/huy/ros2_ws/install/my_robot_pkg/lib/my_robot_pkg
[0.643s] writing list of installed files to '/home/huy/ros2_ws/build/my_robot_pkg/install.log'
[0.664s] Invoked command in '/home/huy/ros2_ws/src/my_robot_pkg' returned '0': PYTHONPATH=/home/huy/ros2_ws/build/my_robot_pkg/prefix_override:/usr/lib/python3/dist-packages/colcon_core/task/python/colcon_distutils_commands:/home/huy/ros2_ws/install/my_robot_pkg/lib/python3.10/site-packages:${PYTHONPATH} /usr/bin/python3 -W ignore:setup.py install is deprecated -W ignore:easy_install command is deprecated setup.py egg_info --egg-base ../../build/my_robot_pkg build --build-base /home/huy/ros2_ws/build/my_robot_pkg/build install --record /home/huy/ros2_ws/build/my_robot_pkg/install.log --single-version-externally-managed install_data
