[0.011s] Invoking command in '/home/huy/ros2_ws/build/my_drone_pkg': CMAKE_PREFIX_PATH=/home/huy/install/my_robot_pkg:/home/huy/ros2_ws/install/my_robot_pkg:/opt/ros/humble /usr/bin/cmake /home/huy/ros2_ws/src/my_drone_pkg -DCMAKE_INSTALL_PREFIX=/home/huy/ros2_ws/install/my_drone_pkg
[0.105s] -- The C compiler identification is GNU 11.4.0
[0.189s] -- The CXX compiler identification is GNU 11.4.0
[0.199s] -- Detecting C compiler ABI info
[0.264s] -- Detecting C compiler ABI info - done
[0.269s] -- Check for working C compiler: /usr/bin/cc - skipped
[0.269s] -- Detecting C compile features
[0.270s] -- Detecting C compile features - done
[0.273s] -- Detecting CXX compiler ABI info
[0.342s] -- Detecting CXX compiler ABI info - done
[0.347s] -- Check for working CXX compiler: /usr/bin/c++ - skipped
[0.348s] -- Detecting CXX compile features
[0.348s] -- Detecting CXX compile features - done
[0.356s] -- Found ament_cmake: 1.3.11 (/opt/ros/humble/share/ament_cmake/cmake)
[0.476s] -- Found Python3: /usr/bin/python3 (found version "3.10.12") found components: Interpreter 
[0.556s] -- Found rclcpp: 16.0.12 (/opt/ros/humble/share/rclcpp/cmake)
[0.602s] -- Found rosidl_generator_c: 3.1.6 (/opt/ros/humble/share/rosidl_generator_c/cmake)
[0.607s] -- Found rosidl_adapter: 3.1.6 (/opt/ros/humble/share/rosidl_adapter/cmake)
[0.616s] -- Found rosidl_generator_cpp: 3.1.6 (/opt/ros/humble/share/rosidl_generator_cpp/cmake)
[0.630s] -- Using all available rosidl_typesupport_c: rosidl_typesupport_fastrtps_c;rosidl_typesupport_introspection_c
[0.646s] -- Using all available rosidl_typesupport_cpp: rosidl_typesupport_fastrtps_cpp;rosidl_typesupport_introspection_cpp
[0.690s] -- Found rmw_implementation_cmake: 6.1.2 (/opt/ros/humble/share/rmw_implementation_cmake/cmake)
[0.693s] -- Found rmw_fastrtps_cpp: 6.2.7 (/opt/ros/humble/share/rmw_fastrtps_cpp/cmake)
[0.776s] -- Found OpenSSL: /usr/lib/x86_64-linux-gnu/libcrypto.so (found version "3.0.2")  
[0.799s] -- Found FastRTPS: /opt/ros/humble/include  
[0.834s] -- Using RMW implementation 'rmw_fastrtps_cpp' as default
[0.844s] -- Looking for pthread.h
[0.910s] -- Looking for pthread.h - found
[0.910s] -- Performing Test CMAKE_HAVE_LIBC_PTHREAD
[0.971s] -- Performing Test CMAKE_HAVE_LIBC_PTHREAD - Success
[0.972s] -- Found Threads: TRUE  
[1.021s] -- Found sensor_msgs: 4.9.0 (/opt/ros/humble/share/sensor_msgs/cmake)
[1.049s] -- Found xacro: 2.0.13 (/opt/ros/humble/share/xacro/cmake)
[1.052s] -- Found robot_state_publisher: 3.0.3 (/opt/ros/humble/share/robot_state_publisher/cmake)
[1.067s] -- Found eigen3_cmake_module: 0.1.1 (/opt/ros/humble/share/eigen3_cmake_module/cmake)
[1.069s] -- Found Eigen3: TRUE (found version "3.4.0") 
[1.069s] -- Ensuring Eigen3 include directory is part of orocos-kdl CMake target
[1.210s] [31mCMake Error at CMakeLists.txt:15 (find_package):
[1.210s]   By not providing "Findjoint_state_publisher.cmake" in CMAKE_MODULE_PATH
[1.210s]   this project has asked CMake to find a package configuration file provided
[1.210s]   by "joint_state_publisher", but CMake did not find one.
[1.210s] 
[1.210s]   Could not find a package configuration file provided by
[1.210s]   "joint_state_publisher" with any of the following names:
[1.210s] 
[1.210s]     joint_state_publisherConfig.cmake
[1.211s]     joint_state_publisher-config.cmake
[1.211s] 
[1.211s]   Add the installation prefix of "joint_state_publisher" to CMAKE_PREFIX_PATH
[1.211s]   or set "joint_state_publisher_DIR" to a directory containing one of the
[1.211s]   above files.  If "joint_state_publisher" provides a separate development
[1.211s]   package or SDK, be sure it has been installed.
[1.211s] 
[1.211s] [0m
[1.211s] -- Configuring incomplete, errors occurred!
[1.211s] See also "/home/huy/ros2_ws/build/my_drone_pkg/CMakeFiles/CMakeOutput.log".
[1.221s] Invoked command in '/home/huy/ros2_ws/build/my_drone_pkg' returned '1': CMAKE_PREFIX_PATH=/home/huy/install/my_robot_pkg:/home/huy/ros2_ws/install/my_robot_pkg:/opt/ros/humble /usr/bin/cmake /home/huy/ros2_ws/src/my_drone_pkg -DCMAKE_INSTALL_PREFIX=/home/huy/ros2_ws/install/my_drone_pkg
