[0.042s] Invoking command in '/home/huy/ros2_ws/build/uav_controller': CMAKE_PREFIX_PATH=/opt/ros/humble:/home/huy/ros2_ws/install/uav_msgs:/home/huy/ros2_ws/install/uav_sim:/home/huy/ros2_ws/install/uav_motor_plugin:/home/huy/ros2_ws/install/uav_dynamics:/home/huy/ros2_ws/install/uav_controller LD_LIBRARY_PATH=/home/huy/ros2_ws/install/uav_msgs/lib:/home/huy/ros2_ws/install/uav_motor_plugin/lib:/usr/lib/x86_64-linux-gnu/gazebo-11/plugins:/opt/ros/humble/opt/rviz_ogre_vendor/lib:/opt/ros/humble/lib/x86_64-linux-gnu:/opt/ros/humble/lib:/usr/lib/x86_64-linux-gnu/gazebo-11/plugins /usr/bin/cmake --build /home/huy/ros2_ws/build/uav_controller -- -j16 -l16
[0.164s] [35m[1mConsolidate compiler generated dependencies of target controller_node[0m
[0.199s] [ 25%] Built target smc_controller_node
[0.200s] [ 50%] Built target pos_controller_node
[0.200s] [ 75%] Built target test_pid_node
[0.215s] [ 87%] [32mBuilding CXX object CMakeFiles/controller_node.dir/src/controller.cpp.o[0m
[11.549s] [100%] [32m[1mLinking CXX executable controller_node[0m
[12.050s] [100%] Built target controller_node
[12.062s] Invoked command in '/home/huy/ros2_ws/build/uav_controller' returned '0': CMAKE_PREFIX_PATH=/opt/ros/humble:/home/huy/ros2_ws/install/uav_msgs:/home/huy/ros2_ws/install/uav_sim:/home/huy/ros2_ws/install/uav_motor_plugin:/home/huy/ros2_ws/install/uav_dynamics:/home/huy/ros2_ws/install/uav_controller LD_LIBRARY_PATH=/home/huy/ros2_ws/install/uav_msgs/lib:/home/huy/ros2_ws/install/uav_motor_plugin/lib:/usr/lib/x86_64-linux-gnu/gazebo-11/plugins:/opt/ros/humble/opt/rviz_ogre_vendor/lib:/opt/ros/humble/lib/x86_64-linux-gnu:/opt/ros/humble/lib:/usr/lib/x86_64-linux-gnu/gazebo-11/plugins /usr/bin/cmake --build /home/huy/ros2_ws/build/uav_controller -- -j16 -l16
[12.063s] Invoking command in '/home/huy/ros2_ws/build/uav_controller': CMAKE_PREFIX_PATH=/opt/ros/humble:/home/huy/ros2_ws/install/uav_msgs:/home/huy/ros2_ws/install/uav_sim:/home/huy/ros2_ws/install/uav_motor_plugin:/home/huy/ros2_ws/install/uav_dynamics:/home/huy/ros2_ws/install/uav_controller LD_LIBRARY_PATH=/home/huy/ros2_ws/install/uav_msgs/lib:/home/huy/ros2_ws/install/uav_motor_plugin/lib:/usr/lib/x86_64-linux-gnu/gazebo-11/plugins:/opt/ros/humble/opt/rviz_ogre_vendor/lib:/opt/ros/humble/lib/x86_64-linux-gnu:/opt/ros/humble/lib:/usr/lib/x86_64-linux-gnu/gazebo-11/plugins /usr/bin/cmake --install /home/huy/ros2_ws/build/uav_controller
[12.070s] -- Install configuration: ""
[12.070s] -- Up-to-date: /home/huy/ros2_ws/install/uav_controller/lib/uav_controller/test_pid_node
[12.071s] -- Installing: /home/huy/ros2_ws/install/uav_controller/lib/uav_controller/controller_node
[12.079s] -- Set runtime path of "/home/huy/ros2_ws/install/uav_controller/lib/uav_controller/controller_node" to ""
[12.080s] -- Up-to-date: /home/huy/ros2_ws/install/uav_controller/lib/uav_controller/pos_controller_node
[12.080s] -- Up-to-date: /home/huy/ros2_ws/install/uav_controller/lib/uav_controller/smc_controller_node
[12.080s] -- Up-to-date: /home/huy/ros2_ws/install/uav_controller/share/ament_index/resource_index/package_run_dependencies/uav_controller
[12.080s] -- Up-to-date: /home/huy/ros2_ws/install/uav_controller/share/ament_index/resource_index/parent_prefix_path/uav_controller
[12.080s] -- Up-to-date: /home/huy/ros2_ws/install/uav_controller/share/uav_controller/environment/ament_prefix_path.sh
[12.080s] -- Up-to-date: /home/huy/ros2_ws/install/uav_controller/share/uav_controller/environment/ament_prefix_path.dsv
[12.080s] -- Up-to-date: /home/huy/ros2_ws/install/uav_controller/share/uav_controller/environment/path.sh
[12.080s] -- Up-to-date: /home/huy/ros2_ws/install/uav_controller/share/uav_controller/environment/path.dsv
[12.080s] -- Up-to-date: /home/huy/ros2_ws/install/uav_controller/share/uav_controller/local_setup.bash
[12.080s] -- Up-to-date: /home/huy/ros2_ws/install/uav_controller/share/uav_controller/local_setup.sh
[12.081s] -- Up-to-date: /home/huy/ros2_ws/install/uav_controller/share/uav_controller/local_setup.zsh
[12.081s] -- Up-to-date: /home/huy/ros2_ws/install/uav_controller/share/uav_controller/local_setup.dsv
[12.081s] -- Installing: /home/huy/ros2_ws/install/uav_controller/share/uav_controller/package.dsv
[12.081s] -- Up-to-date: /home/huy/ros2_ws/install/uav_controller/share/ament_index/resource_index/packages/uav_controller
[12.081s] -- Up-to-date: /home/huy/ros2_ws/install/uav_controller/share/uav_controller/cmake/uav_controllerConfig.cmake
[12.081s] -- Up-to-date: /home/huy/ros2_ws/install/uav_controller/share/uav_controller/cmake/uav_controllerConfig-version.cmake
[12.081s] -- Up-to-date: /home/huy/ros2_ws/install/uav_controller/share/uav_controller/package.xml
[12.083s] Invoked command in '/home/huy/ros2_ws/build/uav_controller' returned '0': CMAKE_PREFIX_PATH=/opt/ros/humble:/home/huy/ros2_ws/install/uav_msgs:/home/huy/ros2_ws/install/uav_sim:/home/huy/ros2_ws/install/uav_motor_plugin:/home/huy/ros2_ws/install/uav_dynamics:/home/huy/ros2_ws/install/uav_controller LD_LIBRARY_PATH=/home/huy/ros2_ws/install/uav_msgs/lib:/home/huy/ros2_ws/install/uav_motor_plugin/lib:/usr/lib/x86_64-linux-gnu/gazebo-11/plugins:/opt/ros/humble/opt/rviz_ogre_vendor/lib:/opt/ros/humble/lib/x86_64-linux-gnu:/opt/ros/humble/lib:/usr/lib/x86_64-linux-gnu/gazebo-11/plugins /usr/bin/cmake --install /home/huy/ros2_ws/build/uav_controller
