[0.008s] Invoking command in '/home/huy/ros2_ws/build/uav_motor_plugin': CMAKE_PREFIX_PATH=/home/huy/ros2_ws/install/uav_dynamics:/opt/ros/humble:/home/huy/ros2_ws/install/uav_msgs:/home/huy/ros2_ws/install/uav_motor_plugin /usr/bin/cmake --build /home/huy/ros2_ws/build/uav_motor_plugin -- -j16 -l16
[0.029s] -- Found ament_cmake: 1.3.11 (/opt/ros/humble/share/ament_cmake/cmake)
[0.128s] -- Found gazebo_dev: 3.9.0 (/opt/ros/humble/share/gazebo_dev/cmake)
[0.150s] -- Found DART: /usr/include (Required is at least version "6.6") found components: dart 
[0.175s] -- Found Protobuf: /usr/lib/x86_64-linux-gnu/libprotobuf.so (found version "3.12.4") 
[0.176s] -- Looking for ignition-math6 -- found version 6.15.1
[0.179s] -- Searching for dependencies of ignition-math6
[0.180s] -- Looking for OGRE...
[0.184s] -- Found Ogre Ghadamon (1.9.0)
[0.184s] -- Found OGRE: optimized;/usr/lib/x86_64-linux-gnu/libOgreMain.so;debug;/usr/lib/x86_64-linux-gnu/libOgreMain.so
[0.191s] -- Looking for OGRE_Paging...
[0.191s] -- Found OGRE_Paging: optimized;/usr/lib/x86_64-linux-gnu/libOgrePaging.so;debug;/usr/lib/x86_64-linux-gnu/libOgrePaging.so
[0.192s] -- Looking for OGRE_Terrain...
[0.192s] -- Found OGRE_Terrain: optimized;/usr/lib/x86_64-linux-gnu/libOgreTerrain.so;debug;/usr/lib/x86_64-linux-gnu/libOgreTerrain.so
[0.192s] -- Looking for OGRE_Property...
[0.192s] -- Found OGRE_Property: optimized;/usr/lib/x86_64-linux-gnu/libOgreProperty.so;debug;/usr/lib/x86_64-linux-gnu/libOgreProperty.so
[0.192s] -- Looking for OGRE_RTShaderSystem...
[0.192s] -- Found OGRE_RTShaderSystem: optimized;/usr/lib/x86_64-linux-gnu/libOgreRTShaderSystem.so;debug;/usr/lib/x86_64-linux-gnu/libOgreRTShaderSystem.so
[0.192s] -- Looking for OGRE_Volume...
[0.192s] -- Found OGRE_Volume: optimized;/usr/lib/x86_64-linux-gnu/libOgreVolume.so;debug;/usr/lib/x86_64-linux-gnu/libOgreVolume.so
[0.192s] -- Looking for OGRE_Overlay...
[0.192s] -- Found OGRE_Overlay: optimized;/usr/lib/x86_64-linux-gnu/libOgreOverlay.so;debug;/usr/lib/x86_64-linux-gnu/libOgreOverlay.so
[0.275s] -- Looking for ignition-math6 -- found version 6.15.1
[0.276s] -- Looking for ignition-transport8 -- found version 8.2.1
[0.276s] -- Searching for dependencies of ignition-transport8
[0.292s] -- Found Protobuf: /usr/lib/x86_64-linux-gnu/libprotobuf.so (found suitable version "3.12.4", minimum required is "3") 
[0.302s] -- Config-file not installed for ZeroMQ -- checking for pkg-config
[0.306s] -- Checking for module 'libzmq >= 4'
[0.318s] --   Found libzmq , version 4.3.4
[0.357s] -- Checking for module 'uuid'
[0.369s] --   Found uuid, version 2.37.2
[0.403s] -- Looking for ignition-msgs5 -- found version 5.8.1
[0.403s] -- Searching for dependencies of ignition-msgs5
[0.422s] -- Looking for ignition-math6 -- found version 6.15.1
[0.427s] -- Checking for module 'tinyxml2'
[0.440s] --   Found tinyxml2, version 9.0.0
[0.470s] -- Looking for ignition-msgs5 -- found version 5.8.1
[0.470s] -- Looking for ignition-common3 -- found version 3.14.0
[0.470s] -- Searching for dependencies of ignition-common3
[0.471s] -- Looking for dlfcn.h - found
[0.471s] -- Looking for libdl - found
[0.481s] -- Searching for <ignition-common3> component [graphics]
[0.481s] -- Looking for ignition-common3-graphics -- found version 3.14.0
[0.481s] -- Searching for dependencies of ignition-common3-graphics
[0.481s] -- Looking for ignition-math6 -- found version 6.15.1
[0.482s] -- Looking for ignition-fuel_tools4 -- found version 4.4.0
[0.482s] -- Searching for dependencies of ignition-fuel_tools4
[0.519s] -- Checking for module 'jsoncpp'
[0.532s] --   Found jsoncpp, version 1.9.5
[0.567s] -- Checking for module 'libzip'
[0.579s] --   Found libzip, version 1.7.3
[0.608s] -- Looking for ignition-common3 -- found version 3.14.0
[0.608s] -- Looking for ignition-math6 -- found version 6.15.1
[0.608s] -- Looking for ignition-msgs5 -- found version 5.8.1
[0.609s] -- Gazebo version: 11.10
[0.610s] -- Found gazebo_ros: 3.9.0 (/opt/ros/humble/share/gazebo_ros/cmake)
[0.627s] -- Found rosidl_generator_c: 3.1.6 (/opt/ros/humble/share/rosidl_generator_c/cmake)
[0.629s] -- Found rosidl_adapter: 3.1.6 (/opt/ros/humble/share/rosidl_adapter/cmake)
[0.634s] -- Found rosidl_generator_cpp: 3.1.6 (/opt/ros/humble/share/rosidl_generator_cpp/cmake)
[0.640s] -- Using all available rosidl_typesupport_c: rosidl_typesupport_fastrtps_c;rosidl_typesupport_introspection_c
[0.649s] -- Using all available rosidl_typesupport_cpp: rosidl_typesupport_fastrtps_cpp;rosidl_typesupport_introspection_cpp
[0.672s] -- Found rmw_implementation_cmake: 6.1.2 (/opt/ros/humble/share/rmw_implementation_cmake/cmake)
[0.673s] -- Found rmw_fastrtps_cpp: 6.2.7 (/opt/ros/humble/share/rmw_fastrtps_cpp/cmake)
[0.763s] -- Using RMW implementation 'rmw_fastrtps_cpp' as default
[0.799s] [31mCMake Error at /opt/ros/humble/share/ament_cmake_target_dependencies/cmake/ament_target_dependencies.cmake:77 (message):
[0.799s]   ament_target_dependencies() the passed package name 'ignition' was not
[0.800s]   found before
[0.800s] Call Stack (most recent call first):
[0.800s]   CMakeLists.txt:19 (ament_target_dependencies)
[0.800s] 
[0.800s] [0m
[0.800s] -- Configuring incomplete, errors occurred!
[0.800s] See also "/home/huy/ros2_ws/build/uav_motor_plugin/CMakeFiles/CMakeOutput.log".
[0.810s] gmake: *** [Makefile:267: cmake_check_build_system] Error 1
[0.812s] Invoked command in '/home/huy/ros2_ws/build/uav_motor_plugin' returned '2': CMAKE_PREFIX_PATH=/home/huy/ros2_ws/install/uav_dynamics:/opt/ros/humble:/home/huy/ros2_ws/install/uav_msgs:/home/huy/ros2_ws/install/uav_motor_plugin /usr/bin/cmake --build /home/huy/ros2_ws/build/uav_motor_plugin -- -j16 -l16
