running egg_info
creating build/ps4_controller/ps4_controller.egg-info
writing build/ps4_controller/ps4_controller.egg-info/PKG-INFO
writing dependency_links to build/ps4_controller/ps4_controller.egg-info/dependency_links.txt
writing entry points to build/ps4_controller/ps4_controller.egg-info/entry_points.txt
writing requirements to build/ps4_controller/ps4_controller.egg-info/requires.txt
writing top-level names to build/ps4_controller/ps4_controller.egg-info/top_level.txt
writing manifest file 'build/ps4_controller/ps4_controller.egg-info/SOURCES.txt'
reading manifest file 'build/ps4_controller/ps4_controller.egg-info/SOURCES.txt'
writing manifest file 'build/ps4_controller/ps4_controller.egg-info/SOURCES.txt'
running build
running build_py
creating /home/huy/ros2_ws/src/ps4_controller/build/ps4_controller/build
creating /home/huy/ros2_ws/src/ps4_controller/build/ps4_controller/build/lib
creating /home/huy/ros2_ws/src/ps4_controller/build/ps4_controller/build/lib/ps4_controller
copying ps4_controller/ps4_controller.py -> /home/huy/ros2_ws/src/ps4_controller/build/ps4_controller/build/lib/ps4_controller
copying ps4_controller/__init__.py -> /home/huy/ros2_ws/src/ps4_controller/build/ps4_controller/build/lib/ps4_controller
copying ps4_controller/servo_controller.py -> /home/huy/ros2_ws/src/ps4_controller/build/ps4_controller/build/lib/ps4_controller
running install
running install_lib
creating /home/huy/ros2_ws/src/ps4_controller/install/ps4_controller/lib/python3.10/site-packages/ps4_controller
copying /home/huy/ros2_ws/src/ps4_controller/build/ps4_controller/build/lib/ps4_controller/ps4_controller.py -> /home/huy/ros2_ws/src/ps4_controller/install/ps4_controller/lib/python3.10/site-packages/ps4_controller
copying /home/huy/ros2_ws/src/ps4_controller/build/ps4_controller/build/lib/ps4_controller/__init__.py -> /home/huy/ros2_ws/src/ps4_controller/install/ps4_controller/lib/python3.10/site-packages/ps4_controller
copying /home/huy/ros2_ws/src/ps4_controller/build/ps4_controller/build/lib/ps4_controller/servo_controller.py -> /home/huy/ros2_ws/src/ps4_controller/install/ps4_controller/lib/python3.10/site-packages/ps4_controller
byte-compiling /home/huy/ros2_ws/src/ps4_controller/install/ps4_controller/lib/python3.10/site-packages/ps4_controller/ps4_controller.py to ps4_controller.cpython-310.pyc
byte-compiling /home/huy/ros2_ws/src/ps4_controller/install/ps4_controller/lib/python3.10/site-packages/ps4_controller/__init__.py to __init__.cpython-310.pyc
byte-compiling /home/huy/ros2_ws/src/ps4_controller/install/ps4_controller/lib/python3.10/site-packages/ps4_controller/servo_controller.py to servo_controller.cpython-310.pyc
running install_data
creating /home/huy/ros2_ws/src/ps4_controller/install/ps4_controller/share/ament_index
creating /home/huy/ros2_ws/src/ps4_controller/install/ps4_controller/share/ament_index/resource_index
creating /home/huy/ros2_ws/src/ps4_controller/install/ps4_controller/share/ament_index/resource_index/packages
copying resource/ps4_controller -> /home/huy/ros2_ws/src/ps4_controller/install/ps4_controller/share/ament_index/resource_index/packages
copying package.xml -> /home/huy/ros2_ws/src/ps4_controller/install/ps4_controller/share/ps4_controller
creating /home/huy/ros2_ws/src/ps4_controller/install/ps4_controller/share/ps4_controller/launch
copying launch/ps4_servo_launch.py -> /home/huy/ros2_ws/src/ps4_controller/install/ps4_controller/share/ps4_controller/launch
running install_egg_info
Copying build/ps4_controller/ps4_controller.egg-info to /home/huy/ros2_ws/src/ps4_controller/install/ps4_controller/lib/python3.10/site-packages/ps4_controller-0.0.0-py3.10.egg-info
running install_scripts
Installing ps4_controller_node script to /home/huy/ros2_ws/src/ps4_controller/install/ps4_controller/lib/ps4_controller
Installing servo_controller_node script to /home/huy/ros2_ws/src/ps4_controller/install/ps4_controller/lib/ps4_controller
writing list of installed files to '/home/huy/ros2_ws/src/ps4_controller/build/ps4_controller/install.log'
