[0.675s] Invoking command in '/home/huy/ros2_ws/src/ps4_controller': PYTHONPATH=/home/huy/ros2_ws/src/ps4_controller/build/ps4_controller/prefix_override:/usr/lib/python3/dist-packages/colcon_core/task/python/colcon_distutils_commands:/home/huy/ros2_ws/src/ps4_controller/install/ps4_controller/lib/python3.10/site-packages:${PYTHONPATH} /usr/bin/python3 -W ignore:setup.py install is deprecated -W ignore:easy_install command is deprecated setup.py egg_info --egg-base build/ps4_controller build --build-base /home/huy/ros2_ws/src/ps4_controller/build/ps4_controller/build install --record /home/huy/ros2_ws/src/ps4_controller/build/ps4_controller/install.log --single-version-externally-managed install_data
[0.931s] running egg_info
[0.931s] creating build/ps4_controller/ps4_controller.egg-info
[0.931s] writing build/ps4_controller/ps4_controller.egg-info/PKG-INFO
[0.932s] writing dependency_links to build/ps4_controller/ps4_controller.egg-info/dependency_links.txt
[0.932s] writing entry points to build/ps4_controller/ps4_controller.egg-info/entry_points.txt
[0.932s] writing requirements to build/ps4_controller/ps4_controller.egg-info/requires.txt
[0.932s] writing top-level names to build/ps4_controller/ps4_controller.egg-info/top_level.txt
[0.932s] writing manifest file 'build/ps4_controller/ps4_controller.egg-info/SOURCES.txt'
[0.934s] reading manifest file 'build/ps4_controller/ps4_controller.egg-info/SOURCES.txt'
[0.935s] writing manifest file 'build/ps4_controller/ps4_controller.egg-info/SOURCES.txt'
[0.935s] running build
[0.935s] running build_py
[0.936s] creating /home/huy/ros2_ws/src/ps4_controller/build/ps4_controller/build
[0.936s] creating /home/huy/ros2_ws/src/ps4_controller/build/ps4_controller/build/lib
[0.936s] creating /home/huy/ros2_ws/src/ps4_controller/build/ps4_controller/build/lib/ps4_controller
[0.936s] copying ps4_controller/ps4_controller.py -> /home/huy/ros2_ws/src/ps4_controller/build/ps4_controller/build/lib/ps4_controller
[0.936s] copying ps4_controller/__init__.py -> /home/huy/ros2_ws/src/ps4_controller/build/ps4_controller/build/lib/ps4_controller
[0.936s] copying ps4_controller/servo_controller.py -> /home/huy/ros2_ws/src/ps4_controller/build/ps4_controller/build/lib/ps4_controller
[0.936s] running install
[0.937s] running install_lib
[0.937s] creating /home/huy/ros2_ws/src/ps4_controller/install/ps4_controller/lib/python3.10/site-packages/ps4_controller
[0.937s] copying /home/huy/ros2_ws/src/ps4_controller/build/ps4_controller/build/lib/ps4_controller/ps4_controller.py -> /home/huy/ros2_ws/src/ps4_controller/install/ps4_controller/lib/python3.10/site-packages/ps4_controller
[0.938s] copying /home/huy/ros2_ws/src/ps4_controller/build/ps4_controller/build/lib/ps4_controller/__init__.py -> /home/huy/ros2_ws/src/ps4_controller/install/ps4_controller/lib/python3.10/site-packages/ps4_controller
[0.938s] copying /home/huy/ros2_ws/src/ps4_controller/build/ps4_controller/build/lib/ps4_controller/servo_controller.py -> /home/huy/ros2_ws/src/ps4_controller/install/ps4_controller/lib/python3.10/site-packages/ps4_controller
[0.939s] byte-compiling /home/huy/ros2_ws/src/ps4_controller/install/ps4_controller/lib/python3.10/site-packages/ps4_controller/ps4_controller.py to ps4_controller.cpython-310.pyc
[0.939s] byte-compiling /home/huy/ros2_ws/src/ps4_controller/install/ps4_controller/lib/python3.10/site-packages/ps4_controller/__init__.py to __init__.cpython-310.pyc
[0.940s] byte-compiling /home/huy/ros2_ws/src/ps4_controller/install/ps4_controller/lib/python3.10/site-packages/ps4_controller/servo_controller.py to servo_controller.cpython-310.pyc
[0.940s] running install_data
[0.940s] creating /home/huy/ros2_ws/src/ps4_controller/install/ps4_controller/share/ament_index
[0.940s] creating /home/huy/ros2_ws/src/ps4_controller/install/ps4_controller/share/ament_index/resource_index
[0.940s] creating /home/huy/ros2_ws/src/ps4_controller/install/ps4_controller/share/ament_index/resource_index/packages
[0.941s] copying resource/ps4_controller -> /home/huy/ros2_ws/src/ps4_controller/install/ps4_controller/share/ament_index/resource_index/packages
[0.941s] copying package.xml -> /home/huy/ros2_ws/src/ps4_controller/install/ps4_controller/share/ps4_controller
[0.941s] creating /home/huy/ros2_ws/src/ps4_controller/install/ps4_controller/share/ps4_controller/launch
[0.941s] copying launch/ps4_servo_launch.py -> /home/huy/ros2_ws/src/ps4_controller/install/ps4_controller/share/ps4_controller/launch
[0.941s] running install_egg_info
[0.943s] Copying build/ps4_controller/ps4_controller.egg-info to /home/huy/ros2_ws/src/ps4_controller/install/ps4_controller/lib/python3.10/site-packages/ps4_controller-0.0.0-py3.10.egg-info
[0.944s] running install_scripts
[0.968s] Installing ps4_controller_node script to /home/huy/ros2_ws/src/ps4_controller/install/ps4_controller/lib/ps4_controller
[0.968s] Installing servo_controller_node script to /home/huy/ros2_ws/src/ps4_controller/install/ps4_controller/lib/ps4_controller
[0.968s] writing list of installed files to '/home/huy/ros2_ws/src/ps4_controller/build/ps4_controller/install.log'
[1.003s] Invoked command in '/home/huy/ros2_ws/src/ps4_controller' returned '0': PYTHONPATH=/home/huy/ros2_ws/src/ps4_controller/build/ps4_controller/prefix_override:/usr/lib/python3/dist-packages/colcon_core/task/python/colcon_distutils_commands:/home/huy/ros2_ws/src/ps4_controller/install/ps4_controller/lib/python3.10/site-packages:${PYTHONPATH} /usr/bin/python3 -W ignore:setup.py install is deprecated -W ignore:easy_install command is deprecated setup.py egg_info --egg-base build/ps4_controller build --build-base /home/huy/ros2_ws/src/ps4_controller/build/ps4_controller/build install --record /home/huy/ros2_ws/src/ps4_controller/build/ps4_controller/install.log --single-version-externally-managed install_data
