-- Found ament_cmake: 1.3.11 (/opt/ros/humble/share/ament_cmake/cmake)
-- Found rclcpp: 16.0.12 (/opt/ros/humble/share/rclcpp/cmake)
-- Found rosidl_generator_c: 3.1.6 (/opt/ros/humble/share/rosidl_generator_c/cmake)
-- Found rosidl_adapter: 3.1.6 (/opt/ros/humble/share/rosidl_adapter/cmake)
-- Found rosidl_generator_cpp: 3.1.6 (/opt/ros/humble/share/rosidl_generator_cpp/cmake)
-- Using all available rosidl_typesupport_c: rosidl_typesupport_fastrtps_c;rosidl_typesupport_introspection_c
-- Using all available rosidl_typesupport_cpp: rosidl_typesupport_fastrtps_cpp;rosidl_typesupport_introspection_cpp
-- Found rmw_implementation_cmake: 6.1.2 (/opt/ros/humble/share/rmw_implementation_cmake/cmake)
-- Found rmw_fastrtps_cpp: 6.2.7 (/opt/ros/humble/share/rmw_fastrtps_cpp/cmake)
-- Using RMW implementation 'rmw_fastrtps_cpp' as default
-- Found sensor_msgs: 4.9.0 (/opt/ros/humble/share/sensor_msgs/cmake)
-- Found xacro: 2.0.13 (/opt/ros/humble/share/xacro/cmake)
-- Found robot_state_publisher: 3.0.3 (/opt/ros/humble/share/robot_state_publisher/cmake)
-- Found eigen3_cmake_module: 0.1.1 (/opt/ros/humble/share/eigen3_cmake_module/cmake)
-- Ensuring Eigen3 include directory is part of orocos-kdl CMake target
-- Found ament_lint_auto: 0.12.12 (/opt/ros/humble/share/ament_lint_auto/cmake)
-- Added test 'cppcheck' to perform static code analysis on C / C++ code
-- Configured cppcheck include dirs: 
-- Configured cppcheck exclude dirs and/or files: 
-- Added test 'lint_cmake' to check CMake code style
-- Added test 'uncrustify' to check C / C++ code style
-- Configured uncrustify additional arguments: 
-- Added test 'xmllint' to check XML markup files
-- Configuring done
-- Generating done
-- Build files have been written to: /home/huy/ros2_ws/build/my_drone_pkg
-- Install configuration: ""
-- Installing: /home/huy/ros2_ws/install/my_drone_pkg/share/ament_index/resource_index/package_run_dependencies/my_drone_pkg
-- Up-to-date: /home/huy/ros2_ws/install/my_drone_pkg/share/ament_index/resource_index/parent_prefix_path/my_drone_pkg
-- Up-to-date: /home/huy/ros2_ws/install/my_drone_pkg/share/my_drone_pkg/environment/ament_prefix_path.sh
-- Installing: /home/huy/ros2_ws/install/my_drone_pkg/share/my_drone_pkg/environment/ament_prefix_path.dsv
-- Up-to-date: /home/huy/ros2_ws/install/my_drone_pkg/share/my_drone_pkg/environment/path.sh
-- Installing: /home/huy/ros2_ws/install/my_drone_pkg/share/my_drone_pkg/environment/path.dsv
-- Up-to-date: /home/huy/ros2_ws/install/my_drone_pkg/share/my_drone_pkg/local_setup.bash
-- Up-to-date: /home/huy/ros2_ws/install/my_drone_pkg/share/my_drone_pkg/local_setup.sh
-- Up-to-date: /home/huy/ros2_ws/install/my_drone_pkg/share/my_drone_pkg/local_setup.zsh
-- Installing: /home/huy/ros2_ws/install/my_drone_pkg/share/my_drone_pkg/local_setup.dsv
-- Installing: /home/huy/ros2_ws/install/my_drone_pkg/share/my_drone_pkg/package.dsv
-- Up-to-date: /home/huy/ros2_ws/install/my_drone_pkg/share/ament_index/resource_index/packages/my_drone_pkg
-- Up-to-date: /home/huy/ros2_ws/install/my_drone_pkg/share/my_drone_pkg/cmake/my_drone_pkgConfig.cmake
-- Up-to-date: /home/huy/ros2_ws/install/my_drone_pkg/share/my_drone_pkg/cmake/my_drone_pkgConfig-version.cmake
-- Installing: /home/huy/ros2_ws/install/my_drone_pkg/share/my_drone_pkg/package.xml
