[0.012s] Invoking command in '/home/huy/ros2_ws/build/my_drone_pkg': CMAKE_PREFIX_PATH=/home/huy/install/my_robot_pkg:/home/huy/ros2_ws/install/my_robot_pkg:/opt/ros/humble /usr/bin/cmake --build /home/huy/ros2_ws/build/my_drone_pkg -- -j16 -l16
[0.035s] -- Found ament_cmake: 1.3.11 (/opt/ros/humble/share/ament_cmake/cmake)
[0.137s] -- Found rclcpp: 16.0.12 (/opt/ros/humble/share/rclcpp/cmake)
[0.161s] -- Found rosidl_generator_c: 3.1.6 (/opt/ros/humble/share/rosidl_generator_c/cmake)
[0.163s] -- Found rosidl_adapter: 3.1.6 (/opt/ros/humble/share/rosidl_adapter/cmake)
[0.168s] -- Found rosidl_generator_cpp: 3.1.6 (/opt/ros/humble/share/rosidl_generator_cpp/cmake)
[0.175s] -- Using all available rosidl_typesupport_c: rosidl_typesupport_fastrtps_c;rosidl_typesupport_introspection_c
[0.185s] -- Using all available rosidl_typesupport_cpp: rosidl_typesupport_fastrtps_cpp;rosidl_typesupport_introspection_cpp
[0.209s] -- Found rmw_implementation_cmake: 6.1.2 (/opt/ros/humble/share/rmw_implementation_cmake/cmake)
[0.210s] -- Found rmw_fastrtps_cpp: 6.2.7 (/opt/ros/humble/share/rmw_fastrtps_cpp/cmake)
[0.305s] -- Using RMW implementation 'rmw_fastrtps_cpp' as default
[0.343s] -- Found sensor_msgs: 4.9.0 (/opt/ros/humble/share/sensor_msgs/cmake)
[0.365s] -- Found xacro: 2.0.13 (/opt/ros/humble/share/xacro/cmake)
[0.365s] -- Found robot_state_publisher: 3.0.3 (/opt/ros/humble/share/robot_state_publisher/cmake)
[0.368s] -- Found eigen3_cmake_module: 0.1.1 (/opt/ros/humble/share/eigen3_cmake_module/cmake)
[0.369s] -- Ensuring Eigen3 include directory is part of orocos-kdl CMake target
[0.452s] -- Found ament_lint_auto: 0.12.12 (/opt/ros/humble/share/ament_lint_auto/cmake)
[0.510s] -- Added test 'cppcheck' to perform static code analysis on C / C++ code
[0.510s] -- Configured cppcheck include dirs: 
[0.510s] -- Configured cppcheck exclude dirs and/or files: 
[0.510s] -- Added test 'lint_cmake' to check CMake code style
[0.511s] -- Added test 'uncrustify' to check C / C++ code style
[0.511s] -- Configured uncrustify additional arguments: 
[0.511s] -- Added test 'xmllint' to check XML markup files
[0.512s] -- Configuring done
[0.517s] -- Generating done
[0.519s] -- Build files have been written to: /home/huy/ros2_ws/build/my_drone_pkg
[0.548s] Invoked command in '/home/huy/ros2_ws/build/my_drone_pkg' returned '0': CMAKE_PREFIX_PATH=/home/huy/install/my_robot_pkg:/home/huy/ros2_ws/install/my_robot_pkg:/opt/ros/humble /usr/bin/cmake --build /home/huy/ros2_ws/build/my_drone_pkg -- -j16 -l16
[0.558s] Invoking command in '/home/huy/ros2_ws/build/my_drone_pkg': CMAKE_PREFIX_PATH=/home/huy/install/my_robot_pkg:/home/huy/ros2_ws/install/my_robot_pkg:/opt/ros/humble /usr/bin/cmake --install /home/huy/ros2_ws/build/my_drone_pkg
[0.564s] -- Install configuration: ""
[0.564s] -- Installing: /home/huy/ros2_ws/install/my_drone_pkg/share/ament_index/resource_index/package_run_dependencies/my_drone_pkg
[0.564s] -- Up-to-date: /home/huy/ros2_ws/install/my_drone_pkg/share/ament_index/resource_index/parent_prefix_path/my_drone_pkg
[0.565s] -- Up-to-date: /home/huy/ros2_ws/install/my_drone_pkg/share/my_drone_pkg/environment/ament_prefix_path.sh
[0.565s] -- Installing: /home/huy/ros2_ws/install/my_drone_pkg/share/my_drone_pkg/environment/ament_prefix_path.dsv
[0.565s] -- Up-to-date: /home/huy/ros2_ws/install/my_drone_pkg/share/my_drone_pkg/environment/path.sh
[0.565s] -- Installing: /home/huy/ros2_ws/install/my_drone_pkg/share/my_drone_pkg/environment/path.dsv
[0.565s] -- Up-to-date: /home/huy/ros2_ws/install/my_drone_pkg/share/my_drone_pkg/local_setup.bash
[0.565s] -- Up-to-date: /home/huy/ros2_ws/install/my_drone_pkg/share/my_drone_pkg/local_setup.sh
[0.565s] -- Up-to-date: /home/huy/ros2_ws/install/my_drone_pkg/share/my_drone_pkg/local_setup.zsh
[0.565s] -- Installing: /home/huy/ros2_ws/install/my_drone_pkg/share/my_drone_pkg/local_setup.dsv
[0.565s] -- Installing: /home/huy/ros2_ws/install/my_drone_pkg/share/my_drone_pkg/package.dsv
[0.565s] -- Up-to-date: /home/huy/ros2_ws/install/my_drone_pkg/share/ament_index/resource_index/packages/my_drone_pkg
[0.565s] -- Up-to-date: /home/huy/ros2_ws/install/my_drone_pkg/share/my_drone_pkg/cmake/my_drone_pkgConfig.cmake
[0.565s] -- Up-to-date: /home/huy/ros2_ws/install/my_drone_pkg/share/my_drone_pkg/cmake/my_drone_pkgConfig-version.cmake
[0.565s] -- Installing: /home/huy/ros2_ws/install/my_drone_pkg/share/my_drone_pkg/package.xml
[0.568s] Invoked command in '/home/huy/ros2_ws/build/my_drone_pkg' returned '0': CMAKE_PREFIX_PATH=/home/huy/install/my_robot_pkg:/home/huy/ros2_ws/install/my_robot_pkg:/opt/ros/humble /usr/bin/cmake --install /home/huy/ros2_ws/build/my_drone_pkg
