[0.017s] Invoking command in '/home/huy/ros2_ws/build/uav_msgs': /usr/bin/cmake --build /home/huy/ros2_ws/build/uav_msgs -- -j16 -l16
[0.065s] -- Found ament_cmake: 1.3.11 (/opt/ros/humble/share/ament_cmake/cmake)
[0.185s] -- Found rosidl_default_generators: 1.2.0 (/opt/ros/humble/share/rosidl_default_generators/cmake)
[0.187s] -- Using all available rosidl_typesupport_c: rosidl_typesupport_fastrtps_c;rosidl_typesupport_introspection_c
[0.191s] -- Found rosidl_adapter: 3.1.6 (/opt/ros/humble/share/rosidl_adapter/cmake)
[0.225s] -- Using all available rosidl_typesupport_cpp: rosidl_typesupport_fastrtps_cpp;rosidl_typesupport_introspection_cpp
[0.476s] -- Found ament_cmake_ros: 0.10.0 (/opt/ros/humble/share/ament_cmake_ros/cmake)
[0.630s] -- Using all available rosidl_typesupport_c: rosidl_typesupport_fastrtps_c;rosidl_typesupport_introspection_c
[0.836s] -- Using all available rosidl_typesupport_cpp: rosidl_typesupport_fastrtps_cpp;rosidl_typesupport_introspection_cpp
[0.856s] -- Found python_cmake_module: 0.10.0 (/opt/ros/humble/share/python_cmake_module/cmake)
[0.875s] -- Using PYTHON_EXECUTABLE: /usr/bin/python3
[0.875s] -- Using PYTHON_INCLUDE_DIRS: /usr/include/python3.10
[0.875s] -- Using PYTHON_LIBRARIES: /usr/lib/x86_64-linux-gnu/libpython3.10.so
[0.893s] -- Configuring done
[0.931s] -- Generating done
[0.940s] -- Build files have been written to: /home/huy/ros2_ws/build/uav_msgs
[0.967s] [  2%] [34m[1mGenerating C code for ROS interfaces[0m
[0.977s] [  5%] [34m[1mGenerating C++ code for ROS interfaces[0m
[0.992s] [  5%] Built target ament_cmake_python_copy_uav_msgs
[1.198s] running egg_info
[1.199s] writing uav_msgs.egg-info/PKG-INFO
[1.199s] writing dependency_links to uav_msgs.egg-info/dependency_links.txt
[1.200s] writing top-level names to uav_msgs.egg-info/top_level.txt
[1.205s] reading manifest file 'uav_msgs.egg-info/SOURCES.txt'
[1.205s] [35m[1mConsolidate compiler generated dependencies of target uav_msgs__rosidl_generator_c[0m
[1.205s] writing manifest file 'uav_msgs.egg-info/SOURCES.txt'
[1.215s] [  5%] Built target uav_msgs__cpp
[1.218s] [ 10%] [32mBuilding C object CMakeFiles/uav_msgs__rosidl_generator_c.dir/rosidl_generator_c/uav_msgs/msg/detail/uav_state__functions.c.o[0m
[1.218s] [ 10%] [32mBuilding C object CMakeFiles/uav_msgs__rosidl_generator_c.dir/rosidl_generator_c/uav_msgs/msg/detail/uav_cmd__functions.c.o[0m
[1.227s] [ 17%] [34m[1mGenerating C++ introspection for ROS interfaces[0m
[1.227s] [ 17%] [34m[1mGenerating C++ type support for eProsima Fast-RTPS[0m
[1.227s] [ 17%] [34m[1mGenerating C++ type support dispatch for ROS interfaces[0m
[1.245s] [ 17%] Built target ament_cmake_python_build_uav_msgs_egg
[1.294s] [ 20%] [32m[1mLinking C shared library libuav_msgs__rosidl_generator_c.so[0m
[1.343s] [ 20%] Built target uav_msgs__rosidl_generator_c
[1.354s] [ 25%] [34m[1mGenerating C type support dispatch for ROS interfaces[0m
[1.354s] [ 25%] [34m[1mGenerating C introspection for ROS interfaces[0m
[1.356s] [ 28%] [34m[1mGenerating C type support for eProsima Fast-RTPS[0m
[1.441s] [35m[1mConsolidate compiler generated dependencies of target uav_msgs__rosidl_typesupport_cpp[0m
[1.457s] [ 33%] [32mBuilding CXX object CMakeFiles/uav_msgs__rosidl_typesupport_cpp.dir/rosidl_typesupport_cpp/uav_msgs/msg/uav_cmd__type_support.cpp.o[0m
[1.457s] [ 33%] [32mBuilding CXX object CMakeFiles/uav_msgs__rosidl_typesupport_cpp.dir/rosidl_typesupport_cpp/uav_msgs/msg/uav_state__type_support.cpp.o[0m
[1.478s] [35m[1mConsolidate compiler generated dependencies of target uav_msgs__rosidl_typesupport_introspection_cpp[0m
[1.499s] [ 38%] [32mBuilding CXX object CMakeFiles/uav_msgs__rosidl_typesupport_introspection_cpp.dir/rosidl_typesupport_introspection_cpp/uav_msgs/msg/detail/uav_state__type_support.cpp.o[0m
[1.499s] [ 38%] [32mBuilding CXX object CMakeFiles/uav_msgs__rosidl_typesupport_introspection_cpp.dir/rosidl_typesupport_introspection_cpp/uav_msgs/msg/detail/uav_cmd__type_support.cpp.o[0m
[1.521s] [35m[1mConsolidate compiler generated dependencies of target uav_msgs__rosidl_typesupport_fastrtps_cpp[0m
[1.538s] [ 41%] [32mBuilding CXX object CMakeFiles/uav_msgs__rosidl_typesupport_fastrtps_cpp.dir/rosidl_typesupport_fastrtps_cpp/uav_msgs/msg/detail/dds_fastrtps/uav_state__type_support.cpp.o[0m
[1.539s] [ 43%] [32mBuilding CXX object CMakeFiles/uav_msgs__rosidl_typesupport_fastrtps_cpp.dir/rosidl_typesupport_fastrtps_cpp/uav_msgs/msg/detail/dds_fastrtps/uav_cmd__type_support.cpp.o[0m
[1.601s] [35m[1mConsolidate compiler generated dependencies of target uav_msgs__rosidl_typesupport_c[0m
[1.615s] [ 46%] [32mBuilding CXX object CMakeFiles/uav_msgs__rosidl_typesupport_c.dir/rosidl_typesupport_c/uav_msgs/msg/uav_state__type_support.cpp.o[0m
[1.617s] [ 48%] [32mBuilding CXX object CMakeFiles/uav_msgs__rosidl_typesupport_c.dir/rosidl_typesupport_c/uav_msgs/msg/uav_cmd__type_support.cpp.o[0m
[1.648s] [35m[1mConsolidate compiler generated dependencies of target uav_msgs__rosidl_typesupport_introspection_c[0m
[1.667s] [ 56%] [32m[1mLinking CXX shared library libuav_msgs__rosidl_typesupport_c.so[0m
[1.668s] [ 56%] [32mBuilding C object CMakeFiles/uav_msgs__rosidl_typesupport_introspection_c.dir/rosidl_typesupport_introspection_c/uav_msgs/msg/detail/uav_cmd__type_support.c.o[0m
[1.668s] [ 56%] [32mBuilding C object CMakeFiles/uav_msgs__rosidl_typesupport_introspection_c.dir/rosidl_typesupport_introspection_c/uav_msgs/msg/detail/uav_state__type_support.c.o[0m
[1.705s] [35m[1mConsolidate compiler generated dependencies of target uav_msgs__rosidl_typesupport_fastrtps_c[0m
[1.717s] [ 58%] [32m[1mLinking C shared library libuav_msgs__rosidl_typesupport_introspection_c.so[0m
[1.725s] [ 61%] [32mBuilding CXX object CMakeFiles/uav_msgs__rosidl_typesupport_fastrtps_c.dir/rosidl_typesupport_fastrtps_c/uav_msgs/msg/detail/uav_cmd__type_support_c.cpp.o[0m
[1.727s] [ 64%] [32mBuilding CXX object CMakeFiles/uav_msgs__rosidl_typesupport_fastrtps_c.dir/rosidl_typesupport_fastrtps_c/uav_msgs/msg/detail/uav_state__type_support_c.cpp.o[0m
[1.732s] [ 64%] Built target uav_msgs__rosidl_typesupport_c
[1.764s] [ 64%] Built target uav_msgs__rosidl_typesupport_introspection_c
[1.810s] [ 66%] [32m[1mLinking CXX shared library libuav_msgs__rosidl_typesupport_cpp.so[0m
[1.878s] [ 66%] Built target uav_msgs__rosidl_typesupport_cpp
[1.929s] [ 69%] [32m[1mLinking CXX shared library libuav_msgs__rosidl_typesupport_introspection_cpp.so[0m
[1.977s] [ 71%] [32m[1mLinking CXX shared library libuav_msgs__rosidl_typesupport_fastrtps_cpp.so[0m
[1.977s] [ 71%] Built target uav_msgs__rosidl_typesupport_introspection_cpp
[2.038s] [ 74%] [32m[1mLinking CXX shared library libuav_msgs__rosidl_typesupport_fastrtps_c.so[0m
[2.055s] [ 74%] Built target uav_msgs__rosidl_typesupport_fastrtps_cpp
[2.113s] [ 74%] Built target uav_msgs__rosidl_typesupport_fastrtps_c
[2.134s] [ 74%] Built target uav_msgs
[2.155s] [ 76%] [34m[1mGenerating Python code for ROS interfaces[0m
[2.446s] [ 76%] Built target uav_msgs__py
[2.459s] [35m[1mConsolidate compiler generated dependencies of target uav_msgs__rosidl_generator_py[0m
[2.472s] [ 82%] [32mBuilding C object CMakeFiles/uav_msgs__rosidl_generator_py.dir/rosidl_generator_py/uav_msgs/msg/_uav_cmd_s.c.o[0m
[2.473s] [ 82%] [32mBuilding C object CMakeFiles/uav_msgs__rosidl_generator_py.dir/rosidl_generator_py/uav_msgs/msg/_uav_state_s.c.o[0m
[2.570s] [ 84%] [32m[1mLinking C shared library rosidl_generator_py/uav_msgs/libuav_msgs__rosidl_generator_py.so[0m
[2.610s] [ 84%] Built target uav_msgs__rosidl_generator_py
[2.621s] [35m[1mConsolidate compiler generated dependencies of target uav_msgs__rosidl_typesupport_c__pyext[0m
[2.621s] [35m[1mConsolidate compiler generated dependencies of target uav_msgs__rosidl_typesupport_introspection_c__pyext[0m
[2.621s] [35m[1mConsolidate compiler generated dependencies of target uav_msgs__rosidl_typesupport_fastrtps_c__pyext[0m
[2.635s] [ 92%] [32mBuilding C object CMakeFiles/uav_msgs__rosidl_typesupport_c__pyext.dir/rosidl_generator_py/uav_msgs/_uav_msgs_s.ep.rosidl_typesupport_c.c.o[0m
[2.635s] [ 92%] [32mBuilding C object CMakeFiles/uav_msgs__rosidl_typesupport_fastrtps_c__pyext.dir/rosidl_generator_py/uav_msgs/_uav_msgs_s.ep.rosidl_typesupport_fastrtps_c.c.o[0m
[2.635s] [ 92%] [32mBuilding C object CMakeFiles/uav_msgs__rosidl_typesupport_introspection_c__pyext.dir/rosidl_generator_py/uav_msgs/_uav_msgs_s.ep.rosidl_typesupport_introspection_c.c.o[0m
[2.714s] [ 97%] [32m[1mLinking C shared library rosidl_generator_py/uav_msgs/uav_msgs_s__rosidl_typesupport_c.cpython-310-x86_64-linux-gnu.so[0m
[2.715s] [ 97%] [32m[1mLinking C shared library rosidl_generator_py/uav_msgs/uav_msgs_s__rosidl_typesupport_introspection_c.cpython-310-x86_64-linux-gnu.so[0m
[2.716s] [100%] [32m[1mLinking C shared library rosidl_generator_py/uav_msgs/uav_msgs_s__rosidl_typesupport_fastrtps_c.cpython-310-x86_64-linux-gnu.so[0m
[2.749s] [100%] Built target uav_msgs__rosidl_typesupport_fastrtps_c__pyext
[2.749s] [100%] Built target uav_msgs__rosidl_typesupport_introspection_c__pyext
[2.749s] [100%] Built target uav_msgs__rosidl_typesupport_c__pyext
