[0.010s] Invoking command in '/home/huy/ros2_ws/build/uav_sim': CMAKE_PREFIX_PATH=/home/huy/ros2_ws/install/uav_motor_plugin:/home/huy/ros2_ws/install/uav_controller:/opt/ros/humble:/home/huy/ros2_ws/install/uav_msgs:/home/huy/ros2_ws/install/uav_sim:/home/huy/ros2_ws/install/uav_dynamics LD_LIBRARY_PATH=/home/huy/ros2_ws/install/uav_motor_plugin/lib:/home/huy/ros2_ws/install/uav_msgs/lib:/usr/lib/x86_64-linux-gnu/gazebo-11/plugins:/opt/ros/humble/opt/rviz_ogre_vendor/lib:/opt/ros/humble/lib/x86_64-linux-gnu:/opt/ros/humble/lib:/usr/lib/x86_64-linux-gnu/gazebo-11/plugins /usr/bin/cmake --build /home/huy/ros2_ws/build/uav_sim -- -j16 -l16
[0.033s] -- Found ament_cmake: 1.3.12 (/opt/ros/humble/share/ament_cmake/cmake)
[0.128s] -- Found rclcpp: 16.0.17 (/opt/ros/humble/share/rclcpp/cmake)
[0.150s] -- Found rosidl_generator_c: 3.1.8 (/opt/ros/humble/share/rosidl_generator_c/cmake)
[0.151s] -- Found rosidl_adapter: 3.1.8 (/opt/ros/humble/share/rosidl_adapter/cmake)
[0.156s] -- Found rosidl_generator_cpp: 3.1.8 (/opt/ros/humble/share/rosidl_generator_cpp/cmake)
[0.162s] -- Using all available rosidl_typesupport_c: rosidl_typesupport_fastrtps_c;rosidl_typesupport_introspection_c
[0.171s] -- Using all available rosidl_typesupport_cpp: rosidl_typesupport_fastrtps_cpp;rosidl_typesupport_introspection_cpp
[0.198s] -- Found rmw_implementation_cmake: 6.1.2 (/opt/ros/humble/share/rmw_implementation_cmake/cmake)
[0.199s] -- Found rmw_fastrtps_cpp: 6.2.9 (/opt/ros/humble/share/rmw_fastrtps_cpp/cmake)
[0.296s] -- Using RMW implementation 'rmw_fastrtps_cpp' as default
[0.332s] -- Found nav_msgs: 4.9.0 (/opt/ros/humble/share/nav_msgs/cmake)
[0.353s] -- Found uav_msgs: 0.0.0 (/home/huy/ros2_ws/install/uav_msgs/share/uav_msgs/cmake)
[0.444s] -- Configuring done
[0.456s] -- Generating done
[0.460s] -- Build files have been written to: /home/huy/ros2_ws/build/uav_sim
[0.488s] [35m[1mConsolidate compiler generated dependencies of target data_node[0m
[0.508s] [ 50%] [32mBuilding CXX object CMakeFiles/data_node.dir/src/show_data.cpp.o[0m
[12.289s] [100%] [32m[1mLinking CXX executable data_node[0m
[12.891s] [100%] Built target data_node
[12.901s] Invoked command in '/home/huy/ros2_ws/build/uav_sim' returned '0': CMAKE_PREFIX_PATH=/home/huy/ros2_ws/install/uav_motor_plugin:/home/huy/ros2_ws/install/uav_controller:/opt/ros/humble:/home/huy/ros2_ws/install/uav_msgs:/home/huy/ros2_ws/install/uav_sim:/home/huy/ros2_ws/install/uav_dynamics LD_LIBRARY_PATH=/home/huy/ros2_ws/install/uav_motor_plugin/lib:/home/huy/ros2_ws/install/uav_msgs/lib:/usr/lib/x86_64-linux-gnu/gazebo-11/plugins:/opt/ros/humble/opt/rviz_ogre_vendor/lib:/opt/ros/humble/lib/x86_64-linux-gnu:/opt/ros/humble/lib:/usr/lib/x86_64-linux-gnu/gazebo-11/plugins /usr/bin/cmake --build /home/huy/ros2_ws/build/uav_sim -- -j16 -l16
[12.902s] Invoking command in '/home/huy/ros2_ws/build/uav_sim': CMAKE_PREFIX_PATH=/home/huy/ros2_ws/install/uav_motor_plugin:/home/huy/ros2_ws/install/uav_controller:/opt/ros/humble:/home/huy/ros2_ws/install/uav_msgs:/home/huy/ros2_ws/install/uav_sim:/home/huy/ros2_ws/install/uav_dynamics LD_LIBRARY_PATH=/home/huy/ros2_ws/install/uav_motor_plugin/lib:/home/huy/ros2_ws/install/uav_msgs/lib:/usr/lib/x86_64-linux-gnu/gazebo-11/plugins:/opt/ros/humble/opt/rviz_ogre_vendor/lib:/opt/ros/humble/lib/x86_64-linux-gnu:/opt/ros/humble/lib:/usr/lib/x86_64-linux-gnu/gazebo-11/plugins /usr/bin/cmake --install /home/huy/ros2_ws/build/uav_sim
[12.908s] -- Install configuration: ""
[12.908s] -- Up-to-date: /home/huy/ros2_ws/install/uav_sim/share/uav_sim/launch
[12.908s] -- Installing: /home/huy/ros2_ws/install/uav_sim/share/uav_sim/launch/uav_sim.launch.py
[12.909s] -- Up-to-date: /home/huy/ros2_ws/install/uav_sim/share/uav_sim/models
[12.909s] -- Up-to-date: /home/huy/ros2_ws/install/uav_sim/share/uav_sim/models/uav_world.sdf
[12.909s] -- Up-to-date: /home/huy/ros2_ws/install/uav_sim/share/uav_sim/models/uav
[12.909s] -- Installing: /home/huy/ros2_ws/install/uav_sim/share/uav_sim/models/uav/drone.sdf
[12.909s] -- Up-to-date: /home/huy/ros2_ws/install/uav_sim/share/uav_sim/models/uav/uav.stl
[12.909s] -- Up-to-date: /home/huy/ros2_ws/install/uav_sim/share/uav_sim/models/uav/model.config
[12.909s] -- Installing: /home/huy/ros2_ws/install/uav_sim/lib/uav_sim/data_node
[12.922s] -- Set runtime path of "/home/huy/ros2_ws/install/uav_sim/lib/uav_sim/data_node" to ""
[12.922s] -- Up-to-date: /home/huy/ros2_ws/install/uav_sim/share/ament_index/resource_index/package_run_dependencies/uav_sim
[12.922s] -- Installing: /home/huy/ros2_ws/install/uav_sim/share/ament_index/resource_index/parent_prefix_path/uav_sim
[12.922s] -- Installing: /home/huy/ros2_ws/install/uav_sim/share/uav_sim/environment/ament_prefix_path.sh
[12.923s] -- Installing: /home/huy/ros2_ws/install/uav_sim/share/uav_sim/environment/ament_prefix_path.dsv
[12.923s] -- Installing: /home/huy/ros2_ws/install/uav_sim/share/uav_sim/environment/path.sh
[12.923s] -- Installing: /home/huy/ros2_ws/install/uav_sim/share/uav_sim/environment/path.dsv
[12.923s] -- Up-to-date: /home/huy/ros2_ws/install/uav_sim/share/uav_sim/local_setup.bash
[12.923s] -- Up-to-date: /home/huy/ros2_ws/install/uav_sim/share/uav_sim/local_setup.sh
[12.923s] -- Up-to-date: /home/huy/ros2_ws/install/uav_sim/share/uav_sim/local_setup.zsh
[12.923s] -- Installing: /home/huy/ros2_ws/install/uav_sim/share/uav_sim/local_setup.dsv
[12.923s] -- Installing: /home/huy/ros2_ws/install/uav_sim/share/uav_sim/package.dsv
[12.923s] -- Up-to-date: /home/huy/ros2_ws/install/uav_sim/share/ament_index/resource_index/packages/uav_sim
[12.923s] -- Up-to-date: /home/huy/ros2_ws/install/uav_sim/share/uav_sim/cmake/uav_simConfig.cmake
[12.924s] -- Up-to-date: /home/huy/ros2_ws/install/uav_sim/share/uav_sim/cmake/uav_simConfig-version.cmake
[12.924s] -- Up-to-date: /home/huy/ros2_ws/install/uav_sim/share/uav_sim/package.xml
[12.926s] Invoked command in '/home/huy/ros2_ws/build/uav_sim' returned '0': CMAKE_PREFIX_PATH=/home/huy/ros2_ws/install/uav_motor_plugin:/home/huy/ros2_ws/install/uav_controller:/opt/ros/humble:/home/huy/ros2_ws/install/uav_msgs:/home/huy/ros2_ws/install/uav_sim:/home/huy/ros2_ws/install/uav_dynamics LD_LIBRARY_PATH=/home/huy/ros2_ws/install/uav_motor_plugin/lib:/home/huy/ros2_ws/install/uav_msgs/lib:/usr/lib/x86_64-linux-gnu/gazebo-11/plugins:/opt/ros/humble/opt/rviz_ogre_vendor/lib:/opt/ros/humble/lib/x86_64-linux-gnu:/opt/ros/humble/lib:/usr/lib/x86_64-linux-gnu/gazebo-11/plugins /usr/bin/cmake --install /home/huy/ros2_ws/build/uav_sim
