[0.130s] DEBUG:colcon:Command line arguments: ['/usr/bin/colcon', 'build']
[0.130s] DEBUG:colcon:Parsed command line arguments: Namespace(log_base=None, log_level=None, verb_name='build', build_base='build', install_base='install', merge_install=False, symlink_install=False, test_result_base=None, continue_on_error=False, executor='parallel', parallel_workers=16, event_handlers=None, ignore_user_meta=False, metas=['./colcon.meta'], base_paths=['.'], packages_ignore=None, packages_ignore_regex=None, paths=None, packages_up_to=None, packages_up_to_regex=None, packages_above=None, packages_above_and_dependencies=None, packages_above_depth=None, packages_select_by_dep=None, packages_skip_by_dep=None, packages_skip_up_to=None, packages_select_build_failed=False, packages_skip_build_finished=False, packages_select_test_failures=False, packages_skip_test_passed=False, packages_select=None, packages_skip=None, packages_select_regex=None, packages_skip_regex=None, packages_start=None, packages_end=None, allow_overriding=[], cmake_args=None, cmake_target=None, cmake_target_skip_unavailable=False, cmake_clean_cache=False, cmake_clean_first=False, cmake_force_configure=False, ament_cmake_args=None, catkin_cmake_args=None, catkin_skip_building_tests=False, mixin_files=None, mixin=None, verb_parser=<colcon_mixin.mixin.mixin_argument.MixinArgumentDecorator object at 0x7f3b101526e0>, verb_extension=<colcon_core.verb.build.BuildVerb object at 0x7f3b10152140>, main=<bound method BuildVerb.main of <colcon_core.verb.build.BuildVerb object at 0x7f3b10152140>>, mixin_verb=('build',))
[0.329s] Level 1:colcon.colcon_core.package_discovery:discover_packages(colcon_meta) check parameters
[0.329s] Level 1:colcon.colcon_core.package_discovery:discover_packages(recursive) check parameters
[0.329s] Level 1:colcon.colcon_core.package_discovery:discover_packages(ignore) check parameters
[0.329s] Level 1:colcon.colcon_core.package_discovery:discover_packages(path) check parameters
[0.329s] Level 1:colcon.colcon_core.package_discovery:discover_packages(colcon_meta) discover
[0.329s] Level 1:colcon.colcon_core.package_discovery:discover_packages(recursive) discover
[0.329s] INFO:colcon.colcon_core.package_discovery:Crawling recursively for packages in '/home/huy/ros2_ws'
[0.330s] Level 1:colcon.colcon_core.package_identification:_identify(.) by extensions ['ignore', 'ignore_ament_install']
[0.330s] Level 1:colcon.colcon_core.package_identification:_identify(.) by extension 'ignore'
[0.330s] Level 1:colcon.colcon_core.package_identification:_identify(.) by extension 'ignore_ament_install'
[0.330s] Level 1:colcon.colcon_core.package_identification:_identify(.) by extensions ['colcon_pkg']
[0.330s] Level 1:colcon.colcon_core.package_identification:_identify(.) by extension 'colcon_pkg'
[0.330s] Level 1:colcon.colcon_core.package_identification:_identify(.) by extensions ['colcon_meta']
[0.330s] Level 1:colcon.colcon_core.package_identification:_identify(.) by extension 'colcon_meta'
[0.330s] Level 1:colcon.colcon_core.package_identification:_identify(.) by extensions ['ros']
[0.330s] Level 1:colcon.colcon_core.package_identification:_identify(.) by extension 'ros'
[0.342s] Level 1:colcon.colcon_core.package_identification:_identify(.) by extensions ['cmake', 'python']
[0.342s] Level 1:colcon.colcon_core.package_identification:_identify(.) by extension 'cmake'
[0.342s] Level 1:colcon.colcon_core.package_identification:_identify(.) by extension 'python'
[0.342s] Level 1:colcon.colcon_core.package_identification:_identify(.) by extensions ['python_setup_py']
[0.342s] Level 1:colcon.colcon_core.package_identification:_identify(.) by extension 'python_setup_py'
[0.343s] Level 1:colcon.colcon_core.package_identification:_identify(build) by extensions ['ignore', 'ignore_ament_install']
[0.343s] Level 1:colcon.colcon_core.package_identification:_identify(build) by extension 'ignore'
[0.343s] Level 1:colcon.colcon_core.package_identification:_identify(build) ignored
[0.343s] Level 1:colcon.colcon_core.package_identification:_identify(install) by extensions ['ignore', 'ignore_ament_install']
[0.343s] Level 1:colcon.colcon_core.package_identification:_identify(install) by extension 'ignore'
[0.343s] Level 1:colcon.colcon_core.package_identification:_identify(install) ignored
[0.343s] Level 1:colcon.colcon_core.package_identification:_identify(log) by extensions ['ignore', 'ignore_ament_install']
[0.343s] Level 1:colcon.colcon_core.package_identification:_identify(log) by extension 'ignore'
[0.344s] Level 1:colcon.colcon_core.package_identification:_identify(log) ignored
[0.344s] Level 1:colcon.colcon_core.package_identification:_identify(src) by extensions ['ignore', 'ignore_ament_install']
[0.344s] Level 1:colcon.colcon_core.package_identification:_identify(src) by extension 'ignore'
[0.344s] Level 1:colcon.colcon_core.package_identification:_identify(src) by extension 'ignore_ament_install'
[0.344s] Level 1:colcon.colcon_core.package_identification:_identify(src) by extensions ['colcon_pkg']
[0.344s] Level 1:colcon.colcon_core.package_identification:_identify(src) by extension 'colcon_pkg'
[0.344s] Level 1:colcon.colcon_core.package_identification:_identify(src) by extensions ['colcon_meta']
[0.344s] Level 1:colcon.colcon_core.package_identification:_identify(src) by extension 'colcon_meta'
[0.344s] Level 1:colcon.colcon_core.package_identification:_identify(src) by extensions ['ros']
[0.344s] Level 1:colcon.colcon_core.package_identification:_identify(src) by extension 'ros'
[0.344s] Level 1:colcon.colcon_core.package_identification:_identify(src) by extensions ['cmake', 'python']
[0.344s] Level 1:colcon.colcon_core.package_identification:_identify(src) by extension 'cmake'
[0.344s] Level 1:colcon.colcon_core.package_identification:_identify(src) by extension 'python'
[0.344s] Level 1:colcon.colcon_core.package_identification:_identify(src) by extensions ['python_setup_py']
[0.345s] Level 1:colcon.colcon_core.package_identification:_identify(src) by extension 'python_setup_py'
[0.345s] Level 1:colcon.colcon_core.package_identification:_identify(src/build) by extensions ['ignore', 'ignore_ament_install']
[0.345s] Level 1:colcon.colcon_core.package_identification:_identify(src/build) by extension 'ignore'
[0.345s] Level 1:colcon.colcon_core.package_identification:_identify(src/build) ignored
[0.345s] Level 1:colcon.colcon_core.package_identification:_identify(src/custom_msg) by extensions ['ignore', 'ignore_ament_install']
[0.345s] Level 1:colcon.colcon_core.package_identification:_identify(src/custom_msg) by extension 'ignore'
[0.345s] Level 1:colcon.colcon_core.package_identification:_identify(src/custom_msg) by extension 'ignore_ament_install'
[0.345s] Level 1:colcon.colcon_core.package_identification:_identify(src/custom_msg) by extensions ['colcon_pkg']
[0.345s] Level 1:colcon.colcon_core.package_identification:_identify(src/custom_msg) by extension 'colcon_pkg'
[0.345s] Level 1:colcon.colcon_core.package_identification:_identify(src/custom_msg) by extensions ['colcon_meta']
[0.345s] Level 1:colcon.colcon_core.package_identification:_identify(src/custom_msg) by extension 'colcon_meta'
[0.345s] Level 1:colcon.colcon_core.package_identification:_identify(src/custom_msg) by extensions ['ros']
[0.345s] Level 1:colcon.colcon_core.package_identification:_identify(src/custom_msg) by extension 'ros'
[0.348s] DEBUG:colcon.colcon_core.package_identification:Package 'src/custom_msg' with type 'ros.ament_cmake' and name 'custom_msg'
[0.348s] Level 1:colcon.colcon_core.package_identification:_identify(src/example_pkg) by extensions ['ignore', 'ignore_ament_install']
[0.349s] Level 1:colcon.colcon_core.package_identification:_identify(src/example_pkg) by extension 'ignore'
[0.349s] Level 1:colcon.colcon_core.package_identification:_identify(src/example_pkg) by extension 'ignore_ament_install'
[0.349s] Level 1:colcon.colcon_core.package_identification:_identify(src/example_pkg) by extensions ['colcon_pkg']
[0.349s] Level 1:colcon.colcon_core.package_identification:_identify(src/example_pkg) by extension 'colcon_pkg'
[0.349s] Level 1:colcon.colcon_core.package_identification:_identify(src/example_pkg) by extensions ['colcon_meta']
[0.349s] Level 1:colcon.colcon_core.package_identification:_identify(src/example_pkg) by extension 'colcon_meta'
[0.349s] Level 1:colcon.colcon_core.package_identification:_identify(src/example_pkg) by extensions ['ros']
[0.349s] Level 1:colcon.colcon_core.package_identification:_identify(src/example_pkg) by extension 'ros'
[0.350s] DEBUG:colcon.colcon_core.package_identification:Package 'src/example_pkg' with type 'ros.ament_python' and name 'example_pkg'
[0.350s] Level 1:colcon.colcon_core.package_identification:_identify(src/install) by extensions ['ignore', 'ignore_ament_install']
[0.350s] Level 1:colcon.colcon_core.package_identification:_identify(src/install) by extension 'ignore'
[0.350s] Level 1:colcon.colcon_core.package_identification:_identify(src/install) ignored
[0.350s] Level 1:colcon.colcon_core.package_identification:_identify(src/log) by extensions ['ignore', 'ignore_ament_install']
[0.350s] Level 1:colcon.colcon_core.package_identification:_identify(src/log) by extension 'ignore'
[0.350s] Level 1:colcon.colcon_core.package_identification:_identify(src/log) ignored
[0.350s] Level 1:colcon.colcon_core.package_identification:_identify(src/ps4_controller) by extensions ['ignore', 'ignore_ament_install']
[0.350s] Level 1:colcon.colcon_core.package_identification:_identify(src/ps4_controller) by extension 'ignore'
[0.351s] Level 1:colcon.colcon_core.package_identification:_identify(src/ps4_controller) by extension 'ignore_ament_install'
[0.351s] Level 1:colcon.colcon_core.package_identification:_identify(src/ps4_controller) by extensions ['colcon_pkg']
[0.351s] Level 1:colcon.colcon_core.package_identification:_identify(src/ps4_controller) by extension 'colcon_pkg'
[0.351s] Level 1:colcon.colcon_core.package_identification:_identify(src/ps4_controller) by extensions ['colcon_meta']
[0.351s] Level 1:colcon.colcon_core.package_identification:_identify(src/ps4_controller) by extension 'colcon_meta'
[0.351s] Level 1:colcon.colcon_core.package_identification:_identify(src/ps4_controller) by extensions ['ros']
[0.351s] Level 1:colcon.colcon_core.package_identification:_identify(src/ps4_controller) by extension 'ros'
[0.352s] DEBUG:colcon.colcon_core.package_identification:Package 'src/ps4_controller' with type 'ros.ament_python' and name 'ps4_controller'
[0.352s] Level 1:colcon.colcon_core.package_discovery:discover_packages(recursive) using defaults
[0.352s] Level 1:colcon.colcon_core.package_discovery:discover_packages(ignore) discover
[0.352s] Level 1:colcon.colcon_core.package_discovery:discover_packages(ignore) using defaults
[0.352s] Level 1:colcon.colcon_core.package_discovery:discover_packages(path) discover
[0.352s] Level 1:colcon.colcon_core.package_discovery:discover_packages(path) using defaults
[0.387s] Level 1:colcon.colcon_core.package_discovery:discover_packages(prefix_path) check parameters
[0.387s] Level 1:colcon.colcon_core.package_discovery:discover_packages(prefix_path) discover
[0.389s] DEBUG:colcon.colcon_installed_package_information.package_discovery:Found 5 installed packages in /home/huy/ros2_ws/install
[0.391s] DEBUG:colcon.colcon_installed_package_information.package_discovery:Found 271 installed packages in /opt/ros/humble
[0.392s] Level 1:colcon.colcon_core.package_discovery:discover_packages(prefix_path) using defaults
[0.436s] Level 5:colcon.colcon_core.verb:set package 'custom_msg' build argument 'cmake_args' from command line to 'None'
[0.436s] Level 5:colcon.colcon_core.verb:set package 'custom_msg' build argument 'cmake_target' from command line to 'None'
[0.436s] Level 5:colcon.colcon_core.verb:set package 'custom_msg' build argument 'cmake_target_skip_unavailable' from command line to 'False'
[0.436s] Level 5:colcon.colcon_core.verb:set package 'custom_msg' build argument 'cmake_clean_cache' from command line to 'False'
[0.436s] Level 5:colcon.colcon_core.verb:set package 'custom_msg' build argument 'cmake_clean_first' from command line to 'False'
[0.436s] Level 5:colcon.colcon_core.verb:set package 'custom_msg' build argument 'cmake_force_configure' from command line to 'False'
[0.436s] Level 5:colcon.colcon_core.verb:set package 'custom_msg' build argument 'ament_cmake_args' from command line to 'None'
[0.436s] Level 5:colcon.colcon_core.verb:set package 'custom_msg' build argument 'catkin_cmake_args' from command line to 'None'
[0.436s] Level 5:colcon.colcon_core.verb:set package 'custom_msg' build argument 'catkin_skip_building_tests' from command line to 'False'
[0.436s] DEBUG:colcon.colcon_core.verb:Building package 'custom_msg' with the following arguments: {'ament_cmake_args': None, 'build_base': '/home/huy/ros2_ws/build/custom_msg', 'catkin_cmake_args': None, 'catkin_skip_building_tests': False, 'cmake_args': None, 'cmake_clean_cache': False, 'cmake_clean_first': False, 'cmake_force_configure': False, 'cmake_target': None, 'cmake_target_skip_unavailable': False, 'install_base': '/home/huy/ros2_ws/install/custom_msg', 'merge_install': False, 'path': '/home/huy/ros2_ws/src/custom_msg', 'symlink_install': False, 'test_result_base': None}
[0.437s] Level 5:colcon.colcon_core.verb:set package 'example_pkg' build argument 'cmake_args' from command line to 'None'
[0.437s] Level 5:colcon.colcon_core.verb:set package 'example_pkg' build argument 'cmake_target' from command line to 'None'
[0.437s] Level 5:colcon.colcon_core.verb:set package 'example_pkg' build argument 'cmake_target_skip_unavailable' from command line to 'False'
[0.437s] Level 5:colcon.colcon_core.verb:set package 'example_pkg' build argument 'cmake_clean_cache' from command line to 'False'
[0.437s] Level 5:colcon.colcon_core.verb:set package 'example_pkg' build argument 'cmake_clean_first' from command line to 'False'
[0.437s] Level 5:colcon.colcon_core.verb:set package 'example_pkg' build argument 'cmake_force_configure' from command line to 'False'
[0.437s] Level 5:colcon.colcon_core.verb:set package 'example_pkg' build argument 'ament_cmake_args' from command line to 'None'
[0.437s] Level 5:colcon.colcon_core.verb:set package 'example_pkg' build argument 'catkin_cmake_args' from command line to 'None'
[0.437s] Level 5:colcon.colcon_core.verb:set package 'example_pkg' build argument 'catkin_skip_building_tests' from command line to 'False'
[0.437s] DEBUG:colcon.colcon_core.verb:Building package 'example_pkg' with the following arguments: {'ament_cmake_args': None, 'build_base': '/home/huy/ros2_ws/build/example_pkg', 'catkin_cmake_args': None, 'catkin_skip_building_tests': False, 'cmake_args': None, 'cmake_clean_cache': False, 'cmake_clean_first': False, 'cmake_force_configure': False, 'cmake_target': None, 'cmake_target_skip_unavailable': False, 'install_base': '/home/huy/ros2_ws/install/example_pkg', 'merge_install': False, 'path': '/home/huy/ros2_ws/src/example_pkg', 'symlink_install': False, 'test_result_base': None}
[0.437s] Level 5:colcon.colcon_core.verb:set package 'ps4_controller' build argument 'cmake_args' from command line to 'None'
[0.437s] Level 5:colcon.colcon_core.verb:set package 'ps4_controller' build argument 'cmake_target' from command line to 'None'
[0.437s] Level 5:colcon.colcon_core.verb:set package 'ps4_controller' build argument 'cmake_target_skip_unavailable' from command line to 'False'
[0.437s] Level 5:colcon.colcon_core.verb:set package 'ps4_controller' build argument 'cmake_clean_cache' from command line to 'False'
[0.437s] Level 5:colcon.colcon_core.verb:set package 'ps4_controller' build argument 'cmake_clean_first' from command line to 'False'
[0.437s] Level 5:colcon.colcon_core.verb:set package 'ps4_controller' build argument 'cmake_force_configure' from command line to 'False'
[0.437s] Level 5:colcon.colcon_core.verb:set package 'ps4_controller' build argument 'ament_cmake_args' from command line to 'None'
[0.437s] Level 5:colcon.colcon_core.verb:set package 'ps4_controller' build argument 'catkin_cmake_args' from command line to 'None'
[0.438s] Level 5:colcon.colcon_core.verb:set package 'ps4_controller' build argument 'catkin_skip_building_tests' from command line to 'False'
[0.438s] DEBUG:colcon.colcon_core.verb:Building package 'ps4_controller' with the following arguments: {'ament_cmake_args': None, 'build_base': '/home/huy/ros2_ws/build/ps4_controller', 'catkin_cmake_args': None, 'catkin_skip_building_tests': False, 'cmake_args': None, 'cmake_clean_cache': False, 'cmake_clean_first': False, 'cmake_force_configure': False, 'cmake_target': None, 'cmake_target_skip_unavailable': False, 'install_base': '/home/huy/ros2_ws/install/ps4_controller', 'merge_install': False, 'path': '/home/huy/ros2_ws/src/ps4_controller', 'symlink_install': False, 'test_result_base': None}
[0.438s] INFO:colcon.colcon_core.executor:Executing jobs using 'parallel' executor
[0.439s] DEBUG:colcon.colcon_parallel_executor.executor.parallel:run_until_complete
[0.439s] INFO:colcon.colcon_ros.task.ament_cmake.build:Building ROS package in '/home/huy/ros2_ws/src/custom_msg' with build type 'ament_cmake'
[0.439s] INFO:colcon.colcon_cmake.task.cmake.build:Building CMake package in '/home/huy/ros2_ws/src/custom_msg'
[0.442s] INFO:colcon.colcon_core.plugin_system:Skipping extension 'colcon_core.shell.bat': Not used on non-Windows systems
[0.443s] INFO:colcon.colcon_core.shell:Skip shell extension 'powershell' for command environment: Not usable outside of PowerShell
[0.443s] DEBUG:colcon.colcon_core.shell:Skip shell extension 'dsv' for command environment
[0.447s] INFO:colcon.colcon_ros.task.ament_python.build:Building ROS package in '/home/huy/ros2_ws/src/example_pkg' with build type 'ament_python'
[0.447s] Level 1:colcon.colcon_core.shell:create_environment_hook('example_pkg', 'ament_prefix_path')
[0.447s] INFO:colcon.colcon_core.shell:Creating environment hook '/home/huy/ros2_ws/install/example_pkg/share/example_pkg/hook/ament_prefix_path.ps1'
[0.448s] INFO:colcon.colcon_core.shell:Creating environment descriptor '/home/huy/ros2_ws/install/example_pkg/share/example_pkg/hook/ament_prefix_path.dsv'
[0.449s] INFO:colcon.colcon_core.shell:Creating environment hook '/home/huy/ros2_ws/install/example_pkg/share/example_pkg/hook/ament_prefix_path.sh'
[0.450s] INFO:colcon.colcon_core.shell:Skip shell extension 'powershell' for command environment: Not usable outside of PowerShell
[0.450s] DEBUG:colcon.colcon_core.shell:Skip shell extension 'dsv' for command environment
[0.461s] DEBUG:colcon.colcon_core.event_handler.log_command:Invoking command in '/home/huy/ros2_ws/build/custom_msg': CMAKE_PREFIX_PATH=${CMAKE_PREFIX_PATH}:/home/huy/ros2_ws/install/ps4_controller:/home/huy/ros2_ws/install/example_pkg:/opt/ros/humble /usr/bin/cmake --build /home/huy/ros2_ws/build/custom_msg -- -j16 -l16
[0.782s] INFO:colcon.colcon_core.task.python.build:Building Python package in '/home/huy/ros2_ws/src/example_pkg'
[0.782s] INFO:colcon.colcon_core.shell:Skip shell extension 'powershell' for command environment: Not usable outside of PowerShell
[0.783s] DEBUG:colcon.colcon_core.shell:Skip shell extension 'dsv' for command environment
[0.909s] DEBUG:colcon.colcon_core.event_handler.log_command:Invoked command in '/home/huy/ros2_ws/build/custom_msg' returned '0': CMAKE_PREFIX_PATH=${CMAKE_PREFIX_PATH}:/home/huy/ros2_ws/install/ps4_controller:/home/huy/ros2_ws/install/example_pkg:/opt/ros/humble /usr/bin/cmake --build /home/huy/ros2_ws/build/custom_msg -- -j16 -l16
[0.924s] DEBUG:colcon.colcon_core.event_handler.log_command:Invoking command in '/home/huy/ros2_ws/build/custom_msg': CMAKE_PREFIX_PATH=${CMAKE_PREFIX_PATH}:/home/huy/ros2_ws/install/ps4_controller:/home/huy/ros2_ws/install/example_pkg:/opt/ros/humble /usr/bin/cmake --install /home/huy/ros2_ws/build/custom_msg
[0.992s] Level 1:colcon.colcon_core.environment:create_environment_scripts_only(custom_msg)
[0.993s] DEBUG:colcon.colcon_core.event_handler.log_command:Invoked command in '/home/huy/ros2_ws/build/custom_msg' returned '0': CMAKE_PREFIX_PATH=${CMAKE_PREFIX_PATH}:/home/huy/ros2_ws/install/ps4_controller:/home/huy/ros2_ws/install/example_pkg:/opt/ros/humble /usr/bin/cmake --install /home/huy/ros2_ws/build/custom_msg
[0.996s] Level 1:colcon.colcon_core.environment:checking '/home/huy/ros2_ws/install/custom_msg' for CMake module files
[0.996s] Level 1:colcon.colcon_core.environment:checking '/home/huy/ros2_ws/install/custom_msg' for CMake config files
[0.997s] Level 1:colcon.colcon_core.shell:create_environment_hook('custom_msg', 'cmake_prefix_path')
[0.997s] INFO:colcon.colcon_core.shell:Creating environment hook '/home/huy/ros2_ws/install/custom_msg/share/custom_msg/hook/cmake_prefix_path.ps1'
[0.998s] INFO:colcon.colcon_core.shell:Creating environment descriptor '/home/huy/ros2_ws/install/custom_msg/share/custom_msg/hook/cmake_prefix_path.dsv'
[0.999s] INFO:colcon.colcon_core.shell:Creating environment hook '/home/huy/ros2_ws/install/custom_msg/share/custom_msg/hook/cmake_prefix_path.sh'
[0.999s] Level 1:colcon.colcon_core.environment:checking '/home/huy/ros2_ws/install/custom_msg/lib'
[1.000s] Level 1:colcon.colcon_core.shell:create_environment_hook('custom_msg', 'ld_library_path_lib')
[1.000s] INFO:colcon.colcon_core.shell:Creating environment hook '/home/huy/ros2_ws/install/custom_msg/share/custom_msg/hook/ld_library_path_lib.ps1'
[1.000s] INFO:colcon.colcon_core.shell:Creating environment descriptor '/home/huy/ros2_ws/install/custom_msg/share/custom_msg/hook/ld_library_path_lib.dsv'
[1.001s] INFO:colcon.colcon_core.shell:Creating environment hook '/home/huy/ros2_ws/install/custom_msg/share/custom_msg/hook/ld_library_path_lib.sh'
[1.001s] Level 1:colcon.colcon_core.environment:checking '/home/huy/ros2_ws/install/custom_msg/bin'
[1.001s] Level 1:colcon.colcon_core.environment:checking '/home/huy/ros2_ws/install/custom_msg/lib/pkgconfig/custom_msg.pc'
[1.002s] Level 1:colcon.colcon_core.environment:checking '/home/huy/ros2_ws/install/custom_msg/lib/python3.10/site-packages'
[1.002s] Level 1:colcon.colcon_core.environment:checking '/home/huy/ros2_ws/install/custom_msg/bin'
[1.002s] INFO:colcon.colcon_core.shell:Creating package script '/home/huy/ros2_ws/install/custom_msg/share/custom_msg/package.ps1'
[1.003s] INFO:colcon.colcon_core.shell:Creating package descriptor '/home/huy/ros2_ws/install/custom_msg/share/custom_msg/package.dsv'
[1.004s] INFO:colcon.colcon_core.shell:Creating package script '/home/huy/ros2_ws/install/custom_msg/share/custom_msg/package.sh'
[1.005s] INFO:colcon.colcon_core.shell:Creating package script '/home/huy/ros2_ws/install/custom_msg/share/custom_msg/package.bash'
[1.006s] INFO:colcon.colcon_core.shell:Creating package script '/home/huy/ros2_ws/install/custom_msg/share/custom_msg/package.zsh'
[1.006s] Level 1:colcon.colcon_core.environment:create_file_with_runtime_dependencies(/home/huy/ros2_ws/install/custom_msg/share/colcon-core/packages/custom_msg)
[1.007s] Level 1:colcon.colcon_core.environment:create_environment_scripts_only(custom_msg)
[1.007s] Level 1:colcon.colcon_core.environment:checking '/home/huy/ros2_ws/install/custom_msg' for CMake module files
[1.008s] Level 1:colcon.colcon_core.environment:checking '/home/huy/ros2_ws/install/custom_msg' for CMake config files
[1.009s] Level 1:colcon.colcon_core.shell:create_environment_hook('custom_msg', 'cmake_prefix_path')
[1.009s] INFO:colcon.colcon_core.shell:Creating environment hook '/home/huy/ros2_ws/install/custom_msg/share/custom_msg/hook/cmake_prefix_path.ps1'
[1.009s] INFO:colcon.colcon_core.shell:Creating environment descriptor '/home/huy/ros2_ws/install/custom_msg/share/custom_msg/hook/cmake_prefix_path.dsv'
[1.010s] INFO:colcon.colcon_core.shell:Creating environment hook '/home/huy/ros2_ws/install/custom_msg/share/custom_msg/hook/cmake_prefix_path.sh'
[1.011s] Level 1:colcon.colcon_core.environment:checking '/home/huy/ros2_ws/install/custom_msg/lib'
[1.011s] Level 1:colcon.colcon_core.shell:create_environment_hook('custom_msg', 'ld_library_path_lib')
[1.011s] INFO:colcon.colcon_core.shell:Creating environment hook '/home/huy/ros2_ws/install/custom_msg/share/custom_msg/hook/ld_library_path_lib.ps1'
[1.011s] INFO:colcon.colcon_core.shell:Creating environment descriptor '/home/huy/ros2_ws/install/custom_msg/share/custom_msg/hook/ld_library_path_lib.dsv'
[1.012s] INFO:colcon.colcon_core.shell:Creating environment hook '/home/huy/ros2_ws/install/custom_msg/share/custom_msg/hook/ld_library_path_lib.sh'
[1.012s] Level 1:colcon.colcon_core.environment:checking '/home/huy/ros2_ws/install/custom_msg/bin'
[1.012s] Level 1:colcon.colcon_core.environment:checking '/home/huy/ros2_ws/install/custom_msg/lib/pkgconfig/custom_msg.pc'
[1.013s] Level 1:colcon.colcon_core.environment:checking '/home/huy/ros2_ws/install/custom_msg/lib/python3.10/site-packages'
[1.013s] Level 1:colcon.colcon_core.environment:checking '/home/huy/ros2_ws/install/custom_msg/bin'
[1.013s] INFO:colcon.colcon_core.shell:Creating package script '/home/huy/ros2_ws/install/custom_msg/share/custom_msg/package.ps1'
[1.014s] INFO:colcon.colcon_core.shell:Creating package descriptor '/home/huy/ros2_ws/install/custom_msg/share/custom_msg/package.dsv'
[1.014s] INFO:colcon.colcon_core.shell:Creating package script '/home/huy/ros2_ws/install/custom_msg/share/custom_msg/package.sh'
[1.015s] INFO:colcon.colcon_core.shell:Creating package script '/home/huy/ros2_ws/install/custom_msg/share/custom_msg/package.bash'
[1.016s] INFO:colcon.colcon_core.shell:Creating package script '/home/huy/ros2_ws/install/custom_msg/share/custom_msg/package.zsh'
[1.016s] Level 1:colcon.colcon_core.environment:create_file_with_runtime_dependencies(/home/huy/ros2_ws/install/custom_msg/share/colcon-core/packages/custom_msg)
[1.016s] INFO:colcon.colcon_ros.task.ament_python.build:Building ROS package in '/home/huy/ros2_ws/src/ps4_controller' with build type 'ament_python'
[1.017s] Level 1:colcon.colcon_core.shell:create_environment_hook('ps4_controller', 'ament_prefix_path')
[1.017s] INFO:colcon.colcon_core.shell:Creating environment hook '/home/huy/ros2_ws/install/ps4_controller/share/ps4_controller/hook/ament_prefix_path.ps1'
[1.018s] INFO:colcon.colcon_core.shell:Creating environment descriptor '/home/huy/ros2_ws/install/ps4_controller/share/ps4_controller/hook/ament_prefix_path.dsv'
[1.018s] INFO:colcon.colcon_core.shell:Creating environment hook '/home/huy/ros2_ws/install/ps4_controller/share/ps4_controller/hook/ament_prefix_path.sh'
[1.019s] INFO:colcon.colcon_core.shell:Skip shell extension 'powershell' for command environment: Not usable outside of PowerShell
[1.019s] DEBUG:colcon.colcon_core.shell:Skip shell extension 'dsv' for command environment
[1.334s] INFO:colcon.colcon_core.task.python.build:Building Python package in '/home/huy/ros2_ws/src/ps4_controller'
[1.335s] INFO:colcon.colcon_core.shell:Skip shell extension 'powershell' for command environment: Not usable outside of PowerShell
[1.335s] DEBUG:colcon.colcon_core.shell:Skip shell extension 'dsv' for command environment
[1.343s] DEBUG:colcon.colcon_core.event_handler.log_command:Invoking command in '/home/huy/ros2_ws/src/example_pkg': PYTHONPATH=/home/huy/ros2_ws/build/example_pkg/prefix_override:/usr/lib/python3/dist-packages/colcon_core/task/python/colcon_distutils_commands:/home/huy/ros2_ws/install/example_pkg/lib/python3.10/site-packages:${PYTHONPATH} /usr/bin/python3 -W ignore:setup.py install is deprecated -W ignore:easy_install command is deprecated setup.py egg_info --egg-base ../../build/example_pkg build --build-base /home/huy/ros2_ws/build/example_pkg/build install --record /home/huy/ros2_ws/build/example_pkg/install.log --single-version-externally-managed install_data
[1.687s] Level 1:colcon.colcon_core.environment:checking '/home/huy/ros2_ws/install/example_pkg' for CMake module files
[1.688s] DEBUG:colcon.colcon_core.event_handler.log_command:Invoked command in '/home/huy/ros2_ws/src/example_pkg' returned '0': PYTHONPATH=/home/huy/ros2_ws/build/example_pkg/prefix_override:/usr/lib/python3/dist-packages/colcon_core/task/python/colcon_distutils_commands:/home/huy/ros2_ws/install/example_pkg/lib/python3.10/site-packages:${PYTHONPATH} /usr/bin/python3 -W ignore:setup.py install is deprecated -W ignore:easy_install command is deprecated setup.py egg_info --egg-base ../../build/example_pkg build --build-base /home/huy/ros2_ws/build/example_pkg/build install --record /home/huy/ros2_ws/build/example_pkg/install.log --single-version-externally-managed install_data
[1.689s] Level 1:colcon.colcon_core.environment:checking '/home/huy/ros2_ws/install/example_pkg' for CMake config files
[1.690s] Level 1:colcon.colcon_core.environment:checking '/home/huy/ros2_ws/install/example_pkg/lib'
[1.690s] Level 1:colcon.colcon_core.environment:checking '/home/huy/ros2_ws/install/example_pkg/bin'
[1.690s] Level 1:colcon.colcon_core.environment:checking '/home/huy/ros2_ws/install/example_pkg/lib/pkgconfig/example_pkg.pc'
[1.690s] Level 1:colcon.colcon_core.environment:checking '/home/huy/ros2_ws/install/example_pkg/lib/python3.10/site-packages'
[1.691s] Level 1:colcon.colcon_core.shell:create_environment_hook('example_pkg', 'pythonpath')
[1.691s] INFO:colcon.colcon_core.shell:Creating environment hook '/home/huy/ros2_ws/install/example_pkg/share/example_pkg/hook/pythonpath.ps1'
[1.692s] INFO:colcon.colcon_core.shell:Creating environment descriptor '/home/huy/ros2_ws/install/example_pkg/share/example_pkg/hook/pythonpath.dsv'
[1.692s] INFO:colcon.colcon_core.shell:Creating environment hook '/home/huy/ros2_ws/install/example_pkg/share/example_pkg/hook/pythonpath.sh'
[1.693s] Level 1:colcon.colcon_core.environment:checking '/home/huy/ros2_ws/install/example_pkg/bin'
[1.693s] Level 1:colcon.colcon_core.environment:create_environment_scripts_only(example_pkg)
[1.693s] INFO:colcon.colcon_core.shell:Creating package script '/home/huy/ros2_ws/install/example_pkg/share/example_pkg/package.ps1'
[1.694s] INFO:colcon.colcon_core.shell:Creating package descriptor '/home/huy/ros2_ws/install/example_pkg/share/example_pkg/package.dsv'
[1.695s] INFO:colcon.colcon_core.shell:Creating package script '/home/huy/ros2_ws/install/example_pkg/share/example_pkg/package.sh'
[1.695s] INFO:colcon.colcon_core.shell:Creating package script '/home/huy/ros2_ws/install/example_pkg/share/example_pkg/package.bash'
[1.696s] INFO:colcon.colcon_core.shell:Creating package script '/home/huy/ros2_ws/install/example_pkg/share/example_pkg/package.zsh'
[1.696s] Level 1:colcon.colcon_core.environment:create_file_with_runtime_dependencies(/home/huy/ros2_ws/install/example_pkg/share/colcon-core/packages/example_pkg)
[1.734s] DEBUG:colcon.colcon_core.event_handler.log_command:Invoking command in '/home/huy/ros2_ws/src/ps4_controller': PYTHONPATH=/home/huy/ros2_ws/build/ps4_controller/prefix_override:/usr/lib/python3/dist-packages/colcon_core/task/python/colcon_distutils_commands:/home/huy/ros2_ws/install/ps4_controller/lib/python3.10/site-packages:${PYTHONPATH} /usr/bin/python3 -W ignore:setup.py install is deprecated -W ignore:easy_install command is deprecated setup.py egg_info --egg-base ../../build/ps4_controller build --build-base /home/huy/ros2_ws/build/ps4_controller/build install --record /home/huy/ros2_ws/build/ps4_controller/install.log --single-version-externally-managed install_data
[2.076s] Level 1:colcon.colcon_core.environment:checking '/home/huy/ros2_ws/install/ps4_controller' for CMake module files
[2.077s] DEBUG:colcon.colcon_core.event_handler.log_command:Invoked command in '/home/huy/ros2_ws/src/ps4_controller' returned '0': PYTHONPATH=/home/huy/ros2_ws/build/ps4_controller/prefix_override:/usr/lib/python3/dist-packages/colcon_core/task/python/colcon_distutils_commands:/home/huy/ros2_ws/install/ps4_controller/lib/python3.10/site-packages:${PYTHONPATH} /usr/bin/python3 -W ignore:setup.py install is deprecated -W ignore:easy_install command is deprecated setup.py egg_info --egg-base ../../build/ps4_controller build --build-base /home/huy/ros2_ws/build/ps4_controller/build install --record /home/huy/ros2_ws/build/ps4_controller/install.log --single-version-externally-managed install_data
[2.077s] Level 1:colcon.colcon_core.environment:checking '/home/huy/ros2_ws/install/ps4_controller' for CMake config files
[2.078s] Level 1:colcon.colcon_core.environment:checking '/home/huy/ros2_ws/install/ps4_controller/lib'
[2.078s] Level 1:colcon.colcon_core.environment:checking '/home/huy/ros2_ws/install/ps4_controller/bin'
[2.078s] Level 1:colcon.colcon_core.environment:checking '/home/huy/ros2_ws/install/ps4_controller/lib/pkgconfig/ps4_controller.pc'
[2.079s] Level 1:colcon.colcon_core.environment:checking '/home/huy/ros2_ws/install/ps4_controller/lib/python3.10/site-packages'
[2.079s] Level 1:colcon.colcon_core.shell:create_environment_hook('ps4_controller', 'pythonpath')
[2.079s] INFO:colcon.colcon_core.shell:Creating environment hook '/home/huy/ros2_ws/install/ps4_controller/share/ps4_controller/hook/pythonpath.ps1'
[2.079s] INFO:colcon.colcon_core.shell:Creating environment descriptor '/home/huy/ros2_ws/install/ps4_controller/share/ps4_controller/hook/pythonpath.dsv'
[2.080s] INFO:colcon.colcon_core.shell:Creating environment hook '/home/huy/ros2_ws/install/ps4_controller/share/ps4_controller/hook/pythonpath.sh'
[2.081s] Level 1:colcon.colcon_core.environment:checking '/home/huy/ros2_ws/install/ps4_controller/bin'
[2.081s] Level 1:colcon.colcon_core.environment:create_environment_scripts_only(ps4_controller)
[2.081s] INFO:colcon.colcon_core.shell:Creating package script '/home/huy/ros2_ws/install/ps4_controller/share/ps4_controller/package.ps1'
[2.082s] INFO:colcon.colcon_core.shell:Creating package descriptor '/home/huy/ros2_ws/install/ps4_controller/share/ps4_controller/package.dsv'
[2.082s] INFO:colcon.colcon_core.shell:Creating package script '/home/huy/ros2_ws/install/ps4_controller/share/ps4_controller/package.sh'
[2.083s] INFO:colcon.colcon_core.shell:Creating package script '/home/huy/ros2_ws/install/ps4_controller/share/ps4_controller/package.bash'
[2.083s] INFO:colcon.colcon_core.shell:Creating package script '/home/huy/ros2_ws/install/ps4_controller/share/ps4_controller/package.zsh'
[2.084s] Level 1:colcon.colcon_core.environment:create_file_with_runtime_dependencies(/home/huy/ros2_ws/install/ps4_controller/share/colcon-core/packages/ps4_controller)
[2.084s] DEBUG:colcon.colcon_parallel_executor.executor.parallel:closing loop
[2.084s] DEBUG:colcon.colcon_parallel_executor.executor.parallel:loop closed
[2.085s] DEBUG:colcon.colcon_parallel_executor.executor.parallel:run_until_complete finished with '0'
[2.085s] DEBUG:colcon.colcon_core.event_reactor:joining thread
[2.091s] INFO:colcon.colcon_core.plugin_system:Skipping extension 'colcon_notification.desktop_notification.terminal_notifier': Not used on non-Darwin systems
[2.091s] INFO:colcon.colcon_core.plugin_system:Skipping extension 'colcon_notification.desktop_notification.win32': Not used on non-Windows systems
[2.091s] INFO:colcon.colcon_notification.desktop_notification:Sending desktop notification using 'notify2'
[2.107s] DEBUG:colcon.colcon_core.event_reactor:joined thread
[2.107s] INFO:colcon.colcon_core.shell:Creating prefix script '/home/huy/ros2_ws/install/local_setup.ps1'
[2.108s] INFO:colcon.colcon_core.shell:Creating prefix util module '/home/huy/ros2_ws/install/_local_setup_util_ps1.py'
[2.110s] INFO:colcon.colcon_core.shell:Creating prefix chain script '/home/huy/ros2_ws/install/setup.ps1'
[2.112s] INFO:colcon.colcon_core.shell:Creating prefix script '/home/huy/ros2_ws/install/local_setup.sh'
[2.112s] INFO:colcon.colcon_core.shell:Creating prefix util module '/home/huy/ros2_ws/install/_local_setup_util_sh.py'
[2.113s] INFO:colcon.colcon_core.shell:Creating prefix chain script '/home/huy/ros2_ws/install/setup.sh'
[2.115s] INFO:colcon.colcon_core.shell:Creating prefix script '/home/huy/ros2_ws/install/local_setup.bash'
[2.115s] INFO:colcon.colcon_core.shell:Creating prefix chain script '/home/huy/ros2_ws/install/setup.bash'
[2.116s] INFO:colcon.colcon_core.shell:Creating prefix script '/home/huy/ros2_ws/install/local_setup.zsh'
[2.117s] INFO:colcon.colcon_core.shell:Creating prefix chain script '/home/huy/ros2_ws/install/setup.zsh'
