[35m[1mConsolidate compiler generated dependencies of target custo_msgs__rosidl_generator_c[0m
[  3%] Built target custo_msgs__cpp
[ 12%] Built target custo_msgs__rosidl_generator_c
[35m[1mConsolidate compiler generated dependencies of target custo_msgs__rosidl_typesupport_introspection_c[0m
[35m[1mConsolidate compiler generated dependencies of target custo_msgs__rosidl_typesupport_cpp[0m
[35m[1mConsolidate compiler generated dependencies of target custo_msgs__rosidl_typesupport_fastrtps_c[0m
[35m[1mConsolidate compiler generated dependencies of target custo_msgs__rosidl_typesupport_c[0m
[35m[1mConsolidate compiler generated dependencies of target custo_msgs__rosidl_typesupport_fastrtps_cpp[0m
[35m[1mConsolidate compiler generated dependencies of target custo_msgs__rosidl_typesupport_introspection_cpp[0m
[ 12%] Built target ament_cmake_python_copy_custo_msgs
[ 38%] Built target custo_msgs__rosidl_typesupport_fastrtps_c
[ 45%] Built target custo_msgs__rosidl_typesupport_cpp
[ 48%] Built target custo_msgs__rosidl_typesupport_introspection_c
[ 51%] Built target custo_msgs__rosidl_typesupport_introspection_cpp
[ 61%] Built target custo_msgs__rosidl_typesupport_fastrtps_cpp
[ 70%] Built target custo_msgs__rosidl_typesupport_c
[ 70%] Built target custo_msgs
[ 74%] Built target custo_msgs__py
[35m[1mConsolidate compiler generated dependencies of target custo_msgs__rosidl_generator_py[0m
[ 80%] Built target custo_msgs__rosidl_generator_py
[35m[1mConsolidate compiler generated dependencies of target custo_msgs__rosidl_typesupport_introspection_c__pyext[0m
[35m[1mConsolidate compiler generated dependencies of target custo_msgs__rosidl_typesupport_c__pyext[0m
[35m[1mConsolidate compiler generated dependencies of target custo_msgs__rosidl_typesupport_fastrtps_c__pyext[0m
[ 96%] Built target custo_msgs__rosidl_typesupport_fastrtps_c__pyext
[ 96%] Built target custo_msgs__rosidl_typesupport_introspection_c__pyext
[100%] Built target custo_msgs__rosidl_typesupport_c__pyext
running egg_info
writing custo_msgs.egg-info/PKG-INFO
writing dependency_links to custo_msgs.egg-info/dependency_links.txt
writing top-level names to custo_msgs.egg-info/top_level.txt
reading manifest file 'custo_msgs.egg-info/SOURCES.txt'
writing manifest file 'custo_msgs.egg-info/SOURCES.txt'
[100%] Built target ament_cmake_python_build_custo_msgs_egg
-- Install configuration: ""
-- Up-to-date: /home/huy/ros2_ws/install/custo_msgs/share/ament_index/resource_index/rosidl_interfaces/custo_msgs
-- Up-to-date: /home/huy/ros2_ws/install/custo_msgs/include/custo_msgs/custo_msgs
-- Up-to-date: /home/huy/ros2_ws/install/custo_msgs/include/custo_msgs/custo_msgs/msg
-- Up-to-date: /home/huy/ros2_ws/install/custo_msgs/include/custo_msgs/custo_msgs/msg/rosidl_generator_c__visibility_control.h
-- Up-to-date: /home/huy/ros2_ws/install/custo_msgs/include/custo_msgs/custo_msgs/msg/detail
-- Up-to-date: /home/huy/ros2_ws/install/custo_msgs/include/custo_msgs/custo_msgs/msg/detail/the_ultimate_msg__type_support.h
-- Up-to-date: /home/huy/ros2_ws/install/custo_msgs/include/custo_msgs/custo_msgs/msg/detail/the_ultimate_msg__struct.h
-- Up-to-date: /home/huy/ros2_ws/install/custo_msgs/include/custo_msgs/custo_msgs/msg/detail/the_ultimate_msg__functions.c
-- Up-to-date: /home/huy/ros2_ws/install/custo_msgs/include/custo_msgs/custo_msgs/msg/detail/the_ultimate_msg__functions.h
-- Up-to-date: /home/huy/ros2_ws/install/custo_msgs/include/custo_msgs/custo_msgs/msg/the_ultimate_msg.h
-- Up-to-date: /home/huy/ros2_ws/install/custo_msgs/share/custo_msgs/environment/library_path.sh
-- Up-to-date: /home/huy/ros2_ws/install/custo_msgs/share/custo_msgs/environment/library_path.dsv
-- Up-to-date: /home/huy/ros2_ws/install/custo_msgs/lib/libcusto_msgs__rosidl_generator_c.so
-- Up-to-date: /home/huy/ros2_ws/install/custo_msgs/include/custo_msgs/custo_msgs
-- Up-to-date: /home/huy/ros2_ws/install/custo_msgs/include/custo_msgs/custo_msgs/msg
-- Up-to-date: /home/huy/ros2_ws/install/custo_msgs/include/custo_msgs/custo_msgs/msg/detail
-- Up-to-date: /home/huy/ros2_ws/install/custo_msgs/include/custo_msgs/custo_msgs/msg/detail/the_ultimate_msg__rosidl_typesupport_fastrtps_c.h
-- Up-to-date: /home/huy/ros2_ws/install/custo_msgs/include/custo_msgs/custo_msgs/msg/rosidl_typesupport_fastrtps_c__visibility_control.h
-- Up-to-date: /home/huy/ros2_ws/install/custo_msgs/lib/libcusto_msgs__rosidl_typesupport_fastrtps_c.so
-- Up-to-date: /home/huy/ros2_ws/install/custo_msgs/include/custo_msgs/custo_msgs
-- Up-to-date: /home/huy/ros2_ws/install/custo_msgs/include/custo_msgs/custo_msgs/msg
-- Up-to-date: /home/huy/ros2_ws/install/custo_msgs/include/custo_msgs/custo_msgs/msg/detail
-- Up-to-date: /home/huy/ros2_ws/install/custo_msgs/include/custo_msgs/custo_msgs/msg/detail/the_ultimate_msg__rosidl_typesupport_introspection_c.h
-- Up-to-date: /home/huy/ros2_ws/install/custo_msgs/include/custo_msgs/custo_msgs/msg/detail/the_ultimate_msg__type_support.c
-- Up-to-date: /home/huy/ros2_ws/install/custo_msgs/include/custo_msgs/custo_msgs/msg/rosidl_typesupport_introspection_c__visibility_control.h
-- Up-to-date: /home/huy/ros2_ws/install/custo_msgs/lib/libcusto_msgs__rosidl_typesupport_introspection_c.so
-- Up-to-date: /home/huy/ros2_ws/install/custo_msgs/lib/libcusto_msgs__rosidl_typesupport_c.so
-- Up-to-date: /home/huy/ros2_ws/install/custo_msgs/include/custo_msgs/custo_msgs
-- Up-to-date: /home/huy/ros2_ws/install/custo_msgs/include/custo_msgs/custo_msgs/msg
-- Up-to-date: /home/huy/ros2_ws/install/custo_msgs/include/custo_msgs/custo_msgs/msg/rosidl_generator_cpp__visibility_control.hpp
-- Up-to-date: /home/huy/ros2_ws/install/custo_msgs/include/custo_msgs/custo_msgs/msg/detail
-- Up-to-date: /home/huy/ros2_ws/install/custo_msgs/include/custo_msgs/custo_msgs/msg/detail/the_ultimate_msg__struct.hpp
-- Up-to-date: /home/huy/ros2_ws/install/custo_msgs/include/custo_msgs/custo_msgs/msg/detail/the_ultimate_msg__traits.hpp
-- Up-to-date: /home/huy/ros2_ws/install/custo_msgs/include/custo_msgs/custo_msgs/msg/detail/the_ultimate_msg__builder.hpp
-- Up-to-date: /home/huy/ros2_ws/install/custo_msgs/include/custo_msgs/custo_msgs/msg/detail/the_ultimate_msg__type_support.hpp
-- Up-to-date: /home/huy/ros2_ws/install/custo_msgs/include/custo_msgs/custo_msgs/msg/the_ultimate_msg.hpp
-- Up-to-date: /home/huy/ros2_ws/install/custo_msgs/include/custo_msgs/custo_msgs
-- Up-to-date: /home/huy/ros2_ws/install/custo_msgs/include/custo_msgs/custo_msgs/msg
-- Up-to-date: /home/huy/ros2_ws/install/custo_msgs/include/custo_msgs/custo_msgs/msg/detail
-- Up-to-date: /home/huy/ros2_ws/install/custo_msgs/include/custo_msgs/custo_msgs/msg/detail/the_ultimate_msg__rosidl_typesupport_fastrtps_cpp.hpp
-- Up-to-date: /home/huy/ros2_ws/install/custo_msgs/include/custo_msgs/custo_msgs/msg/detail/dds_fastrtps
-- Up-to-date: /home/huy/ros2_ws/install/custo_msgs/include/custo_msgs/custo_msgs/msg/rosidl_typesupport_fastrtps_cpp__visibility_control.h
-- Up-to-date: /home/huy/ros2_ws/install/custo_msgs/lib/libcusto_msgs__rosidl_typesupport_fastrtps_cpp.so
-- Up-to-date: /home/huy/ros2_ws/install/custo_msgs/include/custo_msgs/custo_msgs
-- Up-to-date: /home/huy/ros2_ws/install/custo_msgs/include/custo_msgs/custo_msgs/msg
-- Up-to-date: /home/huy/ros2_ws/install/custo_msgs/include/custo_msgs/custo_msgs/msg/detail
-- Up-to-date: /home/huy/ros2_ws/install/custo_msgs/include/custo_msgs/custo_msgs/msg/detail/the_ultimate_msg__rosidl_typesupport_introspection_cpp.hpp
-- Up-to-date: /home/huy/ros2_ws/install/custo_msgs/include/custo_msgs/custo_msgs/msg/detail/the_ultimate_msg__type_support.cpp
-- Up-to-date: /home/huy/ros2_ws/install/custo_msgs/lib/libcusto_msgs__rosidl_typesupport_introspection_cpp.so
-- Up-to-date: /home/huy/ros2_ws/install/custo_msgs/lib/libcusto_msgs__rosidl_typesupport_cpp.so
-- Up-to-date: /home/huy/ros2_ws/install/custo_msgs/share/custo_msgs/environment/pythonpath.sh
-- Up-to-date: /home/huy/ros2_ws/install/custo_msgs/share/custo_msgs/environment/pythonpath.dsv
-- Up-to-date: /home/huy/ros2_ws/install/custo_msgs/local/lib/python3.10/dist-packages/custo_msgs-0.0.0-py3.10.egg-info
-- Installing: /home/huy/ros2_ws/install/custo_msgs/local/lib/python3.10/dist-packages/custo_msgs-0.0.0-py3.10.egg-info/PKG-INFO
-- Installing: /home/huy/ros2_ws/install/custo_msgs/local/lib/python3.10/dist-packages/custo_msgs-0.0.0-py3.10.egg-info/SOURCES.txt
-- Installing: /home/huy/ros2_ws/install/custo_msgs/local/lib/python3.10/dist-packages/custo_msgs-0.0.0-py3.10.egg-info/top_level.txt
-- Installing: /home/huy/ros2_ws/install/custo_msgs/local/lib/python3.10/dist-packages/custo_msgs-0.0.0-py3.10.egg-info/dependency_links.txt
-- Up-to-date: /home/huy/ros2_ws/install/custo_msgs/local/lib/python3.10/dist-packages/custo_msgs
-- Up-to-date: /home/huy/ros2_ws/install/custo_msgs/local/lib/python3.10/dist-packages/custo_msgs/_custo_msgs_s.ep.rosidl_typesupport_fastrtps_c.c
-- Up-to-date: /home/huy/ros2_ws/install/custo_msgs/local/lib/python3.10/dist-packages/custo_msgs/custo_msgs_s__rosidl_typesupport_introspection_c.cpython-310-x86_64-linux-gnu.so
-- Up-to-date: /home/huy/ros2_ws/install/custo_msgs/local/lib/python3.10/dist-packages/custo_msgs/libcusto_msgs__rosidl_generator_py.so
-- Up-to-date: /home/huy/ros2_ws/install/custo_msgs/local/lib/python3.10/dist-packages/custo_msgs/custo_msgs_s__rosidl_typesupport_c.cpython-310-x86_64-linux-gnu.so
-- Up-to-date: /home/huy/ros2_ws/install/custo_msgs/local/lib/python3.10/dist-packages/custo_msgs/msg
-- Up-to-date: /home/huy/ros2_ws/install/custo_msgs/local/lib/python3.10/dist-packages/custo_msgs/msg/_the_ultimate_msg_s.c
-- Up-to-date: /home/huy/ros2_ws/install/custo_msgs/local/lib/python3.10/dist-packages/custo_msgs/msg/__init__.py
-- Up-to-date: /home/huy/ros2_ws/install/custo_msgs/local/lib/python3.10/dist-packages/custo_msgs/msg/_the_ultimate_msg.py
-- Up-to-date: /home/huy/ros2_ws/install/custo_msgs/local/lib/python3.10/dist-packages/custo_msgs/__init__.py
-- Up-to-date: /home/huy/ros2_ws/install/custo_msgs/local/lib/python3.10/dist-packages/custo_msgs/custo_msgs_s__rosidl_typesupport_fastrtps_c.cpython-310-x86_64-linux-gnu.so
-- Up-to-date: /home/huy/ros2_ws/install/custo_msgs/local/lib/python3.10/dist-packages/custo_msgs/_custo_msgs_s.ep.rosidl_typesupport_introspection_c.c
-- Up-to-date: /home/huy/ros2_ws/install/custo_msgs/local/lib/python3.10/dist-packages/custo_msgs/_custo_msgs_s.ep.rosidl_typesupport_c.c
Listing '/home/huy/ros2_ws/install/custo_msgs/local/lib/python3.10/dist-packages/custo_msgs'...
Listing '/home/huy/ros2_ws/install/custo_msgs/local/lib/python3.10/dist-packages/custo_msgs/msg'...
-- Up-to-date: /home/huy/ros2_ws/install/custo_msgs/local/lib/python3.10/dist-packages/custo_msgs/custo_msgs_s__rosidl_typesupport_fastrtps_c.cpython-310-x86_64-linux-gnu.so
-- Up-to-date: /home/huy/ros2_ws/install/custo_msgs/local/lib/python3.10/dist-packages/custo_msgs/custo_msgs_s__rosidl_typesupport_introspection_c.cpython-310-x86_64-linux-gnu.so
-- Up-to-date: /home/huy/ros2_ws/install/custo_msgs/local/lib/python3.10/dist-packages/custo_msgs/custo_msgs_s__rosidl_typesupport_c.cpython-310-x86_64-linux-gnu.so
-- Up-to-date: /home/huy/ros2_ws/install/custo_msgs/lib/libcusto_msgs__rosidl_generator_py.so
-- Up-to-date: /home/huy/ros2_ws/install/custo_msgs/share/custo_msgs/msg/TheUltimateMsg.idl
-- Up-to-date: /home/huy/ros2_ws/install/custo_msgs/share/custo_msgs/msg/TheUltimateMsg.msg
-- Up-to-date: /home/huy/ros2_ws/install/custo_msgs/share/ament_index/resource_index/package_run_dependencies/custo_msgs
-- Up-to-date: /home/huy/ros2_ws/install/custo_msgs/share/ament_index/resource_index/parent_prefix_path/custo_msgs
-- Up-to-date: /home/huy/ros2_ws/install/custo_msgs/share/custo_msgs/environment/ament_prefix_path.sh
-- Up-to-date: /home/huy/ros2_ws/install/custo_msgs/share/custo_msgs/environment/ament_prefix_path.dsv
-- Up-to-date: /home/huy/ros2_ws/install/custo_msgs/share/custo_msgs/environment/path.sh
-- Up-to-date: /home/huy/ros2_ws/install/custo_msgs/share/custo_msgs/environment/path.dsv
-- Up-to-date: /home/huy/ros2_ws/install/custo_msgs/share/custo_msgs/local_setup.bash
-- Up-to-date: /home/huy/ros2_ws/install/custo_msgs/share/custo_msgs/local_setup.sh
-- Up-to-date: /home/huy/ros2_ws/install/custo_msgs/share/custo_msgs/local_setup.zsh
-- Up-to-date: /home/huy/ros2_ws/install/custo_msgs/share/custo_msgs/local_setup.dsv
-- Installing: /home/huy/ros2_ws/install/custo_msgs/share/custo_msgs/package.dsv
-- Up-to-date: /home/huy/ros2_ws/install/custo_msgs/share/ament_index/resource_index/packages/custo_msgs
-- Up-to-date: /home/huy/ros2_ws/install/custo_msgs/share/custo_msgs/cmake/export_custo_msgs__rosidl_generator_cExport.cmake
-- Up-to-date: /home/huy/ros2_ws/install/custo_msgs/share/custo_msgs/cmake/export_custo_msgs__rosidl_generator_cExport-noconfig.cmake
-- Up-to-date: /home/huy/ros2_ws/install/custo_msgs/share/custo_msgs/cmake/export_custo_msgs__rosidl_typesupport_fastrtps_cExport.cmake
-- Up-to-date: /home/huy/ros2_ws/install/custo_msgs/share/custo_msgs/cmake/export_custo_msgs__rosidl_typesupport_fastrtps_cExport-noconfig.cmake
-- Up-to-date: /home/huy/ros2_ws/install/custo_msgs/share/custo_msgs/cmake/custo_msgs__rosidl_typesupport_introspection_cExport.cmake
-- Up-to-date: /home/huy/ros2_ws/install/custo_msgs/share/custo_msgs/cmake/custo_msgs__rosidl_typesupport_introspection_cExport-noconfig.cmake
-- Up-to-date: /home/huy/ros2_ws/install/custo_msgs/share/custo_msgs/cmake/custo_msgs__rosidl_typesupport_cExport.cmake
-- Up-to-date: /home/huy/ros2_ws/install/custo_msgs/share/custo_msgs/cmake/custo_msgs__rosidl_typesupport_cExport-noconfig.cmake
-- Up-to-date: /home/huy/ros2_ws/install/custo_msgs/share/custo_msgs/cmake/export_custo_msgs__rosidl_generator_cppExport.cmake
-- Up-to-date: /home/huy/ros2_ws/install/custo_msgs/share/custo_msgs/cmake/export_custo_msgs__rosidl_typesupport_fastrtps_cppExport.cmake
-- Up-to-date: /home/huy/ros2_ws/install/custo_msgs/share/custo_msgs/cmake/export_custo_msgs__rosidl_typesupport_fastrtps_cppExport-noconfig.cmake
-- Up-to-date: /home/huy/ros2_ws/install/custo_msgs/share/custo_msgs/cmake/custo_msgs__rosidl_typesupport_introspection_cppExport.cmake
-- Up-to-date: /home/huy/ros2_ws/install/custo_msgs/share/custo_msgs/cmake/custo_msgs__rosidl_typesupport_introspection_cppExport-noconfig.cmake
-- Up-to-date: /home/huy/ros2_ws/install/custo_msgs/share/custo_msgs/cmake/custo_msgs__rosidl_typesupport_cppExport.cmake
-- Up-to-date: /home/huy/ros2_ws/install/custo_msgs/share/custo_msgs/cmake/custo_msgs__rosidl_typesupport_cppExport-noconfig.cmake
-- Up-to-date: /home/huy/ros2_ws/install/custo_msgs/share/custo_msgs/cmake/export_custo_msgs__rosidl_generator_pyExport.cmake
-- Up-to-date: /home/huy/ros2_ws/install/custo_msgs/share/custo_msgs/cmake/export_custo_msgs__rosidl_generator_pyExport-noconfig.cmake
-- Up-to-date: /home/huy/ros2_ws/install/custo_msgs/share/custo_msgs/cmake/rosidl_cmake-extras.cmake
-- Up-to-date: /home/huy/ros2_ws/install/custo_msgs/share/custo_msgs/cmake/ament_cmake_export_include_directories-extras.cmake
-- Up-to-date: /home/huy/ros2_ws/install/custo_msgs/share/custo_msgs/cmake/ament_cmake_export_libraries-extras.cmake
-- Up-to-date: /home/huy/ros2_ws/install/custo_msgs/share/custo_msgs/cmake/ament_cmake_export_targets-extras.cmake
-- Up-to-date: /home/huy/ros2_ws/install/custo_msgs/share/custo_msgs/cmake/rosidl_cmake_export_typesupport_targets-extras.cmake
-- Up-to-date: /home/huy/ros2_ws/install/custo_msgs/share/custo_msgs/cmake/ament_cmake_export_dependencies-extras.cmake
-- Up-to-date: /home/huy/ros2_ws/install/custo_msgs/share/custo_msgs/cmake/rosidl_cmake_export_typesupport_libraries-extras.cmake
-- Up-to-date: /home/huy/ros2_ws/install/custo_msgs/share/custo_msgs/cmake/custo_msgsConfig.cmake
-- Up-to-date: /home/huy/ros2_ws/install/custo_msgs/share/custo_msgs/cmake/custo_msgsConfig-version.cmake
-- Up-to-date: /home/huy/ros2_ws/install/custo_msgs/share/custo_msgs/package.xml
