[0.015s] Invoking command in '/home/huy/ros2_ws/build/custo_msgs': CMAKE_PREFIX_PATH=${CMAKE_PREFIX_PATH}:/home/huy/ros2_ws/install/example_pkg:/home/huy/ros2_ws/install/ps4_controller:/opt/ros/humble /usr/bin/cmake --build /home/huy/ros2_ws/build/custo_msgs -- -j16 -l16
[0.235s] [35m[1mConsolidate compiler generated dependencies of target custo_msgs__rosidl_generator_c[0m
[0.236s] [  3%] Built target custo_msgs__cpp
[0.236s] [ 12%] Built target custo_msgs__rosidl_generator_c
[0.236s] [35m[1mConsolidate compiler generated dependencies of target custo_msgs__rosidl_typesupport_introspection_c[0m
[0.236s] [35m[1mConsolidate compiler generated dependencies of target custo_msgs__rosidl_typesupport_cpp[0m
[0.236s] [35m[1mConsolidate compiler generated dependencies of target custo_msgs__rosidl_typesupport_fastrtps_c[0m
[0.236s] [35m[1mConsolidate compiler generated dependencies of target custo_msgs__rosidl_typesupport_c[0m
[0.236s] [35m[1mConsolidate compiler generated dependencies of target custo_msgs__rosidl_typesupport_fastrtps_cpp[0m
[0.236s] [35m[1mConsolidate compiler generated dependencies of target custo_msgs__rosidl_typesupport_introspection_cpp[0m
[0.236s] [ 12%] Built target ament_cmake_python_copy_custo_msgs
[0.236s] [ 38%] Built target custo_msgs__rosidl_typesupport_fastrtps_c
[0.236s] [ 45%] Built target custo_msgs__rosidl_typesupport_cpp
[0.236s] [ 48%] Built target custo_msgs__rosidl_typesupport_introspection_c
[0.236s] [ 51%] Built target custo_msgs__rosidl_typesupport_introspection_cpp
[0.236s] [ 61%] Built target custo_msgs__rosidl_typesupport_fastrtps_cpp
[0.236s] [ 70%] Built target custo_msgs__rosidl_typesupport_c
[0.237s] [ 70%] Built target custo_msgs
[0.237s] [ 74%] Built target custo_msgs__py
[0.237s] [35m[1mConsolidate compiler generated dependencies of target custo_msgs__rosidl_generator_py[0m
[0.237s] [ 80%] Built target custo_msgs__rosidl_generator_py
[0.237s] [35m[1mConsolidate compiler generated dependencies of target custo_msgs__rosidl_typesupport_introspection_c__pyext[0m
[0.237s] [35m[1mConsolidate compiler generated dependencies of target custo_msgs__rosidl_typesupport_c__pyext[0m
[0.237s] [35m[1mConsolidate compiler generated dependencies of target custo_msgs__rosidl_typesupport_fastrtps_c__pyext[0m
[0.237s] [ 96%] Built target custo_msgs__rosidl_typesupport_fastrtps_c__pyext
[0.237s] [ 96%] Built target custo_msgs__rosidl_typesupport_introspection_c__pyext
[0.237s] [100%] Built target custo_msgs__rosidl_typesupport_c__pyext
[0.281s] running egg_info
[0.282s] writing custo_msgs.egg-info/PKG-INFO
[0.282s] writing dependency_links to custo_msgs.egg-info/dependency_links.txt
[0.282s] writing top-level names to custo_msgs.egg-info/top_level.txt
[0.284s] reading manifest file 'custo_msgs.egg-info/SOURCES.txt'
[0.284s] writing manifest file 'custo_msgs.egg-info/SOURCES.txt'
[0.308s] [100%] Built target ament_cmake_python_build_custo_msgs_egg
[0.446s] Invoked command in '/home/huy/ros2_ws/build/custo_msgs' returned '0': CMAKE_PREFIX_PATH=${CMAKE_PREFIX_PATH}:/home/huy/ros2_ws/install/example_pkg:/home/huy/ros2_ws/install/ps4_controller:/opt/ros/humble /usr/bin/cmake --build /home/huy/ros2_ws/build/custo_msgs -- -j16 -l16
[0.456s] Invoking command in '/home/huy/ros2_ws/build/custo_msgs': CMAKE_PREFIX_PATH=${CMAKE_PREFIX_PATH}:/home/huy/ros2_ws/install/example_pkg:/home/huy/ros2_ws/install/ps4_controller:/opt/ros/humble /usr/bin/cmake --install /home/huy/ros2_ws/build/custo_msgs
[0.463s] -- Install configuration: ""
[0.463s] -- Up-to-date: /home/huy/ros2_ws/install/custo_msgs/share/ament_index/resource_index/rosidl_interfaces/custo_msgs
[0.463s] -- Up-to-date: /home/huy/ros2_ws/install/custo_msgs/include/custo_msgs/custo_msgs
[0.463s] -- Up-to-date: /home/huy/ros2_ws/install/custo_msgs/include/custo_msgs/custo_msgs/msg
[0.463s] -- Up-to-date: /home/huy/ros2_ws/install/custo_msgs/include/custo_msgs/custo_msgs/msg/rosidl_generator_c__visibility_control.h
[0.463s] -- Up-to-date: /home/huy/ros2_ws/install/custo_msgs/include/custo_msgs/custo_msgs/msg/detail
[0.463s] -- Up-to-date: /home/huy/ros2_ws/install/custo_msgs/include/custo_msgs/custo_msgs/msg/detail/the_ultimate_msg__type_support.h
[0.463s] -- Up-to-date: /home/huy/ros2_ws/install/custo_msgs/include/custo_msgs/custo_msgs/msg/detail/the_ultimate_msg__struct.h
[0.464s] -- Up-to-date: /home/huy/ros2_ws/install/custo_msgs/include/custo_msgs/custo_msgs/msg/detail/the_ultimate_msg__functions.c
[0.464s] -- Up-to-date: /home/huy/ros2_ws/install/custo_msgs/include/custo_msgs/custo_msgs/msg/detail/the_ultimate_msg__functions.h
[0.464s] -- Up-to-date: /home/huy/ros2_ws/install/custo_msgs/include/custo_msgs/custo_msgs/msg/the_ultimate_msg.h
[0.464s] -- Up-to-date: /home/huy/ros2_ws/install/custo_msgs/share/custo_msgs/environment/library_path.sh
[0.464s] -- Up-to-date: /home/huy/ros2_ws/install/custo_msgs/share/custo_msgs/environment/library_path.dsv
[0.464s] -- Up-to-date: /home/huy/ros2_ws/install/custo_msgs/lib/libcusto_msgs__rosidl_generator_c.so
[0.464s] -- Up-to-date: /home/huy/ros2_ws/install/custo_msgs/include/custo_msgs/custo_msgs
[0.464s] -- Up-to-date: /home/huy/ros2_ws/install/custo_msgs/include/custo_msgs/custo_msgs/msg
[0.464s] -- Up-to-date: /home/huy/ros2_ws/install/custo_msgs/include/custo_msgs/custo_msgs/msg/detail
[0.464s] -- Up-to-date: /home/huy/ros2_ws/install/custo_msgs/include/custo_msgs/custo_msgs/msg/detail/the_ultimate_msg__rosidl_typesupport_fastrtps_c.h
[0.464s] -- Up-to-date: /home/huy/ros2_ws/install/custo_msgs/include/custo_msgs/custo_msgs/msg/rosidl_typesupport_fastrtps_c__visibility_control.h
[0.464s] -- Up-to-date: /home/huy/ros2_ws/install/custo_msgs/lib/libcusto_msgs__rosidl_typesupport_fastrtps_c.so
[0.464s] -- Up-to-date: /home/huy/ros2_ws/install/custo_msgs/include/custo_msgs/custo_msgs
[0.464s] -- Up-to-date: /home/huy/ros2_ws/install/custo_msgs/include/custo_msgs/custo_msgs/msg
[0.464s] -- Up-to-date: /home/huy/ros2_ws/install/custo_msgs/include/custo_msgs/custo_msgs/msg/detail
[0.465s] -- Up-to-date: /home/huy/ros2_ws/install/custo_msgs/include/custo_msgs/custo_msgs/msg/detail/the_ultimate_msg__rosidl_typesupport_introspection_c.h
[0.465s] -- Up-to-date: /home/huy/ros2_ws/install/custo_msgs/include/custo_msgs/custo_msgs/msg/detail/the_ultimate_msg__type_support.c
[0.465s] -- Up-to-date: /home/huy/ros2_ws/install/custo_msgs/include/custo_msgs/custo_msgs/msg/rosidl_typesupport_introspection_c__visibility_control.h
[0.465s] -- Up-to-date: /home/huy/ros2_ws/install/custo_msgs/lib/libcusto_msgs__rosidl_typesupport_introspection_c.so
[0.465s] -- Up-to-date: /home/huy/ros2_ws/install/custo_msgs/lib/libcusto_msgs__rosidl_typesupport_c.so
[0.465s] -- Up-to-date: /home/huy/ros2_ws/install/custo_msgs/include/custo_msgs/custo_msgs
[0.465s] -- Up-to-date: /home/huy/ros2_ws/install/custo_msgs/include/custo_msgs/custo_msgs/msg
[0.465s] -- Up-to-date: /home/huy/ros2_ws/install/custo_msgs/include/custo_msgs/custo_msgs/msg/rosidl_generator_cpp__visibility_control.hpp
[0.465s] -- Up-to-date: /home/huy/ros2_ws/install/custo_msgs/include/custo_msgs/custo_msgs/msg/detail
[0.465s] -- Up-to-date: /home/huy/ros2_ws/install/custo_msgs/include/custo_msgs/custo_msgs/msg/detail/the_ultimate_msg__struct.hpp
[0.465s] -- Up-to-date: /home/huy/ros2_ws/install/custo_msgs/include/custo_msgs/custo_msgs/msg/detail/the_ultimate_msg__traits.hpp
[0.465s] -- Up-to-date: /home/huy/ros2_ws/install/custo_msgs/include/custo_msgs/custo_msgs/msg/detail/the_ultimate_msg__builder.hpp
[0.465s] -- Up-to-date: /home/huy/ros2_ws/install/custo_msgs/include/custo_msgs/custo_msgs/msg/detail/the_ultimate_msg__type_support.hpp
[0.465s] -- Up-to-date: /home/huy/ros2_ws/install/custo_msgs/include/custo_msgs/custo_msgs/msg/the_ultimate_msg.hpp
[0.465s] -- Up-to-date: /home/huy/ros2_ws/install/custo_msgs/include/custo_msgs/custo_msgs
[0.466s] -- Up-to-date: /home/huy/ros2_ws/install/custo_msgs/include/custo_msgs/custo_msgs/msg
[0.466s] -- Up-to-date: /home/huy/ros2_ws/install/custo_msgs/include/custo_msgs/custo_msgs/msg/detail
[0.466s] -- Up-to-date: /home/huy/ros2_ws/install/custo_msgs/include/custo_msgs/custo_msgs/msg/detail/the_ultimate_msg__rosidl_typesupport_fastrtps_cpp.hpp
[0.466s] -- Up-to-date: /home/huy/ros2_ws/install/custo_msgs/include/custo_msgs/custo_msgs/msg/detail/dds_fastrtps
[0.466s] -- Up-to-date: /home/huy/ros2_ws/install/custo_msgs/include/custo_msgs/custo_msgs/msg/rosidl_typesupport_fastrtps_cpp__visibility_control.h
[0.466s] -- Up-to-date: /home/huy/ros2_ws/install/custo_msgs/lib/libcusto_msgs__rosidl_typesupport_fastrtps_cpp.so
[0.466s] -- Up-to-date: /home/huy/ros2_ws/install/custo_msgs/include/custo_msgs/custo_msgs
[0.466s] -- Up-to-date: /home/huy/ros2_ws/install/custo_msgs/include/custo_msgs/custo_msgs/msg
[0.466s] -- Up-to-date: /home/huy/ros2_ws/install/custo_msgs/include/custo_msgs/custo_msgs/msg/detail
[0.466s] -- Up-to-date: /home/huy/ros2_ws/install/custo_msgs/include/custo_msgs/custo_msgs/msg/detail/the_ultimate_msg__rosidl_typesupport_introspection_cpp.hpp
[0.466s] -- Up-to-date: /home/huy/ros2_ws/install/custo_msgs/include/custo_msgs/custo_msgs/msg/detail/the_ultimate_msg__type_support.cpp
[0.466s] -- Up-to-date: /home/huy/ros2_ws/install/custo_msgs/lib/libcusto_msgs__rosidl_typesupport_introspection_cpp.so
[0.466s] -- Up-to-date: /home/huy/ros2_ws/install/custo_msgs/lib/libcusto_msgs__rosidl_typesupport_cpp.so
[0.466s] -- Up-to-date: /home/huy/ros2_ws/install/custo_msgs/share/custo_msgs/environment/pythonpath.sh
[0.466s] -- Up-to-date: /home/huy/ros2_ws/install/custo_msgs/share/custo_msgs/environment/pythonpath.dsv
[0.467s] -- Up-to-date: /home/huy/ros2_ws/install/custo_msgs/local/lib/python3.10/dist-packages/custo_msgs-0.0.0-py3.10.egg-info
[0.467s] -- Installing: /home/huy/ros2_ws/install/custo_msgs/local/lib/python3.10/dist-packages/custo_msgs-0.0.0-py3.10.egg-info/PKG-INFO
[0.467s] -- Installing: /home/huy/ros2_ws/install/custo_msgs/local/lib/python3.10/dist-packages/custo_msgs-0.0.0-py3.10.egg-info/SOURCES.txt
[0.467s] -- Installing: /home/huy/ros2_ws/install/custo_msgs/local/lib/python3.10/dist-packages/custo_msgs-0.0.0-py3.10.egg-info/top_level.txt
[0.467s] -- Installing: /home/huy/ros2_ws/install/custo_msgs/local/lib/python3.10/dist-packages/custo_msgs-0.0.0-py3.10.egg-info/dependency_links.txt
[0.467s] -- Up-to-date: /home/huy/ros2_ws/install/custo_msgs/local/lib/python3.10/dist-packages/custo_msgs
[0.467s] -- Up-to-date: /home/huy/ros2_ws/install/custo_msgs/local/lib/python3.10/dist-packages/custo_msgs/_custo_msgs_s.ep.rosidl_typesupport_fastrtps_c.c
[0.468s] -- Up-to-date: /home/huy/ros2_ws/install/custo_msgs/local/lib/python3.10/dist-packages/custo_msgs/custo_msgs_s__rosidl_typesupport_introspection_c.cpython-310-x86_64-linux-gnu.so
[0.468s] -- Up-to-date: /home/huy/ros2_ws/install/custo_msgs/local/lib/python3.10/dist-packages/custo_msgs/libcusto_msgs__rosidl_generator_py.so
[0.468s] -- Up-to-date: /home/huy/ros2_ws/install/custo_msgs/local/lib/python3.10/dist-packages/custo_msgs/custo_msgs_s__rosidl_typesupport_c.cpython-310-x86_64-linux-gnu.so
[0.468s] -- Up-to-date: /home/huy/ros2_ws/install/custo_msgs/local/lib/python3.10/dist-packages/custo_msgs/msg
[0.468s] -- Up-to-date: /home/huy/ros2_ws/install/custo_msgs/local/lib/python3.10/dist-packages/custo_msgs/msg/_the_ultimate_msg_s.c
[0.468s] -- Up-to-date: /home/huy/ros2_ws/install/custo_msgs/local/lib/python3.10/dist-packages/custo_msgs/msg/__init__.py
[0.468s] -- Up-to-date: /home/huy/ros2_ws/install/custo_msgs/local/lib/python3.10/dist-packages/custo_msgs/msg/_the_ultimate_msg.py
[0.468s] -- Up-to-date: /home/huy/ros2_ws/install/custo_msgs/local/lib/python3.10/dist-packages/custo_msgs/__init__.py
[0.468s] -- Up-to-date: /home/huy/ros2_ws/install/custo_msgs/local/lib/python3.10/dist-packages/custo_msgs/custo_msgs_s__rosidl_typesupport_fastrtps_c.cpython-310-x86_64-linux-gnu.so
[0.468s] -- Up-to-date: /home/huy/ros2_ws/install/custo_msgs/local/lib/python3.10/dist-packages/custo_msgs/_custo_msgs_s.ep.rosidl_typesupport_introspection_c.c
[0.468s] -- Up-to-date: /home/huy/ros2_ws/install/custo_msgs/local/lib/python3.10/dist-packages/custo_msgs/_custo_msgs_s.ep.rosidl_typesupport_c.c
[0.496s] Listing '/home/huy/ros2_ws/install/custo_msgs/local/lib/python3.10/dist-packages/custo_msgs'...
[0.497s] Listing '/home/huy/ros2_ws/install/custo_msgs/local/lib/python3.10/dist-packages/custo_msgs/msg'...
[0.500s] -- Up-to-date: /home/huy/ros2_ws/install/custo_msgs/local/lib/python3.10/dist-packages/custo_msgs/custo_msgs_s__rosidl_typesupport_fastrtps_c.cpython-310-x86_64-linux-gnu.so
[0.501s] -- Up-to-date: /home/huy/ros2_ws/install/custo_msgs/local/lib/python3.10/dist-packages/custo_msgs/custo_msgs_s__rosidl_typesupport_introspection_c.cpython-310-x86_64-linux-gnu.so
[0.501s] -- Up-to-date: /home/huy/ros2_ws/install/custo_msgs/local/lib/python3.10/dist-packages/custo_msgs/custo_msgs_s__rosidl_typesupport_c.cpython-310-x86_64-linux-gnu.so
[0.501s] -- Up-to-date: /home/huy/ros2_ws/install/custo_msgs/lib/libcusto_msgs__rosidl_generator_py.so
[0.502s] -- Up-to-date: /home/huy/ros2_ws/install/custo_msgs/share/custo_msgs/msg/TheUltimateMsg.idl
[0.502s] -- Up-to-date: /home/huy/ros2_ws/install/custo_msgs/share/custo_msgs/msg/TheUltimateMsg.msg
[0.502s] -- Up-to-date: /home/huy/ros2_ws/install/custo_msgs/share/ament_index/resource_index/package_run_dependencies/custo_msgs
[0.502s] -- Up-to-date: /home/huy/ros2_ws/install/custo_msgs/share/ament_index/resource_index/parent_prefix_path/custo_msgs
[0.502s] -- Up-to-date: /home/huy/ros2_ws/install/custo_msgs/share/custo_msgs/environment/ament_prefix_path.sh
[0.502s] -- Up-to-date: /home/huy/ros2_ws/install/custo_msgs/share/custo_msgs/environment/ament_prefix_path.dsv
[0.502s] -- Up-to-date: /home/huy/ros2_ws/install/custo_msgs/share/custo_msgs/environment/path.sh
[0.502s] -- Up-to-date: /home/huy/ros2_ws/install/custo_msgs/share/custo_msgs/environment/path.dsv
[0.502s] -- Up-to-date: /home/huy/ros2_ws/install/custo_msgs/share/custo_msgs/local_setup.bash
[0.502s] -- Up-to-date: /home/huy/ros2_ws/install/custo_msgs/share/custo_msgs/local_setup.sh
[0.502s] -- Up-to-date: /home/huy/ros2_ws/install/custo_msgs/share/custo_msgs/local_setup.zsh
[0.502s] -- Up-to-date: /home/huy/ros2_ws/install/custo_msgs/share/custo_msgs/local_setup.dsv
[0.503s] -- Installing: /home/huy/ros2_ws/install/custo_msgs/share/custo_msgs/package.dsv
[0.503s] -- Up-to-date: /home/huy/ros2_ws/install/custo_msgs/share/ament_index/resource_index/packages/custo_msgs
[0.503s] -- Up-to-date: /home/huy/ros2_ws/install/custo_msgs/share/custo_msgs/cmake/export_custo_msgs__rosidl_generator_cExport.cmake
[0.503s] -- Up-to-date: /home/huy/ros2_ws/install/custo_msgs/share/custo_msgs/cmake/export_custo_msgs__rosidl_generator_cExport-noconfig.cmake
[0.503s] -- Up-to-date: /home/huy/ros2_ws/install/custo_msgs/share/custo_msgs/cmake/export_custo_msgs__rosidl_typesupport_fastrtps_cExport.cmake
[0.503s] -- Up-to-date: /home/huy/ros2_ws/install/custo_msgs/share/custo_msgs/cmake/export_custo_msgs__rosidl_typesupport_fastrtps_cExport-noconfig.cmake
[0.503s] -- Up-to-date: /home/huy/ros2_ws/install/custo_msgs/share/custo_msgs/cmake/custo_msgs__rosidl_typesupport_introspection_cExport.cmake
[0.503s] -- Up-to-date: /home/huy/ros2_ws/install/custo_msgs/share/custo_msgs/cmake/custo_msgs__rosidl_typesupport_introspection_cExport-noconfig.cmake
[0.503s] -- Up-to-date: /home/huy/ros2_ws/install/custo_msgs/share/custo_msgs/cmake/custo_msgs__rosidl_typesupport_cExport.cmake
[0.503s] -- Up-to-date: /home/huy/ros2_ws/install/custo_msgs/share/custo_msgs/cmake/custo_msgs__rosidl_typesupport_cExport-noconfig.cmake
[0.503s] -- Up-to-date: /home/huy/ros2_ws/install/custo_msgs/share/custo_msgs/cmake/export_custo_msgs__rosidl_generator_cppExport.cmake
[0.503s] -- Up-to-date: /home/huy/ros2_ws/install/custo_msgs/share/custo_msgs/cmake/export_custo_msgs__rosidl_typesupport_fastrtps_cppExport.cmake
[0.503s] -- Up-to-date: /home/huy/ros2_ws/install/custo_msgs/share/custo_msgs/cmake/export_custo_msgs__rosidl_typesupport_fastrtps_cppExport-noconfig.cmake
[0.503s] -- Up-to-date: /home/huy/ros2_ws/install/custo_msgs/share/custo_msgs/cmake/custo_msgs__rosidl_typesupport_introspection_cppExport.cmake
[0.503s] -- Up-to-date: /home/huy/ros2_ws/install/custo_msgs/share/custo_msgs/cmake/custo_msgs__rosidl_typesupport_introspection_cppExport-noconfig.cmake
[0.503s] -- Up-to-date: /home/huy/ros2_ws/install/custo_msgs/share/custo_msgs/cmake/custo_msgs__rosidl_typesupport_cppExport.cmake
[0.504s] -- Up-to-date: /home/huy/ros2_ws/install/custo_msgs/share/custo_msgs/cmake/custo_msgs__rosidl_typesupport_cppExport-noconfig.cmake
[0.504s] -- Up-to-date: /home/huy/ros2_ws/install/custo_msgs/share/custo_msgs/cmake/export_custo_msgs__rosidl_generator_pyExport.cmake
[0.504s] -- Up-to-date: /home/huy/ros2_ws/install/custo_msgs/share/custo_msgs/cmake/export_custo_msgs__rosidl_generator_pyExport-noconfig.cmake
[0.504s] -- Up-to-date: /home/huy/ros2_ws/install/custo_msgs/share/custo_msgs/cmake/rosidl_cmake-extras.cmake
[0.504s] -- Up-to-date: /home/huy/ros2_ws/install/custo_msgs/share/custo_msgs/cmake/ament_cmake_export_include_directories-extras.cmake
[0.504s] -- Up-to-date: /home/huy/ros2_ws/install/custo_msgs/share/custo_msgs/cmake/ament_cmake_export_libraries-extras.cmake
[0.504s] -- Up-to-date: /home/huy/ros2_ws/install/custo_msgs/share/custo_msgs/cmake/ament_cmake_export_targets-extras.cmake
[0.504s] -- Up-to-date: /home/huy/ros2_ws/install/custo_msgs/share/custo_msgs/cmake/rosidl_cmake_export_typesupport_targets-extras.cmake
[0.504s] -- Up-to-date: /home/huy/ros2_ws/install/custo_msgs/share/custo_msgs/cmake/ament_cmake_export_dependencies-extras.cmake
[0.504s] -- Up-to-date: /home/huy/ros2_ws/install/custo_msgs/share/custo_msgs/cmake/rosidl_cmake_export_typesupport_libraries-extras.cmake
[0.504s] -- Up-to-date: /home/huy/ros2_ws/install/custo_msgs/share/custo_msgs/cmake/custo_msgsConfig.cmake
[0.504s] -- Up-to-date: /home/huy/ros2_ws/install/custo_msgs/share/custo_msgs/cmake/custo_msgsConfig-version.cmake
[0.504s] -- Up-to-date: /home/huy/ros2_ws/install/custo_msgs/share/custo_msgs/package.xml
[0.507s] Invoked command in '/home/huy/ros2_ws/build/custo_msgs' returned '0': CMAKE_PREFIX_PATH=${CMAKE_PREFIX_PATH}:/home/huy/ros2_ws/install/example_pkg:/home/huy/ros2_ws/install/ps4_controller:/opt/ros/humble /usr/bin/cmake --install /home/huy/ros2_ws/build/custo_msgs
