[0.636s] Invoking command in '/home/huy/ros2_ws/src/example_pkg': PYTHONPATH=/home/huy/ros2_ws/build/example_pkg/prefix_override:/usr/lib/python3/dist-packages/colcon_core/task/python/colcon_distutils_commands:/home/huy/ros2_ws/install/example_pkg/lib/python3.10/site-packages:${PYTHONPATH} /usr/bin/python3 -W ignore:setup.py install is deprecated -W ignore:easy_install command is deprecated setup.py egg_info --egg-base ../../build/example_pkg build --build-base /home/huy/ros2_ws/build/example_pkg/build install --record /home/huy/ros2_ws/build/example_pkg/install.log --single-version-externally-managed install_data
[0.820s] running egg_info
[0.821s] writing ../../build/example_pkg/example_pkg.egg-info/PKG-INFO
[0.821s] writing dependency_links to ../../build/example_pkg/example_pkg.egg-info/dependency_links.txt
[0.821s] writing entry points to ../../build/example_pkg/example_pkg.egg-info/entry_points.txt
[0.821s] writing requirements to ../../build/example_pkg/example_pkg.egg-info/requires.txt
[0.821s] writing top-level names to ../../build/example_pkg/example_pkg.egg-info/top_level.txt
[0.822s] reading manifest file '../../build/example_pkg/example_pkg.egg-info/SOURCES.txt'
[0.823s] writing manifest file '../../build/example_pkg/example_pkg.egg-info/SOURCES.txt'
[0.823s] running build
[0.823s] running build_py
[0.823s] running install
[0.824s] running install_lib
[0.825s] running install_data
[0.825s] running install_egg_info
[0.826s] removing '/home/huy/ros2_ws/install/example_pkg/lib/python3.10/site-packages/example_pkg-0.0.0-py3.10.egg-info' (and everything under it)
[0.826s] Copying ../../build/example_pkg/example_pkg.egg-info to /home/huy/ros2_ws/install/example_pkg/lib/python3.10/site-packages/example_pkg-0.0.0-py3.10.egg-info
[0.827s] running install_scripts
[0.844s] Installing listener script to /home/huy/ros2_ws/install/example_pkg/lib/example_pkg
[0.844s] Installing talker script to /home/huy/ros2_ws/install/example_pkg/lib/example_pkg
[0.844s] writing list of installed files to '/home/huy/ros2_ws/build/example_pkg/install.log'
[0.870s] Invoked command in '/home/huy/ros2_ws/src/example_pkg' returned '0': PYTHONPATH=/home/huy/ros2_ws/build/example_pkg/prefix_override:/usr/lib/python3/dist-packages/colcon_core/task/python/colcon_distutils_commands:/home/huy/ros2_ws/install/example_pkg/lib/python3.10/site-packages:${PYTHONPATH} /usr/bin/python3 -W ignore:setup.py install is deprecated -W ignore:easy_install command is deprecated setup.py egg_info --egg-base ../../build/example_pkg build --build-base /home/huy/ros2_ws/build/example_pkg/build install --record /home/huy/ros2_ws/build/example_pkg/install.log --single-version-externally-managed install_data
