[0.085s] DEBUG:colcon:Command line arguments: ['/usr/bin/colcon', 'build']
[0.085s] DEBUG:colcon:Parsed command line arguments: Namespace(log_base=None, log_level=None, verb_name='build', build_base='build', install_base='install', merge_install=False, symlink_install=False, test_result_base=None, continue_on_error=False, executor='parallel', parallel_workers=16, event_handlers=None, ignore_user_meta=False, metas=['./colcon.meta'], base_paths=['.'], packages_ignore=None, packages_ignore_regex=None, paths=None, packages_up_to=None, packages_up_to_regex=None, packages_above=None, packages_above_and_dependencies=None, packages_above_depth=None, packages_select_by_dep=None, packages_skip_by_dep=None, packages_skip_up_to=None, packages_select_build_failed=False, packages_skip_build_finished=False, packages_select_test_failures=False, packages_skip_test_passed=False, packages_select=None, packages_skip=None, packages_select_regex=None, packages_skip_regex=None, packages_start=None, packages_end=None, allow_overriding=[], cmake_args=None, cmake_target=None, cmake_target_skip_unavailable=False, cmake_clean_cache=False, cmake_clean_first=False, cmake_force_configure=False, ament_cmake_args=None, catkin_cmake_args=None, catkin_skip_building_tests=False, mixin_files=None, mixin=None, verb_parser=<colcon_mixin.mixin.mixin_argument.MixinArgumentDecorator object at 0x77871cd59f30>, verb_extension=<colcon_core.verb.build.BuildVerb object at 0x77871cd59990>, main=<bound method BuildVerb.main of <colcon_core.verb.build.BuildVerb object at 0x77871cd59990>>, mixin_verb=('build',))
[0.220s] Level 1:colcon.colcon_core.package_discovery:discover_packages(colcon_meta) check parameters
[0.220s] Level 1:colcon.colcon_core.package_discovery:discover_packages(recursive) check parameters
[0.220s] Level 1:colcon.colcon_core.package_discovery:discover_packages(ignore) check parameters
[0.220s] Level 1:colcon.colcon_core.package_discovery:discover_packages(path) check parameters
[0.220s] Level 1:colcon.colcon_core.package_discovery:discover_packages(colcon_meta) discover
[0.220s] Level 1:colcon.colcon_core.package_discovery:discover_packages(recursive) discover
[0.220s] INFO:colcon.colcon_core.package_discovery:Crawling recursively for packages in '/home/huy/ros2_ws'
[0.220s] Level 1:colcon.colcon_core.package_identification:_identify(.) by extensions ['ignore', 'ignore_ament_install']
[0.220s] Level 1:colcon.colcon_core.package_identification:_identify(.) by extension 'ignore'
[0.221s] Level 1:colcon.colcon_core.package_identification:_identify(.) by extension 'ignore_ament_install'
[0.221s] Level 1:colcon.colcon_core.package_identification:_identify(.) by extensions ['colcon_pkg']
[0.221s] Level 1:colcon.colcon_core.package_identification:_identify(.) by extension 'colcon_pkg'
[0.221s] Level 1:colcon.colcon_core.package_identification:_identify(.) by extensions ['colcon_meta']
[0.221s] Level 1:colcon.colcon_core.package_identification:_identify(.) by extension 'colcon_meta'
[0.221s] Level 1:colcon.colcon_core.package_identification:_identify(.) by extensions ['ros']
[0.221s] Level 1:colcon.colcon_core.package_identification:_identify(.) by extension 'ros'
[0.230s] Level 1:colcon.colcon_core.package_identification:_identify(.) by extensions ['cmake', 'python']
[0.230s] Level 1:colcon.colcon_core.package_identification:_identify(.) by extension 'cmake'
[0.230s] Level 1:colcon.colcon_core.package_identification:_identify(.) by extension 'python'
[0.230s] Level 1:colcon.colcon_core.package_identification:_identify(.) by extensions ['python_setup_py']
[0.230s] Level 1:colcon.colcon_core.package_identification:_identify(.) by extension 'python_setup_py'
[0.230s] Level 1:colcon.colcon_core.package_identification:_identify(build) by extensions ['ignore', 'ignore_ament_install']
[0.230s] Level 1:colcon.colcon_core.package_identification:_identify(build) by extension 'ignore'
[0.230s] Level 1:colcon.colcon_core.package_identification:_identify(build) ignored
[0.230s] Level 1:colcon.colcon_core.package_identification:_identify(install) by extensions ['ignore', 'ignore_ament_install']
[0.230s] Level 1:colcon.colcon_core.package_identification:_identify(install) by extension 'ignore'
[0.230s] Level 1:colcon.colcon_core.package_identification:_identify(install) ignored
[0.230s] Level 1:colcon.colcon_core.package_identification:_identify(log) by extensions ['ignore', 'ignore_ament_install']
[0.231s] Level 1:colcon.colcon_core.package_identification:_identify(log) by extension 'ignore'
[0.231s] Level 1:colcon.colcon_core.package_identification:_identify(log) ignored
[0.231s] Level 1:colcon.colcon_core.package_identification:_identify(src) by extensions ['ignore', 'ignore_ament_install']
[0.231s] Level 1:colcon.colcon_core.package_identification:_identify(src) by extension 'ignore'
[0.231s] Level 1:colcon.colcon_core.package_identification:_identify(src) by extension 'ignore_ament_install'
[0.231s] Level 1:colcon.colcon_core.package_identification:_identify(src) by extensions ['colcon_pkg']
[0.231s] Level 1:colcon.colcon_core.package_identification:_identify(src) by extension 'colcon_pkg'
[0.231s] Level 1:colcon.colcon_core.package_identification:_identify(src) by extensions ['colcon_meta']
[0.231s] Level 1:colcon.colcon_core.package_identification:_identify(src) by extension 'colcon_meta'
[0.231s] Level 1:colcon.colcon_core.package_identification:_identify(src) by extensions ['ros']
[0.231s] Level 1:colcon.colcon_core.package_identification:_identify(src) by extension 'ros'
[0.231s] Level 1:colcon.colcon_core.package_identification:_identify(src) by extensions ['cmake', 'python']
[0.231s] Level 1:colcon.colcon_core.package_identification:_identify(src) by extension 'cmake'
[0.231s] Level 1:colcon.colcon_core.package_identification:_identify(src) by extension 'python'
[0.231s] Level 1:colcon.colcon_core.package_identification:_identify(src) by extensions ['python_setup_py']
[0.231s] Level 1:colcon.colcon_core.package_identification:_identify(src) by extension 'python_setup_py'
[0.231s] Level 1:colcon.colcon_core.package_identification:_identify(src/drone) by extensions ['ignore', 'ignore_ament_install']
[0.231s] Level 1:colcon.colcon_core.package_identification:_identify(src/drone) by extension 'ignore'
[0.231s] Level 1:colcon.colcon_core.package_identification:_identify(src/drone) by extension 'ignore_ament_install'
[0.231s] Level 1:colcon.colcon_core.package_identification:_identify(src/drone) by extensions ['colcon_pkg']
[0.231s] Level 1:colcon.colcon_core.package_identification:_identify(src/drone) by extension 'colcon_pkg'
[0.231s] Level 1:colcon.colcon_core.package_identification:_identify(src/drone) by extensions ['colcon_meta']
[0.231s] Level 1:colcon.colcon_core.package_identification:_identify(src/drone) by extension 'colcon_meta'
[0.232s] Level 1:colcon.colcon_core.package_identification:_identify(src/drone) by extensions ['ros']
[0.232s] Level 1:colcon.colcon_core.package_identification:_identify(src/drone) by extension 'ros'
[0.232s] Level 1:colcon.colcon_core.package_identification:_identify(src/drone) by extensions ['cmake', 'python']
[0.232s] Level 1:colcon.colcon_core.package_identification:_identify(src/drone) by extension 'cmake'
[0.232s] Level 1:colcon.colcon_core.package_identification:_identify(src/drone) by extension 'python'
[0.232s] Level 1:colcon.colcon_core.package_identification:_identify(src/drone) by extensions ['python_setup_py']
[0.232s] Level 1:colcon.colcon_core.package_identification:_identify(src/drone) by extension 'python_setup_py'
[0.232s] Level 1:colcon.colcon_core.package_identification:_identify(src/drone/models) by extensions ['ignore', 'ignore_ament_install']
[0.232s] Level 1:colcon.colcon_core.package_identification:_identify(src/drone/models) by extension 'ignore'
[0.232s] Level 1:colcon.colcon_core.package_identification:_identify(src/drone/models) by extension 'ignore_ament_install'
[0.232s] Level 1:colcon.colcon_core.package_identification:_identify(src/drone/models) by extensions ['colcon_pkg']
[0.232s] Level 1:colcon.colcon_core.package_identification:_identify(src/drone/models) by extension 'colcon_pkg'
[0.232s] Level 1:colcon.colcon_core.package_identification:_identify(src/drone/models) by extensions ['colcon_meta']
[0.232s] Level 1:colcon.colcon_core.package_identification:_identify(src/drone/models) by extension 'colcon_meta'
[0.232s] Level 1:colcon.colcon_core.package_identification:_identify(src/drone/models) by extensions ['ros']
[0.232s] Level 1:colcon.colcon_core.package_identification:_identify(src/drone/models) by extension 'ros'
[0.232s] Level 1:colcon.colcon_core.package_identification:_identify(src/drone/models) by extensions ['cmake', 'python']
[0.232s] Level 1:colcon.colcon_core.package_identification:_identify(src/drone/models) by extension 'cmake'
[0.232s] Level 1:colcon.colcon_core.package_identification:_identify(src/drone/models) by extension 'python'
[0.232s] Level 1:colcon.colcon_core.package_identification:_identify(src/drone/models) by extensions ['python_setup_py']
[0.232s] Level 1:colcon.colcon_core.package_identification:_identify(src/drone/models) by extension 'python_setup_py'
[0.232s] Level 1:colcon.colcon_core.package_identification:_identify(src/launch) by extensions ['ignore', 'ignore_ament_install']
[0.232s] Level 1:colcon.colcon_core.package_identification:_identify(src/launch) by extension 'ignore'
[0.233s] Level 1:colcon.colcon_core.package_identification:_identify(src/launch) by extension 'ignore_ament_install'
[0.233s] Level 1:colcon.colcon_core.package_identification:_identify(src/launch) by extensions ['colcon_pkg']
[0.233s] Level 1:colcon.colcon_core.package_identification:_identify(src/launch) by extension 'colcon_pkg'
[0.233s] Level 1:colcon.colcon_core.package_identification:_identify(src/launch) by extensions ['colcon_meta']
[0.233s] Level 1:colcon.colcon_core.package_identification:_identify(src/launch) by extension 'colcon_meta'
[0.233s] Level 1:colcon.colcon_core.package_identification:_identify(src/launch) by extensions ['ros']
[0.233s] Level 1:colcon.colcon_core.package_identification:_identify(src/launch) by extension 'ros'
[0.233s] Level 1:colcon.colcon_core.package_identification:_identify(src/launch) by extensions ['cmake', 'python']
[0.233s] Level 1:colcon.colcon_core.package_identification:_identify(src/launch) by extension 'cmake'
[0.233s] Level 1:colcon.colcon_core.package_identification:_identify(src/launch) by extension 'python'
[0.233s] Level 1:colcon.colcon_core.package_identification:_identify(src/launch) by extensions ['python_setup_py']
[0.233s] Level 1:colcon.colcon_core.package_identification:_identify(src/launch) by extension 'python_setup_py'
[0.233s] Level 1:colcon.colcon_core.package_identification:_identify(src/models) by extensions ['ignore', 'ignore_ament_install']
[0.233s] Level 1:colcon.colcon_core.package_identification:_identify(src/models) by extension 'ignore'
[0.233s] Level 1:colcon.colcon_core.package_identification:_identify(src/models) by extension 'ignore_ament_install'
[0.233s] Level 1:colcon.colcon_core.package_identification:_identify(src/models) by extensions ['colcon_pkg']
[0.233s] Level 1:colcon.colcon_core.package_identification:_identify(src/models) by extension 'colcon_pkg'
[0.233s] Level 1:colcon.colcon_core.package_identification:_identify(src/models) by extensions ['colcon_meta']
[0.233s] Level 1:colcon.colcon_core.package_identification:_identify(src/models) by extension 'colcon_meta'
[0.233s] Level 1:colcon.colcon_core.package_identification:_identify(src/models) by extensions ['ros']
[0.233s] Level 1:colcon.colcon_core.package_identification:_identify(src/models) by extension 'ros'
[0.233s] Level 1:colcon.colcon_core.package_identification:_identify(src/models) by extensions ['cmake', 'python']
[0.233s] Level 1:colcon.colcon_core.package_identification:_identify(src/models) by extension 'cmake'
[0.233s] Level 1:colcon.colcon_core.package_identification:_identify(src/models) by extension 'python'
[0.233s] Level 1:colcon.colcon_core.package_identification:_identify(src/models) by extensions ['python_setup_py']
[0.233s] Level 1:colcon.colcon_core.package_identification:_identify(src/models) by extension 'python_setup_py'
[0.234s] Level 1:colcon.colcon_core.package_identification:_identify(src/models/uav) by extensions ['ignore', 'ignore_ament_install']
[0.234s] Level 1:colcon.colcon_core.package_identification:_identify(src/models/uav) by extension 'ignore'
[0.234s] Level 1:colcon.colcon_core.package_identification:_identify(src/models/uav) by extension 'ignore_ament_install'
[0.234s] Level 1:colcon.colcon_core.package_identification:_identify(src/models/uav) by extensions ['colcon_pkg']
[0.234s] Level 1:colcon.colcon_core.package_identification:_identify(src/models/uav) by extension 'colcon_pkg'
[0.234s] Level 1:colcon.colcon_core.package_identification:_identify(src/models/uav) by extensions ['colcon_meta']
[0.234s] Level 1:colcon.colcon_core.package_identification:_identify(src/models/uav) by extension 'colcon_meta'
[0.234s] Level 1:colcon.colcon_core.package_identification:_identify(src/models/uav) by extensions ['ros']
[0.234s] Level 1:colcon.colcon_core.package_identification:_identify(src/models/uav) by extension 'ros'
[0.234s] Level 1:colcon.colcon_core.package_identification:_identify(src/models/uav) by extensions ['cmake', 'python']
[0.234s] Level 1:colcon.colcon_core.package_identification:_identify(src/models/uav) by extension 'cmake'
[0.234s] Level 1:colcon.colcon_core.package_identification:_identify(src/models/uav) by extension 'python'
[0.234s] Level 1:colcon.colcon_core.package_identification:_identify(src/models/uav) by extensions ['python_setup_py']
[0.234s] Level 1:colcon.colcon_core.package_identification:_identify(src/models/uav) by extension 'python_setup_py'
[0.234s] Level 1:colcon.colcon_core.package_identification:_identify(src/uav_controller) by extensions ['ignore', 'ignore_ament_install']
[0.234s] Level 1:colcon.colcon_core.package_identification:_identify(src/uav_controller) by extension 'ignore'
[0.234s] Level 1:colcon.colcon_core.package_identification:_identify(src/uav_controller) by extension 'ignore_ament_install'
[0.234s] Level 1:colcon.colcon_core.package_identification:_identify(src/uav_controller) by extensions ['colcon_pkg']
[0.234s] Level 1:colcon.colcon_core.package_identification:_identify(src/uav_controller) by extension 'colcon_pkg'
[0.234s] Level 1:colcon.colcon_core.package_identification:_identify(src/uav_controller) by extensions ['colcon_meta']
[0.234s] Level 1:colcon.colcon_core.package_identification:_identify(src/uav_controller) by extension 'colcon_meta'
[0.234s] Level 1:colcon.colcon_core.package_identification:_identify(src/uav_controller) by extensions ['ros']
[0.234s] Level 1:colcon.colcon_core.package_identification:_identify(src/uav_controller) by extension 'ros'
[0.237s] DEBUG:colcon.colcon_core.package_identification:Package 'src/uav_controller' with type 'ros.ament_cmake' and name 'uav_controller'
[0.237s] Level 1:colcon.colcon_core.package_identification:_identify(src/uav_dynamics) by extensions ['ignore', 'ignore_ament_install']
[0.237s] Level 1:colcon.colcon_core.package_identification:_identify(src/uav_dynamics) by extension 'ignore'
[0.237s] Level 1:colcon.colcon_core.package_identification:_identify(src/uav_dynamics) by extension 'ignore_ament_install'
[0.237s] Level 1:colcon.colcon_core.package_identification:_identify(src/uav_dynamics) by extensions ['colcon_pkg']
[0.237s] Level 1:colcon.colcon_core.package_identification:_identify(src/uav_dynamics) by extension 'colcon_pkg'
[0.237s] Level 1:colcon.colcon_core.package_identification:_identify(src/uav_dynamics) by extensions ['colcon_meta']
[0.237s] Level 1:colcon.colcon_core.package_identification:_identify(src/uav_dynamics) by extension 'colcon_meta'
[0.237s] Level 1:colcon.colcon_core.package_identification:_identify(src/uav_dynamics) by extensions ['ros']
[0.237s] Level 1:colcon.colcon_core.package_identification:_identify(src/uav_dynamics) by extension 'ros'
[0.238s] DEBUG:colcon.colcon_core.package_identification:Package 'src/uav_dynamics' with type 'ros.ament_cmake' and name 'uav_dynamics'
[0.238s] Level 1:colcon.colcon_core.package_identification:_identify(src/uav_motor_plugin) by extensions ['ignore', 'ignore_ament_install']
[0.238s] Level 1:colcon.colcon_core.package_identification:_identify(src/uav_motor_plugin) by extension 'ignore'
[0.238s] Level 1:colcon.colcon_core.package_identification:_identify(src/uav_motor_plugin) by extension 'ignore_ament_install'
[0.238s] Level 1:colcon.colcon_core.package_identification:_identify(src/uav_motor_plugin) by extensions ['colcon_pkg']
[0.238s] Level 1:colcon.colcon_core.package_identification:_identify(src/uav_motor_plugin) by extension 'colcon_pkg'
[0.238s] Level 1:colcon.colcon_core.package_identification:_identify(src/uav_motor_plugin) by extensions ['colcon_meta']
[0.238s] Level 1:colcon.colcon_core.package_identification:_identify(src/uav_motor_plugin) by extension 'colcon_meta'
[0.238s] Level 1:colcon.colcon_core.package_identification:_identify(src/uav_motor_plugin) by extensions ['ros']
[0.238s] Level 1:colcon.colcon_core.package_identification:_identify(src/uav_motor_plugin) by extension 'ros'
[0.239s] DEBUG:colcon.colcon_core.package_identification:Package 'src/uav_motor_plugin' with type 'ros.ament_cmake' and name 'uav_motor_plugin'
[0.239s] Level 1:colcon.colcon_core.package_identification:_identify(src/uav_msgs) by extensions ['ignore', 'ignore_ament_install']
[0.239s] Level 1:colcon.colcon_core.package_identification:_identify(src/uav_msgs) by extension 'ignore'
[0.239s] Level 1:colcon.colcon_core.package_identification:_identify(src/uav_msgs) by extension 'ignore_ament_install'
[0.239s] Level 1:colcon.colcon_core.package_identification:_identify(src/uav_msgs) by extensions ['colcon_pkg']
[0.239s] Level 1:colcon.colcon_core.package_identification:_identify(src/uav_msgs) by extension 'colcon_pkg'
[0.239s] Level 1:colcon.colcon_core.package_identification:_identify(src/uav_msgs) by extensions ['colcon_meta']
[0.239s] Level 1:colcon.colcon_core.package_identification:_identify(src/uav_msgs) by extension 'colcon_meta'
[0.239s] Level 1:colcon.colcon_core.package_identification:_identify(src/uav_msgs) by extensions ['ros']
[0.239s] Level 1:colcon.colcon_core.package_identification:_identify(src/uav_msgs) by extension 'ros'
[0.240s] DEBUG:colcon.colcon_core.package_identification:Package 'src/uav_msgs' with type 'ros.catkin' and name 'uav_msgs'
[0.240s] Level 1:colcon.colcon_core.package_discovery:discover_packages(recursive) using defaults
[0.240s] Level 1:colcon.colcon_core.package_discovery:discover_packages(ignore) discover
[0.240s] Level 1:colcon.colcon_core.package_discovery:discover_packages(ignore) using defaults
[0.240s] Level 1:colcon.colcon_core.package_discovery:discover_packages(path) discover
[0.240s] Level 1:colcon.colcon_core.package_discovery:discover_packages(path) using defaults
[0.272s] Level 1:colcon.colcon_core.package_discovery:discover_packages(prefix_path) check parameters
[0.272s] Level 1:colcon.colcon_core.package_discovery:discover_packages(prefix_path) discover
[0.274s] DEBUG:colcon.colcon_installed_package_information.package_discovery:Found 4 installed packages in /home/huy/ros2_ws/install
[0.275s] DEBUG:colcon.colcon_installed_package_information.package_discovery:Found 308 installed packages in /opt/ros/humble
[0.276s] Level 1:colcon.colcon_core.package_discovery:discover_packages(prefix_path) using defaults
[0.309s] Level 5:colcon.colcon_core.verb:set package 'uav_controller' build argument 'cmake_args' from command line to 'None'
[0.309s] Level 5:colcon.colcon_core.verb:set package 'uav_controller' build argument 'cmake_target' from command line to 'None'
[0.309s] Level 5:colcon.colcon_core.verb:set package 'uav_controller' build argument 'cmake_target_skip_unavailable' from command line to 'False'
[0.309s] Level 5:colcon.colcon_core.verb:set package 'uav_controller' build argument 'cmake_clean_cache' from command line to 'False'
[0.309s] Level 5:colcon.colcon_core.verb:set package 'uav_controller' build argument 'cmake_clean_first' from command line to 'False'
[0.309s] Level 5:colcon.colcon_core.verb:set package 'uav_controller' build argument 'cmake_force_configure' from command line to 'False'
[0.309s] Level 5:colcon.colcon_core.verb:set package 'uav_controller' build argument 'ament_cmake_args' from command line to 'None'
[0.309s] Level 5:colcon.colcon_core.verb:set package 'uav_controller' build argument 'catkin_cmake_args' from command line to 'None'
[0.309s] Level 5:colcon.colcon_core.verb:set package 'uav_controller' build argument 'catkin_skip_building_tests' from command line to 'False'
[0.309s] DEBUG:colcon.colcon_core.verb:Building package 'uav_controller' with the following arguments: {'ament_cmake_args': None, 'build_base': '/home/huy/ros2_ws/build/uav_controller', 'catkin_cmake_args': None, 'catkin_skip_building_tests': False, 'cmake_args': None, 'cmake_clean_cache': False, 'cmake_clean_first': False, 'cmake_force_configure': False, 'cmake_target': None, 'cmake_target_skip_unavailable': False, 'install_base': '/home/huy/ros2_ws/install/uav_controller', 'merge_install': False, 'path': '/home/huy/ros2_ws/src/uav_controller', 'symlink_install': False, 'test_result_base': None}
[0.310s] Level 5:colcon.colcon_core.verb:set package 'uav_motor_plugin' build argument 'cmake_args' from command line to 'None'
[0.310s] Level 5:colcon.colcon_core.verb:set package 'uav_motor_plugin' build argument 'cmake_target' from command line to 'None'
[0.310s] Level 5:colcon.colcon_core.verb:set package 'uav_motor_plugin' build argument 'cmake_target_skip_unavailable' from command line to 'False'
[0.310s] Level 5:colcon.colcon_core.verb:set package 'uav_motor_plugin' build argument 'cmake_clean_cache' from command line to 'False'
[0.310s] Level 5:colcon.colcon_core.verb:set package 'uav_motor_plugin' build argument 'cmake_clean_first' from command line to 'False'
[0.310s] Level 5:colcon.colcon_core.verb:set package 'uav_motor_plugin' build argument 'cmake_force_configure' from command line to 'False'
[0.310s] Level 5:colcon.colcon_core.verb:set package 'uav_motor_plugin' build argument 'ament_cmake_args' from command line to 'None'
[0.310s] Level 5:colcon.colcon_core.verb:set package 'uav_motor_plugin' build argument 'catkin_cmake_args' from command line to 'None'
[0.310s] Level 5:colcon.colcon_core.verb:set package 'uav_motor_plugin' build argument 'catkin_skip_building_tests' from command line to 'False'
[0.310s] DEBUG:colcon.colcon_core.verb:Building package 'uav_motor_plugin' with the following arguments: {'ament_cmake_args': None, 'build_base': '/home/huy/ros2_ws/build/uav_motor_plugin', 'catkin_cmake_args': None, 'catkin_skip_building_tests': False, 'cmake_args': None, 'cmake_clean_cache': False, 'cmake_clean_first': False, 'cmake_force_configure': False, 'cmake_target': None, 'cmake_target_skip_unavailable': False, 'install_base': '/home/huy/ros2_ws/install/uav_motor_plugin', 'merge_install': False, 'path': '/home/huy/ros2_ws/src/uav_motor_plugin', 'symlink_install': False, 'test_result_base': None}
[0.310s] Level 5:colcon.colcon_core.verb:set package 'uav_msgs' build argument 'cmake_args' from command line to 'None'
[0.310s] Level 5:colcon.colcon_core.verb:set package 'uav_msgs' build argument 'cmake_target' from command line to 'None'
[0.310s] Level 5:colcon.colcon_core.verb:set package 'uav_msgs' build argument 'cmake_target_skip_unavailable' from command line to 'False'
[0.310s] Level 5:colcon.colcon_core.verb:set package 'uav_msgs' build argument 'cmake_clean_cache' from command line to 'False'
[0.310s] Level 5:colcon.colcon_core.verb:set package 'uav_msgs' build argument 'cmake_clean_first' from command line to 'False'
[0.310s] Level 5:colcon.colcon_core.verb:set package 'uav_msgs' build argument 'cmake_force_configure' from command line to 'False'
[0.310s] Level 5:colcon.colcon_core.verb:set package 'uav_msgs' build argument 'ament_cmake_args' from command line to 'None'
[0.310s] Level 5:colcon.colcon_core.verb:set package 'uav_msgs' build argument 'catkin_cmake_args' from command line to 'None'
[0.310s] Level 5:colcon.colcon_core.verb:set package 'uav_msgs' build argument 'catkin_skip_building_tests' from command line to 'False'
[0.310s] DEBUG:colcon.colcon_core.verb:Building package 'uav_msgs' with the following arguments: {'ament_cmake_args': None, 'build_base': '/home/huy/ros2_ws/build/uav_msgs', 'catkin_cmake_args': None, 'catkin_skip_building_tests': False, 'cmake_args': None, 'cmake_clean_cache': False, 'cmake_clean_first': False, 'cmake_force_configure': False, 'cmake_target': None, 'cmake_target_skip_unavailable': False, 'install_base': '/home/huy/ros2_ws/install/uav_msgs', 'merge_install': False, 'path': '/home/huy/ros2_ws/src/uav_msgs', 'symlink_install': False, 'test_result_base': None}
[0.311s] Level 5:colcon.colcon_core.verb:set package 'uav_dynamics' build argument 'cmake_args' from command line to 'None'
[0.311s] Level 5:colcon.colcon_core.verb:set package 'uav_dynamics' build argument 'cmake_target' from command line to 'None'
[0.311s] Level 5:colcon.colcon_core.verb:set package 'uav_dynamics' build argument 'cmake_target_skip_unavailable' from command line to 'False'
[0.311s] Level 5:colcon.colcon_core.verb:set package 'uav_dynamics' build argument 'cmake_clean_cache' from command line to 'False'
[0.311s] Level 5:colcon.colcon_core.verb:set package 'uav_dynamics' build argument 'cmake_clean_first' from command line to 'False'
[0.311s] Level 5:colcon.colcon_core.verb:set package 'uav_dynamics' build argument 'cmake_force_configure' from command line to 'False'
[0.311s] Level 5:colcon.colcon_core.verb:set package 'uav_dynamics' build argument 'ament_cmake_args' from command line to 'None'
[0.311s] Level 5:colcon.colcon_core.verb:set package 'uav_dynamics' build argument 'catkin_cmake_args' from command line to 'None'
[0.311s] Level 5:colcon.colcon_core.verb:set package 'uav_dynamics' build argument 'catkin_skip_building_tests' from command line to 'False'
[0.311s] DEBUG:colcon.colcon_core.verb:Building package 'uav_dynamics' with the following arguments: {'ament_cmake_args': None, 'build_base': '/home/huy/ros2_ws/build/uav_dynamics', 'catkin_cmake_args': None, 'catkin_skip_building_tests': False, 'cmake_args': None, 'cmake_clean_cache': False, 'cmake_clean_first': False, 'cmake_force_configure': False, 'cmake_target': None, 'cmake_target_skip_unavailable': False, 'install_base': '/home/huy/ros2_ws/install/uav_dynamics', 'merge_install': False, 'path': '/home/huy/ros2_ws/src/uav_dynamics', 'symlink_install': False, 'test_result_base': None}
[0.311s] INFO:colcon.colcon_core.executor:Executing jobs using 'parallel' executor
[0.312s] DEBUG:colcon.colcon_parallel_executor.executor.parallel:run_until_complete
[0.312s] INFO:colcon.colcon_ros.task.catkin.build:Building ROS package in '/home/huy/ros2_ws/src/uav_msgs' with build type 'catkin'
[0.312s] INFO:colcon.colcon_cmake.task.cmake.build:Building CMake package in '/home/huy/ros2_ws/src/uav_msgs'
[0.314s] INFO:colcon.colcon_core.plugin_system:Skipping extension 'colcon_core.shell.bat': Not used on non-Windows systems
[0.314s] INFO:colcon.colcon_core.shell:Skip shell extension 'powershell' for command environment: Not usable outside of PowerShell
[0.314s] DEBUG:colcon.colcon_core.shell:Skip shell extension 'dsv' for command environment
[0.318s] INFO:colcon.colcon_ros.task.ament_cmake.build:Building ROS package in '/home/huy/ros2_ws/src/uav_controller' with build type 'ament_cmake'
[0.318s] INFO:colcon.colcon_cmake.task.cmake.build:Building CMake package in '/home/huy/ros2_ws/src/uav_controller'
[0.318s] INFO:colcon.colcon_core.shell:Skip shell extension 'powershell' for command environment: Not usable outside of PowerShell
[0.319s] DEBUG:colcon.colcon_core.shell:Skip shell extension 'dsv' for command environment
[0.321s] INFO:colcon.colcon_ros.task.ament_cmake.build:Building ROS package in '/home/huy/ros2_ws/src/uav_motor_plugin' with build type 'ament_cmake'
[0.322s] INFO:colcon.colcon_cmake.task.cmake.build:Building CMake package in '/home/huy/ros2_ws/src/uav_motor_plugin'
[0.322s] INFO:colcon.colcon_core.shell:Skip shell extension 'powershell' for command environment: Not usable outside of PowerShell
[0.322s] DEBUG:colcon.colcon_core.shell:Skip shell extension 'dsv' for command environment
[0.330s] DEBUG:colcon.colcon_core.event_handler.log_command:Invoking command in '/home/huy/ros2_ws/build/uav_msgs': /usr/bin/cmake --build /home/huy/ros2_ws/build/uav_msgs -- -j16 -l16
[0.333s] DEBUG:colcon.colcon_core.event_handler.log_command:Invoking command in '/home/huy/ros2_ws/build/uav_controller': CMAKE_PREFIX_PATH=/home/huy/ros2_ws/install/uav_dynamics:/opt/ros/humble:/home/huy/ros2_ws/install/uav_msgs:/home/huy/ros2_ws/install/uav_motor_plugin:/home/huy/ros2_ws/install/uav_controller /usr/bin/cmake --build /home/huy/ros2_ws/build/uav_controller -- -j16 -l16
[0.336s] DEBUG:colcon.colcon_core.event_handler.log_command:Invoking command in '/home/huy/ros2_ws/build/uav_motor_plugin': CMAKE_PREFIX_PATH=/home/huy/ros2_ws/install/uav_dynamics:/opt/ros/humble:/home/huy/ros2_ws/install/uav_msgs:/home/huy/ros2_ws/install/uav_motor_plugin:/home/huy/ros2_ws/install/uav_controller /usr/bin/cmake --build /home/huy/ros2_ws/build/uav_motor_plugin -- -j16 -l16
[0.453s] DEBUG:colcon.colcon_core.event_handler.log_command:Invoked command in '/home/huy/ros2_ws/build/uav_motor_plugin' returned '0': CMAKE_PREFIX_PATH=/home/huy/ros2_ws/install/uav_dynamics:/opt/ros/humble:/home/huy/ros2_ws/install/uav_msgs:/home/huy/ros2_ws/install/uav_motor_plugin:/home/huy/ros2_ws/install/uav_controller /usr/bin/cmake --build /home/huy/ros2_ws/build/uav_motor_plugin -- -j16 -l16
[0.469s] DEBUG:colcon.colcon_core.event_handler.log_command:Invoking command in '/home/huy/ros2_ws/build/uav_motor_plugin': CMAKE_PREFIX_PATH=/home/huy/ros2_ws/install/uav_dynamics:/opt/ros/humble:/home/huy/ros2_ws/install/uav_msgs:/home/huy/ros2_ws/install/uav_motor_plugin:/home/huy/ros2_ws/install/uav_controller /usr/bin/cmake --install /home/huy/ros2_ws/build/uav_motor_plugin
[0.483s] Level 1:colcon.colcon_core.environment:create_environment_scripts_only(uav_motor_plugin)
[0.485s] DEBUG:colcon.colcon_core.event_handler.log_command:Invoked command in '/home/huy/ros2_ws/build/uav_motor_plugin' returned '0': CMAKE_PREFIX_PATH=/home/huy/ros2_ws/install/uav_dynamics:/opt/ros/humble:/home/huy/ros2_ws/install/uav_msgs:/home/huy/ros2_ws/install/uav_motor_plugin:/home/huy/ros2_ws/install/uav_controller /usr/bin/cmake --install /home/huy/ros2_ws/build/uav_motor_plugin
[0.486s] Level 1:colcon.colcon_core.environment:checking '/home/huy/ros2_ws/install/uav_motor_plugin' for CMake module files
[0.487s] Level 1:colcon.colcon_core.environment:checking '/home/huy/ros2_ws/install/uav_motor_plugin' for CMake config files
[0.487s] Level 1:colcon.colcon_core.shell:create_environment_hook('uav_motor_plugin', 'cmake_prefix_path')
[0.488s] INFO:colcon.colcon_core.shell:Creating environment hook '/home/huy/ros2_ws/install/uav_motor_plugin/share/uav_motor_plugin/hook/cmake_prefix_path.ps1'
[0.489s] INFO:colcon.colcon_core.shell:Creating environment descriptor '/home/huy/ros2_ws/install/uav_motor_plugin/share/uav_motor_plugin/hook/cmake_prefix_path.dsv'
[0.489s] INFO:colcon.colcon_core.shell:Creating environment hook '/home/huy/ros2_ws/install/uav_motor_plugin/share/uav_motor_plugin/hook/cmake_prefix_path.sh'
[0.490s] Level 1:colcon.colcon_core.environment:checking '/home/huy/ros2_ws/install/uav_motor_plugin/lib'
[0.490s] Level 1:colcon.colcon_core.shell:create_environment_hook('uav_motor_plugin', 'ld_library_path_lib')
[0.490s] INFO:colcon.colcon_core.shell:Creating environment hook '/home/huy/ros2_ws/install/uav_motor_plugin/share/uav_motor_plugin/hook/ld_library_path_lib.ps1'
[0.491s] INFO:colcon.colcon_core.shell:Creating environment descriptor '/home/huy/ros2_ws/install/uav_motor_plugin/share/uav_motor_plugin/hook/ld_library_path_lib.dsv'
[0.491s] INFO:colcon.colcon_core.shell:Creating environment hook '/home/huy/ros2_ws/install/uav_motor_plugin/share/uav_motor_plugin/hook/ld_library_path_lib.sh'
[0.492s] Level 1:colcon.colcon_core.environment:checking '/home/huy/ros2_ws/install/uav_motor_plugin/bin'
[0.492s] Level 1:colcon.colcon_core.environment:checking '/home/huy/ros2_ws/install/uav_motor_plugin/lib/pkgconfig/uav_motor_plugin.pc'
[0.492s] Level 1:colcon.colcon_core.environment:checking '/home/huy/ros2_ws/install/uav_motor_plugin/lib/python3.10/site-packages'
[0.492s] Level 1:colcon.colcon_core.environment:checking '/home/huy/ros2_ws/install/uav_motor_plugin/bin'
[0.493s] INFO:colcon.colcon_core.shell:Creating package script '/home/huy/ros2_ws/install/uav_motor_plugin/share/uav_motor_plugin/package.ps1'
[0.494s] INFO:colcon.colcon_core.shell:Creating package descriptor '/home/huy/ros2_ws/install/uav_motor_plugin/share/uav_motor_plugin/package.dsv'
[0.495s] INFO:colcon.colcon_core.shell:Creating package script '/home/huy/ros2_ws/install/uav_motor_plugin/share/uav_motor_plugin/package.sh'
[0.495s] INFO:colcon.colcon_core.shell:Creating package script '/home/huy/ros2_ws/install/uav_motor_plugin/share/uav_motor_plugin/package.bash'
[0.496s] INFO:colcon.colcon_core.shell:Creating package script '/home/huy/ros2_ws/install/uav_motor_plugin/share/uav_motor_plugin/package.zsh'
[0.496s] Level 1:colcon.colcon_core.environment:create_file_with_runtime_dependencies(/home/huy/ros2_ws/install/uav_motor_plugin/share/colcon-core/packages/uav_motor_plugin)
[0.497s] Level 1:colcon.colcon_core.environment:create_environment_scripts_only(uav_motor_plugin)
[0.498s] Level 1:colcon.colcon_core.environment:checking '/home/huy/ros2_ws/install/uav_motor_plugin' for CMake module files
[0.498s] Level 1:colcon.colcon_core.environment:checking '/home/huy/ros2_ws/install/uav_motor_plugin' for CMake config files
[0.498s] Level 1:colcon.colcon_core.shell:create_environment_hook('uav_motor_plugin', 'cmake_prefix_path')
[0.499s] INFO:colcon.colcon_core.shell:Creating environment hook '/home/huy/ros2_ws/install/uav_motor_plugin/share/uav_motor_plugin/hook/cmake_prefix_path.ps1'
[0.499s] INFO:colcon.colcon_core.shell:Creating environment descriptor '/home/huy/ros2_ws/install/uav_motor_plugin/share/uav_motor_plugin/hook/cmake_prefix_path.dsv'
[0.500s] INFO:colcon.colcon_core.shell:Creating environment hook '/home/huy/ros2_ws/install/uav_motor_plugin/share/uav_motor_plugin/hook/cmake_prefix_path.sh'
[0.500s] Level 1:colcon.colcon_core.environment:checking '/home/huy/ros2_ws/install/uav_motor_plugin/lib'
[0.501s] Level 1:colcon.colcon_core.shell:create_environment_hook('uav_motor_plugin', 'ld_library_path_lib')
[0.501s] INFO:colcon.colcon_core.shell:Creating environment hook '/home/huy/ros2_ws/install/uav_motor_plugin/share/uav_motor_plugin/hook/ld_library_path_lib.ps1'
[0.502s] INFO:colcon.colcon_core.shell:Creating environment descriptor '/home/huy/ros2_ws/install/uav_motor_plugin/share/uav_motor_plugin/hook/ld_library_path_lib.dsv'
[0.502s] INFO:colcon.colcon_core.shell:Creating environment hook '/home/huy/ros2_ws/install/uav_motor_plugin/share/uav_motor_plugin/hook/ld_library_path_lib.sh'
[0.503s] Level 1:colcon.colcon_core.environment:checking '/home/huy/ros2_ws/install/uav_motor_plugin/bin'
[0.503s] Level 1:colcon.colcon_core.environment:checking '/home/huy/ros2_ws/install/uav_motor_plugin/lib/pkgconfig/uav_motor_plugin.pc'
[0.503s] Level 1:colcon.colcon_core.environment:checking '/home/huy/ros2_ws/install/uav_motor_plugin/lib/python3.10/site-packages'
[0.503s] Level 1:colcon.colcon_core.environment:checking '/home/huy/ros2_ws/install/uav_motor_plugin/bin'
[0.504s] INFO:colcon.colcon_core.shell:Creating package script '/home/huy/ros2_ws/install/uav_motor_plugin/share/uav_motor_plugin/package.ps1'
[0.504s] INFO:colcon.colcon_core.shell:Creating package descriptor '/home/huy/ros2_ws/install/uav_motor_plugin/share/uav_motor_plugin/package.dsv'
[0.505s] INFO:colcon.colcon_core.shell:Creating package script '/home/huy/ros2_ws/install/uav_motor_plugin/share/uav_motor_plugin/package.sh'
[0.505s] INFO:colcon.colcon_core.shell:Creating package script '/home/huy/ros2_ws/install/uav_motor_plugin/share/uav_motor_plugin/package.bash'
[0.505s] INFO:colcon.colcon_core.shell:Creating package script '/home/huy/ros2_ws/install/uav_motor_plugin/share/uav_motor_plugin/package.zsh'
[0.506s] Level 1:colcon.colcon_core.environment:create_file_with_runtime_dependencies(/home/huy/ros2_ws/install/uav_motor_plugin/share/colcon-core/packages/uav_motor_plugin)
[0.717s] DEBUG:colcon.colcon_core.event_handler.log_command:Invoked command in '/home/huy/ros2_ws/build/uav_msgs' returned '0': /usr/bin/cmake --build /home/huy/ros2_ws/build/uav_msgs -- -j16 -l16
[0.719s] DEBUG:colcon.colcon_core.event_handler.log_command:Invoking command in '/home/huy/ros2_ws/build/uav_msgs': /usr/bin/cmake --install /home/huy/ros2_ws/build/uav_msgs
[0.784s] DEBUG:colcon.colcon_core.event_handler.log_command:Invoked command in '/home/huy/ros2_ws/build/uav_msgs' returned '0': /usr/bin/cmake --install /home/huy/ros2_ws/build/uav_msgs
[0.785s] Level 1:colcon.colcon_core.shell:create_environment_hook('uav_msgs', 'ros_package_path')
[0.785s] INFO:colcon.colcon_core.shell:Creating environment hook '/home/huy/ros2_ws/install/uav_msgs/share/uav_msgs/hook/ros_package_path.ps1'
[0.786s] INFO:colcon.colcon_core.shell:Creating environment descriptor '/home/huy/ros2_ws/install/uav_msgs/share/uav_msgs/hook/ros_package_path.dsv'
[0.786s] INFO:colcon.colcon_core.shell:Creating environment hook '/home/huy/ros2_ws/install/uav_msgs/share/uav_msgs/hook/ros_package_path.sh'
[0.787s] Level 1:colcon.colcon_ros.task.catkin:checking '/home/huy/ros2_ws/install/uav_msgs/local/lib/python3.10/dist-packages'
[0.787s] Level 1:colcon.colcon_core.shell:create_environment_hook('uav_msgs', 'catkin_pythonpath')
[0.787s] INFO:colcon.colcon_core.shell:Creating environment hook '/home/huy/ros2_ws/install/uav_msgs/share/uav_msgs/hook/catkin_pythonpath.ps1'
[0.788s] INFO:colcon.colcon_core.shell:Creating environment descriptor '/home/huy/ros2_ws/install/uav_msgs/share/uav_msgs/hook/catkin_pythonpath.dsv'
[0.788s] INFO:colcon.colcon_core.shell:Creating environment hook '/home/huy/ros2_ws/install/uav_msgs/share/uav_msgs/hook/catkin_pythonpath.sh'
[0.788s] Level 1:colcon.colcon_core.shell:create_environment_hook('uav_msgs', 'pkg_config_path')
[0.789s] INFO:colcon.colcon_core.shell:Creating environment hook '/home/huy/ros2_ws/install/uav_msgs/share/uav_msgs/hook/pkg_config_path.ps1'
[0.789s] INFO:colcon.colcon_core.shell:Creating environment descriptor '/home/huy/ros2_ws/install/uav_msgs/share/uav_msgs/hook/pkg_config_path.dsv'
[0.789s] INFO:colcon.colcon_core.shell:Creating environment hook '/home/huy/ros2_ws/install/uav_msgs/share/uav_msgs/hook/pkg_config_path.sh'
[0.791s] Level 1:colcon.colcon_core.shell:create_environment_hook('uav_msgs', 'pkg_config_path_multiarch')
[0.792s] INFO:colcon.colcon_core.shell:Creating environment hook '/home/huy/ros2_ws/install/uav_msgs/share/uav_msgs/hook/pkg_config_path_multiarch.ps1'
[0.792s] INFO:colcon.colcon_core.shell:Creating environment descriptor '/home/huy/ros2_ws/install/uav_msgs/share/uav_msgs/hook/pkg_config_path_multiarch.dsv'
[0.793s] INFO:colcon.colcon_core.shell:Creating environment hook '/home/huy/ros2_ws/install/uav_msgs/share/uav_msgs/hook/pkg_config_path_multiarch.sh'
[0.794s] Level 1:colcon.colcon_core.environment:create_environment_scripts_only(uav_msgs)
[0.794s] Level 1:colcon.colcon_core.environment:checking '/home/huy/ros2_ws/install/uav_msgs' for CMake module files
[0.794s] Level 1:colcon.colcon_core.environment:checking '/home/huy/ros2_ws/install/uav_msgs' for CMake config files
[0.795s] Level 1:colcon.colcon_core.shell:create_environment_hook('uav_msgs', 'cmake_prefix_path')
[0.795s] INFO:colcon.colcon_core.shell:Creating environment hook '/home/huy/ros2_ws/install/uav_msgs/share/uav_msgs/hook/cmake_prefix_path.ps1'
[0.796s] INFO:colcon.colcon_core.shell:Creating environment descriptor '/home/huy/ros2_ws/install/uav_msgs/share/uav_msgs/hook/cmake_prefix_path.dsv'
[0.796s] INFO:colcon.colcon_core.shell:Creating environment hook '/home/huy/ros2_ws/install/uav_msgs/share/uav_msgs/hook/cmake_prefix_path.sh'
[0.796s] Level 1:colcon.colcon_core.environment:checking '/home/huy/ros2_ws/install/uav_msgs/lib'
[0.796s] Level 1:colcon.colcon_core.shell:create_environment_hook('uav_msgs', 'ld_library_path_lib')
[0.797s] INFO:colcon.colcon_core.shell:Creating environment hook '/home/huy/ros2_ws/install/uav_msgs/share/uav_msgs/hook/ld_library_path_lib.ps1'
[0.797s] INFO:colcon.colcon_core.shell:Creating environment descriptor '/home/huy/ros2_ws/install/uav_msgs/share/uav_msgs/hook/ld_library_path_lib.dsv'
[0.797s] INFO:colcon.colcon_core.shell:Creating environment hook '/home/huy/ros2_ws/install/uav_msgs/share/uav_msgs/hook/ld_library_path_lib.sh'
[0.798s] Level 1:colcon.colcon_core.environment:checking '/home/huy/ros2_ws/install/uav_msgs/bin'
[0.798s] Level 1:colcon.colcon_core.environment:checking '/home/huy/ros2_ws/install/uav_msgs/lib/pkgconfig/uav_msgs.pc'
[0.798s] Level 1:colcon.colcon_core.environment:checking '/home/huy/ros2_ws/install/uav_msgs/lib/python3.10/site-packages'
[0.798s] Level 1:colcon.colcon_core.environment:checking '/home/huy/ros2_ws/install/uav_msgs/bin'
[0.799s] INFO:colcon.colcon_core.shell:Creating package script '/home/huy/ros2_ws/install/uav_msgs/share/uav_msgs/package.ps1'
[0.799s] INFO:colcon.colcon_core.shell:Creating package descriptor '/home/huy/ros2_ws/install/uav_msgs/share/uav_msgs/package.dsv'
[0.800s] INFO:colcon.colcon_core.shell:Creating package script '/home/huy/ros2_ws/install/uav_msgs/share/uav_msgs/package.sh'
[0.801s] INFO:colcon.colcon_core.shell:Creating package script '/home/huy/ros2_ws/install/uav_msgs/share/uav_msgs/package.bash'
[0.801s] INFO:colcon.colcon_core.shell:Creating package script '/home/huy/ros2_ws/install/uav_msgs/share/uav_msgs/package.zsh'
[0.802s] Level 1:colcon.colcon_core.environment:create_file_with_runtime_dependencies(/home/huy/ros2_ws/install/uav_msgs/share/colcon-core/packages/uav_msgs)
[0.802s] INFO:colcon.colcon_ros.task.ament_cmake.build:Building ROS package in '/home/huy/ros2_ws/src/uav_dynamics' with build type 'ament_cmake'
[0.802s] INFO:colcon.colcon_cmake.task.cmake.build:Building CMake package in '/home/huy/ros2_ws/src/uav_dynamics'
[0.803s] INFO:colcon.colcon_core.shell:Skip shell extension 'powershell' for command environment: Not usable outside of PowerShell
[0.803s] DEBUG:colcon.colcon_core.shell:Skip shell extension 'dsv' for command environment
[0.814s] DEBUG:colcon.colcon_core.event_handler.log_command:Invoking command in '/home/huy/ros2_ws/build/uav_dynamics': CMAKE_PREFIX_PATH=/opt/ros/humble:/home/huy/ros2_ws/install/uav_msgs:/home/huy/ros2_ws/install/uav_dynamics:/home/huy/ros2_ws/install/uav_motor_plugin:/home/huy/ros2_ws/install/uav_controller LD_LIBRARY_PATH=/home/huy/ros2_ws/install/uav_msgs/lib:/home/huy/ros2_ws/install/uav_motor_plugin/lib:/usr/lib/x86_64-linux-gnu/gazebo-11/plugins:/opt/ros/humble/opt/rviz_ogre_vendor/lib:/opt/ros/humble/lib/x86_64-linux-gnu:/opt/ros/humble/lib:/usr/lib/x86_64-linux-gnu/gazebo-11/plugins /usr/bin/cmake --build /home/huy/ros2_ws/build/uav_dynamics -- -j16 -l16
[0.902s] DEBUG:colcon.colcon_core.event_handler.log_command:Invoked command in '/home/huy/ros2_ws/build/uav_dynamics' returned '0': CMAKE_PREFIX_PATH=/opt/ros/humble:/home/huy/ros2_ws/install/uav_msgs:/home/huy/ros2_ws/install/uav_dynamics:/home/huy/ros2_ws/install/uav_motor_plugin:/home/huy/ros2_ws/install/uav_controller LD_LIBRARY_PATH=/home/huy/ros2_ws/install/uav_msgs/lib:/home/huy/ros2_ws/install/uav_motor_plugin/lib:/usr/lib/x86_64-linux-gnu/gazebo-11/plugins:/opt/ros/humble/opt/rviz_ogre_vendor/lib:/opt/ros/humble/lib/x86_64-linux-gnu:/opt/ros/humble/lib:/usr/lib/x86_64-linux-gnu/gazebo-11/plugins /usr/bin/cmake --build /home/huy/ros2_ws/build/uav_dynamics -- -j16 -l16
[0.904s] DEBUG:colcon.colcon_core.event_handler.log_command:Invoking command in '/home/huy/ros2_ws/build/uav_dynamics': CMAKE_PREFIX_PATH=/opt/ros/humble:/home/huy/ros2_ws/install/uav_msgs:/home/huy/ros2_ws/install/uav_dynamics:/home/huy/ros2_ws/install/uav_motor_plugin:/home/huy/ros2_ws/install/uav_controller LD_LIBRARY_PATH=/home/huy/ros2_ws/install/uav_msgs/lib:/home/huy/ros2_ws/install/uav_motor_plugin/lib:/usr/lib/x86_64-linux-gnu/gazebo-11/plugins:/opt/ros/humble/opt/rviz_ogre_vendor/lib:/opt/ros/humble/lib/x86_64-linux-gnu:/opt/ros/humble/lib:/usr/lib/x86_64-linux-gnu/gazebo-11/plugins /usr/bin/cmake --install /home/huy/ros2_ws/build/uav_dynamics
[0.918s] Level 1:colcon.colcon_core.environment:create_environment_scripts_only(uav_dynamics)
[0.918s] Level 1:colcon.colcon_core.environment:checking '/home/huy/ros2_ws/install/uav_dynamics' for CMake module files
[0.919s] DEBUG:colcon.colcon_core.event_handler.log_command:Invoked command in '/home/huy/ros2_ws/build/uav_dynamics' returned '0': CMAKE_PREFIX_PATH=/opt/ros/humble:/home/huy/ros2_ws/install/uav_msgs:/home/huy/ros2_ws/install/uav_dynamics:/home/huy/ros2_ws/install/uav_motor_plugin:/home/huy/ros2_ws/install/uav_controller LD_LIBRARY_PATH=/home/huy/ros2_ws/install/uav_msgs/lib:/home/huy/ros2_ws/install/uav_motor_plugin/lib:/usr/lib/x86_64-linux-gnu/gazebo-11/plugins:/opt/ros/humble/opt/rviz_ogre_vendor/lib:/opt/ros/humble/lib/x86_64-linux-gnu:/opt/ros/humble/lib:/usr/lib/x86_64-linux-gnu/gazebo-11/plugins /usr/bin/cmake --install /home/huy/ros2_ws/build/uav_dynamics
[0.919s] Level 1:colcon.colcon_core.environment:checking '/home/huy/ros2_ws/install/uav_dynamics' for CMake config files
[0.919s] Level 1:colcon.colcon_core.shell:create_environment_hook('uav_dynamics', 'cmake_prefix_path')
[0.919s] INFO:colcon.colcon_core.shell:Creating environment hook '/home/huy/ros2_ws/install/uav_dynamics/share/uav_dynamics/hook/cmake_prefix_path.ps1'
[0.920s] INFO:colcon.colcon_core.shell:Creating environment descriptor '/home/huy/ros2_ws/install/uav_dynamics/share/uav_dynamics/hook/cmake_prefix_path.dsv'
[0.920s] INFO:colcon.colcon_core.shell:Creating environment hook '/home/huy/ros2_ws/install/uav_dynamics/share/uav_dynamics/hook/cmake_prefix_path.sh'
[0.921s] Level 1:colcon.colcon_core.environment:checking '/home/huy/ros2_ws/install/uav_dynamics/lib'
[0.921s] Level 1:colcon.colcon_core.environment:checking '/home/huy/ros2_ws/install/uav_dynamics/bin'
[0.921s] Level 1:colcon.colcon_core.environment:checking '/home/huy/ros2_ws/install/uav_dynamics/lib/pkgconfig/uav_dynamics.pc'
[0.921s] Level 1:colcon.colcon_core.environment:checking '/home/huy/ros2_ws/install/uav_dynamics/lib/python3.10/site-packages'
[0.922s] Level 1:colcon.colcon_core.environment:checking '/home/huy/ros2_ws/install/uav_dynamics/bin'
[0.922s] INFO:colcon.colcon_core.shell:Creating package script '/home/huy/ros2_ws/install/uav_dynamics/share/uav_dynamics/package.ps1'
[0.922s] INFO:colcon.colcon_core.shell:Creating package descriptor '/home/huy/ros2_ws/install/uav_dynamics/share/uav_dynamics/package.dsv'
[0.923s] INFO:colcon.colcon_core.shell:Creating package script '/home/huy/ros2_ws/install/uav_dynamics/share/uav_dynamics/package.sh'
[0.923s] INFO:colcon.colcon_core.shell:Creating package script '/home/huy/ros2_ws/install/uav_dynamics/share/uav_dynamics/package.bash'
[0.924s] INFO:colcon.colcon_core.shell:Creating package script '/home/huy/ros2_ws/install/uav_dynamics/share/uav_dynamics/package.zsh'
[0.924s] Level 1:colcon.colcon_core.environment:create_file_with_runtime_dependencies(/home/huy/ros2_ws/install/uav_dynamics/share/colcon-core/packages/uav_dynamics)
[0.925s] Level 1:colcon.colcon_core.environment:create_environment_scripts_only(uav_dynamics)
[0.925s] Level 1:colcon.colcon_core.environment:checking '/home/huy/ros2_ws/install/uav_dynamics' for CMake module files
[0.925s] Level 1:colcon.colcon_core.environment:checking '/home/huy/ros2_ws/install/uav_dynamics' for CMake config files
[0.926s] Level 1:colcon.colcon_core.shell:create_environment_hook('uav_dynamics', 'cmake_prefix_path')
[0.926s] INFO:colcon.colcon_core.shell:Creating environment hook '/home/huy/ros2_ws/install/uav_dynamics/share/uav_dynamics/hook/cmake_prefix_path.ps1'
[0.926s] INFO:colcon.colcon_core.shell:Creating environment descriptor '/home/huy/ros2_ws/install/uav_dynamics/share/uav_dynamics/hook/cmake_prefix_path.dsv'
[0.927s] INFO:colcon.colcon_core.shell:Creating environment hook '/home/huy/ros2_ws/install/uav_dynamics/share/uav_dynamics/hook/cmake_prefix_path.sh'
[0.927s] Level 1:colcon.colcon_core.environment:checking '/home/huy/ros2_ws/install/uav_dynamics/lib'
[0.928s] Level 1:colcon.colcon_core.environment:checking '/home/huy/ros2_ws/install/uav_dynamics/bin'
[0.928s] Level 1:colcon.colcon_core.environment:checking '/home/huy/ros2_ws/install/uav_dynamics/lib/pkgconfig/uav_dynamics.pc'
[0.928s] Level 1:colcon.colcon_core.environment:checking '/home/huy/ros2_ws/install/uav_dynamics/lib/python3.10/site-packages'
[0.928s] Level 1:colcon.colcon_core.environment:checking '/home/huy/ros2_ws/install/uav_dynamics/bin'
[0.928s] INFO:colcon.colcon_core.shell:Creating package script '/home/huy/ros2_ws/install/uav_dynamics/share/uav_dynamics/package.ps1'
[0.929s] INFO:colcon.colcon_core.shell:Creating package descriptor '/home/huy/ros2_ws/install/uav_dynamics/share/uav_dynamics/package.dsv'
[0.930s] INFO:colcon.colcon_core.shell:Creating package script '/home/huy/ros2_ws/install/uav_dynamics/share/uav_dynamics/package.sh'
[0.930s] INFO:colcon.colcon_core.shell:Creating package script '/home/huy/ros2_ws/install/uav_dynamics/share/uav_dynamics/package.bash'
[0.931s] INFO:colcon.colcon_core.shell:Creating package script '/home/huy/ros2_ws/install/uav_dynamics/share/uav_dynamics/package.zsh'
[0.931s] Level 1:colcon.colcon_core.environment:create_file_with_runtime_dependencies(/home/huy/ros2_ws/install/uav_dynamics/share/colcon-core/packages/uav_dynamics)
[12.844s] DEBUG:colcon.colcon_core.event_handler.log_command:Invoked command in '/home/huy/ros2_ws/build/uav_controller' returned '0': CMAKE_PREFIX_PATH=/home/huy/ros2_ws/install/uav_dynamics:/opt/ros/humble:/home/huy/ros2_ws/install/uav_msgs:/home/huy/ros2_ws/install/uav_motor_plugin:/home/huy/ros2_ws/install/uav_controller /usr/bin/cmake --build /home/huy/ros2_ws/build/uav_controller -- -j16 -l16
[12.846s] DEBUG:colcon.colcon_core.event_handler.log_command:Invoking command in '/home/huy/ros2_ws/build/uav_controller': CMAKE_PREFIX_PATH=/home/huy/ros2_ws/install/uav_dynamics:/opt/ros/humble:/home/huy/ros2_ws/install/uav_msgs:/home/huy/ros2_ws/install/uav_motor_plugin:/home/huy/ros2_ws/install/uav_controller /usr/bin/cmake --install /home/huy/ros2_ws/build/uav_controller
[12.871s] Level 1:colcon.colcon_core.environment:create_environment_scripts_only(uav_controller)
[12.871s] Level 1:colcon.colcon_core.environment:checking '/home/huy/ros2_ws/install/uav_controller' for CMake module files
[12.872s] DEBUG:colcon.colcon_core.event_handler.log_command:Invoked command in '/home/huy/ros2_ws/build/uav_controller' returned '0': CMAKE_PREFIX_PATH=/home/huy/ros2_ws/install/uav_dynamics:/opt/ros/humble:/home/huy/ros2_ws/install/uav_msgs:/home/huy/ros2_ws/install/uav_motor_plugin:/home/huy/ros2_ws/install/uav_controller /usr/bin/cmake --install /home/huy/ros2_ws/build/uav_controller
[12.872s] Level 1:colcon.colcon_core.environment:checking '/home/huy/ros2_ws/install/uav_controller' for CMake config files
[12.872s] Level 1:colcon.colcon_core.shell:create_environment_hook('uav_controller', 'cmake_prefix_path')
[12.872s] INFO:colcon.colcon_core.shell:Creating environment hook '/home/huy/ros2_ws/install/uav_controller/share/uav_controller/hook/cmake_prefix_path.ps1'
[12.873s] INFO:colcon.colcon_core.shell:Creating environment descriptor '/home/huy/ros2_ws/install/uav_controller/share/uav_controller/hook/cmake_prefix_path.dsv'
[12.873s] INFO:colcon.colcon_core.shell:Creating environment hook '/home/huy/ros2_ws/install/uav_controller/share/uav_controller/hook/cmake_prefix_path.sh'
[12.874s] Level 1:colcon.colcon_core.environment:checking '/home/huy/ros2_ws/install/uav_controller/lib'
[12.874s] Level 1:colcon.colcon_core.environment:checking '/home/huy/ros2_ws/install/uav_controller/bin'
[12.874s] Level 1:colcon.colcon_core.environment:checking '/home/huy/ros2_ws/install/uav_controller/lib/pkgconfig/uav_controller.pc'
[12.874s] Level 1:colcon.colcon_core.environment:checking '/home/huy/ros2_ws/install/uav_controller/lib/python3.10/site-packages'
[12.874s] Level 1:colcon.colcon_core.environment:checking '/home/huy/ros2_ws/install/uav_controller/bin'
[12.875s] INFO:colcon.colcon_core.shell:Creating package script '/home/huy/ros2_ws/install/uav_controller/share/uav_controller/package.ps1'
[12.875s] INFO:colcon.colcon_core.shell:Creating package descriptor '/home/huy/ros2_ws/install/uav_controller/share/uav_controller/package.dsv'
[12.876s] INFO:colcon.colcon_core.shell:Creating package script '/home/huy/ros2_ws/install/uav_controller/share/uav_controller/package.sh'
[12.876s] INFO:colcon.colcon_core.shell:Creating package script '/home/huy/ros2_ws/install/uav_controller/share/uav_controller/package.bash'
[12.876s] INFO:colcon.colcon_core.shell:Creating package script '/home/huy/ros2_ws/install/uav_controller/share/uav_controller/package.zsh'
[12.877s] Level 1:colcon.colcon_core.environment:create_file_with_runtime_dependencies(/home/huy/ros2_ws/install/uav_controller/share/colcon-core/packages/uav_controller)
[12.877s] Level 1:colcon.colcon_core.environment:create_environment_scripts_only(uav_controller)
[12.877s] Level 1:colcon.colcon_core.environment:checking '/home/huy/ros2_ws/install/uav_controller' for CMake module files
[12.878s] Level 1:colcon.colcon_core.environment:checking '/home/huy/ros2_ws/install/uav_controller' for CMake config files
[12.878s] Level 1:colcon.colcon_core.shell:create_environment_hook('uav_controller', 'cmake_prefix_path')
[12.878s] INFO:colcon.colcon_core.shell:Creating environment hook '/home/huy/ros2_ws/install/uav_controller/share/uav_controller/hook/cmake_prefix_path.ps1'
[12.878s] INFO:colcon.colcon_core.shell:Creating environment descriptor '/home/huy/ros2_ws/install/uav_controller/share/uav_controller/hook/cmake_prefix_path.dsv'
[12.879s] INFO:colcon.colcon_core.shell:Creating environment hook '/home/huy/ros2_ws/install/uav_controller/share/uav_controller/hook/cmake_prefix_path.sh'
[12.879s] Level 1:colcon.colcon_core.environment:checking '/home/huy/ros2_ws/install/uav_controller/lib'
[12.879s] Level 1:colcon.colcon_core.environment:checking '/home/huy/ros2_ws/install/uav_controller/bin'
[12.879s] Level 1:colcon.colcon_core.environment:checking '/home/huy/ros2_ws/install/uav_controller/lib/pkgconfig/uav_controller.pc'
[12.880s] Level 1:colcon.colcon_core.environment:checking '/home/huy/ros2_ws/install/uav_controller/lib/python3.10/site-packages'
[12.880s] Level 1:colcon.colcon_core.environment:checking '/home/huy/ros2_ws/install/uav_controller/bin'
[12.880s] INFO:colcon.colcon_core.shell:Creating package script '/home/huy/ros2_ws/install/uav_controller/share/uav_controller/package.ps1'
[12.880s] INFO:colcon.colcon_core.shell:Creating package descriptor '/home/huy/ros2_ws/install/uav_controller/share/uav_controller/package.dsv'
[12.881s] INFO:colcon.colcon_core.shell:Creating package script '/home/huy/ros2_ws/install/uav_controller/share/uav_controller/package.sh'
[12.881s] INFO:colcon.colcon_core.shell:Creating package script '/home/huy/ros2_ws/install/uav_controller/share/uav_controller/package.bash'
[12.881s] INFO:colcon.colcon_core.shell:Creating package script '/home/huy/ros2_ws/install/uav_controller/share/uav_controller/package.zsh'
[12.882s] Level 1:colcon.colcon_core.environment:create_file_with_runtime_dependencies(/home/huy/ros2_ws/install/uav_controller/share/colcon-core/packages/uav_controller)
[12.882s] DEBUG:colcon.colcon_parallel_executor.executor.parallel:closing loop
[12.882s] DEBUG:colcon.colcon_parallel_executor.executor.parallel:loop closed
[12.883s] DEBUG:colcon.colcon_parallel_executor.executor.parallel:run_until_complete finished with '0'
[12.883s] DEBUG:colcon.colcon_core.event_reactor:joining thread
[12.888s] INFO:colcon.colcon_core.plugin_system:Skipping extension 'colcon_notification.desktop_notification.terminal_notifier': Not used on non-Darwin systems
[12.888s] INFO:colcon.colcon_core.plugin_system:Skipping extension 'colcon_notification.desktop_notification.win32': Not used on non-Windows systems
[12.888s] INFO:colcon.colcon_notification.desktop_notification:Sending desktop notification using 'notify2'
[12.898s] DEBUG:colcon.colcon_core.event_reactor:joined thread
[12.899s] INFO:colcon.colcon_core.shell:Creating prefix script '/home/huy/ros2_ws/install/local_setup.ps1'
[12.900s] INFO:colcon.colcon_core.shell:Creating prefix util module '/home/huy/ros2_ws/install/_local_setup_util_ps1.py'
[12.901s] INFO:colcon.colcon_core.shell:Creating prefix chain script '/home/huy/ros2_ws/install/setup.ps1'
[12.902s] INFO:colcon.colcon_core.shell:Creating prefix script '/home/huy/ros2_ws/install/local_setup.sh'
[12.903s] INFO:colcon.colcon_core.shell:Creating prefix util module '/home/huy/ros2_ws/install/_local_setup_util_sh.py'
[12.903s] INFO:colcon.colcon_core.shell:Creating prefix chain script '/home/huy/ros2_ws/install/setup.sh'
[12.904s] INFO:colcon.colcon_core.shell:Creating prefix script '/home/huy/ros2_ws/install/local_setup.bash'
[12.904s] INFO:colcon.colcon_core.shell:Creating prefix chain script '/home/huy/ros2_ws/install/setup.bash'
[12.905s] INFO:colcon.colcon_core.shell:Creating prefix script '/home/huy/ros2_ws/install/local_setup.zsh'
[12.906s] INFO:colcon.colcon_core.shell:Creating prefix chain script '/home/huy/ros2_ws/install/setup.zsh'
