[35m[1mConsolidate compiler generated dependencies of target smc_controller_node[0m
[ 50%] Built target imu_node
[ 33%] [32mBuilding CXX object CMakeFiles/pos_controller_node.dir/src/pid_controller.cpp.o[0m
[ 83%] Built target smc_controller_node
In file included from [01m[K/opt/ros/humble/include/rclcpp/rclcpp/logging.hpp:24[m[K,
                 from [01m[K/opt/ros/humble/include/rclcpp/rclcpp/client.hpp:40[m[K,
                 from [01m[K/opt/ros/humble/include/rclcpp/rclcpp/callback_group.hpp:24[m[K,
                 from [01m[K/opt/ros/humble/include/rclcpp/rclcpp/any_executable.hpp:20[m[K,
                 from [01m[K/opt/ros/humble/include/rclcpp/rclcpp/memory_strategy.hpp:25[m[K,
                 from [01m[K/opt/ros/humble/include/rclcpp/rclcpp/memory_strategies.hpp:18[m[K,
                 from [01m[K/opt/ros/humble/include/rclcpp/rclcpp/executor_options.hpp:20[m[K,
                 from [01m[K/opt/ros/humble/include/rclcpp/rclcpp/executor.hpp:37[m[K,
                 from [01m[K/opt/ros/humble/include/rclcpp/rclcpp/executors/multi_threaded_executor.hpp:25[m[K,
                 from [01m[K/opt/ros/humble/include/rclcpp/rclcpp/executors.hpp:21[m[K,
                 from [01m[K/opt/ros/humble/include/rclcpp/rclcpp/rclcpp.hpp:155[m[K,
                 from [01m[K/home/huy/ros2_ws/src/uav_controller/include/pid_controller.hpp:3[m[K,
                 from [01m[K/home/huy/ros2_ws/src/uav_controller/src/pid_controller.cpp:1[m[K:
[01m[K/home/huy/ros2_ws/src/uav_controller/src/pid_controller.cpp:[m[K In member function ‘[01m[Kvoid Pos_Controller::controlLoop()[m[K’:
[01m[K/home/huy/ros2_ws/src/uav_controller/src/pid_controller.cpp:104:5:[m[K [01;35m[Kwarning: [m[Kformat ‘[01m[K%f[m[K’ expects argument of type ‘[01m[Kdouble[m[K’, but argument 5 has type ‘[01m[Kstd_msgs::msg::Float64[m[K’ {aka ‘[01m[Kstd_msgs::msg::Float64_<std::allocator<void> >[m[K’} [[01;35m[K]8;;https://gcc.gnu.org/onlinedocs/gcc/Warning-Options.html#index-Wformat=-Wformat=]8;;[m[K]
  104 |     [01;35m[K"thrust: %.4f, phi: %.4f, theta: %.4f, psi: %.4f"[m[K, [32m[Kthrust_ref[m[K, att_ref.x , att_ref.y, att_ref.z);
      |     [01;35m[K^~~~~~~~~~~~~~~~~~~~~~~~~~~~~~~~~~~~~~~~~~~~~~~~~[m[K  [32m[K~~~~~~~~~~[m[K
      |                                                        [32m[K|[m[K
      |                                                        [32m[Kstd_msgs::msg::Float64 {aka std_msgs::msg::Float64_<std::allocator<void> >}[m[K
[01m[K/home/huy/ros2_ws/src/uav_controller/src/pid_controller.cpp:104:17:[m[K [01;36m[Knote: [m[Kformat string is defined here
  104 |     "thrust: [01;36m[K%.4f[m[K, phi: %.4f, theta: %.4f, psi: %.4f", thrust_ref, att_ref.x , att_ref.y, att_ref.z);
      |              [01;36m[K~~~^[m[K
      |                 [01;36m[K|[m[K
      |                 [01;36m[Kdouble[m[K
[100%] [32m[1mLinking CXX executable pos_controller_node[0m
[100%] Built target pos_controller_node
-- Install configuration: ""
-- Up-to-date: /home/huy/ros2_ws/install/uav_controller/lib/uav_controller/imu_node
-- Installing: /home/huy/ros2_ws/install/uav_controller/lib/uav_controller/pos_controller_node
-- Set runtime path of "/home/huy/ros2_ws/install/uav_controller/lib/uav_controller/pos_controller_node" to ""
-- Up-to-date: /home/huy/ros2_ws/install/uav_controller/lib/uav_controller/smc_controller_node
-- Up-to-date: /home/huy/ros2_ws/install/uav_controller/share/ament_index/resource_index/package_run_dependencies/uav_controller
-- Up-to-date: /home/huy/ros2_ws/install/uav_controller/share/ament_index/resource_index/parent_prefix_path/uav_controller
-- Up-to-date: /home/huy/ros2_ws/install/uav_controller/share/uav_controller/environment/ament_prefix_path.sh
-- Up-to-date: /home/huy/ros2_ws/install/uav_controller/share/uav_controller/environment/ament_prefix_path.dsv
-- Up-to-date: /home/huy/ros2_ws/install/uav_controller/share/uav_controller/environment/path.sh
-- Up-to-date: /home/huy/ros2_ws/install/uav_controller/share/uav_controller/environment/path.dsv
-- Up-to-date: /home/huy/ros2_ws/install/uav_controller/share/uav_controller/local_setup.bash
-- Up-to-date: /home/huy/ros2_ws/install/uav_controller/share/uav_controller/local_setup.sh
-- Up-to-date: /home/huy/ros2_ws/install/uav_controller/share/uav_controller/local_setup.zsh
-- Up-to-date: /home/huy/ros2_ws/install/uav_controller/share/uav_controller/local_setup.dsv
-- Installing: /home/huy/ros2_ws/install/uav_controller/share/uav_controller/package.dsv
-- Up-to-date: /home/huy/ros2_ws/install/uav_controller/share/ament_index/resource_index/packages/uav_controller
-- Up-to-date: /home/huy/ros2_ws/install/uav_controller/share/uav_controller/cmake/uav_controllerConfig.cmake
-- Up-to-date: /home/huy/ros2_ws/install/uav_controller/share/uav_controller/cmake/uav_controllerConfig-version.cmake
-- Up-to-date: /home/huy/ros2_ws/install/uav_controller/share/uav_controller/package.xml
