[0.203s] DEBUG:colcon:Command line arguments: ['/usr/bin/colcon', 'build']
[0.203s] DEBUG:colcon:Parsed command line arguments: Namespace(log_base=None, log_level=None, verb_name='build', build_base='build', install_base='install', merge_install=False, symlink_install=False, test_result_base=None, continue_on_error=False, executor='parallel', parallel_workers=16, event_handlers=None, ignore_user_meta=False, metas=['./colcon.meta'], base_paths=['.'], packages_ignore=None, packages_ignore_regex=None, paths=None, packages_up_to=None, packages_up_to_regex=None, packages_above=None, packages_above_and_dependencies=None, packages_above_depth=None, packages_select_by_dep=None, packages_skip_by_dep=None, packages_skip_up_to=None, packages_select_build_failed=False, packages_skip_build_finished=False, packages_select_test_failures=False, packages_skip_test_passed=False, packages_select=None, packages_skip=None, packages_select_regex=None, packages_skip_regex=None, packages_start=None, packages_end=None, allow_overriding=[], cmake_args=None, cmake_target=None, cmake_target_skip_unavailable=False, cmake_clean_cache=False, cmake_clean_first=False, cmake_force_configure=False, ament_cmake_args=None, catkin_cmake_args=None, catkin_skip_building_tests=False, mixin_files=None, mixin=None, verb_parser=<colcon_mixin.mixin.mixin_argument.MixinArgumentDecorator object at 0x7d64ab46a110>, verb_extension=<colcon_core.verb.build.BuildVerb object at 0x7d64ab469b40>, main=<bound method BuildVerb.main of <colcon_core.verb.build.BuildVerb object at 0x7d64ab469b40>>, mixin_verb=('build',))
[0.480s] Level 1:colcon.colcon_core.package_discovery:discover_packages(colcon_meta) check parameters
[0.481s] Level 1:colcon.colcon_core.package_discovery:discover_packages(recursive) check parameters
[0.481s] Level 1:colcon.colcon_core.package_discovery:discover_packages(ignore) check parameters
[0.481s] Level 1:colcon.colcon_core.package_discovery:discover_packages(path) check parameters
[0.481s] Level 1:colcon.colcon_core.package_discovery:discover_packages(colcon_meta) discover
[0.481s] Level 1:colcon.colcon_core.package_discovery:discover_packages(recursive) discover
[0.481s] INFO:colcon.colcon_core.package_discovery:Crawling recursively for packages in '/home/huy/ros2_ws'
[0.481s] Level 1:colcon.colcon_core.package_identification:_identify(.) by extensions ['ignore', 'ignore_ament_install']
[0.481s] Level 1:colcon.colcon_core.package_identification:_identify(.) by extension 'ignore'
[0.482s] Level 1:colcon.colcon_core.package_identification:_identify(.) by extension 'ignore_ament_install'
[0.482s] Level 1:colcon.colcon_core.package_identification:_identify(.) by extensions ['colcon_pkg']
[0.482s] Level 1:colcon.colcon_core.package_identification:_identify(.) by extension 'colcon_pkg'
[0.482s] Level 1:colcon.colcon_core.package_identification:_identify(.) by extensions ['colcon_meta']
[0.482s] Level 1:colcon.colcon_core.package_identification:_identify(.) by extension 'colcon_meta'
[0.482s] Level 1:colcon.colcon_core.package_identification:_identify(.) by extensions ['ros']
[0.482s] Level 1:colcon.colcon_core.package_identification:_identify(.) by extension 'ros'
[0.547s] Level 1:colcon.colcon_core.package_identification:_identify(.) by extensions ['cmake', 'python']
[0.548s] Level 1:colcon.colcon_core.package_identification:_identify(.) by extension 'cmake'
[0.548s] Level 1:colcon.colcon_core.package_identification:_identify(.) by extension 'python'
[0.548s] Level 1:colcon.colcon_core.package_identification:_identify(.) by extensions ['python_setup_py']
[0.548s] Level 1:colcon.colcon_core.package_identification:_identify(.) by extension 'python_setup_py'
[0.548s] Level 1:colcon.colcon_core.package_identification:_identify(build) by extensions ['ignore', 'ignore_ament_install']
[0.548s] Level 1:colcon.colcon_core.package_identification:_identify(build) by extension 'ignore'
[0.548s] Level 1:colcon.colcon_core.package_identification:_identify(build) ignored
[0.549s] Level 1:colcon.colcon_core.package_identification:_identify(install) by extensions ['ignore', 'ignore_ament_install']
[0.549s] Level 1:colcon.colcon_core.package_identification:_identify(install) by extension 'ignore'
[0.549s] Level 1:colcon.colcon_core.package_identification:_identify(install) ignored
[0.549s] Level 1:colcon.colcon_core.package_identification:_identify(log) by extensions ['ignore', 'ignore_ament_install']
[0.549s] Level 1:colcon.colcon_core.package_identification:_identify(log) by extension 'ignore'
[0.549s] Level 1:colcon.colcon_core.package_identification:_identify(log) ignored
[0.549s] Level 1:colcon.colcon_core.package_identification:_identify(src) by extensions ['ignore', 'ignore_ament_install']
[0.550s] Level 1:colcon.colcon_core.package_identification:_identify(src) by extension 'ignore'
[0.550s] Level 1:colcon.colcon_core.package_identification:_identify(src) by extension 'ignore_ament_install'
[0.550s] Level 1:colcon.colcon_core.package_identification:_identify(src) by extensions ['colcon_pkg']
[0.550s] Level 1:colcon.colcon_core.package_identification:_identify(src) by extension 'colcon_pkg'
[0.550s] Level 1:colcon.colcon_core.package_identification:_identify(src) by extensions ['colcon_meta']
[0.550s] Level 1:colcon.colcon_core.package_identification:_identify(src) by extension 'colcon_meta'
[0.550s] Level 1:colcon.colcon_core.package_identification:_identify(src) by extensions ['ros']
[0.550s] Level 1:colcon.colcon_core.package_identification:_identify(src) by extension 'ros'
[0.550s] Level 1:colcon.colcon_core.package_identification:_identify(src) by extensions ['cmake', 'python']
[0.550s] Level 1:colcon.colcon_core.package_identification:_identify(src) by extension 'cmake'
[0.550s] Level 1:colcon.colcon_core.package_identification:_identify(src) by extension 'python'
[0.550s] Level 1:colcon.colcon_core.package_identification:_identify(src) by extensions ['python_setup_py']
[0.550s] Level 1:colcon.colcon_core.package_identification:_identify(src) by extension 'python_setup_py'
[0.551s] Level 1:colcon.colcon_core.package_identification:_identify(src/launch) by extensions ['ignore', 'ignore_ament_install']
[0.551s] Level 1:colcon.colcon_core.package_identification:_identify(src/launch) by extension 'ignore'
[0.551s] Level 1:colcon.colcon_core.package_identification:_identify(src/launch) by extension 'ignore_ament_install'
[0.551s] Level 1:colcon.colcon_core.package_identification:_identify(src/launch) by extensions ['colcon_pkg']
[0.551s] Level 1:colcon.colcon_core.package_identification:_identify(src/launch) by extension 'colcon_pkg'
[0.551s] Level 1:colcon.colcon_core.package_identification:_identify(src/launch) by extensions ['colcon_meta']
[0.551s] Level 1:colcon.colcon_core.package_identification:_identify(src/launch) by extension 'colcon_meta'
[0.551s] Level 1:colcon.colcon_core.package_identification:_identify(src/launch) by extensions ['ros']
[0.551s] Level 1:colcon.colcon_core.package_identification:_identify(src/launch) by extension 'ros'
[0.551s] Level 1:colcon.colcon_core.package_identification:_identify(src/launch) by extensions ['cmake', 'python']
[0.551s] Level 1:colcon.colcon_core.package_identification:_identify(src/launch) by extension 'cmake'
[0.551s] Level 1:colcon.colcon_core.package_identification:_identify(src/launch) by extension 'python'
[0.552s] Level 1:colcon.colcon_core.package_identification:_identify(src/launch) by extensions ['python_setup_py']
[0.552s] Level 1:colcon.colcon_core.package_identification:_identify(src/launch) by extension 'python_setup_py'
[0.552s] Level 1:colcon.colcon_core.package_identification:_identify(src/uav_controller) by extensions ['ignore', 'ignore_ament_install']
[0.552s] Level 1:colcon.colcon_core.package_identification:_identify(src/uav_controller) by extension 'ignore'
[0.552s] Level 1:colcon.colcon_core.package_identification:_identify(src/uav_controller) by extension 'ignore_ament_install'
[0.552s] Level 1:colcon.colcon_core.package_identification:_identify(src/uav_controller) by extensions ['colcon_pkg']
[0.552s] Level 1:colcon.colcon_core.package_identification:_identify(src/uav_controller) by extension 'colcon_pkg'
[0.552s] Level 1:colcon.colcon_core.package_identification:_identify(src/uav_controller) by extensions ['colcon_meta']
[0.552s] Level 1:colcon.colcon_core.package_identification:_identify(src/uav_controller) by extension 'colcon_meta'
[0.552s] Level 1:colcon.colcon_core.package_identification:_identify(src/uav_controller) by extensions ['ros']
[0.552s] Level 1:colcon.colcon_core.package_identification:_identify(src/uav_controller) by extension 'ros'
[0.557s] DEBUG:colcon.colcon_core.package_identification:Package 'src/uav_controller' with type 'ros.ament_cmake' and name 'uav_controller'
[0.557s] Level 1:colcon.colcon_core.package_identification:_identify(src/uav_dynamics) by extensions ['ignore', 'ignore_ament_install']
[0.557s] Level 1:colcon.colcon_core.package_identification:_identify(src/uav_dynamics) by extension 'ignore'
[0.557s] Level 1:colcon.colcon_core.package_identification:_identify(src/uav_dynamics) by extension 'ignore_ament_install'
[0.557s] Level 1:colcon.colcon_core.package_identification:_identify(src/uav_dynamics) by extensions ['colcon_pkg']
[0.557s] Level 1:colcon.colcon_core.package_identification:_identify(src/uav_dynamics) by extension 'colcon_pkg'
[0.557s] Level 1:colcon.colcon_core.package_identification:_identify(src/uav_dynamics) by extensions ['colcon_meta']
[0.557s] Level 1:colcon.colcon_core.package_identification:_identify(src/uav_dynamics) by extension 'colcon_meta'
[0.557s] Level 1:colcon.colcon_core.package_identification:_identify(src/uav_dynamics) by extensions ['ros']
[0.558s] Level 1:colcon.colcon_core.package_identification:_identify(src/uav_dynamics) by extension 'ros'
[0.559s] DEBUG:colcon.colcon_core.package_identification:Package 'src/uav_dynamics' with type 'ros.ament_cmake' and name 'uav_dynamics'
[0.559s] Level 1:colcon.colcon_core.package_identification:_identify(src/uav_motor_plugin) by extensions ['ignore', 'ignore_ament_install']
[0.559s] Level 1:colcon.colcon_core.package_identification:_identify(src/uav_motor_plugin) by extension 'ignore'
[0.559s] Level 1:colcon.colcon_core.package_identification:_identify(src/uav_motor_plugin) by extension 'ignore_ament_install'
[0.559s] Level 1:colcon.colcon_core.package_identification:_identify(src/uav_motor_plugin) by extensions ['colcon_pkg']
[0.559s] Level 1:colcon.colcon_core.package_identification:_identify(src/uav_motor_plugin) by extension 'colcon_pkg'
[0.559s] Level 1:colcon.colcon_core.package_identification:_identify(src/uav_motor_plugin) by extensions ['colcon_meta']
[0.559s] Level 1:colcon.colcon_core.package_identification:_identify(src/uav_motor_plugin) by extension 'colcon_meta'
[0.560s] Level 1:colcon.colcon_core.package_identification:_identify(src/uav_motor_plugin) by extensions ['ros']
[0.560s] Level 1:colcon.colcon_core.package_identification:_identify(src/uav_motor_plugin) by extension 'ros'
[0.561s] DEBUG:colcon.colcon_core.package_identification:Package 'src/uav_motor_plugin' with type 'ros.ament_cmake' and name 'uav_motor_plugin'
[0.561s] Level 1:colcon.colcon_core.package_identification:_identify(src/uav_msgs) by extensions ['ignore', 'ignore_ament_install']
[0.561s] Level 1:colcon.colcon_core.package_identification:_identify(src/uav_msgs) by extension 'ignore'
[0.561s] Level 1:colcon.colcon_core.package_identification:_identify(src/uav_msgs) by extension 'ignore_ament_install'
[0.561s] Level 1:colcon.colcon_core.package_identification:_identify(src/uav_msgs) by extensions ['colcon_pkg']
[0.561s] Level 1:colcon.colcon_core.package_identification:_identify(src/uav_msgs) by extension 'colcon_pkg'
[0.561s] Level 1:colcon.colcon_core.package_identification:_identify(src/uav_msgs) by extensions ['colcon_meta']
[0.561s] Level 1:colcon.colcon_core.package_identification:_identify(src/uav_msgs) by extension 'colcon_meta'
[0.562s] Level 1:colcon.colcon_core.package_identification:_identify(src/uav_msgs) by extensions ['ros']
[0.562s] Level 1:colcon.colcon_core.package_identification:_identify(src/uav_msgs) by extension 'ros'
[0.562s] DEBUG:colcon.colcon_core.package_identification:Package 'src/uav_msgs' with type 'ros.catkin' and name 'uav_msgs'
[0.562s] Level 1:colcon.colcon_core.package_identification:_identify(src/uav_sim) by extensions ['ignore', 'ignore_ament_install']
[0.563s] Level 1:colcon.colcon_core.package_identification:_identify(src/uav_sim) by extension 'ignore'
[0.563s] Level 1:colcon.colcon_core.package_identification:_identify(src/uav_sim) by extension 'ignore_ament_install'
[0.563s] Level 1:colcon.colcon_core.package_identification:_identify(src/uav_sim) by extensions ['colcon_pkg']
[0.563s] Level 1:colcon.colcon_core.package_identification:_identify(src/uav_sim) by extension 'colcon_pkg'
[0.563s] Level 1:colcon.colcon_core.package_identification:_identify(src/uav_sim) by extensions ['colcon_meta']
[0.563s] Level 1:colcon.colcon_core.package_identification:_identify(src/uav_sim) by extension 'colcon_meta'
[0.563s] Level 1:colcon.colcon_core.package_identification:_identify(src/uav_sim) by extensions ['ros']
[0.563s] Level 1:colcon.colcon_core.package_identification:_identify(src/uav_sim) by extension 'ros'
[0.564s] DEBUG:colcon.colcon_core.package_identification:Package 'src/uav_sim' with type 'ros.ament_cmake' and name 'uav_sim'
[0.564s] Level 1:colcon.colcon_core.package_discovery:discover_packages(recursive) using defaults
[0.564s] Level 1:colcon.colcon_core.package_discovery:discover_packages(ignore) discover
[0.565s] Level 1:colcon.colcon_core.package_discovery:discover_packages(ignore) using defaults
[0.565s] Level 1:colcon.colcon_core.package_discovery:discover_packages(path) discover
[0.565s] Level 1:colcon.colcon_core.package_discovery:discover_packages(path) using defaults
[0.594s] Level 1:colcon.colcon_core.package_discovery:discover_packages(prefix_path) check parameters
[0.594s] Level 1:colcon.colcon_core.package_discovery:discover_packages(prefix_path) discover
[0.597s] DEBUG:colcon.colcon_installed_package_information.package_discovery:Found 5 installed packages in /home/huy/ros2_ws/install
[0.599s] DEBUG:colcon.colcon_installed_package_information.package_discovery:Found 309 installed packages in /opt/ros/humble
[0.601s] Level 1:colcon.colcon_core.package_discovery:discover_packages(prefix_path) using defaults
[0.654s] Level 5:colcon.colcon_core.verb:set package 'uav_msgs' build argument 'cmake_args' from command line to 'None'
[0.654s] Level 5:colcon.colcon_core.verb:set package 'uav_msgs' build argument 'cmake_target' from command line to 'None'
[0.654s] Level 5:colcon.colcon_core.verb:set package 'uav_msgs' build argument 'cmake_target_skip_unavailable' from command line to 'False'
[0.654s] Level 5:colcon.colcon_core.verb:set package 'uav_msgs' build argument 'cmake_clean_cache' from command line to 'False'
[0.654s] Level 5:colcon.colcon_core.verb:set package 'uav_msgs' build argument 'cmake_clean_first' from command line to 'False'
[0.654s] Level 5:colcon.colcon_core.verb:set package 'uav_msgs' build argument 'cmake_force_configure' from command line to 'False'
[0.654s] Level 5:colcon.colcon_core.verb:set package 'uav_msgs' build argument 'ament_cmake_args' from command line to 'None'
[0.654s] Level 5:colcon.colcon_core.verb:set package 'uav_msgs' build argument 'catkin_cmake_args' from command line to 'None'
[0.654s] Level 5:colcon.colcon_core.verb:set package 'uav_msgs' build argument 'catkin_skip_building_tests' from command line to 'False'
[0.654s] DEBUG:colcon.colcon_core.verb:Building package 'uav_msgs' with the following arguments: {'ament_cmake_args': None, 'build_base': '/home/huy/ros2_ws/build/uav_msgs', 'catkin_cmake_args': None, 'catkin_skip_building_tests': False, 'cmake_args': None, 'cmake_clean_cache': False, 'cmake_clean_first': False, 'cmake_force_configure': False, 'cmake_target': None, 'cmake_target_skip_unavailable': False, 'install_base': '/home/huy/ros2_ws/install/uav_msgs', 'merge_install': False, 'path': '/home/huy/ros2_ws/src/uav_msgs', 'symlink_install': False, 'test_result_base': None}
[0.654s] Level 5:colcon.colcon_core.verb:set package 'uav_controller' build argument 'cmake_args' from command line to 'None'
[0.655s] Level 5:colcon.colcon_core.verb:set package 'uav_controller' build argument 'cmake_target' from command line to 'None'
[0.655s] Level 5:colcon.colcon_core.verb:set package 'uav_controller' build argument 'cmake_target_skip_unavailable' from command line to 'False'
[0.655s] Level 5:colcon.colcon_core.verb:set package 'uav_controller' build argument 'cmake_clean_cache' from command line to 'False'
[0.655s] Level 5:colcon.colcon_core.verb:set package 'uav_controller' build argument 'cmake_clean_first' from command line to 'False'
[0.655s] Level 5:colcon.colcon_core.verb:set package 'uav_controller' build argument 'cmake_force_configure' from command line to 'False'
[0.655s] Level 5:colcon.colcon_core.verb:set package 'uav_controller' build argument 'ament_cmake_args' from command line to 'None'
[0.655s] Level 5:colcon.colcon_core.verb:set package 'uav_controller' build argument 'catkin_cmake_args' from command line to 'None'
[0.655s] Level 5:colcon.colcon_core.verb:set package 'uav_controller' build argument 'catkin_skip_building_tests' from command line to 'False'
[0.655s] DEBUG:colcon.colcon_core.verb:Building package 'uav_controller' with the following arguments: {'ament_cmake_args': None, 'build_base': '/home/huy/ros2_ws/build/uav_controller', 'catkin_cmake_args': None, 'catkin_skip_building_tests': False, 'cmake_args': None, 'cmake_clean_cache': False, 'cmake_clean_first': False, 'cmake_force_configure': False, 'cmake_target': None, 'cmake_target_skip_unavailable': False, 'install_base': '/home/huy/ros2_ws/install/uav_controller', 'merge_install': False, 'path': '/home/huy/ros2_ws/src/uav_controller', 'symlink_install': False, 'test_result_base': None}
[0.655s] Level 5:colcon.colcon_core.verb:set package 'uav_dynamics' build argument 'cmake_args' from command line to 'None'
[0.655s] Level 5:colcon.colcon_core.verb:set package 'uav_dynamics' build argument 'cmake_target' from command line to 'None'
[0.655s] Level 5:colcon.colcon_core.verb:set package 'uav_dynamics' build argument 'cmake_target_skip_unavailable' from command line to 'False'
[0.655s] Level 5:colcon.colcon_core.verb:set package 'uav_dynamics' build argument 'cmake_clean_cache' from command line to 'False'
[0.656s] Level 5:colcon.colcon_core.verb:set package 'uav_dynamics' build argument 'cmake_clean_first' from command line to 'False'
[0.656s] Level 5:colcon.colcon_core.verb:set package 'uav_dynamics' build argument 'cmake_force_configure' from command line to 'False'
[0.656s] Level 5:colcon.colcon_core.verb:set package 'uav_dynamics' build argument 'ament_cmake_args' from command line to 'None'
[0.656s] Level 5:colcon.colcon_core.verb:set package 'uav_dynamics' build argument 'catkin_cmake_args' from command line to 'None'
[0.656s] Level 5:colcon.colcon_core.verb:set package 'uav_dynamics' build argument 'catkin_skip_building_tests' from command line to 'False'
[0.656s] DEBUG:colcon.colcon_core.verb:Building package 'uav_dynamics' with the following arguments: {'ament_cmake_args': None, 'build_base': '/home/huy/ros2_ws/build/uav_dynamics', 'catkin_cmake_args': None, 'catkin_skip_building_tests': False, 'cmake_args': None, 'cmake_clean_cache': False, 'cmake_clean_first': False, 'cmake_force_configure': False, 'cmake_target': None, 'cmake_target_skip_unavailable': False, 'install_base': '/home/huy/ros2_ws/install/uav_dynamics', 'merge_install': False, 'path': '/home/huy/ros2_ws/src/uav_dynamics', 'symlink_install': False, 'test_result_base': None}
[0.656s] Level 5:colcon.colcon_core.verb:set package 'uav_motor_plugin' build argument 'cmake_args' from command line to 'None'
[0.656s] Level 5:colcon.colcon_core.verb:set package 'uav_motor_plugin' build argument 'cmake_target' from command line to 'None'
[0.656s] Level 5:colcon.colcon_core.verb:set package 'uav_motor_plugin' build argument 'cmake_target_skip_unavailable' from command line to 'False'
[0.656s] Level 5:colcon.colcon_core.verb:set package 'uav_motor_plugin' build argument 'cmake_clean_cache' from command line to 'False'
[0.656s] Level 5:colcon.colcon_core.verb:set package 'uav_motor_plugin' build argument 'cmake_clean_first' from command line to 'False'
[0.656s] Level 5:colcon.colcon_core.verb:set package 'uav_motor_plugin' build argument 'cmake_force_configure' from command line to 'False'
[0.656s] Level 5:colcon.colcon_core.verb:set package 'uav_motor_plugin' build argument 'ament_cmake_args' from command line to 'None'
[0.656s] Level 5:colcon.colcon_core.verb:set package 'uav_motor_plugin' build argument 'catkin_cmake_args' from command line to 'None'
[0.656s] Level 5:colcon.colcon_core.verb:set package 'uav_motor_plugin' build argument 'catkin_skip_building_tests' from command line to 'False'
[0.656s] DEBUG:colcon.colcon_core.verb:Building package 'uav_motor_plugin' with the following arguments: {'ament_cmake_args': None, 'build_base': '/home/huy/ros2_ws/build/uav_motor_plugin', 'catkin_cmake_args': None, 'catkin_skip_building_tests': False, 'cmake_args': None, 'cmake_clean_cache': False, 'cmake_clean_first': False, 'cmake_force_configure': False, 'cmake_target': None, 'cmake_target_skip_unavailable': False, 'install_base': '/home/huy/ros2_ws/install/uav_motor_plugin', 'merge_install': False, 'path': '/home/huy/ros2_ws/src/uav_motor_plugin', 'symlink_install': False, 'test_result_base': None}
[0.657s] Level 5:colcon.colcon_core.verb:set package 'uav_sim' build argument 'cmake_args' from command line to 'None'
[0.657s] Level 5:colcon.colcon_core.verb:set package 'uav_sim' build argument 'cmake_target' from command line to 'None'
[0.657s] Level 5:colcon.colcon_core.verb:set package 'uav_sim' build argument 'cmake_target_skip_unavailable' from command line to 'False'
[0.657s] Level 5:colcon.colcon_core.verb:set package 'uav_sim' build argument 'cmake_clean_cache' from command line to 'False'
[0.657s] Level 5:colcon.colcon_core.verb:set package 'uav_sim' build argument 'cmake_clean_first' from command line to 'False'
[0.657s] Level 5:colcon.colcon_core.verb:set package 'uav_sim' build argument 'cmake_force_configure' from command line to 'False'
[0.657s] Level 5:colcon.colcon_core.verb:set package 'uav_sim' build argument 'ament_cmake_args' from command line to 'None'
[0.657s] Level 5:colcon.colcon_core.verb:set package 'uav_sim' build argument 'catkin_cmake_args' from command line to 'None'
[0.657s] Level 5:colcon.colcon_core.verb:set package 'uav_sim' build argument 'catkin_skip_building_tests' from command line to 'False'
[0.657s] DEBUG:colcon.colcon_core.verb:Building package 'uav_sim' with the following arguments: {'ament_cmake_args': None, 'build_base': '/home/huy/ros2_ws/build/uav_sim', 'catkin_cmake_args': None, 'catkin_skip_building_tests': False, 'cmake_args': None, 'cmake_clean_cache': False, 'cmake_clean_first': False, 'cmake_force_configure': False, 'cmake_target': None, 'cmake_target_skip_unavailable': False, 'install_base': '/home/huy/ros2_ws/install/uav_sim', 'merge_install': False, 'path': '/home/huy/ros2_ws/src/uav_sim', 'symlink_install': False, 'test_result_base': None}
[0.657s] INFO:colcon.colcon_core.executor:Executing jobs using 'parallel' executor
[0.659s] DEBUG:colcon.colcon_parallel_executor.executor.parallel:run_until_complete
[0.659s] INFO:colcon.colcon_ros.task.catkin.build:Building ROS package in '/home/huy/ros2_ws/src/uav_msgs' with build type 'catkin'
[0.659s] INFO:colcon.colcon_cmake.task.cmake.build:Building CMake package in '/home/huy/ros2_ws/src/uav_msgs'
[0.662s] INFO:colcon.colcon_core.plugin_system:Skipping extension 'colcon_core.shell.bat': Not used on non-Windows systems
[0.662s] INFO:colcon.colcon_core.shell:Skip shell extension 'powershell' for command environment: Not usable outside of PowerShell
[0.662s] DEBUG:colcon.colcon_core.shell:Skip shell extension 'dsv' for command environment
[0.677s] DEBUG:colcon.colcon_core.event_handler.log_command:Invoking command in '/home/huy/ros2_ws/build/uav_msgs': /usr/bin/cmake --build /home/huy/ros2_ws/build/uav_msgs -- -j16 -l16
[1.133s] DEBUG:colcon.colcon_core.event_handler.log_command:Invoked command in '/home/huy/ros2_ws/build/uav_msgs' returned '0': /usr/bin/cmake --build /home/huy/ros2_ws/build/uav_msgs -- -j16 -l16
[1.147s] DEBUG:colcon.colcon_core.event_handler.log_command:Invoking command in '/home/huy/ros2_ws/build/uav_msgs': /usr/bin/cmake --install /home/huy/ros2_ws/build/uav_msgs
[1.208s] DEBUG:colcon.colcon_core.event_handler.log_command:Invoked command in '/home/huy/ros2_ws/build/uav_msgs' returned '0': /usr/bin/cmake --install /home/huy/ros2_ws/build/uav_msgs
[1.208s] Level 1:colcon.colcon_core.shell:create_environment_hook('uav_msgs', 'ros_package_path')
[1.209s] INFO:colcon.colcon_core.shell:Creating environment hook '/home/huy/ros2_ws/install/uav_msgs/share/uav_msgs/hook/ros_package_path.ps1'
[1.210s] INFO:colcon.colcon_core.shell:Creating environment descriptor '/home/huy/ros2_ws/install/uav_msgs/share/uav_msgs/hook/ros_package_path.dsv'
[1.210s] INFO:colcon.colcon_core.shell:Creating environment hook '/home/huy/ros2_ws/install/uav_msgs/share/uav_msgs/hook/ros_package_path.sh'
[1.211s] Level 1:colcon.colcon_ros.task.catkin:checking '/home/huy/ros2_ws/install/uav_msgs/local/lib/python3.10/dist-packages'
[1.211s] Level 1:colcon.colcon_core.shell:create_environment_hook('uav_msgs', 'catkin_pythonpath')
[1.212s] INFO:colcon.colcon_core.shell:Creating environment hook '/home/huy/ros2_ws/install/uav_msgs/share/uav_msgs/hook/catkin_pythonpath.ps1'
[1.212s] INFO:colcon.colcon_core.shell:Creating environment descriptor '/home/huy/ros2_ws/install/uav_msgs/share/uav_msgs/hook/catkin_pythonpath.dsv'
[1.212s] INFO:colcon.colcon_core.shell:Creating environment hook '/home/huy/ros2_ws/install/uav_msgs/share/uav_msgs/hook/catkin_pythonpath.sh'
[1.213s] Level 1:colcon.colcon_core.shell:create_environment_hook('uav_msgs', 'pkg_config_path')
[1.213s] INFO:colcon.colcon_core.shell:Creating environment hook '/home/huy/ros2_ws/install/uav_msgs/share/uav_msgs/hook/pkg_config_path.ps1'
[1.213s] INFO:colcon.colcon_core.shell:Creating environment descriptor '/home/huy/ros2_ws/install/uav_msgs/share/uav_msgs/hook/pkg_config_path.dsv'
[1.214s] INFO:colcon.colcon_core.shell:Creating environment hook '/home/huy/ros2_ws/install/uav_msgs/share/uav_msgs/hook/pkg_config_path.sh'
[1.216s] Level 1:colcon.colcon_core.shell:create_environment_hook('uav_msgs', 'pkg_config_path_multiarch')
[1.216s] INFO:colcon.colcon_core.shell:Creating environment hook '/home/huy/ros2_ws/install/uav_msgs/share/uav_msgs/hook/pkg_config_path_multiarch.ps1'
[1.217s] INFO:colcon.colcon_core.shell:Creating environment descriptor '/home/huy/ros2_ws/install/uav_msgs/share/uav_msgs/hook/pkg_config_path_multiarch.dsv'
[1.217s] INFO:colcon.colcon_core.shell:Creating environment hook '/home/huy/ros2_ws/install/uav_msgs/share/uav_msgs/hook/pkg_config_path_multiarch.sh'
[1.219s] Level 1:colcon.colcon_core.environment:create_environment_scripts_only(uav_msgs)
[1.221s] Level 1:colcon.colcon_core.environment:checking '/home/huy/ros2_ws/install/uav_msgs' for CMake module files
[1.221s] Level 1:colcon.colcon_core.environment:checking '/home/huy/ros2_ws/install/uav_msgs' for CMake config files
[1.222s] Level 1:colcon.colcon_core.shell:create_environment_hook('uav_msgs', 'cmake_prefix_path')
[1.222s] INFO:colcon.colcon_core.shell:Creating environment hook '/home/huy/ros2_ws/install/uav_msgs/share/uav_msgs/hook/cmake_prefix_path.ps1'
[1.223s] INFO:colcon.colcon_core.shell:Creating environment descriptor '/home/huy/ros2_ws/install/uav_msgs/share/uav_msgs/hook/cmake_prefix_path.dsv'
[1.223s] INFO:colcon.colcon_core.shell:Creating environment hook '/home/huy/ros2_ws/install/uav_msgs/share/uav_msgs/hook/cmake_prefix_path.sh'
[1.224s] Level 1:colcon.colcon_core.environment:checking '/home/huy/ros2_ws/install/uav_msgs/lib'
[1.224s] Level 1:colcon.colcon_core.shell:create_environment_hook('uav_msgs', 'ld_library_path_lib')
[1.224s] INFO:colcon.colcon_core.shell:Creating environment hook '/home/huy/ros2_ws/install/uav_msgs/share/uav_msgs/hook/ld_library_path_lib.ps1'
[1.225s] INFO:colcon.colcon_core.shell:Creating environment descriptor '/home/huy/ros2_ws/install/uav_msgs/share/uav_msgs/hook/ld_library_path_lib.dsv'
[1.225s] INFO:colcon.colcon_core.shell:Creating environment hook '/home/huy/ros2_ws/install/uav_msgs/share/uav_msgs/hook/ld_library_path_lib.sh'
[1.226s] Level 1:colcon.colcon_core.environment:checking '/home/huy/ros2_ws/install/uav_msgs/bin'
[1.226s] Level 1:colcon.colcon_core.environment:checking '/home/huy/ros2_ws/install/uav_msgs/lib/pkgconfig/uav_msgs.pc'
[1.226s] Level 1:colcon.colcon_core.environment:checking '/home/huy/ros2_ws/install/uav_msgs/lib/python3.10/site-packages'
[1.226s] Level 1:colcon.colcon_core.environment:checking '/home/huy/ros2_ws/install/uav_msgs/bin'
[1.227s] INFO:colcon.colcon_core.shell:Creating package script '/home/huy/ros2_ws/install/uav_msgs/share/uav_msgs/package.ps1'
[1.228s] INFO:colcon.colcon_core.shell:Creating package descriptor '/home/huy/ros2_ws/install/uav_msgs/share/uav_msgs/package.dsv'
[1.228s] INFO:colcon.colcon_core.shell:Creating package script '/home/huy/ros2_ws/install/uav_msgs/share/uav_msgs/package.sh'
[1.229s] INFO:colcon.colcon_core.shell:Creating package script '/home/huy/ros2_ws/install/uav_msgs/share/uav_msgs/package.bash'
[1.230s] INFO:colcon.colcon_core.shell:Creating package script '/home/huy/ros2_ws/install/uav_msgs/share/uav_msgs/package.zsh'
[1.231s] Level 1:colcon.colcon_core.environment:create_file_with_runtime_dependencies(/home/huy/ros2_ws/install/uav_msgs/share/colcon-core/packages/uav_msgs)
[1.232s] INFO:colcon.colcon_ros.task.ament_cmake.build:Building ROS package in '/home/huy/ros2_ws/src/uav_controller' with build type 'ament_cmake'
[1.232s] INFO:colcon.colcon_cmake.task.cmake.build:Building CMake package in '/home/huy/ros2_ws/src/uav_controller'
[1.232s] INFO:colcon.colcon_core.shell:Skip shell extension 'powershell' for command environment: Not usable outside of PowerShell
[1.232s] DEBUG:colcon.colcon_core.shell:Skip shell extension 'dsv' for command environment
[1.236s] INFO:colcon.colcon_ros.task.ament_cmake.build:Building ROS package in '/home/huy/ros2_ws/src/uav_motor_plugin' with build type 'ament_cmake'
[1.236s] INFO:colcon.colcon_cmake.task.cmake.build:Building CMake package in '/home/huy/ros2_ws/src/uav_motor_plugin'
[1.236s] INFO:colcon.colcon_core.shell:Skip shell extension 'powershell' for command environment: Not usable outside of PowerShell
[1.236s] DEBUG:colcon.colcon_core.shell:Skip shell extension 'dsv' for command environment
[1.240s] INFO:colcon.colcon_ros.task.ament_cmake.build:Building ROS package in '/home/huy/ros2_ws/src/uav_dynamics' with build type 'ament_cmake'
[1.240s] INFO:colcon.colcon_cmake.task.cmake.build:Building CMake package in '/home/huy/ros2_ws/src/uav_dynamics'
[1.241s] INFO:colcon.colcon_core.shell:Skip shell extension 'powershell' for command environment: Not usable outside of PowerShell
[1.241s] DEBUG:colcon.colcon_core.shell:Skip shell extension 'dsv' for command environment
[1.248s] DEBUG:colcon.colcon_core.event_handler.log_command:Invoking command in '/home/huy/ros2_ws/build/uav_controller': CMAKE_PREFIX_PATH=/opt/ros/humble:/home/huy/ros2_ws/install/uav_msgs:/home/huy/ros2_ws/install/uav_sim:/home/huy/ros2_ws/install/uav_motor_plugin:/home/huy/ros2_ws/install/uav_dynamics:/home/huy/ros2_ws/install/uav_controller LD_LIBRARY_PATH=/home/huy/ros2_ws/install/uav_msgs/lib:/home/huy/ros2_ws/install/uav_motor_plugin/lib:/usr/lib/x86_64-linux-gnu/gazebo-11/plugins:/opt/ros/humble/opt/rviz_ogre_vendor/lib:/opt/ros/humble/lib/x86_64-linux-gnu:/opt/ros/humble/lib:/usr/lib/x86_64-linux-gnu/gazebo-11/plugins /usr/bin/cmake --build /home/huy/ros2_ws/build/uav_controller -- -j16 -l16
[1.252s] DEBUG:colcon.colcon_core.event_handler.log_command:Invoking command in '/home/huy/ros2_ws/build/uav_motor_plugin': CMAKE_PREFIX_PATH=/opt/ros/humble:/home/huy/ros2_ws/install/uav_msgs:/home/huy/ros2_ws/install/uav_sim:/home/huy/ros2_ws/install/uav_motor_plugin:/home/huy/ros2_ws/install/uav_dynamics:/home/huy/ros2_ws/install/uav_controller LD_LIBRARY_PATH=/home/huy/ros2_ws/install/uav_msgs/lib:/home/huy/ros2_ws/install/uav_motor_plugin/lib:/usr/lib/x86_64-linux-gnu/gazebo-11/plugins:/opt/ros/humble/opt/rviz_ogre_vendor/lib:/opt/ros/humble/lib/x86_64-linux-gnu:/opt/ros/humble/lib:/usr/lib/x86_64-linux-gnu/gazebo-11/plugins /usr/bin/cmake --build /home/huy/ros2_ws/build/uav_motor_plugin -- -j16 -l16
[1.255s] DEBUG:colcon.colcon_core.event_handler.log_command:Invoking command in '/home/huy/ros2_ws/build/uav_dynamics': CMAKE_PREFIX_PATH=/opt/ros/humble:/home/huy/ros2_ws/install/uav_msgs:/home/huy/ros2_ws/install/uav_sim:/home/huy/ros2_ws/install/uav_motor_plugin:/home/huy/ros2_ws/install/uav_dynamics:/home/huy/ros2_ws/install/uav_controller LD_LIBRARY_PATH=/home/huy/ros2_ws/install/uav_msgs/lib:/home/huy/ros2_ws/install/uav_motor_plugin/lib:/usr/lib/x86_64-linux-gnu/gazebo-11/plugins:/opt/ros/humble/opt/rviz_ogre_vendor/lib:/opt/ros/humble/lib/x86_64-linux-gnu:/opt/ros/humble/lib:/usr/lib/x86_64-linux-gnu/gazebo-11/plugins /usr/bin/cmake --build /home/huy/ros2_ws/build/uav_dynamics -- -j16 -l16
[1.365s] DEBUG:colcon.colcon_core.event_handler.log_command:Invoked command in '/home/huy/ros2_ws/build/uav_dynamics' returned '0': CMAKE_PREFIX_PATH=/opt/ros/humble:/home/huy/ros2_ws/install/uav_msgs:/home/huy/ros2_ws/install/uav_sim:/home/huy/ros2_ws/install/uav_motor_plugin:/home/huy/ros2_ws/install/uav_dynamics:/home/huy/ros2_ws/install/uav_controller LD_LIBRARY_PATH=/home/huy/ros2_ws/install/uav_msgs/lib:/home/huy/ros2_ws/install/uav_motor_plugin/lib:/usr/lib/x86_64-linux-gnu/gazebo-11/plugins:/opt/ros/humble/opt/rviz_ogre_vendor/lib:/opt/ros/humble/lib/x86_64-linux-gnu:/opt/ros/humble/lib:/usr/lib/x86_64-linux-gnu/gazebo-11/plugins /usr/bin/cmake --build /home/huy/ros2_ws/build/uav_dynamics -- -j16 -l16
[1.366s] DEBUG:colcon.colcon_core.event_handler.log_command:Invoking command in '/home/huy/ros2_ws/build/uav_dynamics': CMAKE_PREFIX_PATH=/opt/ros/humble:/home/huy/ros2_ws/install/uav_msgs:/home/huy/ros2_ws/install/uav_sim:/home/huy/ros2_ws/install/uav_motor_plugin:/home/huy/ros2_ws/install/uav_dynamics:/home/huy/ros2_ws/install/uav_controller LD_LIBRARY_PATH=/home/huy/ros2_ws/install/uav_msgs/lib:/home/huy/ros2_ws/install/uav_motor_plugin/lib:/usr/lib/x86_64-linux-gnu/gazebo-11/plugins:/opt/ros/humble/opt/rviz_ogre_vendor/lib:/opt/ros/humble/lib/x86_64-linux-gnu:/opt/ros/humble/lib:/usr/lib/x86_64-linux-gnu/gazebo-11/plugins /usr/bin/cmake --install /home/huy/ros2_ws/build/uav_dynamics
[1.369s] DEBUG:colcon.colcon_core.event_handler.log_command:Invoked command in '/home/huy/ros2_ws/build/uav_motor_plugin' returned '0': CMAKE_PREFIX_PATH=/opt/ros/humble:/home/huy/ros2_ws/install/uav_msgs:/home/huy/ros2_ws/install/uav_sim:/home/huy/ros2_ws/install/uav_motor_plugin:/home/huy/ros2_ws/install/uav_dynamics:/home/huy/ros2_ws/install/uav_controller LD_LIBRARY_PATH=/home/huy/ros2_ws/install/uav_msgs/lib:/home/huy/ros2_ws/install/uav_motor_plugin/lib:/usr/lib/x86_64-linux-gnu/gazebo-11/plugins:/opt/ros/humble/opt/rviz_ogre_vendor/lib:/opt/ros/humble/lib/x86_64-linux-gnu:/opt/ros/humble/lib:/usr/lib/x86_64-linux-gnu/gazebo-11/plugins /usr/bin/cmake --build /home/huy/ros2_ws/build/uav_motor_plugin -- -j16 -l16
[1.371s] DEBUG:colcon.colcon_core.event_handler.log_command:Invoking command in '/home/huy/ros2_ws/build/uav_motor_plugin': CMAKE_PREFIX_PATH=/opt/ros/humble:/home/huy/ros2_ws/install/uav_msgs:/home/huy/ros2_ws/install/uav_sim:/home/huy/ros2_ws/install/uav_motor_plugin:/home/huy/ros2_ws/install/uav_dynamics:/home/huy/ros2_ws/install/uav_controller LD_LIBRARY_PATH=/home/huy/ros2_ws/install/uav_msgs/lib:/home/huy/ros2_ws/install/uav_motor_plugin/lib:/usr/lib/x86_64-linux-gnu/gazebo-11/plugins:/opt/ros/humble/opt/rviz_ogre_vendor/lib:/opt/ros/humble/lib/x86_64-linux-gnu:/opt/ros/humble/lib:/usr/lib/x86_64-linux-gnu/gazebo-11/plugins /usr/bin/cmake --install /home/huy/ros2_ws/build/uav_motor_plugin
[1.378s] Level 1:colcon.colcon_core.environment:create_environment_scripts_only(uav_dynamics)
[1.379s] Level 1:colcon.colcon_core.environment:checking '/home/huy/ros2_ws/install/uav_dynamics' for CMake module files
[1.380s] DEBUG:colcon.colcon_core.event_handler.log_command:Invoked command in '/home/huy/ros2_ws/build/uav_dynamics' returned '0': CMAKE_PREFIX_PATH=/opt/ros/humble:/home/huy/ros2_ws/install/uav_msgs:/home/huy/ros2_ws/install/uav_sim:/home/huy/ros2_ws/install/uav_motor_plugin:/home/huy/ros2_ws/install/uav_dynamics:/home/huy/ros2_ws/install/uav_controller LD_LIBRARY_PATH=/home/huy/ros2_ws/install/uav_msgs/lib:/home/huy/ros2_ws/install/uav_motor_plugin/lib:/usr/lib/x86_64-linux-gnu/gazebo-11/plugins:/opt/ros/humble/opt/rviz_ogre_vendor/lib:/opt/ros/humble/lib/x86_64-linux-gnu:/opt/ros/humble/lib:/usr/lib/x86_64-linux-gnu/gazebo-11/plugins /usr/bin/cmake --install /home/huy/ros2_ws/build/uav_dynamics
[1.381s] Level 1:colcon.colcon_core.environment:checking '/home/huy/ros2_ws/install/uav_dynamics' for CMake config files
[1.382s] Level 1:colcon.colcon_core.shell:create_environment_hook('uav_dynamics', 'cmake_prefix_path')
[1.383s] INFO:colcon.colcon_core.shell:Creating environment hook '/home/huy/ros2_ws/install/uav_dynamics/share/uav_dynamics/hook/cmake_prefix_path.ps1'
[1.383s] INFO:colcon.colcon_core.shell:Creating environment descriptor '/home/huy/ros2_ws/install/uav_dynamics/share/uav_dynamics/hook/cmake_prefix_path.dsv'
[1.384s] INFO:colcon.colcon_core.shell:Creating environment hook '/home/huy/ros2_ws/install/uav_dynamics/share/uav_dynamics/hook/cmake_prefix_path.sh'
[1.384s] Level 1:colcon.colcon_core.environment:checking '/home/huy/ros2_ws/install/uav_dynamics/lib'
[1.384s] Level 1:colcon.colcon_core.environment:checking '/home/huy/ros2_ws/install/uav_dynamics/bin'
[1.384s] Level 1:colcon.colcon_core.environment:checking '/home/huy/ros2_ws/install/uav_dynamics/lib/pkgconfig/uav_dynamics.pc'
[1.385s] Level 1:colcon.colcon_core.environment:checking '/home/huy/ros2_ws/install/uav_dynamics/lib/python3.10/site-packages'
[1.385s] Level 1:colcon.colcon_core.environment:checking '/home/huy/ros2_ws/install/uav_dynamics/bin'
[1.385s] INFO:colcon.colcon_core.shell:Creating package script '/home/huy/ros2_ws/install/uav_dynamics/share/uav_dynamics/package.ps1'
[1.386s] INFO:colcon.colcon_core.shell:Creating package descriptor '/home/huy/ros2_ws/install/uav_dynamics/share/uav_dynamics/package.dsv'
[1.386s] INFO:colcon.colcon_core.shell:Creating package script '/home/huy/ros2_ws/install/uav_dynamics/share/uav_dynamics/package.sh'
[1.386s] INFO:colcon.colcon_core.shell:Creating package script '/home/huy/ros2_ws/install/uav_dynamics/share/uav_dynamics/package.bash'
[1.387s] INFO:colcon.colcon_core.shell:Creating package script '/home/huy/ros2_ws/install/uav_dynamics/share/uav_dynamics/package.zsh'
[1.387s] Level 1:colcon.colcon_core.environment:create_file_with_runtime_dependencies(/home/huy/ros2_ws/install/uav_dynamics/share/colcon-core/packages/uav_dynamics)
[1.388s] Level 1:colcon.colcon_core.environment:create_environment_scripts_only(uav_dynamics)
[1.388s] Level 1:colcon.colcon_core.environment:checking '/home/huy/ros2_ws/install/uav_dynamics' for CMake module files
[1.389s] Level 1:colcon.colcon_core.environment:checking '/home/huy/ros2_ws/install/uav_dynamics' for CMake config files
[1.389s] Level 1:colcon.colcon_core.shell:create_environment_hook('uav_dynamics', 'cmake_prefix_path')
[1.389s] INFO:colcon.colcon_core.shell:Creating environment hook '/home/huy/ros2_ws/install/uav_dynamics/share/uav_dynamics/hook/cmake_prefix_path.ps1'
[1.390s] INFO:colcon.colcon_core.shell:Creating environment descriptor '/home/huy/ros2_ws/install/uav_dynamics/share/uav_dynamics/hook/cmake_prefix_path.dsv'
[1.390s] INFO:colcon.colcon_core.shell:Creating environment hook '/home/huy/ros2_ws/install/uav_dynamics/share/uav_dynamics/hook/cmake_prefix_path.sh'
[1.391s] Level 1:colcon.colcon_core.environment:checking '/home/huy/ros2_ws/install/uav_dynamics/lib'
[1.391s] Level 1:colcon.colcon_core.environment:checking '/home/huy/ros2_ws/install/uav_dynamics/bin'
[1.391s] Level 1:colcon.colcon_core.environment:checking '/home/huy/ros2_ws/install/uav_dynamics/lib/pkgconfig/uav_dynamics.pc'
[1.391s] Level 1:colcon.colcon_core.environment:checking '/home/huy/ros2_ws/install/uav_dynamics/lib/python3.10/site-packages'
[1.391s] Level 1:colcon.colcon_core.environment:checking '/home/huy/ros2_ws/install/uav_dynamics/bin'
[1.392s] INFO:colcon.colcon_core.shell:Creating package script '/home/huy/ros2_ws/install/uav_dynamics/share/uav_dynamics/package.ps1'
[1.392s] INFO:colcon.colcon_core.shell:Creating package descriptor '/home/huy/ros2_ws/install/uav_dynamics/share/uav_dynamics/package.dsv'
[1.393s] INFO:colcon.colcon_core.shell:Creating package script '/home/huy/ros2_ws/install/uav_dynamics/share/uav_dynamics/package.sh'
[1.393s] INFO:colcon.colcon_core.shell:Creating package script '/home/huy/ros2_ws/install/uav_dynamics/share/uav_dynamics/package.bash'
[1.393s] INFO:colcon.colcon_core.shell:Creating package script '/home/huy/ros2_ws/install/uav_dynamics/share/uav_dynamics/package.zsh'
[1.394s] Level 1:colcon.colcon_core.environment:create_file_with_runtime_dependencies(/home/huy/ros2_ws/install/uav_dynamics/share/colcon-core/packages/uav_dynamics)
[1.395s] Level 1:colcon.colcon_core.environment:create_environment_scripts_only(uav_motor_plugin)
[1.395s] Level 1:colcon.colcon_core.environment:checking '/home/huy/ros2_ws/install/uav_motor_plugin' for CMake module files
[1.396s] DEBUG:colcon.colcon_core.event_handler.log_command:Invoked command in '/home/huy/ros2_ws/build/uav_motor_plugin' returned '0': CMAKE_PREFIX_PATH=/opt/ros/humble:/home/huy/ros2_ws/install/uav_msgs:/home/huy/ros2_ws/install/uav_sim:/home/huy/ros2_ws/install/uav_motor_plugin:/home/huy/ros2_ws/install/uav_dynamics:/home/huy/ros2_ws/install/uav_controller LD_LIBRARY_PATH=/home/huy/ros2_ws/install/uav_msgs/lib:/home/huy/ros2_ws/install/uav_motor_plugin/lib:/usr/lib/x86_64-linux-gnu/gazebo-11/plugins:/opt/ros/humble/opt/rviz_ogre_vendor/lib:/opt/ros/humble/lib/x86_64-linux-gnu:/opt/ros/humble/lib:/usr/lib/x86_64-linux-gnu/gazebo-11/plugins /usr/bin/cmake --install /home/huy/ros2_ws/build/uav_motor_plugin
[1.396s] Level 1:colcon.colcon_core.environment:checking '/home/huy/ros2_ws/install/uav_motor_plugin' for CMake config files
[1.397s] Level 1:colcon.colcon_core.shell:create_environment_hook('uav_motor_plugin', 'cmake_prefix_path')
[1.397s] INFO:colcon.colcon_core.shell:Creating environment hook '/home/huy/ros2_ws/install/uav_motor_plugin/share/uav_motor_plugin/hook/cmake_prefix_path.ps1'
[1.397s] INFO:colcon.colcon_core.shell:Creating environment descriptor '/home/huy/ros2_ws/install/uav_motor_plugin/share/uav_motor_plugin/hook/cmake_prefix_path.dsv'
[1.398s] INFO:colcon.colcon_core.shell:Creating environment hook '/home/huy/ros2_ws/install/uav_motor_plugin/share/uav_motor_plugin/hook/cmake_prefix_path.sh'
[1.398s] Level 1:colcon.colcon_core.environment:checking '/home/huy/ros2_ws/install/uav_motor_plugin/lib'
[1.398s] Level 1:colcon.colcon_core.shell:create_environment_hook('uav_motor_plugin', 'ld_library_path_lib')
[1.399s] INFO:colcon.colcon_core.shell:Creating environment hook '/home/huy/ros2_ws/install/uav_motor_plugin/share/uav_motor_plugin/hook/ld_library_path_lib.ps1'
[1.399s] INFO:colcon.colcon_core.shell:Creating environment descriptor '/home/huy/ros2_ws/install/uav_motor_plugin/share/uav_motor_plugin/hook/ld_library_path_lib.dsv'
[1.399s] INFO:colcon.colcon_core.shell:Creating environment hook '/home/huy/ros2_ws/install/uav_motor_plugin/share/uav_motor_plugin/hook/ld_library_path_lib.sh'
[1.400s] Level 1:colcon.colcon_core.environment:checking '/home/huy/ros2_ws/install/uav_motor_plugin/bin'
[1.400s] Level 1:colcon.colcon_core.environment:checking '/home/huy/ros2_ws/install/uav_motor_plugin/lib/pkgconfig/uav_motor_plugin.pc'
[1.400s] Level 1:colcon.colcon_core.environment:checking '/home/huy/ros2_ws/install/uav_motor_plugin/lib/python3.10/site-packages'
[1.400s] Level 1:colcon.colcon_core.environment:checking '/home/huy/ros2_ws/install/uav_motor_plugin/bin'
[1.401s] INFO:colcon.colcon_core.shell:Creating package script '/home/huy/ros2_ws/install/uav_motor_plugin/share/uav_motor_plugin/package.ps1'
[1.401s] INFO:colcon.colcon_core.shell:Creating package descriptor '/home/huy/ros2_ws/install/uav_motor_plugin/share/uav_motor_plugin/package.dsv'
[1.402s] INFO:colcon.colcon_core.shell:Creating package script '/home/huy/ros2_ws/install/uav_motor_plugin/share/uav_motor_plugin/package.sh'
[1.402s] INFO:colcon.colcon_core.shell:Creating package script '/home/huy/ros2_ws/install/uav_motor_plugin/share/uav_motor_plugin/package.bash'
[1.403s] INFO:colcon.colcon_core.shell:Creating package script '/home/huy/ros2_ws/install/uav_motor_plugin/share/uav_motor_plugin/package.zsh'
[1.403s] Level 1:colcon.colcon_core.environment:create_file_with_runtime_dependencies(/home/huy/ros2_ws/install/uav_motor_plugin/share/colcon-core/packages/uav_motor_plugin)
[1.403s] Level 1:colcon.colcon_core.environment:create_environment_scripts_only(uav_motor_plugin)
[1.404s] Level 1:colcon.colcon_core.environment:checking '/home/huy/ros2_ws/install/uav_motor_plugin' for CMake module files
[1.404s] Level 1:colcon.colcon_core.environment:checking '/home/huy/ros2_ws/install/uav_motor_plugin' for CMake config files
[1.404s] Level 1:colcon.colcon_core.shell:create_environment_hook('uav_motor_plugin', 'cmake_prefix_path')
[1.404s] INFO:colcon.colcon_core.shell:Creating environment hook '/home/huy/ros2_ws/install/uav_motor_plugin/share/uav_motor_plugin/hook/cmake_prefix_path.ps1'
[1.405s] INFO:colcon.colcon_core.shell:Creating environment descriptor '/home/huy/ros2_ws/install/uav_motor_plugin/share/uav_motor_plugin/hook/cmake_prefix_path.dsv'
[1.405s] INFO:colcon.colcon_core.shell:Creating environment hook '/home/huy/ros2_ws/install/uav_motor_plugin/share/uav_motor_plugin/hook/cmake_prefix_path.sh'
[1.406s] Level 1:colcon.colcon_core.environment:checking '/home/huy/ros2_ws/install/uav_motor_plugin/lib'
[1.406s] Level 1:colcon.colcon_core.shell:create_environment_hook('uav_motor_plugin', 'ld_library_path_lib')
[1.406s] INFO:colcon.colcon_core.shell:Creating environment hook '/home/huy/ros2_ws/install/uav_motor_plugin/share/uav_motor_plugin/hook/ld_library_path_lib.ps1'
[1.406s] INFO:colcon.colcon_core.shell:Creating environment descriptor '/home/huy/ros2_ws/install/uav_motor_plugin/share/uav_motor_plugin/hook/ld_library_path_lib.dsv'
[1.407s] INFO:colcon.colcon_core.shell:Creating environment hook '/home/huy/ros2_ws/install/uav_motor_plugin/share/uav_motor_plugin/hook/ld_library_path_lib.sh'
[1.407s] Level 1:colcon.colcon_core.environment:checking '/home/huy/ros2_ws/install/uav_motor_plugin/bin'
[1.407s] Level 1:colcon.colcon_core.environment:checking '/home/huy/ros2_ws/install/uav_motor_plugin/lib/pkgconfig/uav_motor_plugin.pc'
[1.407s] Level 1:colcon.colcon_core.environment:checking '/home/huy/ros2_ws/install/uav_motor_plugin/lib/python3.10/site-packages'
[1.407s] Level 1:colcon.colcon_core.environment:checking '/home/huy/ros2_ws/install/uav_motor_plugin/bin'
[1.408s] INFO:colcon.colcon_core.shell:Creating package script '/home/huy/ros2_ws/install/uav_motor_plugin/share/uav_motor_plugin/package.ps1'
[1.408s] INFO:colcon.colcon_core.shell:Creating package descriptor '/home/huy/ros2_ws/install/uav_motor_plugin/share/uav_motor_plugin/package.dsv'
[1.409s] INFO:colcon.colcon_core.shell:Creating package script '/home/huy/ros2_ws/install/uav_motor_plugin/share/uav_motor_plugin/package.sh'
[1.409s] INFO:colcon.colcon_core.shell:Creating package script '/home/huy/ros2_ws/install/uav_motor_plugin/share/uav_motor_plugin/package.bash'
[1.410s] INFO:colcon.colcon_core.shell:Creating package script '/home/huy/ros2_ws/install/uav_motor_plugin/share/uav_motor_plugin/package.zsh'
[1.410s] Level 1:colcon.colcon_core.environment:create_file_with_runtime_dependencies(/home/huy/ros2_ws/install/uav_motor_plugin/share/colcon-core/packages/uav_motor_plugin)
[11.355s] DEBUG:colcon.colcon_core.event_handler.log_command:Invoked command in '/home/huy/ros2_ws/build/uav_controller' returned '0': CMAKE_PREFIX_PATH=/opt/ros/humble:/home/huy/ros2_ws/install/uav_msgs:/home/huy/ros2_ws/install/uav_sim:/home/huy/ros2_ws/install/uav_motor_plugin:/home/huy/ros2_ws/install/uav_dynamics:/home/huy/ros2_ws/install/uav_controller LD_LIBRARY_PATH=/home/huy/ros2_ws/install/uav_msgs/lib:/home/huy/ros2_ws/install/uav_motor_plugin/lib:/usr/lib/x86_64-linux-gnu/gazebo-11/plugins:/opt/ros/humble/opt/rviz_ogre_vendor/lib:/opt/ros/humble/lib/x86_64-linux-gnu:/opt/ros/humble/lib:/usr/lib/x86_64-linux-gnu/gazebo-11/plugins /usr/bin/cmake --build /home/huy/ros2_ws/build/uav_controller -- -j16 -l16
[11.356s] DEBUG:colcon.colcon_core.event_handler.log_command:Invoking command in '/home/huy/ros2_ws/build/uav_controller': CMAKE_PREFIX_PATH=/opt/ros/humble:/home/huy/ros2_ws/install/uav_msgs:/home/huy/ros2_ws/install/uav_sim:/home/huy/ros2_ws/install/uav_motor_plugin:/home/huy/ros2_ws/install/uav_dynamics:/home/huy/ros2_ws/install/uav_controller LD_LIBRARY_PATH=/home/huy/ros2_ws/install/uav_msgs/lib:/home/huy/ros2_ws/install/uav_motor_plugin/lib:/usr/lib/x86_64-linux-gnu/gazebo-11/plugins:/opt/ros/humble/opt/rviz_ogre_vendor/lib:/opt/ros/humble/lib/x86_64-linux-gnu:/opt/ros/humble/lib:/usr/lib/x86_64-linux-gnu/gazebo-11/plugins /usr/bin/cmake --install /home/huy/ros2_ws/build/uav_controller
[11.377s] Level 1:colcon.colcon_core.environment:create_environment_scripts_only(uav_controller)
[11.377s] Level 1:colcon.colcon_core.environment:checking '/home/huy/ros2_ws/install/uav_controller' for CMake module files
[11.378s] DEBUG:colcon.colcon_core.event_handler.log_command:Invoked command in '/home/huy/ros2_ws/build/uav_controller' returned '0': CMAKE_PREFIX_PATH=/opt/ros/humble:/home/huy/ros2_ws/install/uav_msgs:/home/huy/ros2_ws/install/uav_sim:/home/huy/ros2_ws/install/uav_motor_plugin:/home/huy/ros2_ws/install/uav_dynamics:/home/huy/ros2_ws/install/uav_controller LD_LIBRARY_PATH=/home/huy/ros2_ws/install/uav_msgs/lib:/home/huy/ros2_ws/install/uav_motor_plugin/lib:/usr/lib/x86_64-linux-gnu/gazebo-11/plugins:/opt/ros/humble/opt/rviz_ogre_vendor/lib:/opt/ros/humble/lib/x86_64-linux-gnu:/opt/ros/humble/lib:/usr/lib/x86_64-linux-gnu/gazebo-11/plugins /usr/bin/cmake --install /home/huy/ros2_ws/build/uav_controller
[11.378s] Level 1:colcon.colcon_core.environment:checking '/home/huy/ros2_ws/install/uav_controller' for CMake config files
[11.378s] Level 1:colcon.colcon_core.shell:create_environment_hook('uav_controller', 'cmake_prefix_path')
[11.378s] INFO:colcon.colcon_core.shell:Creating environment hook '/home/huy/ros2_ws/install/uav_controller/share/uav_controller/hook/cmake_prefix_path.ps1'
[11.379s] INFO:colcon.colcon_core.shell:Creating environment descriptor '/home/huy/ros2_ws/install/uav_controller/share/uav_controller/hook/cmake_prefix_path.dsv'
[11.379s] INFO:colcon.colcon_core.shell:Creating environment hook '/home/huy/ros2_ws/install/uav_controller/share/uav_controller/hook/cmake_prefix_path.sh'
[11.379s] Level 1:colcon.colcon_core.environment:checking '/home/huy/ros2_ws/install/uav_controller/lib'
[11.379s] Level 1:colcon.colcon_core.environment:checking '/home/huy/ros2_ws/install/uav_controller/bin'
[11.380s] Level 1:colcon.colcon_core.environment:checking '/home/huy/ros2_ws/install/uav_controller/lib/pkgconfig/uav_controller.pc'
[11.380s] Level 1:colcon.colcon_core.environment:checking '/home/huy/ros2_ws/install/uav_controller/lib/python3.10/site-packages'
[11.380s] Level 1:colcon.colcon_core.environment:checking '/home/huy/ros2_ws/install/uav_controller/bin'
[11.380s] INFO:colcon.colcon_core.shell:Creating package script '/home/huy/ros2_ws/install/uav_controller/share/uav_controller/package.ps1'
[11.381s] INFO:colcon.colcon_core.shell:Creating package descriptor '/home/huy/ros2_ws/install/uav_controller/share/uav_controller/package.dsv'
[11.381s] INFO:colcon.colcon_core.shell:Creating package script '/home/huy/ros2_ws/install/uav_controller/share/uav_controller/package.sh'
[11.381s] INFO:colcon.colcon_core.shell:Creating package script '/home/huy/ros2_ws/install/uav_controller/share/uav_controller/package.bash'
[11.381s] INFO:colcon.colcon_core.shell:Creating package script '/home/huy/ros2_ws/install/uav_controller/share/uav_controller/package.zsh'
[11.382s] Level 1:colcon.colcon_core.environment:create_file_with_runtime_dependencies(/home/huy/ros2_ws/install/uav_controller/share/colcon-core/packages/uav_controller)
[11.382s] Level 1:colcon.colcon_core.environment:create_environment_scripts_only(uav_controller)
[11.382s] Level 1:colcon.colcon_core.environment:checking '/home/huy/ros2_ws/install/uav_controller' for CMake module files
[11.383s] Level 1:colcon.colcon_core.environment:checking '/home/huy/ros2_ws/install/uav_controller' for CMake config files
[11.383s] Level 1:colcon.colcon_core.shell:create_environment_hook('uav_controller', 'cmake_prefix_path')
[11.383s] INFO:colcon.colcon_core.shell:Creating environment hook '/home/huy/ros2_ws/install/uav_controller/share/uav_controller/hook/cmake_prefix_path.ps1'
[11.383s] INFO:colcon.colcon_core.shell:Creating environment descriptor '/home/huy/ros2_ws/install/uav_controller/share/uav_controller/hook/cmake_prefix_path.dsv'
[11.384s] INFO:colcon.colcon_core.shell:Creating environment hook '/home/huy/ros2_ws/install/uav_controller/share/uav_controller/hook/cmake_prefix_path.sh'
[11.384s] Level 1:colcon.colcon_core.environment:checking '/home/huy/ros2_ws/install/uav_controller/lib'
[11.384s] Level 1:colcon.colcon_core.environment:checking '/home/huy/ros2_ws/install/uav_controller/bin'
[11.384s] Level 1:colcon.colcon_core.environment:checking '/home/huy/ros2_ws/install/uav_controller/lib/pkgconfig/uav_controller.pc'
[11.385s] Level 1:colcon.colcon_core.environment:checking '/home/huy/ros2_ws/install/uav_controller/lib/python3.10/site-packages'
[11.385s] Level 1:colcon.colcon_core.environment:checking '/home/huy/ros2_ws/install/uav_controller/bin'
[11.385s] INFO:colcon.colcon_core.shell:Creating package script '/home/huy/ros2_ws/install/uav_controller/share/uav_controller/package.ps1'
[11.386s] INFO:colcon.colcon_core.shell:Creating package descriptor '/home/huy/ros2_ws/install/uav_controller/share/uav_controller/package.dsv'
[11.386s] INFO:colcon.colcon_core.shell:Creating package script '/home/huy/ros2_ws/install/uav_controller/share/uav_controller/package.sh'
[11.387s] INFO:colcon.colcon_core.shell:Creating package script '/home/huy/ros2_ws/install/uav_controller/share/uav_controller/package.bash'
[11.387s] INFO:colcon.colcon_core.shell:Creating package script '/home/huy/ros2_ws/install/uav_controller/share/uav_controller/package.zsh'
[11.387s] Level 1:colcon.colcon_core.environment:create_file_with_runtime_dependencies(/home/huy/ros2_ws/install/uav_controller/share/colcon-core/packages/uav_controller)
[11.388s] INFO:colcon.colcon_ros.task.ament_cmake.build:Building ROS package in '/home/huy/ros2_ws/src/uav_sim' with build type 'ament_cmake'
[11.388s] INFO:colcon.colcon_cmake.task.cmake.build:Building CMake package in '/home/huy/ros2_ws/src/uav_sim'
[11.388s] INFO:colcon.colcon_core.shell:Skip shell extension 'powershell' for command environment: Not usable outside of PowerShell
[11.388s] DEBUG:colcon.colcon_core.shell:Skip shell extension 'dsv' for command environment
[11.399s] DEBUG:colcon.colcon_core.event_handler.log_command:Invoking command in '/home/huy/ros2_ws/build/uav_sim': CMAKE_PREFIX_PATH=/home/huy/ros2_ws/install/uav_motor_plugin:/home/huy/ros2_ws/install/uav_controller:/opt/ros/humble:/home/huy/ros2_ws/install/uav_msgs:/home/huy/ros2_ws/install/uav_sim:/home/huy/ros2_ws/install/uav_dynamics LD_LIBRARY_PATH=/home/huy/ros2_ws/install/uav_motor_plugin/lib:/home/huy/ros2_ws/install/uav_msgs/lib:/usr/lib/x86_64-linux-gnu/gazebo-11/plugins:/opt/ros/humble/opt/rviz_ogre_vendor/lib:/opt/ros/humble/lib/x86_64-linux-gnu:/opt/ros/humble/lib:/usr/lib/x86_64-linux-gnu/gazebo-11/plugins /usr/bin/cmake --build /home/huy/ros2_ws/build/uav_sim -- -j16 -l16
[11.464s] DEBUG:colcon.colcon_core.event_handler.log_command:Invoked command in '/home/huy/ros2_ws/build/uav_sim' returned '0': CMAKE_PREFIX_PATH=/home/huy/ros2_ws/install/uav_motor_plugin:/home/huy/ros2_ws/install/uav_controller:/opt/ros/humble:/home/huy/ros2_ws/install/uav_msgs:/home/huy/ros2_ws/install/uav_sim:/home/huy/ros2_ws/install/uav_dynamics LD_LIBRARY_PATH=/home/huy/ros2_ws/install/uav_motor_plugin/lib:/home/huy/ros2_ws/install/uav_msgs/lib:/usr/lib/x86_64-linux-gnu/gazebo-11/plugins:/opt/ros/humble/opt/rviz_ogre_vendor/lib:/opt/ros/humble/lib/x86_64-linux-gnu:/opt/ros/humble/lib:/usr/lib/x86_64-linux-gnu/gazebo-11/plugins /usr/bin/cmake --build /home/huy/ros2_ws/build/uav_sim -- -j16 -l16
[11.466s] DEBUG:colcon.colcon_core.event_handler.log_command:Invoking command in '/home/huy/ros2_ws/build/uav_sim': CMAKE_PREFIX_PATH=/home/huy/ros2_ws/install/uav_motor_plugin:/home/huy/ros2_ws/install/uav_controller:/opt/ros/humble:/home/huy/ros2_ws/install/uav_msgs:/home/huy/ros2_ws/install/uav_sim:/home/huy/ros2_ws/install/uav_dynamics LD_LIBRARY_PATH=/home/huy/ros2_ws/install/uav_motor_plugin/lib:/home/huy/ros2_ws/install/uav_msgs/lib:/usr/lib/x86_64-linux-gnu/gazebo-11/plugins:/opt/ros/humble/opt/rviz_ogre_vendor/lib:/opt/ros/humble/lib/x86_64-linux-gnu:/opt/ros/humble/lib:/usr/lib/x86_64-linux-gnu/gazebo-11/plugins /usr/bin/cmake --install /home/huy/ros2_ws/build/uav_sim
[11.476s] Level 1:colcon.colcon_core.environment:create_environment_scripts_only(uav_sim)
[11.476s] Level 1:colcon.colcon_core.environment:checking '/home/huy/ros2_ws/install/uav_sim' for CMake module files
[11.477s] DEBUG:colcon.colcon_core.event_handler.log_command:Invoked command in '/home/huy/ros2_ws/build/uav_sim' returned '0': CMAKE_PREFIX_PATH=/home/huy/ros2_ws/install/uav_motor_plugin:/home/huy/ros2_ws/install/uav_controller:/opt/ros/humble:/home/huy/ros2_ws/install/uav_msgs:/home/huy/ros2_ws/install/uav_sim:/home/huy/ros2_ws/install/uav_dynamics LD_LIBRARY_PATH=/home/huy/ros2_ws/install/uav_motor_plugin/lib:/home/huy/ros2_ws/install/uav_msgs/lib:/usr/lib/x86_64-linux-gnu/gazebo-11/plugins:/opt/ros/humble/opt/rviz_ogre_vendor/lib:/opt/ros/humble/lib/x86_64-linux-gnu:/opt/ros/humble/lib:/usr/lib/x86_64-linux-gnu/gazebo-11/plugins /usr/bin/cmake --install /home/huy/ros2_ws/build/uav_sim
[11.477s] Level 1:colcon.colcon_core.environment:checking '/home/huy/ros2_ws/install/uav_sim' for CMake config files
[11.477s] Level 1:colcon.colcon_core.shell:create_environment_hook('uav_sim', 'cmake_prefix_path')
[11.477s] INFO:colcon.colcon_core.shell:Creating environment hook '/home/huy/ros2_ws/install/uav_sim/share/uav_sim/hook/cmake_prefix_path.ps1'
[11.478s] INFO:colcon.colcon_core.shell:Creating environment descriptor '/home/huy/ros2_ws/install/uav_sim/share/uav_sim/hook/cmake_prefix_path.dsv'
[11.478s] INFO:colcon.colcon_core.shell:Creating environment hook '/home/huy/ros2_ws/install/uav_sim/share/uav_sim/hook/cmake_prefix_path.sh'
[11.479s] Level 1:colcon.colcon_core.environment:checking '/home/huy/ros2_ws/install/uav_sim/lib'
[11.479s] Level 1:colcon.colcon_core.environment:checking '/home/huy/ros2_ws/install/uav_sim/bin'
[11.479s] Level 1:colcon.colcon_core.environment:checking '/home/huy/ros2_ws/install/uav_sim/lib/pkgconfig/uav_sim.pc'
[11.479s] Level 1:colcon.colcon_core.environment:checking '/home/huy/ros2_ws/install/uav_sim/lib/python3.10/site-packages'
[11.479s] Level 1:colcon.colcon_core.environment:checking '/home/huy/ros2_ws/install/uav_sim/bin'
[11.479s] INFO:colcon.colcon_core.shell:Creating package script '/home/huy/ros2_ws/install/uav_sim/share/uav_sim/package.ps1'
[11.480s] INFO:colcon.colcon_core.shell:Creating package descriptor '/home/huy/ros2_ws/install/uav_sim/share/uav_sim/package.dsv'
[11.480s] INFO:colcon.colcon_core.shell:Creating package script '/home/huy/ros2_ws/install/uav_sim/share/uav_sim/package.sh'
[11.480s] INFO:colcon.colcon_core.shell:Creating package script '/home/huy/ros2_ws/install/uav_sim/share/uav_sim/package.bash'
[11.481s] INFO:colcon.colcon_core.shell:Creating package script '/home/huy/ros2_ws/install/uav_sim/share/uav_sim/package.zsh'
[11.481s] Level 1:colcon.colcon_core.environment:create_file_with_runtime_dependencies(/home/huy/ros2_ws/install/uav_sim/share/colcon-core/packages/uav_sim)
[11.481s] Level 1:colcon.colcon_core.environment:create_environment_scripts_only(uav_sim)
[11.481s] Level 1:colcon.colcon_core.environment:checking '/home/huy/ros2_ws/install/uav_sim' for CMake module files
[11.482s] Level 1:colcon.colcon_core.environment:checking '/home/huy/ros2_ws/install/uav_sim' for CMake config files
[11.482s] Level 1:colcon.colcon_core.shell:create_environment_hook('uav_sim', 'cmake_prefix_path')
[11.482s] INFO:colcon.colcon_core.shell:Creating environment hook '/home/huy/ros2_ws/install/uav_sim/share/uav_sim/hook/cmake_prefix_path.ps1'
[11.482s] INFO:colcon.colcon_core.shell:Creating environment descriptor '/home/huy/ros2_ws/install/uav_sim/share/uav_sim/hook/cmake_prefix_path.dsv'
[11.483s] INFO:colcon.colcon_core.shell:Creating environment hook '/home/huy/ros2_ws/install/uav_sim/share/uav_sim/hook/cmake_prefix_path.sh'
[11.483s] Level 1:colcon.colcon_core.environment:checking '/home/huy/ros2_ws/install/uav_sim/lib'
[11.483s] Level 1:colcon.colcon_core.environment:checking '/home/huy/ros2_ws/install/uav_sim/bin'
[11.483s] Level 1:colcon.colcon_core.environment:checking '/home/huy/ros2_ws/install/uav_sim/lib/pkgconfig/uav_sim.pc'
[11.483s] Level 1:colcon.colcon_core.environment:checking '/home/huy/ros2_ws/install/uav_sim/lib/python3.10/site-packages'
[11.484s] Level 1:colcon.colcon_core.environment:checking '/home/huy/ros2_ws/install/uav_sim/bin'
[11.484s] INFO:colcon.colcon_core.shell:Creating package script '/home/huy/ros2_ws/install/uav_sim/share/uav_sim/package.ps1'
[11.484s] INFO:colcon.colcon_core.shell:Creating package descriptor '/home/huy/ros2_ws/install/uav_sim/share/uav_sim/package.dsv'
[11.485s] INFO:colcon.colcon_core.shell:Creating package script '/home/huy/ros2_ws/install/uav_sim/share/uav_sim/package.sh'
[11.485s] INFO:colcon.colcon_core.shell:Creating package script '/home/huy/ros2_ws/install/uav_sim/share/uav_sim/package.bash'
[11.485s] INFO:colcon.colcon_core.shell:Creating package script '/home/huy/ros2_ws/install/uav_sim/share/uav_sim/package.zsh'
[11.486s] Level 1:colcon.colcon_core.environment:create_file_with_runtime_dependencies(/home/huy/ros2_ws/install/uav_sim/share/colcon-core/packages/uav_sim)
[11.486s] DEBUG:colcon.colcon_parallel_executor.executor.parallel:closing loop
[11.486s] DEBUG:colcon.colcon_parallel_executor.executor.parallel:loop closed
[11.486s] DEBUG:colcon.colcon_parallel_executor.executor.parallel:run_until_complete finished with '0'
[11.486s] DEBUG:colcon.colcon_core.event_reactor:joining thread
[11.491s] INFO:colcon.colcon_core.plugin_system:Skipping extension 'colcon_notification.desktop_notification.terminal_notifier': Not used on non-Darwin systems
[11.491s] INFO:colcon.colcon_core.plugin_system:Skipping extension 'colcon_notification.desktop_notification.win32': Not used on non-Windows systems
[11.491s] INFO:colcon.colcon_notification.desktop_notification:Sending desktop notification using 'notify2'
[11.501s] DEBUG:colcon.colcon_core.event_reactor:joined thread
[11.502s] INFO:colcon.colcon_core.shell:Creating prefix script '/home/huy/ros2_ws/install/local_setup.ps1'
[11.503s] INFO:colcon.colcon_core.shell:Creating prefix util module '/home/huy/ros2_ws/install/_local_setup_util_ps1.py'
[11.504s] INFO:colcon.colcon_core.shell:Creating prefix chain script '/home/huy/ros2_ws/install/setup.ps1'
[11.505s] INFO:colcon.colcon_core.shell:Creating prefix script '/home/huy/ros2_ws/install/local_setup.sh'
[11.505s] INFO:colcon.colcon_core.shell:Creating prefix util module '/home/huy/ros2_ws/install/_local_setup_util_sh.py'
[11.506s] INFO:colcon.colcon_core.shell:Creating prefix chain script '/home/huy/ros2_ws/install/setup.sh'
[11.507s] INFO:colcon.colcon_core.shell:Creating prefix script '/home/huy/ros2_ws/install/local_setup.bash'
[11.507s] INFO:colcon.colcon_core.shell:Creating prefix chain script '/home/huy/ros2_ws/install/setup.bash'
[11.508s] INFO:colcon.colcon_core.shell:Creating prefix script '/home/huy/ros2_ws/install/local_setup.zsh'
[11.508s] INFO:colcon.colcon_core.shell:Creating prefix chain script '/home/huy/ros2_ws/install/setup.zsh'
