[0.050s] Invoking command in '/home/huy/ros2_ws/build/uav_sim': /usr/bin/cmake --build /home/huy/ros2_ws/build/uav_sim -- -j16 -l16
[0.163s] [35m[1mConsolidate compiler generated dependencies of target uav_node[0m
[0.194s] [ 50%] [32mBuilding CXX object CMakeFiles/uav_node.dir/src/main.cpp.o[0m
[6.367s] [100%] [32m[1mLinking CXX executable uav_node[0m
[6.582s] [100%] Built target uav_node
[6.608s] Invoked command in '/home/huy/ros2_ws/build/uav_sim' returned '0': /usr/bin/cmake --build /home/huy/ros2_ws/build/uav_sim -- -j16 -l16
[6.612s] Invoking command in '/home/huy/ros2_ws/build/uav_sim': /usr/bin/cmake --install /home/huy/ros2_ws/build/uav_sim
[6.628s] -- Install configuration: ""
[6.629s] -- Installing: /home/huy/ros2_ws/install/uav_sim/lib/uav_sim/uav_node
[6.630s] -- Set runtime path of "/home/huy/ros2_ws/install/uav_sim/lib/uav_sim/uav_node" to ""
[6.630s] -- Installing: /home/huy/ros2_ws/install/uav_sim/share/uav_sim//launch
[6.630s] -- Installing: /home/huy/ros2_ws/install/uav_sim/share/uav_sim//launch/uav_sim.launch.py
[6.631s] -- Installing: /home/huy/ros2_ws/install/uav_sim/share/uav_sim//launch/dynamics.launch.py
[6.631s] -- Installing: /home/huy/ros2_ws/install/uav_sim/share/ament_index/resource_index/package_run_dependencies/uav_sim
[6.632s] -- Installing: /home/huy/ros2_ws/install/uav_sim/share/ament_index/resource_index/parent_prefix_path/uav_sim
[6.632s] -- Installing: /home/huy/ros2_ws/install/uav_sim/share/uav_sim/environment/ament_prefix_path.sh
[6.632s] -- Installing: /home/huy/ros2_ws/install/uav_sim/share/uav_sim/environment/ament_prefix_path.dsv
[6.633s] -- Installing: /home/huy/ros2_ws/install/uav_sim/share/uav_sim/environment/path.sh
[6.633s] -- Installing: /home/huy/ros2_ws/install/uav_sim/share/uav_sim/environment/path.dsv
[6.633s] -- Installing: /home/huy/ros2_ws/install/uav_sim/share/uav_sim/local_setup.bash
[6.634s] -- Installing: /home/huy/ros2_ws/install/uav_sim/share/uav_sim/local_setup.sh
[6.634s] -- Installing: /home/huy/ros2_ws/install/uav_sim/share/uav_sim/local_setup.zsh
[6.635s] -- Installing: /home/huy/ros2_ws/install/uav_sim/share/uav_sim/local_setup.dsv
[6.635s] -- Up-to-date: /home/huy/ros2_ws/install/uav_sim/share/uav_sim/package.dsv
[6.635s] -- Installing: /home/huy/ros2_ws/install/uav_sim/share/ament_index/resource_index/packages/uav_sim
[6.635s] -- Installing: /home/huy/ros2_ws/install/uav_sim/share/uav_sim/cmake/uav_simConfig.cmake
[6.636s] -- Installing: /home/huy/ros2_ws/install/uav_sim/share/uav_sim/cmake/uav_simConfig-version.cmake
[6.636s] -- Installing: /home/huy/ros2_ws/install/uav_sim/share/uav_sim/package.xml
[6.640s] Invoked command in '/home/huy/ros2_ws/build/uav_sim' returned '0': /usr/bin/cmake --install /home/huy/ros2_ws/build/uav_sim
