[0.007s] Invoking command in '/home/huy/ros2_ws/build/uav_dynamics': CMAKE_PREFIX_PATH=/opt/ros/humble:/home/huy/ros2_ws/install/uav_msgs:/home/huy/ros2_ws/install/uav_dynamics:/home/huy/ros2_ws/install/uav_motor_plugin LD_LIBRARY_PATH=/home/huy/ros2_ws/install/uav_msgs/lib:/home/huy/ros2_ws/install/uav_motor_plugin/lib:/usr/lib/x86_64-linux-gnu/gazebo-11/plugins:/opt/ros/humble/opt/rviz_ogre_vendor/lib:/opt/ros/humble/lib/x86_64-linux-gnu:/opt/ros/humble/lib:/usr/lib/x86_64-linux-gnu/gazebo-11/plugins /usr/bin/cmake --build /home/huy/ros2_ws/build/uav_dynamics -- -j16 -l16
[0.030s] -- Found ament_cmake: 1.3.11 (/opt/ros/humble/share/ament_cmake/cmake)
[0.131s] -- Found rclcpp: 16.0.12 (/opt/ros/humble/share/rclcpp/cmake)
[0.152s] -- Found rosidl_generator_c: 3.1.6 (/opt/ros/humble/share/rosidl_generator_c/cmake)
[0.154s] -- Found rosidl_adapter: 3.1.6 (/opt/ros/humble/share/rosidl_adapter/cmake)
[0.158s] -- Found rosidl_generator_cpp: 3.1.6 (/opt/ros/humble/share/rosidl_generator_cpp/cmake)
[0.165s] -- Using all available rosidl_typesupport_c: rosidl_typesupport_fastrtps_c;rosidl_typesupport_introspection_c
[0.173s] -- Using all available rosidl_typesupport_cpp: rosidl_typesupport_fastrtps_cpp;rosidl_typesupport_introspection_cpp
[0.196s] -- Found rmw_implementation_cmake: 6.1.2 (/opt/ros/humble/share/rmw_implementation_cmake/cmake)
[0.197s] -- Found rmw_fastrtps_cpp: 6.2.7 (/opt/ros/humble/share/rmw_fastrtps_cpp/cmake)
[0.283s] -- Using RMW implementation 'rmw_fastrtps_cpp' as default
[0.317s] -- Found uav_msgs: 0.0.0 (/home/huy/ros2_ws/install/uav_msgs/share/uav_msgs/cmake)
[0.323s] -- Found sensor_msgs: 4.9.0 (/opt/ros/humble/share/sensor_msgs/cmake)
[0.394s] -- Configuring done
[0.405s] -- Generating done
[0.409s] -- Build files have been written to: /home/huy/ros2_ws/build/uav_dynamics
[0.432s] [35m[1mConsolidate compiler generated dependencies of target cmd_pub_node[0m
[0.433s] [35m[1mConsolidate compiler generated dependencies of target dynamics_node[0m
[0.449s] [ 80%] Built target cmd_pub_node
[0.449s] [100%] Built target dynamics_node
