[0.013s] Invoking command in '/home/huy/ros2_ws/build/drone_drive': CMAKE_PREFIX_PATH=${CMAKE_PREFIX_PATH}:/home/huy/ros2_ws/src/install/my_robot_pkg:/home/huy/ros2_ws/install/my_robot_pkg:/opt/ros/humble /usr/bin/cmake --build /home/huy/ros2_ws/build/drone_drive -- -j16 -l16
[0.040s] -- Found ament_cmake: 1.3.11 (/opt/ros/humble/share/ament_cmake/cmake)
[0.135s] -- Found rclcpp: 16.0.12 (/opt/ros/humble/share/rclcpp/cmake)
[0.156s] -- Found rosidl_generator_c: 3.1.6 (/opt/ros/humble/share/rosidl_generator_c/cmake)
[0.158s] -- Found rosidl_adapter: 3.1.6 (/opt/ros/humble/share/rosidl_adapter/cmake)
[0.162s] -- Found rosidl_generator_cpp: 3.1.6 (/opt/ros/humble/share/rosidl_generator_cpp/cmake)
[0.169s] -- Using all available rosidl_typesupport_c: rosidl_typesupport_fastrtps_c;rosidl_typesupport_introspection_c
[0.178s] -- Using all available rosidl_typesupport_cpp: rosidl_typesupport_fastrtps_cpp;rosidl_typesupport_introspection_cpp
[0.201s] -- Found rmw_implementation_cmake: 6.1.2 (/opt/ros/humble/share/rmw_implementation_cmake/cmake)
[0.202s] -- Found rmw_fastrtps_cpp: 6.2.7 (/opt/ros/humble/share/rmw_fastrtps_cpp/cmake)
[0.289s] -- Using RMW implementation 'rmw_fastrtps_cpp' as default
[0.323s] -- Found geometry_msgs: 4.9.0 (/opt/ros/humble/share/geometry_msgs/cmake)
[0.332s] -- Found gazebo_ros: 3.9.0 (/opt/ros/humble/share/gazebo_ros/cmake)
[0.356s] -- Found DART: /usr/include (Required is at least version "6.6") found components: dart 
[0.381s] -- Found Protobuf: /usr/lib/x86_64-linux-gnu/libprotobuf.so (found version "3.12.4") 
[0.381s] -- Looking for ignition-math6 -- found version 6.15.1
[0.383s] -- Searching for dependencies of ignition-math6
[0.384s] -- Looking for OGRE...
[0.390s] -- Found Ogre Ghadamon (1.9.0)
[0.391s] -- Found OGRE: optimized;/usr/lib/x86_64-linux-gnu/libOgreMain.so;debug;/usr/lib/x86_64-linux-gnu/libOgreMain.so
[0.398s] -- Looking for OGRE_Paging...
[0.398s] -- Found OGRE_Paging: optimized;/usr/lib/x86_64-linux-gnu/libOgrePaging.so;debug;/usr/lib/x86_64-linux-gnu/libOgrePaging.so
[0.398s] -- Looking for OGRE_Terrain...
[0.399s] -- Found OGRE_Terrain: optimized;/usr/lib/x86_64-linux-gnu/libOgreTerrain.so;debug;/usr/lib/x86_64-linux-gnu/libOgreTerrain.so
[0.399s] -- Looking for OGRE_Property...
[0.399s] -- Found OGRE_Property: optimized;/usr/lib/x86_64-linux-gnu/libOgreProperty.so;debug;/usr/lib/x86_64-linux-gnu/libOgreProperty.so
[0.399s] -- Looking for OGRE_RTShaderSystem...
[0.399s] -- Found OGRE_RTShaderSystem: optimized;/usr/lib/x86_64-linux-gnu/libOgreRTShaderSystem.so;debug;/usr/lib/x86_64-linux-gnu/libOgreRTShaderSystem.so
[0.399s] -- Looking for OGRE_Volume...
[0.399s] -- Found OGRE_Volume: optimized;/usr/lib/x86_64-linux-gnu/libOgreVolume.so;debug;/usr/lib/x86_64-linux-gnu/libOgreVolume.so
[0.399s] -- Looking for OGRE_Overlay...
[0.399s] -- Found OGRE_Overlay: optimized;/usr/lib/x86_64-linux-gnu/libOgreOverlay.so;debug;/usr/lib/x86_64-linux-gnu/libOgreOverlay.so
[0.480s] -- Looking for ignition-math6 -- found version 6.15.1
[0.480s] -- Looking for ignition-transport8 -- found version 8.2.1
[0.481s] -- Searching for dependencies of ignition-transport8
[0.497s] -- Found Protobuf: /usr/lib/x86_64-linux-gnu/libprotobuf.so (found suitable version "3.12.4", minimum required is "3") 
[0.507s] -- Config-file not installed for ZeroMQ -- checking for pkg-config
[0.512s] -- Checking for module 'libzmq >= 4'
[0.523s] --   Found libzmq , version 4.3.4
[0.561s] -- Checking for module 'uuid'
[0.573s] --   Found uuid, version 2.37.2
[0.603s] -- Looking for ignition-msgs5 -- found version 5.8.1
[0.603s] -- Searching for dependencies of ignition-msgs5
[0.620s] -- Looking for ignition-math6 -- found version 6.15.1
[0.625s] -- Checking for module 'tinyxml2'
[0.636s] --   Found tinyxml2, version 9.0.0
[0.667s] -- Looking for ignition-msgs5 -- found version 5.8.1
[0.667s] -- Looking for ignition-common3 -- found version 3.14.0
[0.668s] -- Searching for dependencies of ignition-common3
[0.668s] -- Looking for dlfcn.h - found
[0.668s] -- Looking for libdl - found
[0.677s] -- Searching for <ignition-common3> component [graphics]
[0.677s] -- Looking for ignition-common3-graphics -- found version 3.14.0
[0.678s] -- Searching for dependencies of ignition-common3-graphics
[0.678s] -- Looking for ignition-math6 -- found version 6.15.1
[0.679s] -- Looking for ignition-fuel_tools4 -- found version 4.4.0
[0.679s] -- Searching for dependencies of ignition-fuel_tools4
[0.714s] -- Checking for module 'jsoncpp'
[0.726s] --   Found jsoncpp, version 1.9.5
[0.760s] -- Checking for module 'libzip'
[0.770s] --   Found libzip, version 1.7.3
[0.800s] -- Looking for ignition-common3 -- found version 3.14.0
[0.800s] -- Looking for ignition-math6 -- found version 6.15.1
[0.800s] -- Looking for ignition-msgs5 -- found version 5.8.1
[0.801s] -- Gazebo version: 11.10
[0.802s] -- Found gazebo_msgs: 3.9.0 (/opt/ros/humble/share/gazebo_msgs/cmake)
[0.830s] -- Found rclcpp_components: 16.0.12 (/opt/ros/humble/share/rclcpp_components/cmake)
[0.850s] -- Found nav_msgs: 4.9.0 (/opt/ros/humble/share/nav_msgs/cmake)
[0.862s] -- Found tf2: 0.25.13 (/opt/ros/humble/share/tf2/cmake)
[0.866s] -- Found tf2_ros: 0.25.13 (/opt/ros/humble/share/tf2_ros/cmake)
[0.913s] -- Found tf2_geometry_msgs: 0.25.13 (/opt/ros/humble/share/tf2_geometry_msgs/cmake)
[0.920s] -- Found eigen3_cmake_module: 0.1.1 (/opt/ros/humble/share/eigen3_cmake_module/cmake)
[0.921s] -- Found Eigen3: TRUE (found version "3.4.0") 
[0.921s] -- Ensuring Eigen3 include directory is part of orocos-kdl CMake target
[0.923s] -- Found urdf: 2.6.1 (/opt/ros/humble/share/urdf/cmake)
[0.954s] [31mCMake Error at CMakeLists.txt:26 (find_package):
[0.954s]   By not providing "Findtinyxml2.cmake" in CMAKE_MODULE_PATH this project has
[0.954s]   asked CMake to find a package configuration file provided by "tinyxml2",
[0.954s]   but CMake did not find one.
[0.954s] 
[0.954s]   Could not find a package configuration file provided by "tinyxml2" with any
[0.954s]   of the following names:
[0.954s] 
[0.954s]     tinyxml2Config.cmake
[0.954s]     tinyxml2-config.cmake
[0.954s] 
[0.954s]   Add the installation prefix of "tinyxml2" to CMAKE_PREFIX_PATH or set
[0.954s]   "tinyxml2_DIR" to a directory containing one of the above files.  If
[0.954s]   "tinyxml2" provides a separate development package or SDK, be sure it has
[0.954s]   been installed.
[0.954s] 
[0.954s] [0m
[0.955s] -- Configuring incomplete, errors occurred!
[0.955s] See also "/home/huy/ros2_ws/build/drone_drive/CMakeFiles/CMakeOutput.log".
[0.962s] gmake: *** [Makefile:267: cmake_check_build_system] Error 1
[0.964s] Invoked command in '/home/huy/ros2_ws/build/drone_drive' returned '2': CMAKE_PREFIX_PATH=${CMAKE_PREFIX_PATH}:/home/huy/ros2_ws/src/install/my_robot_pkg:/home/huy/ros2_ws/install/my_robot_pkg:/opt/ros/humble /usr/bin/cmake --build /home/huy/ros2_ws/build/drone_drive -- -j16 -l16
