running egg_info
writing ../../build/example_pkg/example_pkg.egg-info/PKG-INFO
writing dependency_links to ../../build/example_pkg/example_pkg.egg-info/dependency_links.txt
writing entry points to ../../build/example_pkg/example_pkg.egg-info/entry_points.txt
writing requirements to ../../build/example_pkg/example_pkg.egg-info/requires.txt
writing top-level names to ../../build/example_pkg/example_pkg.egg-info/top_level.txt
reading manifest file '../../build/example_pkg/example_pkg.egg-info/SOURCES.txt'
writing manifest file '../../build/example_pkg/example_pkg.egg-info/SOURCES.txt'
running build
running build_py
copying example_pkg/listener.py -> /home/huy/ros2_ws/build/example_pkg/build/lib/example_pkg
running install
running install_lib
copying /home/huy/ros2_ws/build/example_pkg/build/lib/example_pkg/listener.py -> /home/huy/ros2_ws/install/example_pkg/lib/python3.10/site-packages/example_pkg
byte-compiling /home/huy/ros2_ws/install/example_pkg/lib/python3.10/site-packages/example_pkg/listener.py to listener.cpython-310.pyc
running install_data
running install_egg_info
removing '/home/huy/ros2_ws/install/example_pkg/lib/python3.10/site-packages/example_pkg-0.0.0-py3.10.egg-info' (and everything under it)
Copying ../../build/example_pkg/example_pkg.egg-info to /home/huy/ros2_ws/install/example_pkg/lib/python3.10/site-packages/example_pkg-0.0.0-py3.10.egg-info
running install_scripts
Installing listener script to /home/huy/ros2_ws/install/example_pkg/lib/example_pkg
Installing talker script to /home/huy/ros2_ws/install/example_pkg/lib/example_pkg
writing list of installed files to '/home/huy/ros2_ws/build/example_pkg/install.log'
