running egg_info
creating ../../build/my_robot_pkg/my_robot_pkg.egg-info
writing ../../build/my_robot_pkg/my_robot_pkg.egg-info/PKG-INFO
writing dependency_links to ../../build/my_robot_pkg/my_robot_pkg.egg-info/dependency_links.txt
writing entry points to ../../build/my_robot_pkg/my_robot_pkg.egg-info/entry_points.txt
writing requirements to ../../build/my_robot_pkg/my_robot_pkg.egg-info/requires.txt
writing top-level names to ../../build/my_robot_pkg/my_robot_pkg.egg-info/top_level.txt
writing manifest file '../../build/my_robot_pkg/my_robot_pkg.egg-info/SOURCES.txt'
reading manifest file '../../build/my_robot_pkg/my_robot_pkg.egg-info/SOURCES.txt'
writing manifest file '../../build/my_robot_pkg/my_robot_pkg.egg-info/SOURCES.txt'
running build
running build_py
creating /home/huy/ros2_ws/build/my_robot_pkg/build
creating /home/huy/ros2_ws/build/my_robot_pkg/build/lib
creating /home/huy/ros2_ws/build/my_robot_pkg/build/lib/my_robot_pkg
copying my_robot_pkg/ps4_drone_node.py -> /home/huy/ros2_ws/build/my_robot_pkg/build/lib/my_robot_pkg
copying my_robot_pkg/ps4_controller_node.py -> /home/huy/ros2_ws/build/my_robot_pkg/build/lib/my_robot_pkg
copying my_robot_pkg/drone_controller.py -> /home/huy/ros2_ws/build/my_robot_pkg/build/lib/my_robot_pkg
copying my_robot_pkg/__init__.py -> /home/huy/ros2_ws/build/my_robot_pkg/build/lib/my_robot_pkg
running install
running install_lib
creating /home/huy/ros2_ws/install/my_robot_pkg/lib/python3.10/site-packages/my_robot_pkg
copying /home/huy/ros2_ws/build/my_robot_pkg/build/lib/my_robot_pkg/ps4_drone_node.py -> /home/huy/ros2_ws/install/my_robot_pkg/lib/python3.10/site-packages/my_robot_pkg
copying /home/huy/ros2_ws/build/my_robot_pkg/build/lib/my_robot_pkg/ps4_controller_node.py -> /home/huy/ros2_ws/install/my_robot_pkg/lib/python3.10/site-packages/my_robot_pkg
copying /home/huy/ros2_ws/build/my_robot_pkg/build/lib/my_robot_pkg/drone_controller.py -> /home/huy/ros2_ws/install/my_robot_pkg/lib/python3.10/site-packages/my_robot_pkg
copying /home/huy/ros2_ws/build/my_robot_pkg/build/lib/my_robot_pkg/__init__.py -> /home/huy/ros2_ws/install/my_robot_pkg/lib/python3.10/site-packages/my_robot_pkg
byte-compiling /home/huy/ros2_ws/install/my_robot_pkg/lib/python3.10/site-packages/my_robot_pkg/ps4_drone_node.py to ps4_drone_node.cpython-310.pyc
byte-compiling /home/huy/ros2_ws/install/my_robot_pkg/lib/python3.10/site-packages/my_robot_pkg/ps4_controller_node.py to ps4_controller_node.cpython-310.pyc
byte-compiling /home/huy/ros2_ws/install/my_robot_pkg/lib/python3.10/site-packages/my_robot_pkg/drone_controller.py to drone_controller.cpython-310.pyc
byte-compiling /home/huy/ros2_ws/install/my_robot_pkg/lib/python3.10/site-packages/my_robot_pkg/__init__.py to __init__.cpython-310.pyc
running install_data
creating /home/huy/ros2_ws/install/my_robot_pkg/share/ament_index
creating /home/huy/ros2_ws/install/my_robot_pkg/share/ament_index/resource_index
creating /home/huy/ros2_ws/install/my_robot_pkg/share/ament_index/resource_index/packages
copying resource/my_robot_pkg -> /home/huy/ros2_ws/install/my_robot_pkg/share/ament_index/resource_index/packages
copying package.xml -> /home/huy/ros2_ws/install/my_robot_pkg/share/my_robot_pkg
creating /home/huy/ros2_ws/install/my_robot_pkg/share/my_robot_pkg/launch
copying launch/launch_sim.launch.py -> /home/huy/ros2_ws/install/my_robot_pkg/share/my_robot_pkg/launch
copying launch/rsp.launch.py -> /home/huy/ros2_ws/install/my_robot_pkg/share/my_robot_pkg/launch
copying launch/ps4_init.launch.py -> /home/huy/ros2_ws/install/my_robot_pkg/share/my_robot_pkg/launch
copying launch/drone.launch.py -> /home/huy/ros2_ws/install/my_robot_pkg/share/my_robot_pkg/launch
creating /home/huy/ros2_ws/install/my_robot_pkg/share/my_robot_pkg/description
copying description/drone_macros.xacro -> /home/huy/ros2_ws/install/my_robot_pkg/share/my_robot_pkg/description
copying description/inertial_macros.xacro -> /home/huy/ros2_ws/install/my_robot_pkg/share/my_robot_pkg/description
copying description/gazebo_control_drone.xacro -> /home/huy/ros2_ws/install/my_robot_pkg/share/my_robot_pkg/description
copying description/robot_core.xacro -> /home/huy/ros2_ws/install/my_robot_pkg/share/my_robot_pkg/description
copying description/drone.urdf.xacro -> /home/huy/ros2_ws/install/my_robot_pkg/share/my_robot_pkg/description
copying description/gazebo_control.xacro -> /home/huy/ros2_ws/install/my_robot_pkg/share/my_robot_pkg/description
copying description/robot.urdf.xacro -> /home/huy/ros2_ws/install/my_robot_pkg/share/my_robot_pkg/description
creating /home/huy/ros2_ws/install/my_robot_pkg/share/my_robot_pkg/config
copying config/drone_controller.yaml -> /home/huy/ros2_ws/install/my_robot_pkg/share/my_robot_pkg/config
running install_egg_info
Copying ../../build/my_robot_pkg/my_robot_pkg.egg-info to /home/huy/ros2_ws/install/my_robot_pkg/lib/python3.10/site-packages/my_robot_pkg-0.0.0-py3.10.egg-info
running install_scripts
Installing drone_controller script to /home/huy/ros2_ws/install/my_robot_pkg/lib/my_robot_pkg
Installing ps4_controller_node script to /home/huy/ros2_ws/install/my_robot_pkg/lib/my_robot_pkg
writing list of installed files to '/home/huy/ros2_ws/build/my_robot_pkg/install.log'
