[0.479s] Invoking command in '/home/huy/ros2_ws/src/my_robot_pkg': PYTHONPATH=/home/huy/ros2_ws/build/my_robot_pkg/prefix_override:/usr/lib/python3/dist-packages/colcon_core/task/python/colcon_distutils_commands:/home/huy/ros2_ws/install/my_robot_pkg/lib/python3.10/site-packages:${PYTHONPATH} /usr/bin/python3 -W ignore:setup.py install is deprecated -W ignore:easy_install command is deprecated setup.py egg_info --egg-base ../../build/my_robot_pkg build --build-base /home/huy/ros2_ws/build/my_robot_pkg/build install --record /home/huy/ros2_ws/build/my_robot_pkg/install.log --single-version-externally-managed install_data
[0.665s] running egg_info
[0.665s] creating ../../build/my_robot_pkg/my_robot_pkg.egg-info
[0.665s] writing ../../build/my_robot_pkg/my_robot_pkg.egg-info/PKG-INFO
[0.666s] writing dependency_links to ../../build/my_robot_pkg/my_robot_pkg.egg-info/dependency_links.txt
[0.666s] writing entry points to ../../build/my_robot_pkg/my_robot_pkg.egg-info/entry_points.txt
[0.666s] writing requirements to ../../build/my_robot_pkg/my_robot_pkg.egg-info/requires.txt
[0.666s] writing top-level names to ../../build/my_robot_pkg/my_robot_pkg.egg-info/top_level.txt
[0.666s] writing manifest file '../../build/my_robot_pkg/my_robot_pkg.egg-info/SOURCES.txt'
[0.668s] reading manifest file '../../build/my_robot_pkg/my_robot_pkg.egg-info/SOURCES.txt'
[0.668s] writing manifest file '../../build/my_robot_pkg/my_robot_pkg.egg-info/SOURCES.txt'
[0.668s] running build
[0.668s] running build_py
[0.668s] creating /home/huy/ros2_ws/build/my_robot_pkg/build
[0.668s] creating /home/huy/ros2_ws/build/my_robot_pkg/build/lib
[0.669s] creating /home/huy/ros2_ws/build/my_robot_pkg/build/lib/my_robot_pkg
[0.669s] copying my_robot_pkg/ps4_drone_node.py -> /home/huy/ros2_ws/build/my_robot_pkg/build/lib/my_robot_pkg
[0.669s] copying my_robot_pkg/ps4_controller_node.py -> /home/huy/ros2_ws/build/my_robot_pkg/build/lib/my_robot_pkg
[0.669s] copying my_robot_pkg/drone_controller.py -> /home/huy/ros2_ws/build/my_robot_pkg/build/lib/my_robot_pkg
[0.669s] copying my_robot_pkg/__init__.py -> /home/huy/ros2_ws/build/my_robot_pkg/build/lib/my_robot_pkg
[0.669s] running install
[0.670s] running install_lib
[0.670s] creating /home/huy/ros2_ws/install/my_robot_pkg/lib/python3.10/site-packages/my_robot_pkg
[0.670s] copying /home/huy/ros2_ws/build/my_robot_pkg/build/lib/my_robot_pkg/ps4_drone_node.py -> /home/huy/ros2_ws/install/my_robot_pkg/lib/python3.10/site-packages/my_robot_pkg
[0.670s] copying /home/huy/ros2_ws/build/my_robot_pkg/build/lib/my_robot_pkg/ps4_controller_node.py -> /home/huy/ros2_ws/install/my_robot_pkg/lib/python3.10/site-packages/my_robot_pkg
[0.671s] copying /home/huy/ros2_ws/build/my_robot_pkg/build/lib/my_robot_pkg/drone_controller.py -> /home/huy/ros2_ws/install/my_robot_pkg/lib/python3.10/site-packages/my_robot_pkg
[0.671s] copying /home/huy/ros2_ws/build/my_robot_pkg/build/lib/my_robot_pkg/__init__.py -> /home/huy/ros2_ws/install/my_robot_pkg/lib/python3.10/site-packages/my_robot_pkg
[0.671s] byte-compiling /home/huy/ros2_ws/install/my_robot_pkg/lib/python3.10/site-packages/my_robot_pkg/ps4_drone_node.py to ps4_drone_node.cpython-310.pyc
[0.671s] byte-compiling /home/huy/ros2_ws/install/my_robot_pkg/lib/python3.10/site-packages/my_robot_pkg/ps4_controller_node.py to ps4_controller_node.cpython-310.pyc
[0.672s] byte-compiling /home/huy/ros2_ws/install/my_robot_pkg/lib/python3.10/site-packages/my_robot_pkg/drone_controller.py to drone_controller.cpython-310.pyc
[0.672s] byte-compiling /home/huy/ros2_ws/install/my_robot_pkg/lib/python3.10/site-packages/my_robot_pkg/__init__.py to __init__.cpython-310.pyc
[0.673s] running install_data
[0.673s] creating /home/huy/ros2_ws/install/my_robot_pkg/share/ament_index
[0.673s] creating /home/huy/ros2_ws/install/my_robot_pkg/share/ament_index/resource_index
[0.673s] creating /home/huy/ros2_ws/install/my_robot_pkg/share/ament_index/resource_index/packages
[0.673s] copying resource/my_robot_pkg -> /home/huy/ros2_ws/install/my_robot_pkg/share/ament_index/resource_index/packages
[0.673s] copying package.xml -> /home/huy/ros2_ws/install/my_robot_pkg/share/my_robot_pkg
[0.673s] creating /home/huy/ros2_ws/install/my_robot_pkg/share/my_robot_pkg/launch
[0.673s] copying launch/launch_sim.launch.py -> /home/huy/ros2_ws/install/my_robot_pkg/share/my_robot_pkg/launch
[0.673s] copying launch/rsp.launch.py -> /home/huy/ros2_ws/install/my_robot_pkg/share/my_robot_pkg/launch
[0.673s] copying launch/ps4_init.launch.py -> /home/huy/ros2_ws/install/my_robot_pkg/share/my_robot_pkg/launch
[0.673s] copying launch/drone.launch.py -> /home/huy/ros2_ws/install/my_robot_pkg/share/my_robot_pkg/launch
[0.673s] creating /home/huy/ros2_ws/install/my_robot_pkg/share/my_robot_pkg/description
[0.674s] copying description/drone_macros.xacro -> /home/huy/ros2_ws/install/my_robot_pkg/share/my_robot_pkg/description
[0.674s] copying description/inertial_macros.xacro -> /home/huy/ros2_ws/install/my_robot_pkg/share/my_robot_pkg/description
[0.674s] copying description/gazebo_control_drone.xacro -> /home/huy/ros2_ws/install/my_robot_pkg/share/my_robot_pkg/description
[0.674s] copying description/robot_core.xacro -> /home/huy/ros2_ws/install/my_robot_pkg/share/my_robot_pkg/description
[0.674s] copying description/drone.urdf.xacro -> /home/huy/ros2_ws/install/my_robot_pkg/share/my_robot_pkg/description
[0.674s] copying description/gazebo_control.xacro -> /home/huy/ros2_ws/install/my_robot_pkg/share/my_robot_pkg/description
[0.674s] copying description/robot.urdf.xacro -> /home/huy/ros2_ws/install/my_robot_pkg/share/my_robot_pkg/description
[0.674s] creating /home/huy/ros2_ws/install/my_robot_pkg/share/my_robot_pkg/config
[0.674s] copying config/drone_controller.yaml -> /home/huy/ros2_ws/install/my_robot_pkg/share/my_robot_pkg/config
[0.675s] running install_egg_info
[0.677s] Copying ../../build/my_robot_pkg/my_robot_pkg.egg-info to /home/huy/ros2_ws/install/my_robot_pkg/lib/python3.10/site-packages/my_robot_pkg-0.0.0-py3.10.egg-info
[0.678s] running install_scripts
[0.695s] Installing drone_controller script to /home/huy/ros2_ws/install/my_robot_pkg/lib/my_robot_pkg
[0.695s] Installing ps4_controller_node script to /home/huy/ros2_ws/install/my_robot_pkg/lib/my_robot_pkg
[0.695s] writing list of installed files to '/home/huy/ros2_ws/build/my_robot_pkg/install.log'
[0.728s] Invoked command in '/home/huy/ros2_ws/src/my_robot_pkg' returned '0': PYTHONPATH=/home/huy/ros2_ws/build/my_robot_pkg/prefix_override:/usr/lib/python3/dist-packages/colcon_core/task/python/colcon_distutils_commands:/home/huy/ros2_ws/install/my_robot_pkg/lib/python3.10/site-packages:${PYTHONPATH} /usr/bin/python3 -W ignore:setup.py install is deprecated -W ignore:easy_install command is deprecated setup.py egg_info --egg-base ../../build/my_robot_pkg build --build-base /home/huy/ros2_ws/build/my_robot_pkg/build install --record /home/huy/ros2_ws/build/my_robot_pkg/install.log --single-version-externally-managed install_data
