[0.119s] DEBUG:colcon:Command line arguments: ['/usr/bin/colcon', 'build']
[0.119s] DEBUG:colcon:Parsed command line arguments: Namespace(log_base=None, log_level=None, verb_name='build', build_base='build', install_base='install', merge_install=False, symlink_install=False, test_result_base=None, continue_on_error=False, executor='parallel', parallel_workers=16, event_handlers=None, ignore_user_meta=False, metas=['./colcon.meta'], base_paths=['.'], packages_ignore=None, packages_ignore_regex=None, paths=None, packages_up_to=None, packages_up_to_regex=None, packages_above=None, packages_above_and_dependencies=None, packages_above_depth=None, packages_select_by_dep=None, packages_skip_by_dep=None, packages_skip_up_to=None, packages_select_build_failed=False, packages_skip_build_finished=False, packages_select_test_failures=False, packages_skip_test_passed=False, packages_select=None, packages_skip=None, packages_select_regex=None, packages_skip_regex=None, packages_start=None, packages_end=None, allow_overriding=[], cmake_args=None, cmake_target=None, cmake_target_skip_unavailable=False, cmake_clean_cache=False, cmake_clean_first=False, cmake_force_configure=False, ament_cmake_args=None, catkin_cmake_args=None, catkin_skip_building_tests=False, mixin_files=None, mixin=None, verb_parser=<colcon_mixin.mixin.mixin_argument.MixinArgumentDecorator object at 0x7076e45524a0>, verb_extension=<colcon_core.verb.build.BuildVerb object at 0x7076e4551f00>, main=<bound method BuildVerb.main of <colcon_core.verb.build.BuildVerb object at 0x7076e4551f00>>, mixin_verb=('build',))
[0.302s] Level 1:colcon.colcon_core.package_discovery:discover_packages(colcon_meta) check parameters
[0.302s] Level 1:colcon.colcon_core.package_discovery:discover_packages(recursive) check parameters
[0.302s] Level 1:colcon.colcon_core.package_discovery:discover_packages(ignore) check parameters
[0.302s] Level 1:colcon.colcon_core.package_discovery:discover_packages(path) check parameters
[0.302s] Level 1:colcon.colcon_core.package_discovery:discover_packages(colcon_meta) discover
[0.302s] Level 1:colcon.colcon_core.package_discovery:discover_packages(recursive) discover
[0.302s] INFO:colcon.colcon_core.package_discovery:Crawling recursively for packages in '/home/huy/ros2_ws/src'
[0.303s] Level 1:colcon.colcon_core.package_identification:_identify(.) by extensions ['ignore', 'ignore_ament_install']
[0.303s] Level 1:colcon.colcon_core.package_identification:_identify(.) by extension 'ignore'
[0.303s] Level 1:colcon.colcon_core.package_identification:_identify(.) by extension 'ignore_ament_install'
[0.303s] Level 1:colcon.colcon_core.package_identification:_identify(.) by extensions ['colcon_pkg']
[0.303s] Level 1:colcon.colcon_core.package_identification:_identify(.) by extension 'colcon_pkg'
[0.303s] Level 1:colcon.colcon_core.package_identification:_identify(.) by extensions ['colcon_meta']
[0.303s] Level 1:colcon.colcon_core.package_identification:_identify(.) by extension 'colcon_meta'
[0.303s] Level 1:colcon.colcon_core.package_identification:_identify(.) by extensions ['ros']
[0.303s] Level 1:colcon.colcon_core.package_identification:_identify(.) by extension 'ros'
[0.315s] Level 1:colcon.colcon_core.package_identification:_identify(.) by extensions ['cmake', 'python']
[0.315s] Level 1:colcon.colcon_core.package_identification:_identify(.) by extension 'cmake'
[0.315s] Level 1:colcon.colcon_core.package_identification:_identify(.) by extension 'python'
[0.315s] Level 1:colcon.colcon_core.package_identification:_identify(.) by extensions ['python_setup_py']
[0.315s] Level 1:colcon.colcon_core.package_identification:_identify(.) by extension 'python_setup_py'
[0.315s] Level 1:colcon.colcon_core.package_identification:_identify(build) by extensions ['ignore', 'ignore_ament_install']
[0.315s] Level 1:colcon.colcon_core.package_identification:_identify(build) by extension 'ignore'
[0.315s] Level 1:colcon.colcon_core.package_identification:_identify(build) ignored
[0.315s] Level 1:colcon.colcon_core.package_identification:_identify(custom_msgs) by extensions ['ignore', 'ignore_ament_install']
[0.315s] Level 1:colcon.colcon_core.package_identification:_identify(custom_msgs) by extension 'ignore'
[0.315s] Level 1:colcon.colcon_core.package_identification:_identify(custom_msgs) by extension 'ignore_ament_install'
[0.316s] Level 1:colcon.colcon_core.package_identification:_identify(custom_msgs) by extensions ['colcon_pkg']
[0.316s] Level 1:colcon.colcon_core.package_identification:_identify(custom_msgs) by extension 'colcon_pkg'
[0.316s] Level 1:colcon.colcon_core.package_identification:_identify(custom_msgs) by extensions ['colcon_meta']
[0.316s] Level 1:colcon.colcon_core.package_identification:_identify(custom_msgs) by extension 'colcon_meta'
[0.316s] Level 1:colcon.colcon_core.package_identification:_identify(custom_msgs) by extensions ['ros']
[0.316s] Level 1:colcon.colcon_core.package_identification:_identify(custom_msgs) by extension 'ros'
[0.318s] DEBUG:colcon.colcon_core.package_identification:Found ROS schema reference in package manifest in 'custom_msgs'
[0.318s] WARNING:colcon.colcon_core.package_identification:Failed to parse ROS package manifest in 'custom_msgs': Error(s) in package 'custom_msgs/package.xml':
Error(s):
- The manifest of package "custom_msgs" (with format version 3) must not contain the following tags: exec_build
[0.318s] Level 1:colcon.colcon_core.package_identification:_identify(custom_msgs) by extensions ['cmake', 'python']
[0.318s] Level 1:colcon.colcon_core.package_identification:_identify(custom_msgs) by extension 'cmake'
[0.320s] Level 1:colcon.colcon_core.package_identification:_identify(custom_msgs) by extension 'python'
[0.320s] DEBUG:colcon.colcon_core.package_identification:Package 'custom_msgs' with type 'cmake' and name 'custom_msgs'
[0.320s] Level 1:colcon.colcon_core.package_identification:_identify(example_pkg) by extensions ['ignore', 'ignore_ament_install']
[0.320s] Level 1:colcon.colcon_core.package_identification:_identify(example_pkg) by extension 'ignore'
[0.320s] Level 1:colcon.colcon_core.package_identification:_identify(example_pkg) by extension 'ignore_ament_install'
[0.320s] Level 1:colcon.colcon_core.package_identification:_identify(example_pkg) by extensions ['colcon_pkg']
[0.320s] Level 1:colcon.colcon_core.package_identification:_identify(example_pkg) by extension 'colcon_pkg'
[0.320s] Level 1:colcon.colcon_core.package_identification:_identify(example_pkg) by extensions ['colcon_meta']
[0.320s] Level 1:colcon.colcon_core.package_identification:_identify(example_pkg) by extension 'colcon_meta'
[0.320s] Level 1:colcon.colcon_core.package_identification:_identify(example_pkg) by extensions ['ros']
[0.320s] Level 1:colcon.colcon_core.package_identification:_identify(example_pkg) by extension 'ros'
[0.322s] DEBUG:colcon.colcon_core.package_identification:Package 'example_pkg' with type 'ros.ament_python' and name 'example_pkg'
[0.322s] Level 1:colcon.colcon_core.package_identification:_identify(install) by extensions ['ignore', 'ignore_ament_install']
[0.322s] Level 1:colcon.colcon_core.package_identification:_identify(install) by extension 'ignore'
[0.322s] Level 1:colcon.colcon_core.package_identification:_identify(install) ignored
[0.322s] Level 1:colcon.colcon_core.package_identification:_identify(log) by extensions ['ignore', 'ignore_ament_install']
[0.322s] Level 1:colcon.colcon_core.package_identification:_identify(log) by extension 'ignore'
[0.322s] Level 1:colcon.colcon_core.package_identification:_identify(log) ignored
[0.322s] Level 1:colcon.colcon_core.package_identification:_identify(ps4_controller) by extensions ['ignore', 'ignore_ament_install']
[0.322s] Level 1:colcon.colcon_core.package_identification:_identify(ps4_controller) by extension 'ignore'
[0.322s] Level 1:colcon.colcon_core.package_identification:_identify(ps4_controller) by extension 'ignore_ament_install'
[0.322s] Level 1:colcon.colcon_core.package_identification:_identify(ps4_controller) by extensions ['colcon_pkg']
[0.322s] Level 1:colcon.colcon_core.package_identification:_identify(ps4_controller) by extension 'colcon_pkg'
[0.323s] Level 1:colcon.colcon_core.package_identification:_identify(ps4_controller) by extensions ['colcon_meta']
[0.323s] Level 1:colcon.colcon_core.package_identification:_identify(ps4_controller) by extension 'colcon_meta'
[0.323s] Level 1:colcon.colcon_core.package_identification:_identify(ps4_controller) by extensions ['ros']
[0.323s] Level 1:colcon.colcon_core.package_identification:_identify(ps4_controller) by extension 'ros'
[0.324s] DEBUG:colcon.colcon_core.package_identification:Package 'ps4_controller' with type 'ros.ament_python' and name 'ps4_controller'
[0.324s] Level 1:colcon.colcon_core.package_discovery:discover_packages(recursive) using defaults
[0.324s] Level 1:colcon.colcon_core.package_discovery:discover_packages(ignore) discover
[0.324s] Level 1:colcon.colcon_core.package_discovery:discover_packages(ignore) using defaults
[0.324s] Level 1:colcon.colcon_core.package_discovery:discover_packages(path) discover
[0.324s] Level 1:colcon.colcon_core.package_discovery:discover_packages(path) using defaults
[0.365s] Level 1:colcon.colcon_core.package_discovery:discover_packages(prefix_path) check parameters
[0.365s] Level 1:colcon.colcon_core.package_discovery:discover_packages(prefix_path) discover
[0.367s] DEBUG:colcon.colcon_installed_package_information.package_discovery:Found 3 installed packages in /home/huy/ros2_ws/install
[0.368s] DEBUG:colcon.colcon_installed_package_information.package_discovery:Found 271 installed packages in /opt/ros/humble
[0.370s] Level 1:colcon.colcon_core.package_discovery:discover_packages(prefix_path) using defaults
[0.411s] Level 5:colcon.colcon_core.verb:set package 'custom_msgs' build argument 'cmake_args' from command line to 'None'
[0.411s] Level 5:colcon.colcon_core.verb:set package 'custom_msgs' build argument 'cmake_target' from command line to 'None'
[0.411s] Level 5:colcon.colcon_core.verb:set package 'custom_msgs' build argument 'cmake_target_skip_unavailable' from command line to 'False'
[0.411s] Level 5:colcon.colcon_core.verb:set package 'custom_msgs' build argument 'cmake_clean_cache' from command line to 'False'
[0.411s] Level 5:colcon.colcon_core.verb:set package 'custom_msgs' build argument 'cmake_clean_first' from command line to 'False'
[0.411s] Level 5:colcon.colcon_core.verb:set package 'custom_msgs' build argument 'cmake_force_configure' from command line to 'False'
[0.411s] Level 5:colcon.colcon_core.verb:set package 'custom_msgs' build argument 'ament_cmake_args' from command line to 'None'
[0.411s] Level 5:colcon.colcon_core.verb:set package 'custom_msgs' build argument 'catkin_cmake_args' from command line to 'None'
[0.411s] Level 5:colcon.colcon_core.verb:set package 'custom_msgs' build argument 'catkin_skip_building_tests' from command line to 'False'
[0.411s] DEBUG:colcon.colcon_core.verb:Building package 'custom_msgs' with the following arguments: {'ament_cmake_args': None, 'build_base': '/home/huy/ros2_ws/src/build/custom_msgs', 'catkin_cmake_args': None, 'catkin_skip_building_tests': False, 'cmake_args': None, 'cmake_clean_cache': False, 'cmake_clean_first': False, 'cmake_force_configure': False, 'cmake_target': None, 'cmake_target_skip_unavailable': False, 'install_base': '/home/huy/ros2_ws/src/install/custom_msgs', 'merge_install': False, 'path': '/home/huy/ros2_ws/src/custom_msgs', 'symlink_install': False, 'test_result_base': None}
[0.411s] Level 5:colcon.colcon_core.verb:set package 'example_pkg' build argument 'cmake_args' from command line to 'None'
[0.411s] Level 5:colcon.colcon_core.verb:set package 'example_pkg' build argument 'cmake_target' from command line to 'None'
[0.411s] Level 5:colcon.colcon_core.verb:set package 'example_pkg' build argument 'cmake_target_skip_unavailable' from command line to 'False'
[0.411s] Level 5:colcon.colcon_core.verb:set package 'example_pkg' build argument 'cmake_clean_cache' from command line to 'False'
[0.411s] Level 5:colcon.colcon_core.verb:set package 'example_pkg' build argument 'cmake_clean_first' from command line to 'False'
[0.412s] Level 5:colcon.colcon_core.verb:set package 'example_pkg' build argument 'cmake_force_configure' from command line to 'False'
[0.412s] Level 5:colcon.colcon_core.verb:set package 'example_pkg' build argument 'ament_cmake_args' from command line to 'None'
[0.412s] Level 5:colcon.colcon_core.verb:set package 'example_pkg' build argument 'catkin_cmake_args' from command line to 'None'
[0.412s] Level 5:colcon.colcon_core.verb:set package 'example_pkg' build argument 'catkin_skip_building_tests' from command line to 'False'
[0.412s] DEBUG:colcon.colcon_core.verb:Building package 'example_pkg' with the following arguments: {'ament_cmake_args': None, 'build_base': '/home/huy/ros2_ws/src/build/example_pkg', 'catkin_cmake_args': None, 'catkin_skip_building_tests': False, 'cmake_args': None, 'cmake_clean_cache': False, 'cmake_clean_first': False, 'cmake_force_configure': False, 'cmake_target': None, 'cmake_target_skip_unavailable': False, 'install_base': '/home/huy/ros2_ws/src/install/example_pkg', 'merge_install': False, 'path': '/home/huy/ros2_ws/src/example_pkg', 'symlink_install': False, 'test_result_base': None}
[0.412s] Level 5:colcon.colcon_core.verb:set package 'ps4_controller' build argument 'cmake_args' from command line to 'None'
[0.412s] Level 5:colcon.colcon_core.verb:set package 'ps4_controller' build argument 'cmake_target' from command line to 'None'
[0.412s] Level 5:colcon.colcon_core.verb:set package 'ps4_controller' build argument 'cmake_target_skip_unavailable' from command line to 'False'
[0.412s] Level 5:colcon.colcon_core.verb:set package 'ps4_controller' build argument 'cmake_clean_cache' from command line to 'False'
[0.412s] Level 5:colcon.colcon_core.verb:set package 'ps4_controller' build argument 'cmake_clean_first' from command line to 'False'
[0.412s] Level 5:colcon.colcon_core.verb:set package 'ps4_controller' build argument 'cmake_force_configure' from command line to 'False'
[0.412s] Level 5:colcon.colcon_core.verb:set package 'ps4_controller' build argument 'ament_cmake_args' from command line to 'None'
[0.412s] Level 5:colcon.colcon_core.verb:set package 'ps4_controller' build argument 'catkin_cmake_args' from command line to 'None'
[0.412s] Level 5:colcon.colcon_core.verb:set package 'ps4_controller' build argument 'catkin_skip_building_tests' from command line to 'False'
[0.412s] DEBUG:colcon.colcon_core.verb:Building package 'ps4_controller' with the following arguments: {'ament_cmake_args': None, 'build_base': '/home/huy/ros2_ws/src/build/ps4_controller', 'catkin_cmake_args': None, 'catkin_skip_building_tests': False, 'cmake_args': None, 'cmake_clean_cache': False, 'cmake_clean_first': False, 'cmake_force_configure': False, 'cmake_target': None, 'cmake_target_skip_unavailable': False, 'install_base': '/home/huy/ros2_ws/src/install/ps4_controller', 'merge_install': False, 'path': '/home/huy/ros2_ws/src/ps4_controller', 'symlink_install': False, 'test_result_base': None}
[0.412s] INFO:colcon.colcon_core.executor:Executing jobs using 'parallel' executor
[0.414s] DEBUG:colcon.colcon_parallel_executor.executor.parallel:run_until_complete
[0.414s] INFO:colcon.colcon_cmake.task.cmake.build:Building CMake package in '/home/huy/ros2_ws/src/custom_msgs'
[0.416s] INFO:colcon.colcon_core.plugin_system:Skipping extension 'colcon_core.shell.bat': Not used on non-Windows systems
[0.416s] INFO:colcon.colcon_core.shell:Skip shell extension 'powershell' for command environment: Not usable outside of PowerShell
[0.416s] DEBUG:colcon.colcon_core.shell:Skip shell extension 'dsv' for command environment
[0.427s] DEBUG:colcon.colcon_core.event_handler.log_command:Invoking command in '/home/huy/ros2_ws/src/build/custom_msgs': /usr/bin/cmake /home/huy/ros2_ws/src/custom_msgs -DCMAKE_INSTALL_PREFIX=/home/huy/ros2_ws/src/install/custom_msgs
[2.177s] DEBUG:colcon.colcon_core.event_handler.log_command:Invoked command in '/home/huy/ros2_ws/src/build/custom_msgs' returned '1': /usr/bin/cmake /home/huy/ros2_ws/src/custom_msgs -DCMAKE_INSTALL_PREFIX=/home/huy/ros2_ws/src/install/custom_msgs
[2.187s] DEBUG:colcon.colcon_parallel_executor.executor.parallel:closing loop
[2.188s] DEBUG:colcon.colcon_parallel_executor.executor.parallel:loop closed
[2.188s] DEBUG:colcon.colcon_parallel_executor.executor.parallel:run_until_complete finished with '1'
[2.188s] DEBUG:colcon.colcon_core.event_reactor:joining thread
[2.195s] INFO:colcon.colcon_core.plugin_system:Skipping extension 'colcon_notification.desktop_notification.terminal_notifier': Not used on non-Darwin systems
[2.195s] INFO:colcon.colcon_core.plugin_system:Skipping extension 'colcon_notification.desktop_notification.win32': Not used on non-Windows systems
[2.195s] INFO:colcon.colcon_notification.desktop_notification:Sending desktop notification using 'notify2'
[2.212s] DEBUG:colcon.colcon_core.event_reactor:joined thread
[2.212s] INFO:colcon.colcon_core.shell:Creating prefix script '/home/huy/ros2_ws/src/install/local_setup.ps1'
[2.213s] INFO:colcon.colcon_core.shell:Creating prefix util module '/home/huy/ros2_ws/src/install/_local_setup_util_ps1.py'
[2.215s] INFO:colcon.colcon_core.shell:Creating prefix chain script '/home/huy/ros2_ws/src/install/setup.ps1'
[2.216s] INFO:colcon.colcon_core.shell:Creating prefix script '/home/huy/ros2_ws/src/install/local_setup.sh'
[2.217s] INFO:colcon.colcon_core.shell:Creating prefix util module '/home/huy/ros2_ws/src/install/_local_setup_util_sh.py'
[2.217s] INFO:colcon.colcon_core.shell:Creating prefix chain script '/home/huy/ros2_ws/src/install/setup.sh'
[2.218s] INFO:colcon.colcon_core.shell:Creating prefix script '/home/huy/ros2_ws/src/install/local_setup.bash'
[2.219s] INFO:colcon.colcon_core.shell:Creating prefix chain script '/home/huy/ros2_ws/src/install/setup.bash'
[2.220s] INFO:colcon.colcon_core.shell:Creating prefix script '/home/huy/ros2_ws/src/install/local_setup.zsh'
[2.220s] INFO:colcon.colcon_core.shell:Creating prefix chain script '/home/huy/ros2_ws/src/install/setup.zsh'
