[0.041s] Invoking command in '/home/huy/ros2_ws/build/uav_msgs': /usr/bin/cmake --build /home/huy/ros2_ws/build/uav_msgs -- -j16 -l16
[0.156s] [35m[1mConsolidate compiler generated dependencies of target uav_msgs__rosidl_generator_c[0m
[0.186s] [  2%] Built target uav_msgs__cpp
[0.190s] [ 12%] Built target uav_msgs__rosidl_generator_c
[0.212s] [ 12%] Built target ament_cmake_python_copy_uav_msgs
[0.213s] [35m[1mConsolidate compiler generated dependencies of target uav_msgs__rosidl_typesupport_cpp[0m
[0.214s] [35m[1mConsolidate compiler generated dependencies of target uav_msgs__rosidl_typesupport_fastrtps_cpp[0m
[0.215s] [35m[1mConsolidate compiler generated dependencies of target uav_msgs__rosidl_typesupport_introspection_cpp[0m
[0.218s] [35m[1mConsolidate compiler generated dependencies of target uav_msgs__rosidl_typesupport_introspection_c[0m
[0.219s] [35m[1mConsolidate compiler generated dependencies of target uav_msgs__rosidl_typesupport_fastrtps_c[0m
[0.226s] [35m[1mConsolidate compiler generated dependencies of target uav_msgs__rosidl_typesupport_c[0m
[0.252s] [ 33%] Built target uav_msgs__rosidl_typesupport_cpp
[0.252s] [ 33%] Built target uav_msgs__rosidl_typesupport_introspection_c
[0.253s] [ 43%] Built target uav_msgs__rosidl_typesupport_introspection_cpp
[0.254s] [ 53%] Built target uav_msgs__rosidl_typesupport_fastrtps_cpp
[0.262s] [ 69%] Built target uav_msgs__rosidl_typesupport_c
[0.263s] [ 74%] Built target uav_msgs__rosidl_typesupport_fastrtps_c
[0.319s] [ 74%] Built target uav_msgs
[0.381s] [ 76%] Built target uav_msgs__py
[0.411s] [35m[1mConsolidate compiler generated dependencies of target uav_msgs__rosidl_generator_py[0m
[0.454s] [ 84%] Built target uav_msgs__rosidl_generator_py
[0.486s] [35m[1mConsolidate compiler generated dependencies of target uav_msgs__rosidl_typesupport_fastrtps_c__pyext[0m
[0.486s] [35m[1mConsolidate compiler generated dependencies of target uav_msgs__rosidl_typesupport_c__pyext[0m
[0.486s] [35m[1mConsolidate compiler generated dependencies of target uav_msgs__rosidl_typesupport_introspection_c__pyext[0m
[0.524s] [100%] Built target uav_msgs__rosidl_typesupport_fastrtps_c__pyext
[0.524s] [100%] Built target uav_msgs__rosidl_typesupport_introspection_c__pyext
[0.524s] [100%] Built target uav_msgs__rosidl_typesupport_c__pyext
[0.866s] running egg_info
[0.868s] writing uav_msgs.egg-info/PKG-INFO
[0.869s] writing dependency_links to uav_msgs.egg-info/dependency_links.txt
[0.869s] writing top-level names to uav_msgs.egg-info/top_level.txt
[0.874s] reading manifest file 'uav_msgs.egg-info/SOURCES.txt'
[0.876s] writing manifest file 'uav_msgs.egg-info/SOURCES.txt'
[0.947s] [100%] Built target ament_cmake_python_build_uav_msgs_egg
[0.985s] Invoked command in '/home/huy/ros2_ws/build/uav_msgs' returned '0': /usr/bin/cmake --build /home/huy/ros2_ws/build/uav_msgs -- -j16 -l16
[0.989s] Invoking command in '/home/huy/ros2_ws/build/uav_msgs': /usr/bin/cmake --install /home/huy/ros2_ws/build/uav_msgs
[1.012s] -- Install configuration: ""
[1.012s] -- Up-to-date: /home/huy/ros2_ws/install/uav_msgs/share/ament_index/resource_index/rosidl_interfaces/uav_msgs
[1.013s] -- Up-to-date: /home/huy/ros2_ws/install/uav_msgs/include/uav_msgs/uav_msgs
[1.013s] -- Up-to-date: /home/huy/ros2_ws/install/uav_msgs/include/uav_msgs/uav_msgs/msg
[1.014s] -- Up-to-date: /home/huy/ros2_ws/install/uav_msgs/include/uav_msgs/uav_msgs/msg/rosidl_generator_c__visibility_control.h
[1.014s] -- Up-to-date: /home/huy/ros2_ws/install/uav_msgs/include/uav_msgs/uav_msgs/msg/detail
[1.014s] -- Up-to-date: /home/huy/ros2_ws/install/uav_msgs/include/uav_msgs/uav_msgs/msg/detail/uav_cmd__struct.h
[1.014s] -- Up-to-date: /home/huy/ros2_ws/install/uav_msgs/include/uav_msgs/uav_msgs/msg/detail/uav_state__type_support.h
[1.015s] -- Up-to-date: /home/huy/ros2_ws/install/uav_msgs/include/uav_msgs/uav_msgs/msg/detail/uav_cmd__functions.h
[1.015s] -- Up-to-date: /home/huy/ros2_ws/install/uav_msgs/include/uav_msgs/uav_msgs/msg/detail/uav_state__functions.c
[1.016s] -- Up-to-date: /home/huy/ros2_ws/install/uav_msgs/include/uav_msgs/uav_msgs/msg/detail/uav_cmd__functions.c
[1.016s] -- Up-to-date: /home/huy/ros2_ws/install/uav_msgs/include/uav_msgs/uav_msgs/msg/detail/uav_state__struct.h
[1.016s] -- Up-to-date: /home/huy/ros2_ws/install/uav_msgs/include/uav_msgs/uav_msgs/msg/detail/uav_state__functions.h
[1.017s] -- Up-to-date: /home/huy/ros2_ws/install/uav_msgs/include/uav_msgs/uav_msgs/msg/detail/uav_cmd__type_support.h
[1.017s] -- Up-to-date: /home/huy/ros2_ws/install/uav_msgs/include/uav_msgs/uav_msgs/msg/uav_cmd.h
[1.017s] -- Up-to-date: /home/huy/ros2_ws/install/uav_msgs/include/uav_msgs/uav_msgs/msg/uav_state.h
[1.017s] -- Up-to-date: /home/huy/ros2_ws/install/uav_msgs/share/uav_msgs/environment/library_path.sh
[1.017s] -- Up-to-date: /home/huy/ros2_ws/install/uav_msgs/share/uav_msgs/environment/library_path.dsv
[1.018s] -- Up-to-date: /home/huy/ros2_ws/install/uav_msgs/lib/libuav_msgs__rosidl_generator_c.so
[1.018s] -- Up-to-date: /home/huy/ros2_ws/install/uav_msgs/include/uav_msgs/uav_msgs
[1.018s] -- Up-to-date: /home/huy/ros2_ws/install/uav_msgs/include/uav_msgs/uav_msgs/msg
[1.018s] -- Up-to-date: /home/huy/ros2_ws/install/uav_msgs/include/uav_msgs/uav_msgs/msg/detail
[1.019s] -- Up-to-date: /home/huy/ros2_ws/install/uav_msgs/include/uav_msgs/uav_msgs/msg/detail/uav_state__rosidl_typesupport_fastrtps_c.h
[1.019s] -- Up-to-date: /home/huy/ros2_ws/install/uav_msgs/include/uav_msgs/uav_msgs/msg/detail/uav_cmd__rosidl_typesupport_fastrtps_c.h
[1.020s] -- Up-to-date: /home/huy/ros2_ws/install/uav_msgs/include/uav_msgs/uav_msgs/msg/rosidl_typesupport_fastrtps_c__visibility_control.h
[1.020s] -- Up-to-date: /home/huy/ros2_ws/install/uav_msgs/lib/libuav_msgs__rosidl_typesupport_fastrtps_c.so
[1.020s] -- Up-to-date: /home/huy/ros2_ws/install/uav_msgs/include/uav_msgs/uav_msgs
[1.020s] -- Up-to-date: /home/huy/ros2_ws/install/uav_msgs/include/uav_msgs/uav_msgs/msg
[1.020s] -- Up-to-date: /home/huy/ros2_ws/install/uav_msgs/include/uav_msgs/uav_msgs/msg/detail
[1.021s] -- Up-to-date: /home/huy/ros2_ws/install/uav_msgs/include/uav_msgs/uav_msgs/msg/detail/uav_cmd__type_support.c
[1.021s] -- Up-to-date: /home/huy/ros2_ws/install/uav_msgs/include/uav_msgs/uav_msgs/msg/detail/uav_state__type_support.c
[1.021s] -- Up-to-date: /home/huy/ros2_ws/install/uav_msgs/include/uav_msgs/uav_msgs/msg/detail/uav_cmd__rosidl_typesupport_introspection_c.h
[1.021s] -- Up-to-date: /home/huy/ros2_ws/install/uav_msgs/include/uav_msgs/uav_msgs/msg/detail/uav_state__rosidl_typesupport_introspection_c.h
[1.022s] -- Up-to-date: /home/huy/ros2_ws/install/uav_msgs/include/uav_msgs/uav_msgs/msg/rosidl_typesupport_introspection_c__visibility_control.h
[1.022s] -- Up-to-date: /home/huy/ros2_ws/install/uav_msgs/lib/libuav_msgs__rosidl_typesupport_introspection_c.so
[1.022s] -- Up-to-date: /home/huy/ros2_ws/install/uav_msgs/lib/libuav_msgs__rosidl_typesupport_c.so
[1.022s] -- Up-to-date: /home/huy/ros2_ws/install/uav_msgs/include/uav_msgs/uav_msgs
[1.022s] -- Up-to-date: /home/huy/ros2_ws/install/uav_msgs/include/uav_msgs/uav_msgs/msg
[1.022s] -- Up-to-date: /home/huy/ros2_ws/install/uav_msgs/include/uav_msgs/uav_msgs/msg/rosidl_generator_cpp__visibility_control.hpp
[1.023s] -- Up-to-date: /home/huy/ros2_ws/install/uav_msgs/include/uav_msgs/uav_msgs/msg/detail
[1.023s] -- Up-to-date: /home/huy/ros2_ws/install/uav_msgs/include/uav_msgs/uav_msgs/msg/detail/uav_cmd__traits.hpp
[1.023s] -- Up-to-date: /home/huy/ros2_ws/install/uav_msgs/include/uav_msgs/uav_msgs/msg/detail/uav_state__type_support.hpp
[1.023s] -- Up-to-date: /home/huy/ros2_ws/install/uav_msgs/include/uav_msgs/uav_msgs/msg/detail/uav_state__struct.hpp
[1.023s] -- Up-to-date: /home/huy/ros2_ws/install/uav_msgs/include/uav_msgs/uav_msgs/msg/detail/uav_cmd__struct.hpp
[1.024s] -- Up-to-date: /home/huy/ros2_ws/install/uav_msgs/include/uav_msgs/uav_msgs/msg/detail/uav_state__builder.hpp
[1.024s] -- Up-to-date: /home/huy/ros2_ws/install/uav_msgs/include/uav_msgs/uav_msgs/msg/detail/uav_cmd__type_support.hpp
[1.024s] -- Up-to-date: /home/huy/ros2_ws/install/uav_msgs/include/uav_msgs/uav_msgs/msg/detail/uav_cmd__builder.hpp
[1.024s] -- Up-to-date: /home/huy/ros2_ws/install/uav_msgs/include/uav_msgs/uav_msgs/msg/detail/uav_state__traits.hpp
[1.025s] -- Up-to-date: /home/huy/ros2_ws/install/uav_msgs/include/uav_msgs/uav_msgs/msg/uav_cmd.hpp
[1.025s] -- Up-to-date: /home/huy/ros2_ws/install/uav_msgs/include/uav_msgs/uav_msgs/msg/uav_state.hpp
[1.025s] -- Up-to-date: /home/huy/ros2_ws/install/uav_msgs/include/uav_msgs/uav_msgs
[1.025s] -- Up-to-date: /home/huy/ros2_ws/install/uav_msgs/include/uav_msgs/uav_msgs/msg
[1.026s] -- Up-to-date: /home/huy/ros2_ws/install/uav_msgs/include/uav_msgs/uav_msgs/msg/detail
[1.026s] -- Up-to-date: /home/huy/ros2_ws/install/uav_msgs/include/uav_msgs/uav_msgs/msg/detail/uav_cmd__rosidl_typesupport_fastrtps_cpp.hpp
[1.026s] -- Up-to-date: /home/huy/ros2_ws/install/uav_msgs/include/uav_msgs/uav_msgs/msg/detail/dds_fastrtps
[1.026s] -- Up-to-date: /home/huy/ros2_ws/install/uav_msgs/include/uav_msgs/uav_msgs/msg/detail/uav_state__rosidl_typesupport_fastrtps_cpp.hpp
[1.027s] -- Up-to-date: /home/huy/ros2_ws/install/uav_msgs/include/uav_msgs/uav_msgs/msg/rosidl_typesupport_fastrtps_cpp__visibility_control.h
[1.027s] -- Up-to-date: /home/huy/ros2_ws/install/uav_msgs/lib/libuav_msgs__rosidl_typesupport_fastrtps_cpp.so
[1.027s] -- Up-to-date: /home/huy/ros2_ws/install/uav_msgs/include/uav_msgs/uav_msgs
[1.027s] -- Up-to-date: /home/huy/ros2_ws/install/uav_msgs/include/uav_msgs/uav_msgs/msg
[1.028s] -- Up-to-date: /home/huy/ros2_ws/install/uav_msgs/include/uav_msgs/uav_msgs/msg/detail
[1.028s] -- Up-to-date: /home/huy/ros2_ws/install/uav_msgs/include/uav_msgs/uav_msgs/msg/detail/uav_state__type_support.cpp
[1.028s] -- Up-to-date: /home/huy/ros2_ws/install/uav_msgs/include/uav_msgs/uav_msgs/msg/detail/uav_state__rosidl_typesupport_introspection_cpp.hpp
[1.028s] -- Up-to-date: /home/huy/ros2_ws/install/uav_msgs/include/uav_msgs/uav_msgs/msg/detail/uav_cmd__type_support.cpp
[1.028s] -- Up-to-date: /home/huy/ros2_ws/install/uav_msgs/include/uav_msgs/uav_msgs/msg/detail/uav_cmd__rosidl_typesupport_introspection_cpp.hpp
[1.028s] -- Up-to-date: /home/huy/ros2_ws/install/uav_msgs/lib/libuav_msgs__rosidl_typesupport_introspection_cpp.so
[1.029s] -- Up-to-date: /home/huy/ros2_ws/install/uav_msgs/lib/libuav_msgs__rosidl_typesupport_cpp.so
[1.029s] -- Up-to-date: /home/huy/ros2_ws/install/uav_msgs/share/uav_msgs/environment/pythonpath.sh
[1.029s] -- Up-to-date: /home/huy/ros2_ws/install/uav_msgs/share/uav_msgs/environment/pythonpath.dsv
[1.029s] -- Up-to-date: /home/huy/ros2_ws/install/uav_msgs/local/lib/python3.10/dist-packages/uav_msgs-0.0.0-py3.10.egg-info
[1.029s] -- Installing: /home/huy/ros2_ws/install/uav_msgs/local/lib/python3.10/dist-packages/uav_msgs-0.0.0-py3.10.egg-info/PKG-INFO
[1.029s] -- Installing: /home/huy/ros2_ws/install/uav_msgs/local/lib/python3.10/dist-packages/uav_msgs-0.0.0-py3.10.egg-info/SOURCES.txt
[1.029s] -- Installing: /home/huy/ros2_ws/install/uav_msgs/local/lib/python3.10/dist-packages/uav_msgs-0.0.0-py3.10.egg-info/top_level.txt
[1.030s] -- Installing: /home/huy/ros2_ws/install/uav_msgs/local/lib/python3.10/dist-packages/uav_msgs-0.0.0-py3.10.egg-info/dependency_links.txt
[1.030s] -- Up-to-date: /home/huy/ros2_ws/install/uav_msgs/local/lib/python3.10/dist-packages/uav_msgs
[1.030s] -- Up-to-date: /home/huy/ros2_ws/install/uav_msgs/local/lib/python3.10/dist-packages/uav_msgs/libuav_msgs__rosidl_generator_py.so
[1.030s] -- Up-to-date: /home/huy/ros2_ws/install/uav_msgs/local/lib/python3.10/dist-packages/uav_msgs/_uav_msgs_s.ep.rosidl_typesupport_introspection_c.c
[1.030s] -- Up-to-date: /home/huy/ros2_ws/install/uav_msgs/local/lib/python3.10/dist-packages/uav_msgs/_uav_msgs_s.ep.rosidl_typesupport_fastrtps_c.c
[1.030s] -- Up-to-date: /home/huy/ros2_ws/install/uav_msgs/local/lib/python3.10/dist-packages/uav_msgs/uav_msgs_s__rosidl_typesupport_fastrtps_c.cpython-310-x86_64-linux-gnu.so
[1.031s] -- Up-to-date: /home/huy/ros2_ws/install/uav_msgs/local/lib/python3.10/dist-packages/uav_msgs/msg
[1.031s] -- Up-to-date: /home/huy/ros2_ws/install/uav_msgs/local/lib/python3.10/dist-packages/uav_msgs/msg/_uav_state_s.c
[1.031s] -- Up-to-date: /home/huy/ros2_ws/install/uav_msgs/local/lib/python3.10/dist-packages/uav_msgs/msg/_uav_cmd.py
[1.031s] -- Up-to-date: /home/huy/ros2_ws/install/uav_msgs/local/lib/python3.10/dist-packages/uav_msgs/msg/_uav_state.py
[1.031s] -- Up-to-date: /home/huy/ros2_ws/install/uav_msgs/local/lib/python3.10/dist-packages/uav_msgs/msg/__init__.py
[1.031s] -- Up-to-date: /home/huy/ros2_ws/install/uav_msgs/local/lib/python3.10/dist-packages/uav_msgs/msg/_uav_cmd_s.c
[1.031s] -- Up-to-date: /home/huy/ros2_ws/install/uav_msgs/local/lib/python3.10/dist-packages/uav_msgs/__init__.py
[1.032s] -- Up-to-date: /home/huy/ros2_ws/install/uav_msgs/local/lib/python3.10/dist-packages/uav_msgs/uav_msgs_s__rosidl_typesupport_c.cpython-310-x86_64-linux-gnu.so
[1.032s] -- Up-to-date: /home/huy/ros2_ws/install/uav_msgs/local/lib/python3.10/dist-packages/uav_msgs/_uav_msgs_s.ep.rosidl_typesupport_c.c
[1.032s] -- Up-to-date: /home/huy/ros2_ws/install/uav_msgs/local/lib/python3.10/dist-packages/uav_msgs/uav_msgs_s__rosidl_typesupport_introspection_c.cpython-310-x86_64-linux-gnu.so
[1.106s] Listing '/home/huy/ros2_ws/install/uav_msgs/local/lib/python3.10/dist-packages/uav_msgs'...
[1.106s] Listing '/home/huy/ros2_ws/install/uav_msgs/local/lib/python3.10/dist-packages/uav_msgs/msg'...
[1.117s] -- Up-to-date: /home/huy/ros2_ws/install/uav_msgs/local/lib/python3.10/dist-packages/uav_msgs/uav_msgs_s__rosidl_typesupport_fastrtps_c.cpython-310-x86_64-linux-gnu.so
[1.118s] -- Up-to-date: /home/huy/ros2_ws/install/uav_msgs/local/lib/python3.10/dist-packages/uav_msgs/uav_msgs_s__rosidl_typesupport_introspection_c.cpython-310-x86_64-linux-gnu.so
[1.119s] -- Up-to-date: /home/huy/ros2_ws/install/uav_msgs/local/lib/python3.10/dist-packages/uav_msgs/uav_msgs_s__rosidl_typesupport_c.cpython-310-x86_64-linux-gnu.so
[1.119s] -- Up-to-date: /home/huy/ros2_ws/install/uav_msgs/lib/libuav_msgs__rosidl_generator_py.so
[1.120s] -- Up-to-date: /home/huy/ros2_ws/install/uav_msgs/share/uav_msgs/msg/UavState.idl
[1.120s] -- Up-to-date: /home/huy/ros2_ws/install/uav_msgs/share/uav_msgs/msg/UavCmd.idl
[1.121s] -- Up-to-date: /home/huy/ros2_ws/install/uav_msgs/share/uav_msgs/msg/UavState.msg
[1.121s] -- Up-to-date: /home/huy/ros2_ws/install/uav_msgs/share/uav_msgs/msg/UavCmd.msg
[1.121s] -- Up-to-date: /home/huy/ros2_ws/install/uav_msgs/share/ament_index/resource_index/package_run_dependencies/uav_msgs
[1.121s] -- Up-to-date: /home/huy/ros2_ws/install/uav_msgs/share/ament_index/resource_index/parent_prefix_path/uav_msgs
[1.121s] -- Up-to-date: /home/huy/ros2_ws/install/uav_msgs/share/uav_msgs/environment/ament_prefix_path.sh
[1.122s] -- Up-to-date: /home/huy/ros2_ws/install/uav_msgs/share/uav_msgs/environment/ament_prefix_path.dsv
[1.122s] -- Up-to-date: /home/huy/ros2_ws/install/uav_msgs/share/uav_msgs/environment/path.sh
[1.122s] -- Up-to-date: /home/huy/ros2_ws/install/uav_msgs/share/uav_msgs/environment/path.dsv
[1.122s] -- Up-to-date: /home/huy/ros2_ws/install/uav_msgs/share/uav_msgs/local_setup.bash
[1.122s] -- Up-to-date: /home/huy/ros2_ws/install/uav_msgs/share/uav_msgs/local_setup.sh
[1.123s] -- Up-to-date: /home/huy/ros2_ws/install/uav_msgs/share/uav_msgs/local_setup.zsh
[1.123s] -- Up-to-date: /home/huy/ros2_ws/install/uav_msgs/share/uav_msgs/local_setup.dsv
[1.123s] -- Installing: /home/huy/ros2_ws/install/uav_msgs/share/uav_msgs/package.dsv
[1.123s] -- Up-to-date: /home/huy/ros2_ws/install/uav_msgs/share/ament_index/resource_index/packages/uav_msgs
[1.123s] -- Up-to-date: /home/huy/ros2_ws/install/uav_msgs/share/uav_msgs/cmake/export_uav_msgs__rosidl_generator_cExport.cmake
[1.124s] -- Up-to-date: /home/huy/ros2_ws/install/uav_msgs/share/uav_msgs/cmake/export_uav_msgs__rosidl_generator_cExport-noconfig.cmake
[1.124s] -- Up-to-date: /home/huy/ros2_ws/install/uav_msgs/share/uav_msgs/cmake/export_uav_msgs__rosidl_typesupport_fastrtps_cExport.cmake
[1.124s] -- Up-to-date: /home/huy/ros2_ws/install/uav_msgs/share/uav_msgs/cmake/export_uav_msgs__rosidl_typesupport_fastrtps_cExport-noconfig.cmake
[1.124s] -- Up-to-date: /home/huy/ros2_ws/install/uav_msgs/share/uav_msgs/cmake/uav_msgs__rosidl_typesupport_introspection_cExport.cmake
[1.125s] -- Up-to-date: /home/huy/ros2_ws/install/uav_msgs/share/uav_msgs/cmake/uav_msgs__rosidl_typesupport_introspection_cExport-noconfig.cmake
[1.125s] -- Up-to-date: /home/huy/ros2_ws/install/uav_msgs/share/uav_msgs/cmake/uav_msgs__rosidl_typesupport_cExport.cmake
[1.125s] -- Up-to-date: /home/huy/ros2_ws/install/uav_msgs/share/uav_msgs/cmake/uav_msgs__rosidl_typesupport_cExport-noconfig.cmake
[1.125s] -- Up-to-date: /home/huy/ros2_ws/install/uav_msgs/share/uav_msgs/cmake/export_uav_msgs__rosidl_generator_cppExport.cmake
[1.125s] -- Up-to-date: /home/huy/ros2_ws/install/uav_msgs/share/uav_msgs/cmake/export_uav_msgs__rosidl_typesupport_fastrtps_cppExport.cmake
[1.126s] -- Up-to-date: /home/huy/ros2_ws/install/uav_msgs/share/uav_msgs/cmake/export_uav_msgs__rosidl_typesupport_fastrtps_cppExport-noconfig.cmake
[1.126s] -- Up-to-date: /home/huy/ros2_ws/install/uav_msgs/share/uav_msgs/cmake/uav_msgs__rosidl_typesupport_introspection_cppExport.cmake
[1.126s] -- Up-to-date: /home/huy/ros2_ws/install/uav_msgs/share/uav_msgs/cmake/uav_msgs__rosidl_typesupport_introspection_cppExport-noconfig.cmake
[1.126s] -- Up-to-date: /home/huy/ros2_ws/install/uav_msgs/share/uav_msgs/cmake/uav_msgs__rosidl_typesupport_cppExport.cmake
[1.126s] -- Up-to-date: /home/huy/ros2_ws/install/uav_msgs/share/uav_msgs/cmake/uav_msgs__rosidl_typesupport_cppExport-noconfig.cmake
[1.126s] -- Up-to-date: /home/huy/ros2_ws/install/uav_msgs/share/uav_msgs/cmake/export_uav_msgs__rosidl_generator_pyExport.cmake
[1.127s] -- Up-to-date: /home/huy/ros2_ws/install/uav_msgs/share/uav_msgs/cmake/export_uav_msgs__rosidl_generator_pyExport-noconfig.cmake
[1.127s] -- Up-to-date: /home/huy/ros2_ws/install/uav_msgs/share/uav_msgs/cmake/rosidl_cmake-extras.cmake
[1.127s] -- Up-to-date: /home/huy/ros2_ws/install/uav_msgs/share/uav_msgs/cmake/ament_cmake_export_include_directories-extras.cmake
[1.127s] -- Up-to-date: /home/huy/ros2_ws/install/uav_msgs/share/uav_msgs/cmake/ament_cmake_export_libraries-extras.cmake
[1.128s] -- Up-to-date: /home/huy/ros2_ws/install/uav_msgs/share/uav_msgs/cmake/ament_cmake_export_targets-extras.cmake
[1.128s] -- Up-to-date: /home/huy/ros2_ws/install/uav_msgs/share/uav_msgs/cmake/rosidl_cmake_export_typesupport_targets-extras.cmake
[1.128s] -- Up-to-date: /home/huy/ros2_ws/install/uav_msgs/share/uav_msgs/cmake/ament_cmake_export_dependencies-extras.cmake
[1.128s] -- Up-to-date: /home/huy/ros2_ws/install/uav_msgs/share/uav_msgs/cmake/rosidl_cmake_export_typesupport_libraries-extras.cmake
[1.128s] -- Up-to-date: /home/huy/ros2_ws/install/uav_msgs/share/uav_msgs/cmake/uav_msgsConfig.cmake
[1.128s] -- Up-to-date: /home/huy/ros2_ws/install/uav_msgs/share/uav_msgs/cmake/uav_msgsConfig-version.cmake
[1.129s] -- Up-to-date: /home/huy/ros2_ws/install/uav_msgs/share/uav_msgs/package.xml
[1.132s] Invoked command in '/home/huy/ros2_ws/build/uav_msgs' returned '0': /usr/bin/cmake --install /home/huy/ros2_ws/build/uav_msgs
