[0.019s] Invoking command in '/home/huy/ros2_ws/build/custom_msg': CMAKE_PREFIX_PATH=${CMAKE_PREFIX_PATH}:/home/huy/ros2_ws/install/ps4_controller:/home/huy/ros2_ws/install/example_pkg:/opt/ros/humble /usr/bin/cmake --build /home/huy/ros2_ws/build/custom_msg -- -j16 -l16
[0.072s] [35m[1mConsolidate compiler generated dependencies of target custom_msg__rosidl_generator_c[0m
[0.084s] [  3%] Built target custom_msg__cpp
[0.086s] [ 12%] Built target custom_msg__rosidl_generator_c
[0.097s] [ 12%] Built target ament_cmake_python_copy_custom_msg
[0.097s] [35m[1mConsolidate compiler generated dependencies of target custom_msg__rosidl_typesupport_cpp[0m
[0.097s] [35m[1mConsolidate compiler generated dependencies of target custom_msg__rosidl_typesupport_fastrtps_cpp[0m
[0.097s] [35m[1mConsolidate compiler generated dependencies of target custom_msg__rosidl_typesupport_introspection_cpp[0m
[0.098s] [35m[1mConsolidate compiler generated dependencies of target custom_msg__rosidl_typesupport_c[0m
[0.098s] [35m[1mConsolidate compiler generated dependencies of target custom_msg__rosidl_typesupport_fastrtps_c[0m
[0.098s] [35m[1mConsolidate compiler generated dependencies of target custom_msg__rosidl_typesupport_introspection_c[0m
[0.113s] [ 32%] Built target custom_msg__rosidl_typesupport_fastrtps_cpp
[0.113s] [ 35%] Built target custom_msg__rosidl_typesupport_c
[0.113s] [ 41%] Built target custom_msg__rosidl_typesupport_introspection_c
[0.114s] [ 51%] Built target custom_msg__rosidl_typesupport_fastrtps_c
[0.115s] [ 61%] Built target custom_msg__rosidl_typesupport_cpp
[0.116s] [ 70%] Built target custom_msg__rosidl_typesupport_introspection_cpp
[0.143s] [ 70%] Built target custom_msg
[0.171s] [ 74%] Built target custom_msg__py
[0.185s] [35m[1mConsolidate compiler generated dependencies of target custom_msg__rosidl_generator_py[0m
[0.203s] [ 80%] Built target custom_msg__rosidl_generator_py
[0.217s] [35m[1mConsolidate compiler generated dependencies of target custom_msg__rosidl_typesupport_introspection_c__pyext[0m
[0.217s] [35m[1mConsolidate compiler generated dependencies of target custom_msg__rosidl_typesupport_c__pyext[0m
[0.217s] [35m[1mConsolidate compiler generated dependencies of target custom_msg__rosidl_typesupport_fastrtps_c__pyext[0m
[0.234s] [100%] Built target custom_msg__rosidl_typesupport_fastrtps_c__pyext
[0.234s] [100%] Built target custom_msg__rosidl_typesupport_c__pyext
[0.235s] [100%] Built target custom_msg__rosidl_typesupport_introspection_c__pyext
[0.382s] running egg_info
[0.382s] writing custom_msg.egg-info/PKG-INFO
[0.383s] writing dependency_links to custom_msg.egg-info/dependency_links.txt
[0.383s] writing top-level names to custom_msg.egg-info/top_level.txt
[0.385s] reading manifest file 'custom_msg.egg-info/SOURCES.txt'
[0.386s] writing manifest file 'custom_msg.egg-info/SOURCES.txt'
[0.420s] [100%] Built target ament_cmake_python_build_custom_msg_egg
[0.437s] Invoked command in '/home/huy/ros2_ws/build/custom_msg' returned '0': CMAKE_PREFIX_PATH=${CMAKE_PREFIX_PATH}:/home/huy/ros2_ws/install/ps4_controller:/home/huy/ros2_ws/install/example_pkg:/opt/ros/humble /usr/bin/cmake --build /home/huy/ros2_ws/build/custom_msg -- -j16 -l16
[0.450s] Invoking command in '/home/huy/ros2_ws/build/custom_msg': CMAKE_PREFIX_PATH=${CMAKE_PREFIX_PATH}:/home/huy/ros2_ws/install/ps4_controller:/home/huy/ros2_ws/install/example_pkg:/opt/ros/humble /usr/bin/cmake --install /home/huy/ros2_ws/build/custom_msg
[0.460s] -- Install configuration: ""
[0.460s] -- Up-to-date: /home/huy/ros2_ws/install/custom_msg/share/ament_index/resource_index/rosidl_interfaces/custom_msg
[0.460s] -- Up-to-date: /home/huy/ros2_ws/install/custom_msg/include/custom_msg/custom_msg
[0.461s] -- Up-to-date: /home/huy/ros2_ws/install/custom_msg/include/custom_msg/custom_msg/msg
[0.461s] -- Up-to-date: /home/huy/ros2_ws/install/custom_msg/include/custom_msg/custom_msg/msg/rosidl_generator_c__visibility_control.h
[0.461s] -- Up-to-date: /home/huy/ros2_ws/install/custom_msg/include/custom_msg/custom_msg/msg/detail
[0.461s] -- Up-to-date: /home/huy/ros2_ws/install/custom_msg/include/custom_msg/custom_msg/msg/detail/ps4_data__type_support.h
[0.461s] -- Up-to-date: /home/huy/ros2_ws/install/custom_msg/include/custom_msg/custom_msg/msg/detail/ps4_data__struct.h
[0.461s] -- Up-to-date: /home/huy/ros2_ws/install/custom_msg/include/custom_msg/custom_msg/msg/detail/ps4_data__functions.c
[0.461s] -- Up-to-date: /home/huy/ros2_ws/install/custom_msg/include/custom_msg/custom_msg/msg/detail/ps4_data__functions.h
[0.461s] -- Up-to-date: /home/huy/ros2_ws/install/custom_msg/include/custom_msg/custom_msg/msg/ps4_data.h
[0.461s] -- Up-to-date: /home/huy/ros2_ws/install/custom_msg/share/custom_msg/environment/library_path.sh
[0.462s] -- Up-to-date: /home/huy/ros2_ws/install/custom_msg/share/custom_msg/environment/library_path.dsv
[0.462s] -- Up-to-date: /home/huy/ros2_ws/install/custom_msg/lib/libcustom_msg__rosidl_generator_c.so
[0.462s] -- Up-to-date: /home/huy/ros2_ws/install/custom_msg/include/custom_msg/custom_msg
[0.462s] -- Up-to-date: /home/huy/ros2_ws/install/custom_msg/include/custom_msg/custom_msg/msg
[0.462s] -- Up-to-date: /home/huy/ros2_ws/install/custom_msg/include/custom_msg/custom_msg/msg/detail
[0.462s] -- Up-to-date: /home/huy/ros2_ws/install/custom_msg/include/custom_msg/custom_msg/msg/detail/ps4_data__rosidl_typesupport_fastrtps_c.h
[0.462s] -- Up-to-date: /home/huy/ros2_ws/install/custom_msg/include/custom_msg/custom_msg/msg/rosidl_typesupport_fastrtps_c__visibility_control.h
[0.462s] -- Up-to-date: /home/huy/ros2_ws/install/custom_msg/lib/libcustom_msg__rosidl_typesupport_fastrtps_c.so
[0.462s] -- Up-to-date: /home/huy/ros2_ws/install/custom_msg/include/custom_msg/custom_msg
[0.462s] -- Up-to-date: /home/huy/ros2_ws/install/custom_msg/include/custom_msg/custom_msg/msg
[0.462s] -- Up-to-date: /home/huy/ros2_ws/install/custom_msg/include/custom_msg/custom_msg/msg/detail
[0.462s] -- Up-to-date: /home/huy/ros2_ws/install/custom_msg/include/custom_msg/custom_msg/msg/detail/ps4_data__rosidl_typesupport_introspection_c.h
[0.462s] -- Up-to-date: /home/huy/ros2_ws/install/custom_msg/include/custom_msg/custom_msg/msg/detail/ps4_data__type_support.c
[0.462s] -- Up-to-date: /home/huy/ros2_ws/install/custom_msg/include/custom_msg/custom_msg/msg/rosidl_typesupport_introspection_c__visibility_control.h
[0.463s] -- Up-to-date: /home/huy/ros2_ws/install/custom_msg/lib/libcustom_msg__rosidl_typesupport_introspection_c.so
[0.463s] -- Up-to-date: /home/huy/ros2_ws/install/custom_msg/lib/libcustom_msg__rosidl_typesupport_c.so
[0.463s] -- Up-to-date: /home/huy/ros2_ws/install/custom_msg/include/custom_msg/custom_msg
[0.463s] -- Up-to-date: /home/huy/ros2_ws/install/custom_msg/include/custom_msg/custom_msg/msg
[0.463s] -- Up-to-date: /home/huy/ros2_ws/install/custom_msg/include/custom_msg/custom_msg/msg/rosidl_generator_cpp__visibility_control.hpp
[0.463s] -- Up-to-date: /home/huy/ros2_ws/install/custom_msg/include/custom_msg/custom_msg/msg/detail
[0.463s] -- Up-to-date: /home/huy/ros2_ws/install/custom_msg/include/custom_msg/custom_msg/msg/detail/ps4_data__type_support.hpp
[0.463s] -- Up-to-date: /home/huy/ros2_ws/install/custom_msg/include/custom_msg/custom_msg/msg/detail/ps4_data__builder.hpp
[0.463s] -- Up-to-date: /home/huy/ros2_ws/install/custom_msg/include/custom_msg/custom_msg/msg/detail/ps4_data__traits.hpp
[0.463s] -- Up-to-date: /home/huy/ros2_ws/install/custom_msg/include/custom_msg/custom_msg/msg/detail/ps4_data__struct.hpp
[0.463s] -- Up-to-date: /home/huy/ros2_ws/install/custom_msg/include/custom_msg/custom_msg/msg/ps4_data.hpp
[0.464s] -- Up-to-date: /home/huy/ros2_ws/install/custom_msg/include/custom_msg/custom_msg
[0.464s] -- Up-to-date: /home/huy/ros2_ws/install/custom_msg/include/custom_msg/custom_msg/msg
[0.464s] -- Up-to-date: /home/huy/ros2_ws/install/custom_msg/include/custom_msg/custom_msg/msg/detail
[0.464s] -- Up-to-date: /home/huy/ros2_ws/install/custom_msg/include/custom_msg/custom_msg/msg/detail/ps4_data__rosidl_typesupport_fastrtps_cpp.hpp
[0.464s] -- Up-to-date: /home/huy/ros2_ws/install/custom_msg/include/custom_msg/custom_msg/msg/detail/dds_fastrtps
[0.464s] -- Up-to-date: /home/huy/ros2_ws/install/custom_msg/include/custom_msg/custom_msg/msg/rosidl_typesupport_fastrtps_cpp__visibility_control.h
[0.464s] -- Up-to-date: /home/huy/ros2_ws/install/custom_msg/lib/libcustom_msg__rosidl_typesupport_fastrtps_cpp.so
[0.464s] -- Up-to-date: /home/huy/ros2_ws/install/custom_msg/include/custom_msg/custom_msg
[0.464s] -- Up-to-date: /home/huy/ros2_ws/install/custom_msg/include/custom_msg/custom_msg/msg
[0.464s] -- Up-to-date: /home/huy/ros2_ws/install/custom_msg/include/custom_msg/custom_msg/msg/detail
[0.464s] -- Up-to-date: /home/huy/ros2_ws/install/custom_msg/include/custom_msg/custom_msg/msg/detail/ps4_data__type_support.cpp
[0.464s] -- Up-to-date: /home/huy/ros2_ws/install/custom_msg/include/custom_msg/custom_msg/msg/detail/ps4_data__rosidl_typesupport_introspection_cpp.hpp
[0.464s] -- Up-to-date: /home/huy/ros2_ws/install/custom_msg/lib/libcustom_msg__rosidl_typesupport_introspection_cpp.so
[0.465s] -- Up-to-date: /home/huy/ros2_ws/install/custom_msg/lib/libcustom_msg__rosidl_typesupport_cpp.so
[0.465s] -- Up-to-date: /home/huy/ros2_ws/install/custom_msg/share/custom_msg/environment/pythonpath.sh
[0.465s] -- Up-to-date: /home/huy/ros2_ws/install/custom_msg/share/custom_msg/environment/pythonpath.dsv
[0.465s] -- Up-to-date: /home/huy/ros2_ws/install/custom_msg/local/lib/python3.10/dist-packages/custom_msg-0.0.0-py3.10.egg-info
[0.465s] -- Installing: /home/huy/ros2_ws/install/custom_msg/local/lib/python3.10/dist-packages/custom_msg-0.0.0-py3.10.egg-info/PKG-INFO
[0.465s] -- Installing: /home/huy/ros2_ws/install/custom_msg/local/lib/python3.10/dist-packages/custom_msg-0.0.0-py3.10.egg-info/SOURCES.txt
[0.465s] -- Installing: /home/huy/ros2_ws/install/custom_msg/local/lib/python3.10/dist-packages/custom_msg-0.0.0-py3.10.egg-info/top_level.txt
[0.465s] -- Installing: /home/huy/ros2_ws/install/custom_msg/local/lib/python3.10/dist-packages/custom_msg-0.0.0-py3.10.egg-info/dependency_links.txt
[0.465s] -- Up-to-date: /home/huy/ros2_ws/install/custom_msg/local/lib/python3.10/dist-packages/custom_msg
[0.466s] -- Up-to-date: /home/huy/ros2_ws/install/custom_msg/local/lib/python3.10/dist-packages/custom_msg/custom_msg_s__rosidl_typesupport_fastrtps_c.cpython-310-x86_64-linux-gnu.so
[0.466s] -- Up-to-date: /home/huy/ros2_ws/install/custom_msg/local/lib/python3.10/dist-packages/custom_msg/_custom_msg_s.ep.rosidl_typesupport_c.c
[0.466s] -- Up-to-date: /home/huy/ros2_ws/install/custom_msg/local/lib/python3.10/dist-packages/custom_msg/_custom_msg_s.ep.rosidl_typesupport_fastrtps_c.c
[0.466s] -- Up-to-date: /home/huy/ros2_ws/install/custom_msg/local/lib/python3.10/dist-packages/custom_msg/custom_msg_s__rosidl_typesupport_c.cpython-310-x86_64-linux-gnu.so
[0.466s] -- Up-to-date: /home/huy/ros2_ws/install/custom_msg/local/lib/python3.10/dist-packages/custom_msg/_custom_msg_s.ep.rosidl_typesupport_introspection_c.c
[0.466s] -- Up-to-date: /home/huy/ros2_ws/install/custom_msg/local/lib/python3.10/dist-packages/custom_msg/msg
[0.466s] -- Up-to-date: /home/huy/ros2_ws/install/custom_msg/local/lib/python3.10/dist-packages/custom_msg/msg/_ps4_data.py
[0.466s] -- Up-to-date: /home/huy/ros2_ws/install/custom_msg/local/lib/python3.10/dist-packages/custom_msg/msg/__init__.py
[0.466s] -- Up-to-date: /home/huy/ros2_ws/install/custom_msg/local/lib/python3.10/dist-packages/custom_msg/msg/_ps4_data_s.c
[0.466s] -- Up-to-date: /home/huy/ros2_ws/install/custom_msg/local/lib/python3.10/dist-packages/custom_msg/__init__.py
[0.466s] -- Up-to-date: /home/huy/ros2_ws/install/custom_msg/local/lib/python3.10/dist-packages/custom_msg/libcustom_msg__rosidl_generator_py.so
[0.466s] -- Up-to-date: /home/huy/ros2_ws/install/custom_msg/local/lib/python3.10/dist-packages/custom_msg/custom_msg_s__rosidl_typesupport_introspection_c.cpython-310-x86_64-linux-gnu.so
[0.502s] Listing '/home/huy/ros2_ws/install/custom_msg/local/lib/python3.10/dist-packages/custom_msg'...
[0.502s] Listing '/home/huy/ros2_ws/install/custom_msg/local/lib/python3.10/dist-packages/custom_msg/msg'...
[0.507s] -- Up-to-date: /home/huy/ros2_ws/install/custom_msg/local/lib/python3.10/dist-packages/custom_msg/custom_msg_s__rosidl_typesupport_fastrtps_c.cpython-310-x86_64-linux-gnu.so
[0.507s] -- Up-to-date: /home/huy/ros2_ws/install/custom_msg/local/lib/python3.10/dist-packages/custom_msg/custom_msg_s__rosidl_typesupport_introspection_c.cpython-310-x86_64-linux-gnu.so
[0.507s] -- Up-to-date: /home/huy/ros2_ws/install/custom_msg/local/lib/python3.10/dist-packages/custom_msg/custom_msg_s__rosidl_typesupport_c.cpython-310-x86_64-linux-gnu.so
[0.508s] -- Up-to-date: /home/huy/ros2_ws/install/custom_msg/lib/libcustom_msg__rosidl_generator_py.so
[0.508s] -- Up-to-date: /home/huy/ros2_ws/install/custom_msg/share/custom_msg/msg/PS4Data.idl
[0.508s] -- Up-to-date: /home/huy/ros2_ws/install/custom_msg/share/custom_msg/msg/PS4Data.msg
[0.508s] -- Up-to-date: /home/huy/ros2_ws/install/custom_msg/share/ament_index/resource_index/package_run_dependencies/custom_msg
[0.508s] -- Up-to-date: /home/huy/ros2_ws/install/custom_msg/share/ament_index/resource_index/parent_prefix_path/custom_msg
[0.508s] -- Up-to-date: /home/huy/ros2_ws/install/custom_msg/share/custom_msg/environment/ament_prefix_path.sh
[0.508s] -- Up-to-date: /home/huy/ros2_ws/install/custom_msg/share/custom_msg/environment/ament_prefix_path.dsv
[0.508s] -- Up-to-date: /home/huy/ros2_ws/install/custom_msg/share/custom_msg/environment/path.sh
[0.509s] -- Up-to-date: /home/huy/ros2_ws/install/custom_msg/share/custom_msg/environment/path.dsv
[0.509s] -- Up-to-date: /home/huy/ros2_ws/install/custom_msg/share/custom_msg/local_setup.bash
[0.509s] -- Up-to-date: /home/huy/ros2_ws/install/custom_msg/share/custom_msg/local_setup.sh
[0.509s] -- Up-to-date: /home/huy/ros2_ws/install/custom_msg/share/custom_msg/local_setup.zsh
[0.509s] -- Up-to-date: /home/huy/ros2_ws/install/custom_msg/share/custom_msg/local_setup.dsv
[0.509s] -- Installing: /home/huy/ros2_ws/install/custom_msg/share/custom_msg/package.dsv
[0.509s] -- Up-to-date: /home/huy/ros2_ws/install/custom_msg/share/ament_index/resource_index/packages/custom_msg
[0.509s] -- Up-to-date: /home/huy/ros2_ws/install/custom_msg/share/custom_msg/cmake/export_custom_msg__rosidl_generator_cExport.cmake
[0.509s] -- Up-to-date: /home/huy/ros2_ws/install/custom_msg/share/custom_msg/cmake/export_custom_msg__rosidl_generator_cExport-noconfig.cmake
[0.509s] -- Up-to-date: /home/huy/ros2_ws/install/custom_msg/share/custom_msg/cmake/export_custom_msg__rosidl_typesupport_fastrtps_cExport.cmake
[0.509s] -- Up-to-date: /home/huy/ros2_ws/install/custom_msg/share/custom_msg/cmake/export_custom_msg__rosidl_typesupport_fastrtps_cExport-noconfig.cmake
[0.509s] -- Up-to-date: /home/huy/ros2_ws/install/custom_msg/share/custom_msg/cmake/custom_msg__rosidl_typesupport_introspection_cExport.cmake
[0.509s] -- Up-to-date: /home/huy/ros2_ws/install/custom_msg/share/custom_msg/cmake/custom_msg__rosidl_typesupport_introspection_cExport-noconfig.cmake
[0.510s] -- Up-to-date: /home/huy/ros2_ws/install/custom_msg/share/custom_msg/cmake/custom_msg__rosidl_typesupport_cExport.cmake
[0.510s] -- Up-to-date: /home/huy/ros2_ws/install/custom_msg/share/custom_msg/cmake/custom_msg__rosidl_typesupport_cExport-noconfig.cmake
[0.510s] -- Up-to-date: /home/huy/ros2_ws/install/custom_msg/share/custom_msg/cmake/export_custom_msg__rosidl_generator_cppExport.cmake
[0.510s] -- Up-to-date: /home/huy/ros2_ws/install/custom_msg/share/custom_msg/cmake/export_custom_msg__rosidl_typesupport_fastrtps_cppExport.cmake
[0.510s] -- Up-to-date: /home/huy/ros2_ws/install/custom_msg/share/custom_msg/cmake/export_custom_msg__rosidl_typesupport_fastrtps_cppExport-noconfig.cmake
[0.510s] -- Up-to-date: /home/huy/ros2_ws/install/custom_msg/share/custom_msg/cmake/custom_msg__rosidl_typesupport_introspection_cppExport.cmake
[0.510s] -- Up-to-date: /home/huy/ros2_ws/install/custom_msg/share/custom_msg/cmake/custom_msg__rosidl_typesupport_introspection_cppExport-noconfig.cmake
[0.510s] -- Up-to-date: /home/huy/ros2_ws/install/custom_msg/share/custom_msg/cmake/custom_msg__rosidl_typesupport_cppExport.cmake
[0.510s] -- Up-to-date: /home/huy/ros2_ws/install/custom_msg/share/custom_msg/cmake/custom_msg__rosidl_typesupport_cppExport-noconfig.cmake
[0.510s] -- Up-to-date: /home/huy/ros2_ws/install/custom_msg/share/custom_msg/cmake/export_custom_msg__rosidl_generator_pyExport.cmake
[0.510s] -- Up-to-date: /home/huy/ros2_ws/install/custom_msg/share/custom_msg/cmake/export_custom_msg__rosidl_generator_pyExport-noconfig.cmake
[0.510s] -- Up-to-date: /home/huy/ros2_ws/install/custom_msg/share/custom_msg/cmake/rosidl_cmake-extras.cmake
[0.510s] -- Up-to-date: /home/huy/ros2_ws/install/custom_msg/share/custom_msg/cmake/ament_cmake_export_include_directories-extras.cmake
[0.511s] -- Up-to-date: /home/huy/ros2_ws/install/custom_msg/share/custom_msg/cmake/ament_cmake_export_libraries-extras.cmake
[0.511s] -- Up-to-date: /home/huy/ros2_ws/install/custom_msg/share/custom_msg/cmake/ament_cmake_export_targets-extras.cmake
[0.511s] -- Up-to-date: /home/huy/ros2_ws/install/custom_msg/share/custom_msg/cmake/rosidl_cmake_export_typesupport_targets-extras.cmake
[0.511s] -- Up-to-date: /home/huy/ros2_ws/install/custom_msg/share/custom_msg/cmake/ament_cmake_export_dependencies-extras.cmake
[0.511s] -- Up-to-date: /home/huy/ros2_ws/install/custom_msg/share/custom_msg/cmake/rosidl_cmake_export_typesupport_libraries-extras.cmake
[0.511s] -- Up-to-date: /home/huy/ros2_ws/install/custom_msg/share/custom_msg/cmake/custom_msgConfig.cmake
[0.511s] -- Up-to-date: /home/huy/ros2_ws/install/custom_msg/share/custom_msg/cmake/custom_msgConfig-version.cmake
[0.511s] -- Up-to-date: /home/huy/ros2_ws/install/custom_msg/share/custom_msg/package.xml
[0.514s] Invoked command in '/home/huy/ros2_ws/build/custom_msg' returned '0': CMAKE_PREFIX_PATH=${CMAKE_PREFIX_PATH}:/home/huy/ros2_ws/install/ps4_controller:/home/huy/ros2_ws/install/example_pkg:/opt/ros/humble /usr/bin/cmake --install /home/huy/ros2_ws/build/custom_msg
