[0.009s] Invoking command in '/home/huy/ros2_ws/build/uav_dynamics': CMAKE_PREFIX_PATH=/opt/ros/humble:/home/huy/ros2_ws/install/uav_msgs:/home/huy/ros2_ws/install/uav_dynamics:/home/huy/ros2_ws/install/uav_motor_plugin LD_LIBRARY_PATH=/home/huy/ros2_ws/install/uav_msgs/lib:/home/huy/ros2_ws/install/uav_motor_plugin/lib:/usr/lib/x86_64-linux-gnu/gazebo-11/plugins:/opt/ros/humble/opt/rviz_ogre_vendor/lib:/opt/ros/humble/lib/x86_64-linux-gnu:/opt/ros/humble/lib:/usr/lib/x86_64-linux-gnu/gazebo-11/plugins /usr/bin/cmake --build /home/huy/ros2_ws/build/uav_dynamics -- -j16 -l16
[0.051s] [35m[1mConsolidate compiler generated dependencies of target cmd_pub_node[0m
[0.063s] [ 60%] Built target dynamics_node
[0.068s] [ 80%] [32mBuilding CXX object CMakeFiles/cmd_pub_node.dir/src/uav_cmd_pub.cpp.o[0m
[6.356s] [100%] [32m[1mLinking CXX executable cmd_pub_node[0m
[6.653s] [100%] Built target cmd_pub_node
[6.664s] Invoked command in '/home/huy/ros2_ws/build/uav_dynamics' returned '0': CMAKE_PREFIX_PATH=/opt/ros/humble:/home/huy/ros2_ws/install/uav_msgs:/home/huy/ros2_ws/install/uav_dynamics:/home/huy/ros2_ws/install/uav_motor_plugin LD_LIBRARY_PATH=/home/huy/ros2_ws/install/uav_msgs/lib:/home/huy/ros2_ws/install/uav_motor_plugin/lib:/usr/lib/x86_64-linux-gnu/gazebo-11/plugins:/opt/ros/humble/opt/rviz_ogre_vendor/lib:/opt/ros/humble/lib/x86_64-linux-gnu:/opt/ros/humble/lib:/usr/lib/x86_64-linux-gnu/gazebo-11/plugins /usr/bin/cmake --build /home/huy/ros2_ws/build/uav_dynamics -- -j16 -l16
[6.665s] Invoking command in '/home/huy/ros2_ws/build/uav_dynamics': CMAKE_PREFIX_PATH=/opt/ros/humble:/home/huy/ros2_ws/install/uav_msgs:/home/huy/ros2_ws/install/uav_dynamics:/home/huy/ros2_ws/install/uav_motor_plugin LD_LIBRARY_PATH=/home/huy/ros2_ws/install/uav_msgs/lib:/home/huy/ros2_ws/install/uav_motor_plugin/lib:/usr/lib/x86_64-linux-gnu/gazebo-11/plugins:/opt/ros/humble/opt/rviz_ogre_vendor/lib:/opt/ros/humble/lib/x86_64-linux-gnu:/opt/ros/humble/lib:/usr/lib/x86_64-linux-gnu/gazebo-11/plugins /usr/bin/cmake --install /home/huy/ros2_ws/build/uav_dynamics
[6.673s] -- Install configuration: ""
[6.673s] -- Up-to-date: /home/huy/ros2_ws/install/uav_dynamics/lib/uav_dynamics/dynamics_node
[6.673s] -- Installing: /home/huy/ros2_ws/install/uav_dynamics/lib/uav_dynamics/cmd_pub_node
[6.678s] -- Set runtime path of "/home/huy/ros2_ws/install/uav_dynamics/lib/uav_dynamics/cmd_pub_node" to ""
[6.678s] -- Up-to-date: /home/huy/ros2_ws/install/uav_dynamics/share/ament_index/resource_index/package_run_dependencies/uav_dynamics
[6.678s] -- Up-to-date: /home/huy/ros2_ws/install/uav_dynamics/share/ament_index/resource_index/parent_prefix_path/uav_dynamics
[6.678s] -- Up-to-date: /home/huy/ros2_ws/install/uav_dynamics/share/uav_dynamics/environment/ament_prefix_path.sh
[6.678s] -- Up-to-date: /home/huy/ros2_ws/install/uav_dynamics/share/uav_dynamics/environment/ament_prefix_path.dsv
[6.678s] -- Up-to-date: /home/huy/ros2_ws/install/uav_dynamics/share/uav_dynamics/environment/path.sh
[6.678s] -- Up-to-date: /home/huy/ros2_ws/install/uav_dynamics/share/uav_dynamics/environment/path.dsv
[6.678s] -- Up-to-date: /home/huy/ros2_ws/install/uav_dynamics/share/uav_dynamics/local_setup.bash
[6.679s] -- Up-to-date: /home/huy/ros2_ws/install/uav_dynamics/share/uav_dynamics/local_setup.sh
[6.679s] -- Up-to-date: /home/huy/ros2_ws/install/uav_dynamics/share/uav_dynamics/local_setup.zsh
[6.679s] -- Up-to-date: /home/huy/ros2_ws/install/uav_dynamics/share/uav_dynamics/local_setup.dsv
[6.679s] -- Installing: /home/huy/ros2_ws/install/uav_dynamics/share/uav_dynamics/package.dsv
[6.679s] -- Up-to-date: /home/huy/ros2_ws/install/uav_dynamics/share/ament_index/resource_index/packages/uav_dynamics
[6.679s] -- Up-to-date: /home/huy/ros2_ws/install/uav_dynamics/share/uav_dynamics/cmake/uav_dynamicsConfig.cmake
[6.679s] -- Up-to-date: /home/huy/ros2_ws/install/uav_dynamics/share/uav_dynamics/cmake/uav_dynamicsConfig-version.cmake
[6.679s] -- Up-to-date: /home/huy/ros2_ws/install/uav_dynamics/share/uav_dynamics/package.xml
[6.681s] Invoked command in '/home/huy/ros2_ws/build/uav_dynamics' returned '0': CMAKE_PREFIX_PATH=/opt/ros/humble:/home/huy/ros2_ws/install/uav_msgs:/home/huy/ros2_ws/install/uav_dynamics:/home/huy/ros2_ws/install/uav_motor_plugin LD_LIBRARY_PATH=/home/huy/ros2_ws/install/uav_msgs/lib:/home/huy/ros2_ws/install/uav_motor_plugin/lib:/usr/lib/x86_64-linux-gnu/gazebo-11/plugins:/opt/ros/humble/opt/rviz_ogre_vendor/lib:/opt/ros/humble/lib/x86_64-linux-gnu:/opt/ros/humble/lib:/usr/lib/x86_64-linux-gnu/gazebo-11/plugins /usr/bin/cmake --install /home/huy/ros2_ws/build/uav_dynamics
