[0.011s] Invoking command in '/home/huy/ros2_ws/build/uav_msgs': /usr/bin/cmake --build /home/huy/ros2_ws/build/uav_msgs -- -j16 -l16
[0.052s] -- Found ament_cmake: 1.3.12 (/opt/ros/humble/share/ament_cmake/cmake)
[0.162s] -- Found rosidl_default_generators: 1.2.0 (/opt/ros/humble/share/rosidl_default_generators/cmake)
[0.164s] -- Using all available rosidl_typesupport_c: rosidl_typesupport_fastrtps_c;rosidl_typesupport_introspection_c
[0.168s] -- Found rosidl_adapter: 3.1.8 (/opt/ros/humble/share/rosidl_adapter/cmake)
[0.201s] -- Using all available rosidl_typesupport_cpp: rosidl_typesupport_fastrtps_cpp;rosidl_typesupport_introspection_cpp
[0.430s] -- Found ament_cmake_ros: 0.10.0 (/opt/ros/humble/share/ament_cmake_ros/cmake)
[0.570s] -- Using all available rosidl_typesupport_c: rosidl_typesupport_fastrtps_c;rosidl_typesupport_introspection_c
[0.749s] -- Using all available rosidl_typesupport_cpp: rosidl_typesupport_fastrtps_cpp;rosidl_typesupport_introspection_cpp
[0.768s] -- Found python_cmake_module: 0.10.0 (/opt/ros/humble/share/python_cmake_module/cmake)
[0.786s] -- Using PYTHON_EXECUTABLE: /usr/bin/python3
[0.786s] -- Using PYTHON_INCLUDE_DIRS: /usr/include/python3.10
[0.787s] -- Using PYTHON_LIBRARIES: /usr/lib/x86_64-linux-gnu/libpython3.10.so
[0.805s] -- Configuring done
[0.844s] -- Generating done
[0.853s] -- Build files have been written to: /home/huy/ros2_ws/build/uav_msgs
[0.878s] [35m[1mConsolidate compiler generated dependencies of target uav_msgs__rosidl_generator_c[0m
[0.887s] [  2%] Built target uav_msgs__cpp
[0.888s] [  5%] [32m[1mLinking C shared library libuav_msgs__rosidl_generator_c.so[0m
[0.897s] [35m[1mConsolidate compiler generated dependencies of target uav_msgs__rosidl_typesupport_fastrtps_cpp[0m
[0.897s] [35m[1mConsolidate compiler generated dependencies of target uav_msgs__rosidl_typesupport_cpp[0m
[0.897s] [35m[1mConsolidate compiler generated dependencies of target uav_msgs__rosidl_typesupport_introspection_cpp[0m
[0.898s] [  5%] Built target ament_cmake_python_copy_uav_msgs
[0.909s] [  7%] [32m[1mLinking CXX shared library libuav_msgs__rosidl_typesupport_introspection_cpp.so[0m
[0.909s] [ 10%] [32m[1mLinking CXX shared library libuav_msgs__rosidl_typesupport_cpp.so[0m
[0.909s] [ 12%] [32mBuilding CXX object CMakeFiles/uav_msgs__rosidl_typesupport_fastrtps_cpp.dir/rosidl_typesupport_fastrtps_cpp/uav_msgs/msg/detail/dds_fastrtps/uav_state__type_support.cpp.o[0m
[0.909s] [ 15%] [32mBuilding CXX object CMakeFiles/uav_msgs__rosidl_typesupport_fastrtps_cpp.dir/rosidl_typesupport_fastrtps_cpp/uav_msgs/msg/detail/dds_fastrtps/uav_cmd__type_support.cpp.o[0m
[0.939s] [ 23%] Built target uav_msgs__rosidl_generator_c
[0.949s] [ 30%] Built target uav_msgs__rosidl_typesupport_cpp
[0.949s] [35m[1mConsolidate compiler generated dependencies of target uav_msgs__rosidl_typesupport_introspection_c[0m
[0.949s] [35m[1mConsolidate compiler generated dependencies of target uav_msgs__rosidl_typesupport_fastrtps_c[0m
[0.950s] [ 38%] Built target uav_msgs__rosidl_typesupport_introspection_cpp
[0.951s] [35m[1mConsolidate compiler generated dependencies of target uav_msgs__rosidl_typesupport_c[0m
[0.962s] [ 43%] [32m[1mLinking C shared library libuav_msgs__rosidl_typesupport_introspection_c.so[0m
[0.962s] [ 43%] [32m[1mLinking CXX shared library libuav_msgs__rosidl_typesupport_c.so[0m
[0.963s] [ 46%] [32mBuilding CXX object CMakeFiles/uav_msgs__rosidl_typesupport_fastrtps_c.dir/rosidl_typesupport_fastrtps_c/uav_msgs/msg/detail/uav_cmd__type_support_c.cpp.o[0m
[0.963s] [ 48%] [32mBuilding CXX object CMakeFiles/uav_msgs__rosidl_typesupport_fastrtps_c.dir/rosidl_typesupport_fastrtps_c/uav_msgs/msg/detail/uav_state__type_support_c.cpp.o[0m
[1.000s] [ 56%] Built target uav_msgs__rosidl_typesupport_introspection_c
[1.005s] [ 64%] Built target uav_msgs__rosidl_typesupport_c
[1.107s] running egg_info
[1.108s] writing uav_msgs.egg-info/PKG-INFO
[1.108s] writing dependency_links to uav_msgs.egg-info/dependency_links.txt
[1.109s] writing top-level names to uav_msgs.egg-info/top_level.txt
[1.111s] reading manifest file 'uav_msgs.egg-info/SOURCES.txt'
[1.111s] writing manifest file 'uav_msgs.egg-info/SOURCES.txt'
[1.142s] [ 64%] Built target ament_cmake_python_build_uav_msgs_egg
[1.260s] [ 66%] [32m[1mLinking CXX shared library libuav_msgs__rosidl_typesupport_fastrtps_c.so[0m
[1.268s] [ 69%] [32m[1mLinking CXX shared library libuav_msgs__rosidl_typesupport_fastrtps_cpp.so[0m
[1.341s] [ 74%] Built target uav_msgs__rosidl_typesupport_fastrtps_cpp
[1.341s] [ 74%] Built target uav_msgs__rosidl_typesupport_fastrtps_c
[1.361s] [ 74%] Built target uav_msgs
[1.382s] [ 76%] Built target uav_msgs__py
[1.392s] [35m[1mConsolidate compiler generated dependencies of target uav_msgs__rosidl_generator_py[0m
[1.406s] [ 79%] [32m[1mLinking C shared library rosidl_generator_py/uav_msgs/libuav_msgs__rosidl_generator_py.so[0m
[1.444s] [ 84%] Built target uav_msgs__rosidl_generator_py
[1.455s] [35m[1mConsolidate compiler generated dependencies of target uav_msgs__rosidl_typesupport_fastrtps_c__pyext[0m
[1.455s] [35m[1mConsolidate compiler generated dependencies of target uav_msgs__rosidl_typesupport_c__pyext[0m
[1.455s] [35m[1mConsolidate compiler generated dependencies of target uav_msgs__rosidl_typesupport_introspection_c__pyext[0m
[1.468s] [ 87%] [32m[1mLinking C shared library rosidl_generator_py/uav_msgs/uav_msgs_s__rosidl_typesupport_introspection_c.cpython-310-x86_64-linux-gnu.so[0m
[1.468s] [ 92%] [32mBuilding C object CMakeFiles/uav_msgs__rosidl_typesupport_fastrtps_c__pyext.dir/rosidl_generator_py/uav_msgs/_uav_msgs_s.ep.rosidl_typesupport_fastrtps_c.c.o[0m
[1.468s] [ 92%] [32m[1mLinking C shared library rosidl_generator_py/uav_msgs/uav_msgs_s__rosidl_typesupport_c.cpython-310-x86_64-linux-gnu.so[0m
[1.500s] [ 97%] Built target uav_msgs__rosidl_typesupport_introspection_c__pyext
[1.500s] [ 97%] Built target uav_msgs__rosidl_typesupport_c__pyext
[1.595s] [100%] [32m[1mLinking C shared library rosidl_generator_py/uav_msgs/uav_msgs_s__rosidl_typesupport_fastrtps_c.cpython-310-x86_64-linux-gnu.so[0m
[1.629s] [100%] Built target uav_msgs__rosidl_typesupport_fastrtps_c__pyext
[1.642s] Invoked command in '/home/huy/ros2_ws/build/uav_msgs' returned '0': /usr/bin/cmake --build /home/huy/ros2_ws/build/uav_msgs -- -j16 -l16
[1.652s] Invoking command in '/home/huy/ros2_ws/build/uav_msgs': /usr/bin/cmake --install /home/huy/ros2_ws/build/uav_msgs
[1.659s] -- Install configuration: ""
[1.659s] -- Up-to-date: /home/huy/ros2_ws/install/uav_msgs/share/ament_index/resource_index/rosidl_interfaces/uav_msgs
[1.660s] -- Up-to-date: /home/huy/ros2_ws/install/uav_msgs/include/uav_msgs/uav_msgs
[1.660s] -- Up-to-date: /home/huy/ros2_ws/install/uav_msgs/include/uav_msgs/uav_msgs/msg
[1.660s] -- Up-to-date: /home/huy/ros2_ws/install/uav_msgs/include/uav_msgs/uav_msgs/msg/rosidl_generator_c__visibility_control.h
[1.660s] -- Up-to-date: /home/huy/ros2_ws/install/uav_msgs/include/uav_msgs/uav_msgs/msg/detail
[1.660s] -- Up-to-date: /home/huy/ros2_ws/install/uav_msgs/include/uav_msgs/uav_msgs/msg/detail/uav_cmd__struct.h
[1.660s] -- Up-to-date: /home/huy/ros2_ws/install/uav_msgs/include/uav_msgs/uav_msgs/msg/detail/uav_state__type_support.h
[1.660s] -- Up-to-date: /home/huy/ros2_ws/install/uav_msgs/include/uav_msgs/uav_msgs/msg/detail/uav_cmd__functions.h
[1.660s] -- Up-to-date: /home/huy/ros2_ws/install/uav_msgs/include/uav_msgs/uav_msgs/msg/detail/uav_state__functions.c
[1.660s] -- Up-to-date: /home/huy/ros2_ws/install/uav_msgs/include/uav_msgs/uav_msgs/msg/detail/uav_cmd__functions.c
[1.660s] -- Up-to-date: /home/huy/ros2_ws/install/uav_msgs/include/uav_msgs/uav_msgs/msg/detail/uav_state__struct.h
[1.660s] -- Up-to-date: /home/huy/ros2_ws/install/uav_msgs/include/uav_msgs/uav_msgs/msg/detail/uav_state__functions.h
[1.660s] -- Up-to-date: /home/huy/ros2_ws/install/uav_msgs/include/uav_msgs/uav_msgs/msg/detail/uav_cmd__type_support.h
[1.660s] -- Up-to-date: /home/huy/ros2_ws/install/uav_msgs/include/uav_msgs/uav_msgs/msg/uav_cmd.h
[1.660s] -- Up-to-date: /home/huy/ros2_ws/install/uav_msgs/include/uav_msgs/uav_msgs/msg/uav_state.h
[1.660s] -- Up-to-date: /home/huy/ros2_ws/install/uav_msgs/share/uav_msgs/environment/library_path.sh
[1.660s] -- Installing: /home/huy/ros2_ws/install/uav_msgs/share/uav_msgs/environment/library_path.dsv
[1.661s] -- Installing: /home/huy/ros2_ws/install/uav_msgs/lib/libuav_msgs__rosidl_generator_c.so
[1.661s] -- Set runtime path of "/home/huy/ros2_ws/install/uav_msgs/lib/libuav_msgs__rosidl_generator_c.so" to ""
[1.661s] -- Up-to-date: /home/huy/ros2_ws/install/uav_msgs/include/uav_msgs/uav_msgs
[1.661s] -- Up-to-date: /home/huy/ros2_ws/install/uav_msgs/include/uav_msgs/uav_msgs/msg
[1.661s] -- Up-to-date: /home/huy/ros2_ws/install/uav_msgs/include/uav_msgs/uav_msgs/msg/detail
[1.661s] -- Up-to-date: /home/huy/ros2_ws/install/uav_msgs/include/uav_msgs/uav_msgs/msg/detail/uav_state__rosidl_typesupport_fastrtps_c.h
[1.661s] -- Up-to-date: /home/huy/ros2_ws/install/uav_msgs/include/uav_msgs/uav_msgs/msg/detail/uav_cmd__rosidl_typesupport_fastrtps_c.h
[1.661s] -- Up-to-date: /home/huy/ros2_ws/install/uav_msgs/include/uav_msgs/uav_msgs/msg/rosidl_typesupport_fastrtps_c__visibility_control.h
[1.661s] -- Installing: /home/huy/ros2_ws/install/uav_msgs/lib/libuav_msgs__rosidl_typesupport_fastrtps_c.so
[1.661s] -- Set runtime path of "/home/huy/ros2_ws/install/uav_msgs/lib/libuav_msgs__rosidl_typesupport_fastrtps_c.so" to ""
[1.661s] -- Up-to-date: /home/huy/ros2_ws/install/uav_msgs/include/uav_msgs/uav_msgs
[1.662s] -- Up-to-date: /home/huy/ros2_ws/install/uav_msgs/include/uav_msgs/uav_msgs/msg
[1.662s] -- Up-to-date: /home/huy/ros2_ws/install/uav_msgs/include/uav_msgs/uav_msgs/msg/detail
[1.662s] -- Up-to-date: /home/huy/ros2_ws/install/uav_msgs/include/uav_msgs/uav_msgs/msg/detail/uav_cmd__type_support.c
[1.662s] -- Up-to-date: /home/huy/ros2_ws/install/uav_msgs/include/uav_msgs/uav_msgs/msg/detail/uav_state__type_support.c
[1.662s] -- Up-to-date: /home/huy/ros2_ws/install/uav_msgs/include/uav_msgs/uav_msgs/msg/detail/uav_cmd__rosidl_typesupport_introspection_c.h
[1.662s] -- Up-to-date: /home/huy/ros2_ws/install/uav_msgs/include/uav_msgs/uav_msgs/msg/detail/uav_state__rosidl_typesupport_introspection_c.h
[1.662s] -- Up-to-date: /home/huy/ros2_ws/install/uav_msgs/include/uav_msgs/uav_msgs/msg/rosidl_typesupport_introspection_c__visibility_control.h
[1.662s] -- Installing: /home/huy/ros2_ws/install/uav_msgs/lib/libuav_msgs__rosidl_typesupport_introspection_c.so
[1.662s] -- Set runtime path of "/home/huy/ros2_ws/install/uav_msgs/lib/libuav_msgs__rosidl_typesupport_introspection_c.so" to ""
[1.662s] -- Installing: /home/huy/ros2_ws/install/uav_msgs/lib/libuav_msgs__rosidl_typesupport_c.so
[1.663s] -- Set runtime path of "/home/huy/ros2_ws/install/uav_msgs/lib/libuav_msgs__rosidl_typesupport_c.so" to ""
[1.663s] -- Up-to-date: /home/huy/ros2_ws/install/uav_msgs/include/uav_msgs/uav_msgs
[1.663s] -- Up-to-date: /home/huy/ros2_ws/install/uav_msgs/include/uav_msgs/uav_msgs/msg
[1.663s] -- Up-to-date: /home/huy/ros2_ws/install/uav_msgs/include/uav_msgs/uav_msgs/msg/rosidl_generator_cpp__visibility_control.hpp
[1.663s] -- Up-to-date: /home/huy/ros2_ws/install/uav_msgs/include/uav_msgs/uav_msgs/msg/detail
[1.663s] -- Up-to-date: /home/huy/ros2_ws/install/uav_msgs/include/uav_msgs/uav_msgs/msg/detail/uav_cmd__traits.hpp
[1.663s] -- Up-to-date: /home/huy/ros2_ws/install/uav_msgs/include/uav_msgs/uav_msgs/msg/detail/uav_state__type_support.hpp
[1.663s] -- Up-to-date: /home/huy/ros2_ws/install/uav_msgs/include/uav_msgs/uav_msgs/msg/detail/uav_state__struct.hpp
[1.663s] -- Up-to-date: /home/huy/ros2_ws/install/uav_msgs/include/uav_msgs/uav_msgs/msg/detail/uav_cmd__struct.hpp
[1.664s] -- Up-to-date: /home/huy/ros2_ws/install/uav_msgs/include/uav_msgs/uav_msgs/msg/detail/uav_state__builder.hpp
[1.664s] -- Up-to-date: /home/huy/ros2_ws/install/uav_msgs/include/uav_msgs/uav_msgs/msg/detail/uav_cmd__type_support.hpp
[1.664s] -- Up-to-date: /home/huy/ros2_ws/install/uav_msgs/include/uav_msgs/uav_msgs/msg/detail/uav_cmd__builder.hpp
[1.664s] -- Up-to-date: /home/huy/ros2_ws/install/uav_msgs/include/uav_msgs/uav_msgs/msg/detail/uav_state__traits.hpp
[1.664s] -- Up-to-date: /home/huy/ros2_ws/install/uav_msgs/include/uav_msgs/uav_msgs/msg/uav_cmd.hpp
[1.664s] -- Up-to-date: /home/huy/ros2_ws/install/uav_msgs/include/uav_msgs/uav_msgs/msg/uav_state.hpp
[1.664s] -- Up-to-date: /home/huy/ros2_ws/install/uav_msgs/include/uav_msgs/uav_msgs
[1.664s] -- Up-to-date: /home/huy/ros2_ws/install/uav_msgs/include/uav_msgs/uav_msgs/msg
[1.664s] -- Up-to-date: /home/huy/ros2_ws/install/uav_msgs/include/uav_msgs/uav_msgs/msg/detail
[1.664s] -- Up-to-date: /home/huy/ros2_ws/install/uav_msgs/include/uav_msgs/uav_msgs/msg/detail/uav_cmd__rosidl_typesupport_fastrtps_cpp.hpp
[1.664s] -- Up-to-date: /home/huy/ros2_ws/install/uav_msgs/include/uav_msgs/uav_msgs/msg/detail/dds_fastrtps
[1.664s] -- Up-to-date: /home/huy/ros2_ws/install/uav_msgs/include/uav_msgs/uav_msgs/msg/detail/uav_state__rosidl_typesupport_fastrtps_cpp.hpp
[1.664s] -- Up-to-date: /home/huy/ros2_ws/install/uav_msgs/include/uav_msgs/uav_msgs/msg/rosidl_typesupport_fastrtps_cpp__visibility_control.h
[1.664s] -- Installing: /home/huy/ros2_ws/install/uav_msgs/lib/libuav_msgs__rosidl_typesupport_fastrtps_cpp.so
[1.664s] -- Set runtime path of "/home/huy/ros2_ws/install/uav_msgs/lib/libuav_msgs__rosidl_typesupport_fastrtps_cpp.so" to ""
[1.664s] -- Up-to-date: /home/huy/ros2_ws/install/uav_msgs/include/uav_msgs/uav_msgs
[1.664s] -- Up-to-date: /home/huy/ros2_ws/install/uav_msgs/include/uav_msgs/uav_msgs/msg
[1.664s] -- Up-to-date: /home/huy/ros2_ws/install/uav_msgs/include/uav_msgs/uav_msgs/msg/detail
[1.665s] -- Up-to-date: /home/huy/ros2_ws/install/uav_msgs/include/uav_msgs/uav_msgs/msg/detail/uav_state__type_support.cpp
[1.665s] -- Up-to-date: /home/huy/ros2_ws/install/uav_msgs/include/uav_msgs/uav_msgs/msg/detail/uav_state__rosidl_typesupport_introspection_cpp.hpp
[1.665s] -- Up-to-date: /home/huy/ros2_ws/install/uav_msgs/include/uav_msgs/uav_msgs/msg/detail/uav_cmd__type_support.cpp
[1.665s] -- Up-to-date: /home/huy/ros2_ws/install/uav_msgs/include/uav_msgs/uav_msgs/msg/detail/uav_cmd__rosidl_typesupport_introspection_cpp.hpp
[1.665s] -- Installing: /home/huy/ros2_ws/install/uav_msgs/lib/libuav_msgs__rosidl_typesupport_introspection_cpp.so
[1.665s] -- Set runtime path of "/home/huy/ros2_ws/install/uav_msgs/lib/libuav_msgs__rosidl_typesupport_introspection_cpp.so" to ""
[1.665s] -- Installing: /home/huy/ros2_ws/install/uav_msgs/lib/libuav_msgs__rosidl_typesupport_cpp.so
[1.665s] -- Set runtime path of "/home/huy/ros2_ws/install/uav_msgs/lib/libuav_msgs__rosidl_typesupport_cpp.so" to ""
[1.665s] -- Up-to-date: /home/huy/ros2_ws/install/uav_msgs/share/uav_msgs/environment/pythonpath.sh
[1.665s] -- Installing: /home/huy/ros2_ws/install/uav_msgs/share/uav_msgs/environment/pythonpath.dsv
[1.665s] -- Up-to-date: /home/huy/ros2_ws/install/uav_msgs/local/lib/python3.10/dist-packages/uav_msgs-0.0.0-py3.10.egg-info
[1.665s] -- Installing: /home/huy/ros2_ws/install/uav_msgs/local/lib/python3.10/dist-packages/uav_msgs-0.0.0-py3.10.egg-info/PKG-INFO
[1.666s] -- Installing: /home/huy/ros2_ws/install/uav_msgs/local/lib/python3.10/dist-packages/uav_msgs-0.0.0-py3.10.egg-info/SOURCES.txt
[1.666s] -- Installing: /home/huy/ros2_ws/install/uav_msgs/local/lib/python3.10/dist-packages/uav_msgs-0.0.0-py3.10.egg-info/top_level.txt
[1.666s] -- Installing: /home/huy/ros2_ws/install/uav_msgs/local/lib/python3.10/dist-packages/uav_msgs-0.0.0-py3.10.egg-info/dependency_links.txt
[1.666s] -- Up-to-date: /home/huy/ros2_ws/install/uav_msgs/local/lib/python3.10/dist-packages/uav_msgs
[1.666s] -- Installing: /home/huy/ros2_ws/install/uav_msgs/local/lib/python3.10/dist-packages/uav_msgs/libuav_msgs__rosidl_generator_py.so
[1.666s] -- Up-to-date: /home/huy/ros2_ws/install/uav_msgs/local/lib/python3.10/dist-packages/uav_msgs/_uav_msgs_s.ep.rosidl_typesupport_introspection_c.c
[1.666s] -- Up-to-date: /home/huy/ros2_ws/install/uav_msgs/local/lib/python3.10/dist-packages/uav_msgs/_uav_msgs_s.ep.rosidl_typesupport_fastrtps_c.c
[1.666s] -- Installing: /home/huy/ros2_ws/install/uav_msgs/local/lib/python3.10/dist-packages/uav_msgs/uav_msgs_s__rosidl_typesupport_fastrtps_c.cpython-310-x86_64-linux-gnu.so
[1.667s] -- Up-to-date: /home/huy/ros2_ws/install/uav_msgs/local/lib/python3.10/dist-packages/uav_msgs/msg
[1.667s] -- Up-to-date: /home/huy/ros2_ws/install/uav_msgs/local/lib/python3.10/dist-packages/uav_msgs/msg/_uav_state_s.c
[1.667s] -- Up-to-date: /home/huy/ros2_ws/install/uav_msgs/local/lib/python3.10/dist-packages/uav_msgs/msg/_uav_cmd.py
[1.667s] -- Up-to-date: /home/huy/ros2_ws/install/uav_msgs/local/lib/python3.10/dist-packages/uav_msgs/msg/_uav_state.py
[1.667s] -- Up-to-date: /home/huy/ros2_ws/install/uav_msgs/local/lib/python3.10/dist-packages/uav_msgs/msg/__init__.py
[1.667s] -- Up-to-date: /home/huy/ros2_ws/install/uav_msgs/local/lib/python3.10/dist-packages/uav_msgs/msg/_uav_cmd_s.c
[1.667s] -- Installing: /home/huy/ros2_ws/install/uav_msgs/local/lib/python3.10/dist-packages/uav_msgs/__init__.py
[1.667s] -- Installing: /home/huy/ros2_ws/install/uav_msgs/local/lib/python3.10/dist-packages/uav_msgs/uav_msgs_s__rosidl_typesupport_c.cpython-310-x86_64-linux-gnu.so
[1.667s] -- Up-to-date: /home/huy/ros2_ws/install/uav_msgs/local/lib/python3.10/dist-packages/uav_msgs/_uav_msgs_s.ep.rosidl_typesupport_c.c
[1.667s] -- Installing: /home/huy/ros2_ws/install/uav_msgs/local/lib/python3.10/dist-packages/uav_msgs/uav_msgs_s__rosidl_typesupport_introspection_c.cpython-310-x86_64-linux-gnu.so
[1.694s] Listing '/home/huy/ros2_ws/install/uav_msgs/local/lib/python3.10/dist-packages/uav_msgs'...
[1.694s] Compiling '/home/huy/ros2_ws/install/uav_msgs/local/lib/python3.10/dist-packages/uav_msgs/__init__.py'...
[1.695s] Listing '/home/huy/ros2_ws/install/uav_msgs/local/lib/python3.10/dist-packages/uav_msgs/msg'...
[1.698s] -- Installing: /home/huy/ros2_ws/install/uav_msgs/local/lib/python3.10/dist-packages/uav_msgs/uav_msgs_s__rosidl_typesupport_fastrtps_c.cpython-310-x86_64-linux-gnu.so
[1.699s] -- Set runtime path of "/home/huy/ros2_ws/install/uav_msgs/local/lib/python3.10/dist-packages/uav_msgs/uav_msgs_s__rosidl_typesupport_fastrtps_c.cpython-310-x86_64-linux-gnu.so" to ""
[1.699s] -- Installing: /home/huy/ros2_ws/install/uav_msgs/local/lib/python3.10/dist-packages/uav_msgs/uav_msgs_s__rosidl_typesupport_introspection_c.cpython-310-x86_64-linux-gnu.so
[1.699s] -- Set runtime path of "/home/huy/ros2_ws/install/uav_msgs/local/lib/python3.10/dist-packages/uav_msgs/uav_msgs_s__rosidl_typesupport_introspection_c.cpython-310-x86_64-linux-gnu.so" to ""
[1.699s] -- Installing: /home/huy/ros2_ws/install/uav_msgs/local/lib/python3.10/dist-packages/uav_msgs/uav_msgs_s__rosidl_typesupport_c.cpython-310-x86_64-linux-gnu.so
[1.700s] -- Set runtime path of "/home/huy/ros2_ws/install/uav_msgs/local/lib/python3.10/dist-packages/uav_msgs/uav_msgs_s__rosidl_typesupport_c.cpython-310-x86_64-linux-gnu.so" to ""
[1.700s] -- Installing: /home/huy/ros2_ws/install/uav_msgs/lib/libuav_msgs__rosidl_generator_py.so
[1.700s] -- Set runtime path of "/home/huy/ros2_ws/install/uav_msgs/lib/libuav_msgs__rosidl_generator_py.so" to ""
[1.700s] -- Up-to-date: /home/huy/ros2_ws/install/uav_msgs/share/uav_msgs/msg/UavState.idl
[1.700s] -- Up-to-date: /home/huy/ros2_ws/install/uav_msgs/share/uav_msgs/msg/UavCmd.idl
[1.700s] -- Up-to-date: /home/huy/ros2_ws/install/uav_msgs/share/uav_msgs/msg/UavState.msg
[1.700s] -- Up-to-date: /home/huy/ros2_ws/install/uav_msgs/share/uav_msgs/msg/UavCmd.msg
[1.701s] -- Up-to-date: /home/huy/ros2_ws/install/uav_msgs/share/ament_index/resource_index/package_run_dependencies/uav_msgs
[1.701s] -- Installing: /home/huy/ros2_ws/install/uav_msgs/share/ament_index/resource_index/parent_prefix_path/uav_msgs
[1.701s] -- Installing: /home/huy/ros2_ws/install/uav_msgs/share/uav_msgs/environment/ament_prefix_path.sh
[1.701s] -- Installing: /home/huy/ros2_ws/install/uav_msgs/share/uav_msgs/environment/ament_prefix_path.dsv
[1.701s] -- Installing: /home/huy/ros2_ws/install/uav_msgs/share/uav_msgs/environment/path.sh
[1.701s] -- Installing: /home/huy/ros2_ws/install/uav_msgs/share/uav_msgs/environment/path.dsv
[1.701s] -- Up-to-date: /home/huy/ros2_ws/install/uav_msgs/share/uav_msgs/local_setup.bash
[1.701s] -- Up-to-date: /home/huy/ros2_ws/install/uav_msgs/share/uav_msgs/local_setup.sh
[1.701s] -- Up-to-date: /home/huy/ros2_ws/install/uav_msgs/share/uav_msgs/local_setup.zsh
[1.701s] -- Installing: /home/huy/ros2_ws/install/uav_msgs/share/uav_msgs/local_setup.dsv
[1.702s] -- Installing: /home/huy/ros2_ws/install/uav_msgs/share/uav_msgs/package.dsv
[1.702s] -- Up-to-date: /home/huy/ros2_ws/install/uav_msgs/share/ament_index/resource_index/packages/uav_msgs
[1.702s] -- Up-to-date: /home/huy/ros2_ws/install/uav_msgs/share/uav_msgs/cmake/export_uav_msgs__rosidl_generator_cExport.cmake
[1.702s] -- Up-to-date: /home/huy/ros2_ws/install/uav_msgs/share/uav_msgs/cmake/export_uav_msgs__rosidl_generator_cExport-noconfig.cmake
[1.702s] -- Up-to-date: /home/huy/ros2_ws/install/uav_msgs/share/uav_msgs/cmake/export_uav_msgs__rosidl_typesupport_fastrtps_cExport.cmake
[1.702s] -- Up-to-date: /home/huy/ros2_ws/install/uav_msgs/share/uav_msgs/cmake/export_uav_msgs__rosidl_typesupport_fastrtps_cExport-noconfig.cmake
[1.702s] -- Up-to-date: /home/huy/ros2_ws/install/uav_msgs/share/uav_msgs/cmake/uav_msgs__rosidl_typesupport_introspection_cExport.cmake
[1.702s] -- Up-to-date: /home/huy/ros2_ws/install/uav_msgs/share/uav_msgs/cmake/uav_msgs__rosidl_typesupport_introspection_cExport-noconfig.cmake
[1.702s] -- Up-to-date: /home/huy/ros2_ws/install/uav_msgs/share/uav_msgs/cmake/uav_msgs__rosidl_typesupport_cExport.cmake
[1.702s] -- Up-to-date: /home/huy/ros2_ws/install/uav_msgs/share/uav_msgs/cmake/uav_msgs__rosidl_typesupport_cExport-noconfig.cmake
[1.702s] -- Up-to-date: /home/huy/ros2_ws/install/uav_msgs/share/uav_msgs/cmake/export_uav_msgs__rosidl_generator_cppExport.cmake
[1.702s] -- Up-to-date: /home/huy/ros2_ws/install/uav_msgs/share/uav_msgs/cmake/export_uav_msgs__rosidl_typesupport_fastrtps_cppExport.cmake
[1.702s] -- Up-to-date: /home/huy/ros2_ws/install/uav_msgs/share/uav_msgs/cmake/export_uav_msgs__rosidl_typesupport_fastrtps_cppExport-noconfig.cmake
[1.703s] -- Up-to-date: /home/huy/ros2_ws/install/uav_msgs/share/uav_msgs/cmake/uav_msgs__rosidl_typesupport_introspection_cppExport.cmake
[1.703s] -- Up-to-date: /home/huy/ros2_ws/install/uav_msgs/share/uav_msgs/cmake/uav_msgs__rosidl_typesupport_introspection_cppExport-noconfig.cmake
[1.703s] -- Up-to-date: /home/huy/ros2_ws/install/uav_msgs/share/uav_msgs/cmake/uav_msgs__rosidl_typesupport_cppExport.cmake
[1.703s] -- Up-to-date: /home/huy/ros2_ws/install/uav_msgs/share/uav_msgs/cmake/uav_msgs__rosidl_typesupport_cppExport-noconfig.cmake
[1.703s] -- Up-to-date: /home/huy/ros2_ws/install/uav_msgs/share/uav_msgs/cmake/export_uav_msgs__rosidl_generator_pyExport.cmake
[1.703s] -- Up-to-date: /home/huy/ros2_ws/install/uav_msgs/share/uav_msgs/cmake/export_uav_msgs__rosidl_generator_pyExport-noconfig.cmake
[1.703s] -- Up-to-date: /home/huy/ros2_ws/install/uav_msgs/share/uav_msgs/cmake/rosidl_cmake-extras.cmake
[1.703s] -- Up-to-date: /home/huy/ros2_ws/install/uav_msgs/share/uav_msgs/cmake/ament_cmake_export_include_directories-extras.cmake
[1.703s] -- Up-to-date: /home/huy/ros2_ws/install/uav_msgs/share/uav_msgs/cmake/ament_cmake_export_libraries-extras.cmake
[1.703s] -- Up-to-date: /home/huy/ros2_ws/install/uav_msgs/share/uav_msgs/cmake/ament_cmake_export_targets-extras.cmake
[1.703s] -- Up-to-date: /home/huy/ros2_ws/install/uav_msgs/share/uav_msgs/cmake/rosidl_cmake_export_typesupport_targets-extras.cmake
[1.703s] -- Up-to-date: /home/huy/ros2_ws/install/uav_msgs/share/uav_msgs/cmake/ament_cmake_export_dependencies-extras.cmake
[1.703s] -- Up-to-date: /home/huy/ros2_ws/install/uav_msgs/share/uav_msgs/cmake/rosidl_cmake_export_typesupport_libraries-extras.cmake
[1.703s] -- Up-to-date: /home/huy/ros2_ws/install/uav_msgs/share/uav_msgs/cmake/uav_msgsConfig.cmake
[1.703s] -- Up-to-date: /home/huy/ros2_ws/install/uav_msgs/share/uav_msgs/cmake/uav_msgsConfig-version.cmake
[1.703s] -- Up-to-date: /home/huy/ros2_ws/install/uav_msgs/share/uav_msgs/package.xml
[1.705s] Invoked command in '/home/huy/ros2_ws/build/uav_msgs' returned '0': /usr/bin/cmake --install /home/huy/ros2_ws/build/uav_msgs
