[0.042s] Invoking command in '/home/huy/ros2_ws/build/uav_msgs': /usr/bin/cmake --build /home/huy/ros2_ws/build/uav_msgs -- -j16 -l16
[0.184s] [  2%] Built target uav_msgs__cpp
[0.186s] [ 12%] Built target uav_msgs__rosidl_generator_c
[0.212s] [ 12%] Built target ament_cmake_python_copy_uav_msgs
[0.242s] [ 33%] Built target uav_msgs__rosidl_typesupport_c
[0.243s] [ 33%] Built target uav_msgs__rosidl_typesupport_cpp
[0.243s] [ 53%] Built target uav_msgs__rosidl_typesupport_fastrtps_cpp
[0.243s] [ 53%] Built target uav_msgs__rosidl_typesupport_introspection_cpp
[0.244s] [ 64%] Built target uav_msgs__rosidl_typesupport_introspection_c
[0.245s] [ 74%] Built target uav_msgs__rosidl_typesupport_fastrtps_c
[0.303s] [ 74%] Built target uav_msgs
[0.360s] [ 76%] Built target uav_msgs__py
[0.427s] [ 84%] Built target uav_msgs__rosidl_generator_py
[0.488s] [100%] Built target uav_msgs__rosidl_typesupport_c__pyext
[0.488s] [100%] Built target uav_msgs__rosidl_typesupport_introspection_c__pyext
[0.488s] [100%] Built target uav_msgs__rosidl_typesupport_fastrtps_c__pyext
[0.813s] running egg_info
[0.814s] writing uav_msgs.egg-info/PKG-INFO
[0.815s] writing dependency_links to uav_msgs.egg-info/dependency_links.txt
[0.815s] writing top-level names to uav_msgs.egg-info/top_level.txt
[0.820s] reading manifest file 'uav_msgs.egg-info/SOURCES.txt'
[0.822s] writing manifest file 'uav_msgs.egg-info/SOURCES.txt'
[0.884s] [100%] Built target ament_cmake_python_build_uav_msgs_egg
[0.915s] Invoked command in '/home/huy/ros2_ws/build/uav_msgs' returned '0': /usr/bin/cmake --build /home/huy/ros2_ws/build/uav_msgs -- -j16 -l16
[0.920s] Invoking command in '/home/huy/ros2_ws/build/uav_msgs': /usr/bin/cmake --install /home/huy/ros2_ws/build/uav_msgs
[0.943s] -- Install configuration: ""
[0.943s] -- Up-to-date: /home/huy/ros2_ws/install/uav_msgs/share/ament_index/resource_index/rosidl_interfaces/uav_msgs
[0.943s] -- Up-to-date: /home/huy/ros2_ws/install/uav_msgs/include/uav_msgs/uav_msgs
[0.943s] -- Up-to-date: /home/huy/ros2_ws/install/uav_msgs/include/uav_msgs/uav_msgs/msg
[0.944s] -- Up-to-date: /home/huy/ros2_ws/install/uav_msgs/include/uav_msgs/uav_msgs/msg/rosidl_generator_c__visibility_control.h
[0.944s] -- Up-to-date: /home/huy/ros2_ws/install/uav_msgs/include/uav_msgs/uav_msgs/msg/detail
[0.944s] -- Up-to-date: /home/huy/ros2_ws/install/uav_msgs/include/uav_msgs/uav_msgs/msg/detail/uav_cmd__struct.h
[0.944s] -- Up-to-date: /home/huy/ros2_ws/install/uav_msgs/include/uav_msgs/uav_msgs/msg/detail/uav_state__type_support.h
[0.944s] -- Up-to-date: /home/huy/ros2_ws/install/uav_msgs/include/uav_msgs/uav_msgs/msg/detail/uav_cmd__functions.h
[0.945s] -- Up-to-date: /home/huy/ros2_ws/install/uav_msgs/include/uav_msgs/uav_msgs/msg/detail/uav_state__functions.c
[0.945s] -- Up-to-date: /home/huy/ros2_ws/install/uav_msgs/include/uav_msgs/uav_msgs/msg/detail/uav_cmd__functions.c
[0.945s] -- Up-to-date: /home/huy/ros2_ws/install/uav_msgs/include/uav_msgs/uav_msgs/msg/detail/uav_state__struct.h
[0.945s] -- Up-to-date: /home/huy/ros2_ws/install/uav_msgs/include/uav_msgs/uav_msgs/msg/detail/uav_state__functions.h
[0.945s] -- Up-to-date: /home/huy/ros2_ws/install/uav_msgs/include/uav_msgs/uav_msgs/msg/detail/uav_cmd__type_support.h
[0.945s] -- Up-to-date: /home/huy/ros2_ws/install/uav_msgs/include/uav_msgs/uav_msgs/msg/uav_cmd.h
[0.945s] -- Up-to-date: /home/huy/ros2_ws/install/uav_msgs/include/uav_msgs/uav_msgs/msg/uav_state.h
[0.946s] -- Up-to-date: /home/huy/ros2_ws/install/uav_msgs/share/uav_msgs/environment/library_path.sh
[0.946s] -- Up-to-date: /home/huy/ros2_ws/install/uav_msgs/share/uav_msgs/environment/library_path.dsv
[0.947s] -- Up-to-date: /home/huy/ros2_ws/install/uav_msgs/lib/libuav_msgs__rosidl_generator_c.so
[0.947s] -- Up-to-date: /home/huy/ros2_ws/install/uav_msgs/include/uav_msgs/uav_msgs
[0.947s] -- Up-to-date: /home/huy/ros2_ws/install/uav_msgs/include/uav_msgs/uav_msgs/msg
[0.947s] -- Up-to-date: /home/huy/ros2_ws/install/uav_msgs/include/uav_msgs/uav_msgs/msg/detail
[0.947s] -- Up-to-date: /home/huy/ros2_ws/install/uav_msgs/include/uav_msgs/uav_msgs/msg/detail/uav_state__rosidl_typesupport_fastrtps_c.h
[0.948s] -- Up-to-date: /home/huy/ros2_ws/install/uav_msgs/include/uav_msgs/uav_msgs/msg/detail/uav_cmd__rosidl_typesupport_fastrtps_c.h
[0.948s] -- Up-to-date: /home/huy/ros2_ws/install/uav_msgs/include/uav_msgs/uav_msgs/msg/rosidl_typesupport_fastrtps_c__visibility_control.h
[0.948s] -- Up-to-date: /home/huy/ros2_ws/install/uav_msgs/lib/libuav_msgs__rosidl_typesupport_fastrtps_c.so
[0.948s] -- Up-to-date: /home/huy/ros2_ws/install/uav_msgs/include/uav_msgs/uav_msgs
[0.948s] -- Up-to-date: /home/huy/ros2_ws/install/uav_msgs/include/uav_msgs/uav_msgs/msg
[0.949s] -- Up-to-date: /home/huy/ros2_ws/install/uav_msgs/include/uav_msgs/uav_msgs/msg/detail
[0.950s] -- Up-to-date: /home/huy/ros2_ws/install/uav_msgs/include/uav_msgs/uav_msgs/msg/detail/uav_cmd__type_support.c
[0.950s] -- Up-to-date: /home/huy/ros2_ws/install/uav_msgs/include/uav_msgs/uav_msgs/msg/detail/uav_state__type_support.c
[0.951s] -- Up-to-date: /home/huy/ros2_ws/install/uav_msgs/include/uav_msgs/uav_msgs/msg/detail/uav_cmd__rosidl_typesupport_introspection_c.h
[0.951s] -- Up-to-date: /home/huy/ros2_ws/install/uav_msgs/include/uav_msgs/uav_msgs/msg/detail/uav_state__rosidl_typesupport_introspection_c.h
[0.952s] -- Up-to-date: /home/huy/ros2_ws/install/uav_msgs/include/uav_msgs/uav_msgs/msg/rosidl_typesupport_introspection_c__visibility_control.h
[0.952s] -- Up-to-date: /home/huy/ros2_ws/install/uav_msgs/lib/libuav_msgs__rosidl_typesupport_introspection_c.so
[0.952s] -- Up-to-date: /home/huy/ros2_ws/install/uav_msgs/lib/libuav_msgs__rosidl_typesupport_c.so
[0.952s] -- Up-to-date: /home/huy/ros2_ws/install/uav_msgs/include/uav_msgs/uav_msgs
[0.952s] -- Up-to-date: /home/huy/ros2_ws/install/uav_msgs/include/uav_msgs/uav_msgs/msg
[0.952s] -- Up-to-date: /home/huy/ros2_ws/install/uav_msgs/include/uav_msgs/uav_msgs/msg/rosidl_generator_cpp__visibility_control.hpp
[0.952s] -- Up-to-date: /home/huy/ros2_ws/install/uav_msgs/include/uav_msgs/uav_msgs/msg/detail
[0.952s] -- Up-to-date: /home/huy/ros2_ws/install/uav_msgs/include/uav_msgs/uav_msgs/msg/detail/uav_cmd__traits.hpp
[0.953s] -- Up-to-date: /home/huy/ros2_ws/install/uav_msgs/include/uav_msgs/uav_msgs/msg/detail/uav_state__type_support.hpp
[0.953s] -- Up-to-date: /home/huy/ros2_ws/install/uav_msgs/include/uav_msgs/uav_msgs/msg/detail/uav_state__struct.hpp
[0.953s] -- Up-to-date: /home/huy/ros2_ws/install/uav_msgs/include/uav_msgs/uav_msgs/msg/detail/uav_cmd__struct.hpp
[0.953s] -- Up-to-date: /home/huy/ros2_ws/install/uav_msgs/include/uav_msgs/uav_msgs/msg/detail/uav_state__builder.hpp
[0.953s] -- Up-to-date: /home/huy/ros2_ws/install/uav_msgs/include/uav_msgs/uav_msgs/msg/detail/uav_cmd__type_support.hpp
[0.953s] -- Up-to-date: /home/huy/ros2_ws/install/uav_msgs/include/uav_msgs/uav_msgs/msg/detail/uav_cmd__builder.hpp
[0.954s] -- Up-to-date: /home/huy/ros2_ws/install/uav_msgs/include/uav_msgs/uav_msgs/msg/detail/uav_state__traits.hpp
[0.954s] -- Up-to-date: /home/huy/ros2_ws/install/uav_msgs/include/uav_msgs/uav_msgs/msg/uav_cmd.hpp
[0.954s] -- Up-to-date: /home/huy/ros2_ws/install/uav_msgs/include/uav_msgs/uav_msgs/msg/uav_state.hpp
[0.954s] -- Up-to-date: /home/huy/ros2_ws/install/uav_msgs/include/uav_msgs/uav_msgs
[0.954s] -- Up-to-date: /home/huy/ros2_ws/install/uav_msgs/include/uav_msgs/uav_msgs/msg
[0.954s] -- Up-to-date: /home/huy/ros2_ws/install/uav_msgs/include/uav_msgs/uav_msgs/msg/detail
[0.954s] -- Up-to-date: /home/huy/ros2_ws/install/uav_msgs/include/uav_msgs/uav_msgs/msg/detail/uav_cmd__rosidl_typesupport_fastrtps_cpp.hpp
[0.955s] -- Up-to-date: /home/huy/ros2_ws/install/uav_msgs/include/uav_msgs/uav_msgs/msg/detail/dds_fastrtps
[0.955s] -- Up-to-date: /home/huy/ros2_ws/install/uav_msgs/include/uav_msgs/uav_msgs/msg/detail/uav_state__rosidl_typesupport_fastrtps_cpp.hpp
[0.955s] -- Up-to-date: /home/huy/ros2_ws/install/uav_msgs/include/uav_msgs/uav_msgs/msg/rosidl_typesupport_fastrtps_cpp__visibility_control.h
[0.955s] -- Up-to-date: /home/huy/ros2_ws/install/uav_msgs/lib/libuav_msgs__rosidl_typesupport_fastrtps_cpp.so
[0.955s] -- Up-to-date: /home/huy/ros2_ws/install/uav_msgs/include/uav_msgs/uav_msgs
[0.956s] -- Up-to-date: /home/huy/ros2_ws/install/uav_msgs/include/uav_msgs/uav_msgs/msg
[0.956s] -- Up-to-date: /home/huy/ros2_ws/install/uav_msgs/include/uav_msgs/uav_msgs/msg/detail
[0.956s] -- Up-to-date: /home/huy/ros2_ws/install/uav_msgs/include/uav_msgs/uav_msgs/msg/detail/uav_state__type_support.cpp
[0.956s] -- Up-to-date: /home/huy/ros2_ws/install/uav_msgs/include/uav_msgs/uav_msgs/msg/detail/uav_state__rosidl_typesupport_introspection_cpp.hpp
[0.956s] -- Up-to-date: /home/huy/ros2_ws/install/uav_msgs/include/uav_msgs/uav_msgs/msg/detail/uav_cmd__type_support.cpp
[0.956s] -- Up-to-date: /home/huy/ros2_ws/install/uav_msgs/include/uav_msgs/uav_msgs/msg/detail/uav_cmd__rosidl_typesupport_introspection_cpp.hpp
[0.956s] -- Up-to-date: /home/huy/ros2_ws/install/uav_msgs/lib/libuav_msgs__rosidl_typesupport_introspection_cpp.so
[0.957s] -- Up-to-date: /home/huy/ros2_ws/install/uav_msgs/lib/libuav_msgs__rosidl_typesupport_cpp.so
[0.957s] -- Up-to-date: /home/huy/ros2_ws/install/uav_msgs/share/uav_msgs/environment/pythonpath.sh
[0.957s] -- Up-to-date: /home/huy/ros2_ws/install/uav_msgs/share/uav_msgs/environment/pythonpath.dsv
[0.957s] -- Up-to-date: /home/huy/ros2_ws/install/uav_msgs/local/lib/python3.10/dist-packages/uav_msgs-0.0.0-py3.10.egg-info
[0.957s] -- Installing: /home/huy/ros2_ws/install/uav_msgs/local/lib/python3.10/dist-packages/uav_msgs-0.0.0-py3.10.egg-info/PKG-INFO
[0.957s] -- Installing: /home/huy/ros2_ws/install/uav_msgs/local/lib/python3.10/dist-packages/uav_msgs-0.0.0-py3.10.egg-info/SOURCES.txt
[0.957s] -- Installing: /home/huy/ros2_ws/install/uav_msgs/local/lib/python3.10/dist-packages/uav_msgs-0.0.0-py3.10.egg-info/top_level.txt
[0.958s] -- Installing: /home/huy/ros2_ws/install/uav_msgs/local/lib/python3.10/dist-packages/uav_msgs-0.0.0-py3.10.egg-info/dependency_links.txt
[0.958s] -- Up-to-date: /home/huy/ros2_ws/install/uav_msgs/local/lib/python3.10/dist-packages/uav_msgs
[0.958s] -- Up-to-date: /home/huy/ros2_ws/install/uav_msgs/local/lib/python3.10/dist-packages/uav_msgs/libuav_msgs__rosidl_generator_py.so
[0.958s] -- Up-to-date: /home/huy/ros2_ws/install/uav_msgs/local/lib/python3.10/dist-packages/uav_msgs/_uav_msgs_s.ep.rosidl_typesupport_introspection_c.c
[0.958s] -- Up-to-date: /home/huy/ros2_ws/install/uav_msgs/local/lib/python3.10/dist-packages/uav_msgs/_uav_msgs_s.ep.rosidl_typesupport_fastrtps_c.c
[0.958s] -- Up-to-date: /home/huy/ros2_ws/install/uav_msgs/local/lib/python3.10/dist-packages/uav_msgs/uav_msgs_s__rosidl_typesupport_fastrtps_c.cpython-310-x86_64-linux-gnu.so
[0.958s] -- Up-to-date: /home/huy/ros2_ws/install/uav_msgs/local/lib/python3.10/dist-packages/uav_msgs/msg
[0.959s] -- Up-to-date: /home/huy/ros2_ws/install/uav_msgs/local/lib/python3.10/dist-packages/uav_msgs/msg/_uav_state_s.c
[0.959s] -- Up-to-date: /home/huy/ros2_ws/install/uav_msgs/local/lib/python3.10/dist-packages/uav_msgs/msg/_uav_cmd.py
[0.959s] -- Up-to-date: /home/huy/ros2_ws/install/uav_msgs/local/lib/python3.10/dist-packages/uav_msgs/msg/_uav_state.py
[0.959s] -- Up-to-date: /home/huy/ros2_ws/install/uav_msgs/local/lib/python3.10/dist-packages/uav_msgs/msg/__init__.py
[0.959s] -- Up-to-date: /home/huy/ros2_ws/install/uav_msgs/local/lib/python3.10/dist-packages/uav_msgs/msg/_uav_cmd_s.c
[0.959s] -- Up-to-date: /home/huy/ros2_ws/install/uav_msgs/local/lib/python3.10/dist-packages/uav_msgs/__init__.py
[0.960s] -- Up-to-date: /home/huy/ros2_ws/install/uav_msgs/local/lib/python3.10/dist-packages/uav_msgs/uav_msgs_s__rosidl_typesupport_c.cpython-310-x86_64-linux-gnu.so
[0.960s] -- Up-to-date: /home/huy/ros2_ws/install/uav_msgs/local/lib/python3.10/dist-packages/uav_msgs/_uav_msgs_s.ep.rosidl_typesupport_c.c
[0.960s] -- Up-to-date: /home/huy/ros2_ws/install/uav_msgs/local/lib/python3.10/dist-packages/uav_msgs/uav_msgs_s__rosidl_typesupport_introspection_c.cpython-310-x86_64-linux-gnu.so
[1.031s] Listing '/home/huy/ros2_ws/install/uav_msgs/local/lib/python3.10/dist-packages/uav_msgs'...
[1.031s] Listing '/home/huy/ros2_ws/install/uav_msgs/local/lib/python3.10/dist-packages/uav_msgs/msg'...
[1.041s] -- Up-to-date: /home/huy/ros2_ws/install/uav_msgs/local/lib/python3.10/dist-packages/uav_msgs/uav_msgs_s__rosidl_typesupport_fastrtps_c.cpython-310-x86_64-linux-gnu.so
[1.042s] -- Up-to-date: /home/huy/ros2_ws/install/uav_msgs/local/lib/python3.10/dist-packages/uav_msgs/uav_msgs_s__rosidl_typesupport_introspection_c.cpython-310-x86_64-linux-gnu.so
[1.042s] -- Up-to-date: /home/huy/ros2_ws/install/uav_msgs/local/lib/python3.10/dist-packages/uav_msgs/uav_msgs_s__rosidl_typesupport_c.cpython-310-x86_64-linux-gnu.so
[1.043s] -- Up-to-date: /home/huy/ros2_ws/install/uav_msgs/lib/libuav_msgs__rosidl_generator_py.so
[1.044s] -- Up-to-date: /home/huy/ros2_ws/install/uav_msgs/share/uav_msgs/msg/UavState.idl
[1.044s] -- Up-to-date: /home/huy/ros2_ws/install/uav_msgs/share/uav_msgs/msg/UavCmd.idl
[1.044s] -- Up-to-date: /home/huy/ros2_ws/install/uav_msgs/share/uav_msgs/msg/UavState.msg
[1.045s] -- Up-to-date: /home/huy/ros2_ws/install/uav_msgs/share/uav_msgs/msg/UavCmd.msg
[1.045s] -- Up-to-date: /home/huy/ros2_ws/install/uav_msgs/share/ament_index/resource_index/package_run_dependencies/uav_msgs
[1.045s] -- Up-to-date: /home/huy/ros2_ws/install/uav_msgs/share/ament_index/resource_index/parent_prefix_path/uav_msgs
[1.045s] -- Up-to-date: /home/huy/ros2_ws/install/uav_msgs/share/uav_msgs/environment/ament_prefix_path.sh
[1.045s] -- Up-to-date: /home/huy/ros2_ws/install/uav_msgs/share/uav_msgs/environment/ament_prefix_path.dsv
[1.046s] -- Up-to-date: /home/huy/ros2_ws/install/uav_msgs/share/uav_msgs/environment/path.sh
[1.047s] -- Up-to-date: /home/huy/ros2_ws/install/uav_msgs/share/uav_msgs/environment/path.dsv
[1.047s] -- Up-to-date: /home/huy/ros2_ws/install/uav_msgs/share/uav_msgs/local_setup.bash
[1.048s] -- Up-to-date: /home/huy/ros2_ws/install/uav_msgs/share/uav_msgs/local_setup.sh
[1.048s] -- Up-to-date: /home/huy/ros2_ws/install/uav_msgs/share/uav_msgs/local_setup.zsh
[1.049s] -- Up-to-date: /home/huy/ros2_ws/install/uav_msgs/share/uav_msgs/local_setup.dsv
[1.049s] -- Installing: /home/huy/ros2_ws/install/uav_msgs/share/uav_msgs/package.dsv
[1.049s] -- Up-to-date: /home/huy/ros2_ws/install/uav_msgs/share/ament_index/resource_index/packages/uav_msgs
[1.050s] -- Up-to-date: /home/huy/ros2_ws/install/uav_msgs/share/uav_msgs/cmake/export_uav_msgs__rosidl_generator_cExport.cmake
[1.050s] -- Up-to-date: /home/huy/ros2_ws/install/uav_msgs/share/uav_msgs/cmake/export_uav_msgs__rosidl_generator_cExport-noconfig.cmake
[1.050s] -- Up-to-date: /home/huy/ros2_ws/install/uav_msgs/share/uav_msgs/cmake/export_uav_msgs__rosidl_typesupport_fastrtps_cExport.cmake
[1.050s] -- Up-to-date: /home/huy/ros2_ws/install/uav_msgs/share/uav_msgs/cmake/export_uav_msgs__rosidl_typesupport_fastrtps_cExport-noconfig.cmake
[1.051s] -- Up-to-date: /home/huy/ros2_ws/install/uav_msgs/share/uav_msgs/cmake/uav_msgs__rosidl_typesupport_introspection_cExport.cmake
[1.051s] -- Up-to-date: /home/huy/ros2_ws/install/uav_msgs/share/uav_msgs/cmake/uav_msgs__rosidl_typesupport_introspection_cExport-noconfig.cmake
[1.051s] -- Up-to-date: /home/huy/ros2_ws/install/uav_msgs/share/uav_msgs/cmake/uav_msgs__rosidl_typesupport_cExport.cmake
[1.051s] -- Up-to-date: /home/huy/ros2_ws/install/uav_msgs/share/uav_msgs/cmake/uav_msgs__rosidl_typesupport_cExport-noconfig.cmake
[1.051s] -- Up-to-date: /home/huy/ros2_ws/install/uav_msgs/share/uav_msgs/cmake/export_uav_msgs__rosidl_generator_cppExport.cmake
[1.052s] -- Up-to-date: /home/huy/ros2_ws/install/uav_msgs/share/uav_msgs/cmake/export_uav_msgs__rosidl_typesupport_fastrtps_cppExport.cmake
[1.052s] -- Up-to-date: /home/huy/ros2_ws/install/uav_msgs/share/uav_msgs/cmake/export_uav_msgs__rosidl_typesupport_fastrtps_cppExport-noconfig.cmake
[1.052s] -- Up-to-date: /home/huy/ros2_ws/install/uav_msgs/share/uav_msgs/cmake/uav_msgs__rosidl_typesupport_introspection_cppExport.cmake
[1.052s] -- Up-to-date: /home/huy/ros2_ws/install/uav_msgs/share/uav_msgs/cmake/uav_msgs__rosidl_typesupport_introspection_cppExport-noconfig.cmake
[1.052s] -- Up-to-date: /home/huy/ros2_ws/install/uav_msgs/share/uav_msgs/cmake/uav_msgs__rosidl_typesupport_cppExport.cmake
[1.052s] -- Up-to-date: /home/huy/ros2_ws/install/uav_msgs/share/uav_msgs/cmake/uav_msgs__rosidl_typesupport_cppExport-noconfig.cmake
[1.052s] -- Up-to-date: /home/huy/ros2_ws/install/uav_msgs/share/uav_msgs/cmake/export_uav_msgs__rosidl_generator_pyExport.cmake
[1.052s] -- Up-to-date: /home/huy/ros2_ws/install/uav_msgs/share/uav_msgs/cmake/export_uav_msgs__rosidl_generator_pyExport-noconfig.cmake
[1.053s] -- Up-to-date: /home/huy/ros2_ws/install/uav_msgs/share/uav_msgs/cmake/rosidl_cmake-extras.cmake
[1.053s] -- Up-to-date: /home/huy/ros2_ws/install/uav_msgs/share/uav_msgs/cmake/ament_cmake_export_include_directories-extras.cmake
[1.053s] -- Up-to-date: /home/huy/ros2_ws/install/uav_msgs/share/uav_msgs/cmake/ament_cmake_export_libraries-extras.cmake
[1.053s] -- Up-to-date: /home/huy/ros2_ws/install/uav_msgs/share/uav_msgs/cmake/ament_cmake_export_targets-extras.cmake
[1.053s] -- Up-to-date: /home/huy/ros2_ws/install/uav_msgs/share/uav_msgs/cmake/rosidl_cmake_export_typesupport_targets-extras.cmake
[1.053s] -- Up-to-date: /home/huy/ros2_ws/install/uav_msgs/share/uav_msgs/cmake/ament_cmake_export_dependencies-extras.cmake
[1.053s] -- Up-to-date: /home/huy/ros2_ws/install/uav_msgs/share/uav_msgs/cmake/rosidl_cmake_export_typesupport_libraries-extras.cmake
[1.054s] -- Up-to-date: /home/huy/ros2_ws/install/uav_msgs/share/uav_msgs/cmake/uav_msgsConfig.cmake
[1.054s] -- Up-to-date: /home/huy/ros2_ws/install/uav_msgs/share/uav_msgs/cmake/uav_msgsConfig-version.cmake
[1.054s] -- Up-to-date: /home/huy/ros2_ws/install/uav_msgs/share/uav_msgs/package.xml
[1.057s] Invoked command in '/home/huy/ros2_ws/build/uav_msgs' returned '0': /usr/bin/cmake --install /home/huy/ros2_ws/build/uav_msgs
