[0.014s] Invoking command in '/home/huy/ros2_ws/build/uav_motor_plugin': CMAKE_PREFIX_PATH=/opt/ros/humble:/home/huy/ros2_ws/install/uav_msgs:/home/huy/ros2_ws/install/uav_sim:/home/huy/ros2_ws/install/uav_motor_plugin:/home/huy/ros2_ws/install/uav_dynamics:/home/huy/ros2_ws/install/uav_controller LD_LIBRARY_PATH=/home/huy/ros2_ws/install/uav_msgs/lib:/home/huy/ros2_ws/install/uav_motor_plugin/lib:/usr/lib/x86_64-linux-gnu/gazebo-11/plugins:/opt/ros/humble/opt/rviz_ogre_vendor/lib:/opt/ros/humble/lib/x86_64-linux-gnu:/opt/ros/humble/lib:/usr/lib/x86_64-linux-gnu/gazebo-11/plugins /usr/bin/cmake --build /home/huy/ros2_ws/build/uav_motor_plugin -- -j16 -l16
[0.037s] -- Found ament_cmake: 1.3.12 (/opt/ros/humble/share/ament_cmake/cmake)
[0.146s] -- Found gazebo_dev: 3.9.0 (/opt/ros/humble/share/gazebo_dev/cmake)
[0.183s] -- Found DART: /usr/include (Required is at least version "6.6") found components: dart 
[0.222s] -- Found Protobuf: /usr/lib/x86_64-linux-gnu/libprotobuf.so (found version "3.12.4") 
[0.224s] -- Looking for ignition-math6 -- found version 6.15.1
[0.230s] -- Searching for dependencies of ignition-math6
[0.232s] -- Looking for OGRE...
[0.238s] -- Found Ogre Ghadamon (1.9.0)
[0.238s] -- Found OGRE: optimized;/usr/lib/x86_64-linux-gnu/libOgreMain.so;debug;/usr/lib/x86_64-linux-gnu/libOgreMain.so
[0.245s] -- Looking for OGRE_Paging...
[0.246s] -- Found OGRE_Paging: optimized;/usr/lib/x86_64-linux-gnu/libOgrePaging.so;debug;/usr/lib/x86_64-linux-gnu/libOgrePaging.so
[0.246s] -- Looking for OGRE_Terrain...
[0.246s] -- Found OGRE_Terrain: optimized;/usr/lib/x86_64-linux-gnu/libOgreTerrain.so;debug;/usr/lib/x86_64-linux-gnu/libOgreTerrain.so
[0.246s] -- Looking for OGRE_Property...
[0.246s] -- Found OGRE_Property: optimized;/usr/lib/x86_64-linux-gnu/libOgreProperty.so;debug;/usr/lib/x86_64-linux-gnu/libOgreProperty.so
[0.246s] -- Looking for OGRE_RTShaderSystem...
[0.246s] -- Found OGRE_RTShaderSystem: optimized;/usr/lib/x86_64-linux-gnu/libOgreRTShaderSystem.so;debug;/usr/lib/x86_64-linux-gnu/libOgreRTShaderSystem.so
[0.246s] -- Looking for OGRE_Volume...
[0.246s] -- Found OGRE_Volume: optimized;/usr/lib/x86_64-linux-gnu/libOgreVolume.so;debug;/usr/lib/x86_64-linux-gnu/libOgreVolume.so
[0.246s] -- Looking for OGRE_Overlay...
[0.246s] -- Found OGRE_Overlay: optimized;/usr/lib/x86_64-linux-gnu/libOgreOverlay.so;debug;/usr/lib/x86_64-linux-gnu/libOgreOverlay.so
[0.343s] -- Looking for ignition-math6 -- found version 6.15.1
[0.344s] -- Looking for ignition-transport8 -- found version 8.2.1
[0.344s] -- Searching for dependencies of ignition-transport8
[0.363s] -- Found Protobuf: /usr/lib/x86_64-linux-gnu/libprotobuf.so (found suitable version "3.12.4", minimum required is "3") 
[0.374s] -- Config-file not installed for ZeroMQ -- checking for pkg-config
[0.379s] -- Checking for module 'libzmq >= 4'
[0.393s] --   Found libzmq , version 4.3.4
[0.432s] -- Checking for module 'uuid'
[0.444s] --   Found uuid, version 2.37.2
[0.476s] -- Looking for ignition-msgs5 -- found version 5.8.1
[0.476s] -- Searching for dependencies of ignition-msgs5
[0.495s] -- Looking for ignition-math6 -- found version 6.15.1
[0.500s] -- Checking for module 'tinyxml2'
[0.512s] --   Found tinyxml2, version 9.0.0
[0.544s] -- Looking for ignition-msgs5 -- found version 5.8.1
[0.545s] -- Looking for ignition-common3 -- found version 3.14.0
[0.546s] -- Searching for dependencies of ignition-common3
[0.546s] -- Looking for dlfcn.h - found
[0.546s] -- Looking for libdl - found
[0.558s] -- Searching for <ignition-common3> component [graphics]
[0.559s] -- Looking for ignition-common3-graphics -- found version 3.14.0
[0.559s] -- Searching for dependencies of ignition-common3-graphics
[0.560s] -- Looking for ignition-math6 -- found version 6.15.1
[0.561s] -- Looking for ignition-fuel_tools4 -- found version 4.4.0
[0.562s] -- Searching for dependencies of ignition-fuel_tools4
[0.607s] -- Checking for module 'jsoncpp'
[0.624s] --   Found jsoncpp, version 1.9.5
[0.665s] -- Checking for module 'libzip'
[0.681s] --   Found libzip, version 1.7.3
[0.721s] -- Looking for ignition-common3 -- found version 3.14.0
[0.721s] -- Looking for ignition-math6 -- found version 6.15.1
[0.721s] -- Looking for ignition-msgs5 -- found version 5.8.1
[0.724s] -- Gazebo version: 11.10
[0.725s] -- Found gazebo_ros: 3.9.0 (/opt/ros/humble/share/gazebo_ros/cmake)
[0.757s] -- Found rosidl_generator_c: 3.1.8 (/opt/ros/humble/share/rosidl_generator_c/cmake)
[0.761s] -- Found rosidl_adapter: 3.1.8 (/opt/ros/humble/share/rosidl_adapter/cmake)
[0.769s] -- Found rosidl_generator_cpp: 3.1.8 (/opt/ros/humble/share/rosidl_generator_cpp/cmake)
[0.781s] -- Using all available rosidl_typesupport_c: rosidl_typesupport_fastrtps_c;rosidl_typesupport_introspection_c
[0.797s] -- Using all available rosidl_typesupport_cpp: rosidl_typesupport_fastrtps_cpp;rosidl_typesupport_introspection_cpp
[0.839s] -- Found rmw_implementation_cmake: 6.1.2 (/opt/ros/humble/share/rmw_implementation_cmake/cmake)
[0.840s] -- Found rmw_fastrtps_cpp: 6.2.9 (/opt/ros/humble/share/rmw_fastrtps_cpp/cmake)
[0.958s] -- Using RMW implementation 'rmw_fastrtps_cpp' as default
[1.004s] -- Found uav_msgs: 0.0.0 (/home/huy/ros2_ws/install/uav_msgs/share/uav_msgs/cmake)
[1.109s] -- Configuring done
[1.180s] -- Generating done
[1.189s] -- Build files have been written to: /home/huy/ros2_ws/build/uav_motor_plugin
[1.246s] [35m[1mConsolidate compiler generated dependencies of target uav_motor_plugin[0m
[1.298s] [ 50%] [32mBuilding CXX object CMakeFiles/uav_motor_plugin.dir/src/uav_motor_plugin.cpp.o[0m
[16.856s] [100%] [32m[1mLinking CXX shared library libuav_motor_plugin.so[0m
[17.479s] [100%] Built target uav_motor_plugin
