-- Found ament_cmake: 1.3.11 (/opt/ros/humble/share/ament_cmake/cmake)
-- Found rclcpp: 16.0.12 (/opt/ros/humble/share/rclcpp/cmake)
-- Found rosidl_generator_c: 3.1.6 (/opt/ros/humble/share/rosidl_generator_c/cmake)
-- Found rosidl_adapter: 3.1.6 (/opt/ros/humble/share/rosidl_adapter/cmake)
-- Found rosidl_generator_cpp: 3.1.6 (/opt/ros/humble/share/rosidl_generator_cpp/cmake)
-- Using all available rosidl_typesupport_c: rosidl_typesupport_fastrtps_c;rosidl_typesupport_introspection_c
-- Using all available rosidl_typesupport_cpp: rosidl_typesupport_fastrtps_cpp;rosidl_typesupport_introspection_cpp
-- Found rmw_implementation_cmake: 6.1.2 (/opt/ros/humble/share/rmw_implementation_cmake/cmake)
-- Found rmw_fastrtps_cpp: 6.2.7 (/opt/ros/humble/share/rmw_fastrtps_cpp/cmake)
-- Using RMW implementation 'rmw_fastrtps_cpp' as default
-- Found nav_msgs: 4.9.0 (/opt/ros/humble/share/nav_msgs/cmake)
-- Found uav_msgs: 0.0.0 (/home/huy/ros2_ws/install/uav_msgs/share/uav_msgs/cmake)
-- Configuring done
-- Generating done
-- Build files have been written to: /home/huy/ros2_ws/build/uav_sim
[35m[1mConsolidate compiler generated dependencies of target data_node[0m
[ 50%] [32mBuilding CXX object CMakeFiles/data_node.dir/src/show_data.cpp.o[0m
[100%] [32m[1mLinking CXX executable data_node[0m
[100%] Built target data_node
-- Install configuration: ""
-- Up-to-date: /home/huy/ros2_ws/install/uav_sim/share/uav_sim/launch
-- Up-to-date: /home/huy/ros2_ws/install/uav_sim/share/uav_sim/launch/uav_sim.launch.py
-- Up-to-date: /home/huy/ros2_ws/install/uav_sim/share/uav_sim/models
-- Up-to-date: /home/huy/ros2_ws/install/uav_sim/share/uav_sim/models/uav_world.sdf
-- Up-to-date: /home/huy/ros2_ws/install/uav_sim/share/uav_sim/models/uav
-- Up-to-date: /home/huy/ros2_ws/install/uav_sim/share/uav_sim/models/uav/drone.sdf
-- Up-to-date: /home/huy/ros2_ws/install/uav_sim/share/uav_sim/models/uav/uav.stl
-- Up-to-date: /home/huy/ros2_ws/install/uav_sim/share/uav_sim/models/uav/model.config
-- Installing: /home/huy/ros2_ws/install/uav_sim/lib/uav_sim/data_node
-- Set runtime path of "/home/huy/ros2_ws/install/uav_sim/lib/uav_sim/data_node" to ""
-- Installing: /home/huy/ros2_ws/install/uav_sim/share/ament_index/resource_index/package_run_dependencies/uav_sim
-- Up-to-date: /home/huy/ros2_ws/install/uav_sim/share/ament_index/resource_index/parent_prefix_path/uav_sim
-- Up-to-date: /home/huy/ros2_ws/install/uav_sim/share/uav_sim/environment/ament_prefix_path.sh
-- Installing: /home/huy/ros2_ws/install/uav_sim/share/uav_sim/environment/ament_prefix_path.dsv
-- Up-to-date: /home/huy/ros2_ws/install/uav_sim/share/uav_sim/environment/path.sh
-- Installing: /home/huy/ros2_ws/install/uav_sim/share/uav_sim/environment/path.dsv
-- Up-to-date: /home/huy/ros2_ws/install/uav_sim/share/uav_sim/local_setup.bash
-- Up-to-date: /home/huy/ros2_ws/install/uav_sim/share/uav_sim/local_setup.sh
-- Up-to-date: /home/huy/ros2_ws/install/uav_sim/share/uav_sim/local_setup.zsh
-- Installing: /home/huy/ros2_ws/install/uav_sim/share/uav_sim/local_setup.dsv
-- Installing: /home/huy/ros2_ws/install/uav_sim/share/uav_sim/package.dsv
-- Up-to-date: /home/huy/ros2_ws/install/uav_sim/share/ament_index/resource_index/packages/uav_sim
-- Up-to-date: /home/huy/ros2_ws/install/uav_sim/share/uav_sim/cmake/uav_simConfig.cmake
-- Up-to-date: /home/huy/ros2_ws/install/uav_sim/share/uav_sim/cmake/uav_simConfig-version.cmake
-- Installing: /home/huy/ros2_ws/install/uav_sim/share/uav_sim/package.xml
