[0.009s] Invoking command in '/home/huy/ros2_ws/build/uav_sim': CMAKE_PREFIX_PATH=/home/huy/ros2_ws/install/uav_motor_plugin:/home/huy/ros2_ws/install/uav_controller:/opt/ros/humble:/home/huy/ros2_ws/install/uav_msgs:/home/huy/ros2_ws/install/uav_sim:/home/huy/ros2_ws/install/uav_dynamics LD_LIBRARY_PATH=/home/huy/ros2_ws/install/uav_motor_plugin/lib:/home/huy/ros2_ws/install/uav_msgs/lib:/usr/lib/x86_64-linux-gnu/gazebo-11/plugins:/opt/ros/humble/opt/rviz_ogre_vendor/lib:/opt/ros/humble/lib/x86_64-linux-gnu:/opt/ros/humble/lib:/usr/lib/x86_64-linux-gnu/gazebo-11/plugins /usr/bin/cmake --build /home/huy/ros2_ws/build/uav_sim -- -j16 -l16
[0.031s] -- Found ament_cmake: 1.3.11 (/opt/ros/humble/share/ament_cmake/cmake)
[0.129s] -- Found rclcpp: 16.0.12 (/opt/ros/humble/share/rclcpp/cmake)
[0.151s] -- Found rosidl_generator_c: 3.1.6 (/opt/ros/humble/share/rosidl_generator_c/cmake)
[0.153s] -- Found rosidl_adapter: 3.1.6 (/opt/ros/humble/share/rosidl_adapter/cmake)
[0.157s] -- Found rosidl_generator_cpp: 3.1.6 (/opt/ros/humble/share/rosidl_generator_cpp/cmake)
[0.164s] -- Using all available rosidl_typesupport_c: rosidl_typesupport_fastrtps_c;rosidl_typesupport_introspection_c
[0.174s] -- Using all available rosidl_typesupport_cpp: rosidl_typesupport_fastrtps_cpp;rosidl_typesupport_introspection_cpp
[0.199s] -- Found rmw_implementation_cmake: 6.1.2 (/opt/ros/humble/share/rmw_implementation_cmake/cmake)
[0.200s] -- Found rmw_fastrtps_cpp: 6.2.7 (/opt/ros/humble/share/rmw_fastrtps_cpp/cmake)
[0.292s] -- Using RMW implementation 'rmw_fastrtps_cpp' as default
[0.327s] -- Found nav_msgs: 4.9.0 (/opt/ros/humble/share/nav_msgs/cmake)
[0.349s] -- Found uav_msgs: 0.0.0 (/home/huy/ros2_ws/install/uav_msgs/share/uav_msgs/cmake)
[0.431s] -- Configuring done
[0.440s] -- Generating done
[0.443s] -- Build files have been written to: /home/huy/ros2_ws/build/uav_sim
[0.468s] [35m[1mConsolidate compiler generated dependencies of target data_node[0m
[0.484s] [ 50%] [32mBuilding CXX object CMakeFiles/data_node.dir/src/show_data.cpp.o[0m
[12.406s] [100%] [32m[1mLinking CXX executable data_node[0m
[13.016s] [100%] Built target data_node
[13.027s] Invoked command in '/home/huy/ros2_ws/build/uav_sim' returned '0': CMAKE_PREFIX_PATH=/home/huy/ros2_ws/install/uav_motor_plugin:/home/huy/ros2_ws/install/uav_controller:/opt/ros/humble:/home/huy/ros2_ws/install/uav_msgs:/home/huy/ros2_ws/install/uav_sim:/home/huy/ros2_ws/install/uav_dynamics LD_LIBRARY_PATH=/home/huy/ros2_ws/install/uav_motor_plugin/lib:/home/huy/ros2_ws/install/uav_msgs/lib:/usr/lib/x86_64-linux-gnu/gazebo-11/plugins:/opt/ros/humble/opt/rviz_ogre_vendor/lib:/opt/ros/humble/lib/x86_64-linux-gnu:/opt/ros/humble/lib:/usr/lib/x86_64-linux-gnu/gazebo-11/plugins /usr/bin/cmake --build /home/huy/ros2_ws/build/uav_sim -- -j16 -l16
[13.028s] Invoking command in '/home/huy/ros2_ws/build/uav_sim': CMAKE_PREFIX_PATH=/home/huy/ros2_ws/install/uav_motor_plugin:/home/huy/ros2_ws/install/uav_controller:/opt/ros/humble:/home/huy/ros2_ws/install/uav_msgs:/home/huy/ros2_ws/install/uav_sim:/home/huy/ros2_ws/install/uav_dynamics LD_LIBRARY_PATH=/home/huy/ros2_ws/install/uav_motor_plugin/lib:/home/huy/ros2_ws/install/uav_msgs/lib:/usr/lib/x86_64-linux-gnu/gazebo-11/plugins:/opt/ros/humble/opt/rviz_ogre_vendor/lib:/opt/ros/humble/lib/x86_64-linux-gnu:/opt/ros/humble/lib:/usr/lib/x86_64-linux-gnu/gazebo-11/plugins /usr/bin/cmake --install /home/huy/ros2_ws/build/uav_sim
[13.035s] -- Install configuration: ""
[13.035s] -- Up-to-date: /home/huy/ros2_ws/install/uav_sim/share/uav_sim/launch
[13.035s] -- Up-to-date: /home/huy/ros2_ws/install/uav_sim/share/uav_sim/launch/uav_sim.launch.py
[13.035s] -- Up-to-date: /home/huy/ros2_ws/install/uav_sim/share/uav_sim/models
[13.035s] -- Up-to-date: /home/huy/ros2_ws/install/uav_sim/share/uav_sim/models/uav_world.sdf
[13.035s] -- Up-to-date: /home/huy/ros2_ws/install/uav_sim/share/uav_sim/models/uav
[13.035s] -- Up-to-date: /home/huy/ros2_ws/install/uav_sim/share/uav_sim/models/uav/drone.sdf
[13.035s] -- Up-to-date: /home/huy/ros2_ws/install/uav_sim/share/uav_sim/models/uav/uav.stl
[13.035s] -- Up-to-date: /home/huy/ros2_ws/install/uav_sim/share/uav_sim/models/uav/model.config
[13.035s] -- Installing: /home/huy/ros2_ws/install/uav_sim/lib/uav_sim/data_node
[13.048s] -- Set runtime path of "/home/huy/ros2_ws/install/uav_sim/lib/uav_sim/data_node" to ""
[13.048s] -- Installing: /home/huy/ros2_ws/install/uav_sim/share/ament_index/resource_index/package_run_dependencies/uav_sim
[13.048s] -- Up-to-date: /home/huy/ros2_ws/install/uav_sim/share/ament_index/resource_index/parent_prefix_path/uav_sim
[13.048s] -- Up-to-date: /home/huy/ros2_ws/install/uav_sim/share/uav_sim/environment/ament_prefix_path.sh
[13.048s] -- Installing: /home/huy/ros2_ws/install/uav_sim/share/uav_sim/environment/ament_prefix_path.dsv
[13.048s] -- Up-to-date: /home/huy/ros2_ws/install/uav_sim/share/uav_sim/environment/path.sh
[13.048s] -- Installing: /home/huy/ros2_ws/install/uav_sim/share/uav_sim/environment/path.dsv
[13.049s] -- Up-to-date: /home/huy/ros2_ws/install/uav_sim/share/uav_sim/local_setup.bash
[13.049s] -- Up-to-date: /home/huy/ros2_ws/install/uav_sim/share/uav_sim/local_setup.sh
[13.049s] -- Up-to-date: /home/huy/ros2_ws/install/uav_sim/share/uav_sim/local_setup.zsh
[13.049s] -- Installing: /home/huy/ros2_ws/install/uav_sim/share/uav_sim/local_setup.dsv
[13.049s] -- Installing: /home/huy/ros2_ws/install/uav_sim/share/uav_sim/package.dsv
[13.049s] -- Up-to-date: /home/huy/ros2_ws/install/uav_sim/share/ament_index/resource_index/packages/uav_sim
[13.049s] -- Up-to-date: /home/huy/ros2_ws/install/uav_sim/share/uav_sim/cmake/uav_simConfig.cmake
[13.049s] -- Up-to-date: /home/huy/ros2_ws/install/uav_sim/share/uav_sim/cmake/uav_simConfig-version.cmake
[13.049s] -- Installing: /home/huy/ros2_ws/install/uav_sim/share/uav_sim/package.xml
[13.052s] Invoked command in '/home/huy/ros2_ws/build/uav_sim' returned '0': CMAKE_PREFIX_PATH=/home/huy/ros2_ws/install/uav_motor_plugin:/home/huy/ros2_ws/install/uav_controller:/opt/ros/humble:/home/huy/ros2_ws/install/uav_msgs:/home/huy/ros2_ws/install/uav_sim:/home/huy/ros2_ws/install/uav_dynamics LD_LIBRARY_PATH=/home/huy/ros2_ws/install/uav_motor_plugin/lib:/home/huy/ros2_ws/install/uav_msgs/lib:/usr/lib/x86_64-linux-gnu/gazebo-11/plugins:/opt/ros/humble/opt/rviz_ogre_vendor/lib:/opt/ros/humble/lib/x86_64-linux-gnu:/opt/ros/humble/lib:/usr/lib/x86_64-linux-gnu/gazebo-11/plugins /usr/bin/cmake --install /home/huy/ros2_ws/build/uav_sim
