[0.080s] DEBUG:colcon:Command line arguments: ['/usr/bin/colcon', 'build']
[0.080s] DEBUG:colcon:Parsed command line arguments: Namespace(log_base=None, log_level=None, verb_name='build', build_base='build', install_base='install', merge_install=False, symlink_install=False, test_result_base=None, continue_on_error=False, executor='parallel', parallel_workers=16, event_handlers=None, ignore_user_meta=False, metas=['./colcon.meta'], base_paths=['.'], packages_ignore=None, packages_ignore_regex=None, paths=None, packages_up_to=None, packages_up_to_regex=None, packages_above=None, packages_above_and_dependencies=None, packages_above_depth=None, packages_select_by_dep=None, packages_skip_by_dep=None, packages_skip_up_to=None, packages_select_build_failed=False, packages_skip_build_finished=False, packages_select_test_failures=False, packages_skip_test_passed=False, packages_select=None, packages_skip=None, packages_select_regex=None, packages_skip_regex=None, packages_start=None, packages_end=None, allow_overriding=[], cmake_args=None, cmake_target=None, cmake_target_skip_unavailable=False, cmake_clean_cache=False, cmake_clean_first=False, cmake_force_configure=False, ament_cmake_args=None, catkin_cmake_args=None, catkin_skip_building_tests=False, mixin_files=None, mixin=None, verb_parser=<colcon_mixin.mixin.mixin_argument.MixinArgumentDecorator object at 0x77e1d38560b0>, verb_extension=<colcon_core.verb.build.BuildVerb object at 0x77e1d3855b10>, main=<bound method BuildVerb.main of <colcon_core.verb.build.BuildVerb object at 0x77e1d3855b10>>, mixin_verb=('build',))
[0.209s] Level 1:colcon.colcon_core.package_discovery:discover_packages(colcon_meta) check parameters
[0.209s] Level 1:colcon.colcon_core.package_discovery:discover_packages(recursive) check parameters
[0.209s] Level 1:colcon.colcon_core.package_discovery:discover_packages(ignore) check parameters
[0.209s] Level 1:colcon.colcon_core.package_discovery:discover_packages(path) check parameters
[0.209s] Level 1:colcon.colcon_core.package_discovery:discover_packages(colcon_meta) discover
[0.209s] Level 1:colcon.colcon_core.package_discovery:discover_packages(recursive) discover
[0.209s] INFO:colcon.colcon_core.package_discovery:Crawling recursively for packages in '/home/huy/ros2_ws'
[0.209s] Level 1:colcon.colcon_core.package_identification:_identify(.) by extensions ['ignore', 'ignore_ament_install']
[0.209s] Level 1:colcon.colcon_core.package_identification:_identify(.) by extension 'ignore'
[0.209s] Level 1:colcon.colcon_core.package_identification:_identify(.) by extension 'ignore_ament_install'
[0.209s] Level 1:colcon.colcon_core.package_identification:_identify(.) by extensions ['colcon_pkg']
[0.209s] Level 1:colcon.colcon_core.package_identification:_identify(.) by extension 'colcon_pkg'
[0.209s] Level 1:colcon.colcon_core.package_identification:_identify(.) by extensions ['colcon_meta']
[0.209s] Level 1:colcon.colcon_core.package_identification:_identify(.) by extension 'colcon_meta'
[0.209s] Level 1:colcon.colcon_core.package_identification:_identify(.) by extensions ['ros']
[0.209s] Level 1:colcon.colcon_core.package_identification:_identify(.) by extension 'ros'
[0.217s] Level 1:colcon.colcon_core.package_identification:_identify(.) by extensions ['cmake', 'python']
[0.218s] Level 1:colcon.colcon_core.package_identification:_identify(.) by extension 'cmake'
[0.218s] Level 1:colcon.colcon_core.package_identification:_identify(.) by extension 'python'
[0.218s] Level 1:colcon.colcon_core.package_identification:_identify(.) by extensions ['python_setup_py']
[0.218s] Level 1:colcon.colcon_core.package_identification:_identify(.) by extension 'python_setup_py'
[0.218s] Level 1:colcon.colcon_core.package_identification:_identify(build) by extensions ['ignore', 'ignore_ament_install']
[0.218s] Level 1:colcon.colcon_core.package_identification:_identify(build) by extension 'ignore'
[0.218s] Level 1:colcon.colcon_core.package_identification:_identify(build) ignored
[0.218s] Level 1:colcon.colcon_core.package_identification:_identify(install) by extensions ['ignore', 'ignore_ament_install']
[0.218s] Level 1:colcon.colcon_core.package_identification:_identify(install) by extension 'ignore'
[0.218s] Level 1:colcon.colcon_core.package_identification:_identify(install) ignored
[0.218s] Level 1:colcon.colcon_core.package_identification:_identify(log) by extensions ['ignore', 'ignore_ament_install']
[0.218s] Level 1:colcon.colcon_core.package_identification:_identify(log) by extension 'ignore'
[0.218s] Level 1:colcon.colcon_core.package_identification:_identify(log) ignored
[0.218s] Level 1:colcon.colcon_core.package_identification:_identify(src) by extensions ['ignore', 'ignore_ament_install']
[0.218s] Level 1:colcon.colcon_core.package_identification:_identify(src) by extension 'ignore'
[0.218s] Level 1:colcon.colcon_core.package_identification:_identify(src) by extension 'ignore_ament_install'
[0.218s] Level 1:colcon.colcon_core.package_identification:_identify(src) by extensions ['colcon_pkg']
[0.218s] Level 1:colcon.colcon_core.package_identification:_identify(src) by extension 'colcon_pkg'
[0.219s] Level 1:colcon.colcon_core.package_identification:_identify(src) by extensions ['colcon_meta']
[0.219s] Level 1:colcon.colcon_core.package_identification:_identify(src) by extension 'colcon_meta'
[0.219s] Level 1:colcon.colcon_core.package_identification:_identify(src) by extensions ['ros']
[0.219s] Level 1:colcon.colcon_core.package_identification:_identify(src) by extension 'ros'
[0.219s] Level 1:colcon.colcon_core.package_identification:_identify(src) by extensions ['cmake', 'python']
[0.219s] Level 1:colcon.colcon_core.package_identification:_identify(src) by extension 'cmake'
[0.219s] Level 1:colcon.colcon_core.package_identification:_identify(src) by extension 'python'
[0.219s] Level 1:colcon.colcon_core.package_identification:_identify(src) by extensions ['python_setup_py']
[0.219s] Level 1:colcon.colcon_core.package_identification:_identify(src) by extension 'python_setup_py'
[0.219s] Level 1:colcon.colcon_core.package_identification:_identify(src/drone_drive) by extensions ['ignore', 'ignore_ament_install']
[0.219s] Level 1:colcon.colcon_core.package_identification:_identify(src/drone_drive) by extension 'ignore'
[0.219s] Level 1:colcon.colcon_core.package_identification:_identify(src/drone_drive) by extension 'ignore_ament_install'
[0.219s] Level 1:colcon.colcon_core.package_identification:_identify(src/drone_drive) by extensions ['colcon_pkg']
[0.219s] Level 1:colcon.colcon_core.package_identification:_identify(src/drone_drive) by extension 'colcon_pkg'
[0.219s] Level 1:colcon.colcon_core.package_identification:_identify(src/drone_drive) by extensions ['colcon_meta']
[0.219s] Level 1:colcon.colcon_core.package_identification:_identify(src/drone_drive) by extension 'colcon_meta'
[0.219s] Level 1:colcon.colcon_core.package_identification:_identify(src/drone_drive) by extensions ['ros']
[0.219s] Level 1:colcon.colcon_core.package_identification:_identify(src/drone_drive) by extension 'ros'
[0.221s] DEBUG:colcon.colcon_core.package_identification:Package 'src/drone_drive' with type 'ros.ament_cmake' and name 'drone_drive'
[0.221s] Level 1:colcon.colcon_core.package_identification:_identify(src/my_robot_pkg) by extensions ['ignore', 'ignore_ament_install']
[0.221s] Level 1:colcon.colcon_core.package_identification:_identify(src/my_robot_pkg) by extension 'ignore'
[0.221s] Level 1:colcon.colcon_core.package_identification:_identify(src/my_robot_pkg) by extension 'ignore_ament_install'
[0.221s] Level 1:colcon.colcon_core.package_identification:_identify(src/my_robot_pkg) by extensions ['colcon_pkg']
[0.221s] Level 1:colcon.colcon_core.package_identification:_identify(src/my_robot_pkg) by extension 'colcon_pkg'
[0.221s] Level 1:colcon.colcon_core.package_identification:_identify(src/my_robot_pkg) by extensions ['colcon_meta']
[0.221s] Level 1:colcon.colcon_core.package_identification:_identify(src/my_robot_pkg) by extension 'colcon_meta'
[0.221s] Level 1:colcon.colcon_core.package_identification:_identify(src/my_robot_pkg) by extensions ['ros']
[0.222s] Level 1:colcon.colcon_core.package_identification:_identify(src/my_robot_pkg) by extension 'ros'
[0.223s] DEBUG:colcon.colcon_core.package_identification:Package 'src/my_robot_pkg' with type 'ros.ament_python' and name 'my_robot_pkg'
[0.223s] Level 1:colcon.colcon_core.package_discovery:discover_packages(recursive) using defaults
[0.223s] Level 1:colcon.colcon_core.package_discovery:discover_packages(ignore) discover
[0.223s] Level 1:colcon.colcon_core.package_discovery:discover_packages(ignore) using defaults
[0.223s] Level 1:colcon.colcon_core.package_discovery:discover_packages(path) discover
[0.223s] Level 1:colcon.colcon_core.package_discovery:discover_packages(path) using defaults
[0.248s] Level 1:colcon.colcon_core.package_discovery:discover_packages(prefix_path) check parameters
[0.248s] Level 1:colcon.colcon_core.package_discovery:discover_packages(prefix_path) discover
[0.249s] WARNING:colcon.colcon_ros.prefix_path.ament:The path '/home/huy/ros2_ws/install/drone_drive' in the environment variable AMENT_PREFIX_PATH doesn't exist
[0.249s] WARNING:colcon.colcon_ros.prefix_path.catkin:The path '/home/huy/ros2_ws/install/drone_drive' in the environment variable CMAKE_PREFIX_PATH doesn't exist
[0.250s] DEBUG:colcon.colcon_installed_package_information.package_discovery:Found 1 installed packages in /home/huy/ros2_ws/install
[0.250s] DEBUG:colcon.colcon_installed_package_information.package_discovery:Found 1 installed packages in /home/huy/install
[0.251s] DEBUG:colcon.colcon_installed_package_information.package_discovery:Found 311 installed packages in /opt/ros/humble
[0.252s] Level 1:colcon.colcon_core.package_discovery:discover_packages(prefix_path) using defaults
[0.283s] Level 5:colcon.colcon_core.verb:set package 'drone_drive' build argument 'cmake_args' from command line to 'None'
[0.283s] Level 5:colcon.colcon_core.verb:set package 'drone_drive' build argument 'cmake_target' from command line to 'None'
[0.284s] Level 5:colcon.colcon_core.verb:set package 'drone_drive' build argument 'cmake_target_skip_unavailable' from command line to 'False'
[0.284s] Level 5:colcon.colcon_core.verb:set package 'drone_drive' build argument 'cmake_clean_cache' from command line to 'False'
[0.284s] Level 5:colcon.colcon_core.verb:set package 'drone_drive' build argument 'cmake_clean_first' from command line to 'False'
[0.284s] Level 5:colcon.colcon_core.verb:set package 'drone_drive' build argument 'cmake_force_configure' from command line to 'False'
[0.284s] Level 5:colcon.colcon_core.verb:set package 'drone_drive' build argument 'ament_cmake_args' from command line to 'None'
[0.284s] Level 5:colcon.colcon_core.verb:set package 'drone_drive' build argument 'catkin_cmake_args' from command line to 'None'
[0.284s] Level 5:colcon.colcon_core.verb:set package 'drone_drive' build argument 'catkin_skip_building_tests' from command line to 'False'
[0.284s] DEBUG:colcon.colcon_core.verb:Building package 'drone_drive' with the following arguments: {'ament_cmake_args': None, 'build_base': '/home/huy/ros2_ws/build/drone_drive', 'catkin_cmake_args': None, 'catkin_skip_building_tests': False, 'cmake_args': None, 'cmake_clean_cache': False, 'cmake_clean_first': False, 'cmake_force_configure': False, 'cmake_target': None, 'cmake_target_skip_unavailable': False, 'install_base': '/home/huy/ros2_ws/install/drone_drive', 'merge_install': False, 'path': '/home/huy/ros2_ws/src/drone_drive', 'symlink_install': False, 'test_result_base': None}
[0.284s] Level 5:colcon.colcon_core.verb:set package 'my_robot_pkg' build argument 'cmake_args' from command line to 'None'
[0.284s] Level 5:colcon.colcon_core.verb:set package 'my_robot_pkg' build argument 'cmake_target' from command line to 'None'
[0.284s] Level 5:colcon.colcon_core.verb:set package 'my_robot_pkg' build argument 'cmake_target_skip_unavailable' from command line to 'False'
[0.284s] Level 5:colcon.colcon_core.verb:set package 'my_robot_pkg' build argument 'cmake_clean_cache' from command line to 'False'
[0.284s] Level 5:colcon.colcon_core.verb:set package 'my_robot_pkg' build argument 'cmake_clean_first' from command line to 'False'
[0.284s] Level 5:colcon.colcon_core.verb:set package 'my_robot_pkg' build argument 'cmake_force_configure' from command line to 'False'
[0.284s] Level 5:colcon.colcon_core.verb:set package 'my_robot_pkg' build argument 'ament_cmake_args' from command line to 'None'
[0.284s] Level 5:colcon.colcon_core.verb:set package 'my_robot_pkg' build argument 'catkin_cmake_args' from command line to 'None'
[0.284s] Level 5:colcon.colcon_core.verb:set package 'my_robot_pkg' build argument 'catkin_skip_building_tests' from command line to 'False'
[0.284s] DEBUG:colcon.colcon_core.verb:Building package 'my_robot_pkg' with the following arguments: {'ament_cmake_args': None, 'build_base': '/home/huy/ros2_ws/build/my_robot_pkg', 'catkin_cmake_args': None, 'catkin_skip_building_tests': False, 'cmake_args': None, 'cmake_clean_cache': False, 'cmake_clean_first': False, 'cmake_force_configure': False, 'cmake_target': None, 'cmake_target_skip_unavailable': False, 'install_base': '/home/huy/ros2_ws/install/my_robot_pkg', 'merge_install': False, 'path': '/home/huy/ros2_ws/src/my_robot_pkg', 'symlink_install': False, 'test_result_base': None}
[0.284s] INFO:colcon.colcon_core.executor:Executing jobs using 'parallel' executor
[0.285s] DEBUG:colcon.colcon_parallel_executor.executor.parallel:run_until_complete
[0.285s] INFO:colcon.colcon_ros.task.ament_cmake.build:Building ROS package in '/home/huy/ros2_ws/src/drone_drive' with build type 'ament_cmake'
[0.285s] INFO:colcon.colcon_cmake.task.cmake.build:Building CMake package in '/home/huy/ros2_ws/src/drone_drive'
[0.287s] INFO:colcon.colcon_core.plugin_system:Skipping extension 'colcon_core.shell.bat': Not used on non-Windows systems
[0.287s] INFO:colcon.colcon_core.shell:Skip shell extension 'powershell' for command environment: Not usable outside of PowerShell
[0.287s] DEBUG:colcon.colcon_core.shell:Skip shell extension 'dsv' for command environment
[0.290s] INFO:colcon.colcon_ros.task.ament_python.build:Building ROS package in '/home/huy/ros2_ws/src/my_robot_pkg' with build type 'ament_python'
[0.290s] Level 1:colcon.colcon_core.shell:create_environment_hook('my_robot_pkg', 'ament_prefix_path')
[0.290s] INFO:colcon.colcon_core.shell:Creating environment hook '/home/huy/ros2_ws/install/my_robot_pkg/share/my_robot_pkg/hook/ament_prefix_path.ps1'
[0.291s] INFO:colcon.colcon_core.shell:Creating environment descriptor '/home/huy/ros2_ws/install/my_robot_pkg/share/my_robot_pkg/hook/ament_prefix_path.dsv'
[0.291s] INFO:colcon.colcon_core.shell:Creating environment hook '/home/huy/ros2_ws/install/my_robot_pkg/share/my_robot_pkg/hook/ament_prefix_path.sh'
[0.292s] INFO:colcon.colcon_core.shell:Skip shell extension 'powershell' for command environment: Not usable outside of PowerShell
[0.292s] DEBUG:colcon.colcon_core.shell:Skip shell extension 'dsv' for command environment
[0.298s] DEBUG:colcon.colcon_core.event_handler.log_command:Invoking command in '/home/huy/ros2_ws/build/drone_drive': CMAKE_PREFIX_PATH=${CMAKE_PREFIX_PATH}:/home/huy/ros2_ws/install/my_robot_pkg:/opt/ros/humble /usr/bin/cmake /home/huy/ros2_ws/src/drone_drive -DCMAKE_INSTALL_PREFIX=/home/huy/ros2_ws/install/drone_drive
[0.506s] INFO:colcon.colcon_core.task.python.build:Building Python package in '/home/huy/ros2_ws/src/my_robot_pkg'
[0.506s] INFO:colcon.colcon_core.shell:Skip shell extension 'powershell' for command environment: Not usable outside of PowerShell
[0.506s] DEBUG:colcon.colcon_core.shell:Skip shell extension 'dsv' for command environment
[0.807s] DEBUG:colcon.colcon_core.event_handler.log_command:Invoking command in '/home/huy/ros2_ws/src/my_robot_pkg': PYTHONPATH=/home/huy/ros2_ws/build/my_robot_pkg/prefix_override:/usr/lib/python3/dist-packages/colcon_core/task/python/colcon_distutils_commands:/home/huy/ros2_ws/install/my_robot_pkg/lib/python3.10/site-packages:${PYTHONPATH} /usr/bin/python3 -W ignore:setup.py install is deprecated -W ignore:easy_install command is deprecated setup.py egg_info --egg-base ../../build/my_robot_pkg build --build-base /home/huy/ros2_ws/build/my_robot_pkg/build install --record /home/huy/ros2_ws/build/my_robot_pkg/install.log --single-version-externally-managed install_data
[1.038s] DEBUG:colcon.colcon_core.event_handler.log_command:Invoked command in '/home/huy/ros2_ws/src/my_robot_pkg' returned '0': PYTHONPATH=/home/huy/ros2_ws/build/my_robot_pkg/prefix_override:/usr/lib/python3/dist-packages/colcon_core/task/python/colcon_distutils_commands:/home/huy/ros2_ws/install/my_robot_pkg/lib/python3.10/site-packages:${PYTHONPATH} /usr/bin/python3 -W ignore:setup.py install is deprecated -W ignore:easy_install command is deprecated setup.py egg_info --egg-base ../../build/my_robot_pkg build --build-base /home/huy/ros2_ws/build/my_robot_pkg/build install --record /home/huy/ros2_ws/build/my_robot_pkg/install.log --single-version-externally-managed install_data
[1.040s] Level 1:colcon.colcon_core.environment:checking '/home/huy/ros2_ws/install/my_robot_pkg' for CMake module files
[1.040s] Level 1:colcon.colcon_core.environment:checking '/home/huy/ros2_ws/install/my_robot_pkg' for CMake config files
[1.041s] Level 1:colcon.colcon_core.environment:checking '/home/huy/ros2_ws/install/my_robot_pkg/lib'
[1.041s] Level 1:colcon.colcon_core.environment:checking '/home/huy/ros2_ws/install/my_robot_pkg/bin'
[1.041s] Level 1:colcon.colcon_core.environment:checking '/home/huy/ros2_ws/install/my_robot_pkg/lib/pkgconfig/my_robot_pkg.pc'
[1.041s] Level 1:colcon.colcon_core.environment:checking '/home/huy/ros2_ws/install/my_robot_pkg/lib/python3.10/site-packages'
[1.041s] Level 1:colcon.colcon_core.shell:create_environment_hook('my_robot_pkg', 'pythonpath')
[1.041s] INFO:colcon.colcon_core.shell:Creating environment hook '/home/huy/ros2_ws/install/my_robot_pkg/share/my_robot_pkg/hook/pythonpath.ps1'
[1.042s] INFO:colcon.colcon_core.shell:Creating environment descriptor '/home/huy/ros2_ws/install/my_robot_pkg/share/my_robot_pkg/hook/pythonpath.dsv'
[1.042s] INFO:colcon.colcon_core.shell:Creating environment hook '/home/huy/ros2_ws/install/my_robot_pkg/share/my_robot_pkg/hook/pythonpath.sh'
[1.043s] Level 1:colcon.colcon_core.environment:checking '/home/huy/ros2_ws/install/my_robot_pkg/bin'
[1.043s] Level 1:colcon.colcon_core.environment:create_environment_scripts_only(my_robot_pkg)
[1.043s] INFO:colcon.colcon_core.shell:Creating package script '/home/huy/ros2_ws/install/my_robot_pkg/share/my_robot_pkg/package.ps1'
[1.044s] INFO:colcon.colcon_core.shell:Creating package descriptor '/home/huy/ros2_ws/install/my_robot_pkg/share/my_robot_pkg/package.dsv'
[1.044s] INFO:colcon.colcon_core.shell:Creating package script '/home/huy/ros2_ws/install/my_robot_pkg/share/my_robot_pkg/package.sh'
[1.045s] INFO:colcon.colcon_core.shell:Creating package script '/home/huy/ros2_ws/install/my_robot_pkg/share/my_robot_pkg/package.bash'
[1.045s] INFO:colcon.colcon_core.shell:Creating package script '/home/huy/ros2_ws/install/my_robot_pkg/share/my_robot_pkg/package.zsh'
[1.046s] Level 1:colcon.colcon_core.environment:create_file_with_runtime_dependencies(/home/huy/ros2_ws/install/my_robot_pkg/share/colcon-core/packages/my_robot_pkg)
[2.150s] DEBUG:colcon.colcon_core.event_handler.log_command:Invoked command in '/home/huy/ros2_ws/build/drone_drive' returned '0': CMAKE_PREFIX_PATH=${CMAKE_PREFIX_PATH}:/home/huy/ros2_ws/install/my_robot_pkg:/opt/ros/humble /usr/bin/cmake /home/huy/ros2_ws/src/drone_drive -DCMAKE_INSTALL_PREFIX=/home/huy/ros2_ws/install/drone_drive
[2.152s] DEBUG:colcon.colcon_core.event_handler.log_command:Invoking command in '/home/huy/ros2_ws/build/drone_drive': CMAKE_PREFIX_PATH=${CMAKE_PREFIX_PATH}:/home/huy/ros2_ws/install/my_robot_pkg:/opt/ros/humble /usr/bin/cmake --build /home/huy/ros2_ws/build/drone_drive -- -j16 -l16
[2.655s] DEBUG:colcon.colcon_core.event_handler.log_command:Invoked command in '/home/huy/ros2_ws/build/drone_drive' returned '0': CMAKE_PREFIX_PATH=${CMAKE_PREFIX_PATH}:/home/huy/ros2_ws/install/my_robot_pkg:/opt/ros/humble /usr/bin/cmake --build /home/huy/ros2_ws/build/drone_drive -- -j16 -l16
[2.664s] DEBUG:colcon.colcon_core.event_handler.log_command:Invoking command in '/home/huy/ros2_ws/build/drone_drive': CMAKE_PREFIX_PATH=${CMAKE_PREFIX_PATH}:/home/huy/ros2_ws/install/my_robot_pkg:/opt/ros/humble /usr/bin/cmake --install /home/huy/ros2_ws/build/drone_drive
[2.674s] Level 1:colcon.colcon_core.environment:create_environment_scripts_only(drone_drive)
[2.675s] Level 1:colcon.colcon_core.environment:checking '/home/huy/ros2_ws/install/drone_drive' for CMake module files
[2.675s] DEBUG:colcon.colcon_core.event_handler.log_command:Invoked command in '/home/huy/ros2_ws/build/drone_drive' returned '0': CMAKE_PREFIX_PATH=${CMAKE_PREFIX_PATH}:/home/huy/ros2_ws/install/my_robot_pkg:/opt/ros/humble /usr/bin/cmake --install /home/huy/ros2_ws/build/drone_drive
[2.675s] Level 1:colcon.colcon_core.environment:checking '/home/huy/ros2_ws/install/drone_drive' for CMake config files
[2.676s] Level 1:colcon.colcon_core.shell:create_environment_hook('drone_drive', 'cmake_prefix_path')
[2.676s] INFO:colcon.colcon_core.shell:Creating environment hook '/home/huy/ros2_ws/install/drone_drive/share/drone_drive/hook/cmake_prefix_path.ps1'
[2.676s] INFO:colcon.colcon_core.shell:Creating environment descriptor '/home/huy/ros2_ws/install/drone_drive/share/drone_drive/hook/cmake_prefix_path.dsv'
[2.676s] INFO:colcon.colcon_core.shell:Creating environment hook '/home/huy/ros2_ws/install/drone_drive/share/drone_drive/hook/cmake_prefix_path.sh'
[2.677s] Level 1:colcon.colcon_core.environment:checking '/home/huy/ros2_ws/install/drone_drive/lib'
[2.677s] Level 1:colcon.colcon_core.shell:create_environment_hook('drone_drive', 'ld_library_path_lib')
[2.677s] INFO:colcon.colcon_core.shell:Creating environment hook '/home/huy/ros2_ws/install/drone_drive/share/drone_drive/hook/ld_library_path_lib.ps1'
[2.677s] INFO:colcon.colcon_core.shell:Creating environment descriptor '/home/huy/ros2_ws/install/drone_drive/share/drone_drive/hook/ld_library_path_lib.dsv'
[2.677s] INFO:colcon.colcon_core.shell:Creating environment hook '/home/huy/ros2_ws/install/drone_drive/share/drone_drive/hook/ld_library_path_lib.sh'
[2.678s] Level 1:colcon.colcon_core.environment:checking '/home/huy/ros2_ws/install/drone_drive/bin'
[2.678s] Level 1:colcon.colcon_core.environment:checking '/home/huy/ros2_ws/install/drone_drive/lib/pkgconfig/drone_drive.pc'
[2.678s] Level 1:colcon.colcon_core.environment:checking '/home/huy/ros2_ws/install/drone_drive/lib/python3.10/site-packages'
[2.678s] Level 1:colcon.colcon_core.environment:checking '/home/huy/ros2_ws/install/drone_drive/bin'
[2.678s] INFO:colcon.colcon_core.shell:Creating package script '/home/huy/ros2_ws/install/drone_drive/share/drone_drive/package.ps1'
[2.678s] INFO:colcon.colcon_core.shell:Creating package descriptor '/home/huy/ros2_ws/install/drone_drive/share/drone_drive/package.dsv'
[2.679s] INFO:colcon.colcon_core.shell:Creating package script '/home/huy/ros2_ws/install/drone_drive/share/drone_drive/package.sh'
[2.679s] INFO:colcon.colcon_core.shell:Creating package script '/home/huy/ros2_ws/install/drone_drive/share/drone_drive/package.bash'
[2.679s] INFO:colcon.colcon_core.shell:Creating package script '/home/huy/ros2_ws/install/drone_drive/share/drone_drive/package.zsh'
[2.679s] Level 1:colcon.colcon_core.environment:create_file_with_runtime_dependencies(/home/huy/ros2_ws/install/drone_drive/share/colcon-core/packages/drone_drive)
[2.680s] Level 1:colcon.colcon_core.environment:create_environment_scripts_only(drone_drive)
[2.680s] Level 1:colcon.colcon_core.environment:checking '/home/huy/ros2_ws/install/drone_drive' for CMake module files
[2.680s] Level 1:colcon.colcon_core.environment:checking '/home/huy/ros2_ws/install/drone_drive' for CMake config files
[2.681s] Level 1:colcon.colcon_core.shell:create_environment_hook('drone_drive', 'cmake_prefix_path')
[2.681s] INFO:colcon.colcon_core.shell:Creating environment hook '/home/huy/ros2_ws/install/drone_drive/share/drone_drive/hook/cmake_prefix_path.ps1'
[2.681s] INFO:colcon.colcon_core.shell:Creating environment descriptor '/home/huy/ros2_ws/install/drone_drive/share/drone_drive/hook/cmake_prefix_path.dsv'
[2.681s] INFO:colcon.colcon_core.shell:Creating environment hook '/home/huy/ros2_ws/install/drone_drive/share/drone_drive/hook/cmake_prefix_path.sh'
[2.682s] Level 1:colcon.colcon_core.environment:checking '/home/huy/ros2_ws/install/drone_drive/lib'
[2.682s] Level 1:colcon.colcon_core.shell:create_environment_hook('drone_drive', 'ld_library_path_lib')
[2.682s] INFO:colcon.colcon_core.shell:Creating environment hook '/home/huy/ros2_ws/install/drone_drive/share/drone_drive/hook/ld_library_path_lib.ps1'
[2.682s] INFO:colcon.colcon_core.shell:Creating environment descriptor '/home/huy/ros2_ws/install/drone_drive/share/drone_drive/hook/ld_library_path_lib.dsv'
[2.682s] INFO:colcon.colcon_core.shell:Creating environment hook '/home/huy/ros2_ws/install/drone_drive/share/drone_drive/hook/ld_library_path_lib.sh'
[2.683s] Level 1:colcon.colcon_core.environment:checking '/home/huy/ros2_ws/install/drone_drive/bin'
[2.683s] Level 1:colcon.colcon_core.environment:checking '/home/huy/ros2_ws/install/drone_drive/lib/pkgconfig/drone_drive.pc'
[2.683s] Level 1:colcon.colcon_core.environment:checking '/home/huy/ros2_ws/install/drone_drive/lib/python3.10/site-packages'
[2.683s] Level 1:colcon.colcon_core.environment:checking '/home/huy/ros2_ws/install/drone_drive/bin'
[2.683s] INFO:colcon.colcon_core.shell:Creating package script '/home/huy/ros2_ws/install/drone_drive/share/drone_drive/package.ps1'
[2.684s] INFO:colcon.colcon_core.shell:Creating package descriptor '/home/huy/ros2_ws/install/drone_drive/share/drone_drive/package.dsv'
[2.684s] INFO:colcon.colcon_core.shell:Creating package script '/home/huy/ros2_ws/install/drone_drive/share/drone_drive/package.sh'
[2.685s] INFO:colcon.colcon_core.shell:Creating package script '/home/huy/ros2_ws/install/drone_drive/share/drone_drive/package.bash'
[2.685s] INFO:colcon.colcon_core.shell:Creating package script '/home/huy/ros2_ws/install/drone_drive/share/drone_drive/package.zsh'
[2.685s] Level 1:colcon.colcon_core.environment:create_file_with_runtime_dependencies(/home/huy/ros2_ws/install/drone_drive/share/colcon-core/packages/drone_drive)
[2.685s] DEBUG:colcon.colcon_parallel_executor.executor.parallel:closing loop
[2.686s] DEBUG:colcon.colcon_parallel_executor.executor.parallel:loop closed
[2.686s] DEBUG:colcon.colcon_parallel_executor.executor.parallel:run_until_complete finished with '0'
[2.686s] DEBUG:colcon.colcon_core.event_reactor:joining thread
[2.690s] INFO:colcon.colcon_core.plugin_system:Skipping extension 'colcon_notification.desktop_notification.terminal_notifier': Not used on non-Darwin systems
[2.690s] INFO:colcon.colcon_core.plugin_system:Skipping extension 'colcon_notification.desktop_notification.win32': Not used on non-Windows systems
[2.690s] INFO:colcon.colcon_notification.desktop_notification:Sending desktop notification using 'notify2'
[2.701s] DEBUG:colcon.colcon_core.event_reactor:joined thread
[2.702s] INFO:colcon.colcon_core.shell:Creating prefix script '/home/huy/ros2_ws/install/local_setup.ps1'
[2.703s] INFO:colcon.colcon_core.shell:Creating prefix util module '/home/huy/ros2_ws/install/_local_setup_util_ps1.py'
[2.704s] INFO:colcon.colcon_core.shell:Creating prefix chain script '/home/huy/ros2_ws/install/setup.ps1'
[2.704s] INFO:colcon.colcon_core.shell:Creating prefix script '/home/huy/ros2_ws/install/local_setup.sh'
[2.705s] INFO:colcon.colcon_core.shell:Creating prefix util module '/home/huy/ros2_ws/install/_local_setup_util_sh.py'
[2.705s] INFO:colcon.colcon_core.shell:Creating prefix chain script '/home/huy/ros2_ws/install/setup.sh'
[2.706s] INFO:colcon.colcon_core.shell:Creating prefix script '/home/huy/ros2_ws/install/local_setup.bash'
[2.706s] INFO:colcon.colcon_core.shell:Creating prefix chain script '/home/huy/ros2_ws/install/setup.bash'
[2.707s] INFO:colcon.colcon_core.shell:Creating prefix script '/home/huy/ros2_ws/install/local_setup.zsh'
[2.707s] INFO:colcon.colcon_core.shell:Creating prefix chain script '/home/huy/ros2_ws/install/setup.zsh'
