[0.642s] Invoking command in '/home/huy/ros2_ws/src/ps4_controller': AMENT_PREFIX_PATH=/home/huy/ros2_ws/install/custom_msg:${AMENT_PREFIX_PATH} CMAKE_PREFIX_PATH=/home/huy/ros2_ws/install/custom_msg:${CMAKE_PREFIX_PATH} LD_LIBRARY_PATH=/home/huy/ros2_ws/install/custom_msg/lib:${LD_LIBRARY_PATH} PYTHONPATH=/home/huy/ros2_ws/build/ps4_controller/prefix_override:/usr/lib/python3/dist-packages/colcon_core/task/python/colcon_distutils_commands:/home/huy/ros2_ws/install/ps4_controller/lib/python3.10/site-packages:/home/huy/ros2_ws/install/custom_msg/local/lib/python3.10/dist-packages:${PYTHONPATH} /usr/bin/python3 -W ignore:setup.py install is deprecated -W ignore:easy_install command is deprecated setup.py egg_info --egg-base ../../build/ps4_controller build --build-base /home/huy/ros2_ws/build/ps4_controller/build install --record /home/huy/ros2_ws/build/ps4_controller/install.log --single-version-externally-managed install_data
[0.899s] running egg_info
[0.899s] writing ../../build/ps4_controller/ps4_controller.egg-info/PKG-INFO
[0.900s] writing dependency_links to ../../build/ps4_controller/ps4_controller.egg-info/dependency_links.txt
[0.900s] writing entry points to ../../build/ps4_controller/ps4_controller.egg-info/entry_points.txt
[0.900s] writing requirements to ../../build/ps4_controller/ps4_controller.egg-info/requires.txt
[0.900s] writing top-level names to ../../build/ps4_controller/ps4_controller.egg-info/top_level.txt
[0.902s] reading manifest file '../../build/ps4_controller/ps4_controller.egg-info/SOURCES.txt'
[0.903s] writing manifest file '../../build/ps4_controller/ps4_controller.egg-info/SOURCES.txt'
[0.903s] running build
[0.904s] running build_py
[0.904s] copying ps4_controller/ps4_controller.py -> /home/huy/ros2_ws/build/ps4_controller/build/lib/ps4_controller
[0.904s] copying ps4_controller/servo_controller.py -> /home/huy/ros2_ws/build/ps4_controller/build/lib/ps4_controller
[0.904s] running install
[0.904s] running install_lib
[0.905s] copying /home/huy/ros2_ws/build/ps4_controller/build/lib/ps4_controller/ps4_controller.py -> /home/huy/ros2_ws/install/ps4_controller/lib/python3.10/site-packages/ps4_controller
[0.905s] copying /home/huy/ros2_ws/build/ps4_controller/build/lib/ps4_controller/servo_controller.py -> /home/huy/ros2_ws/install/ps4_controller/lib/python3.10/site-packages/ps4_controller
[0.906s] byte-compiling /home/huy/ros2_ws/install/ps4_controller/lib/python3.10/site-packages/ps4_controller/ps4_controller.py to ps4_controller.cpython-310.pyc
[0.907s] byte-compiling /home/huy/ros2_ws/install/ps4_controller/lib/python3.10/site-packages/ps4_controller/servo_controller.py to servo_controller.cpython-310.pyc
[0.907s] running install_data
[0.908s] copying package.xml -> /home/huy/ros2_ws/install/ps4_controller/share/ps4_controller
[0.908s] running install_egg_info
[0.909s] removing '/home/huy/ros2_ws/install/ps4_controller/lib/python3.10/site-packages/ps4_controller-0.0.0-py3.10.egg-info' (and everything under it)
[0.910s] Copying ../../build/ps4_controller/ps4_controller.egg-info to /home/huy/ros2_ws/install/ps4_controller/lib/python3.10/site-packages/ps4_controller-0.0.0-py3.10.egg-info
[0.911s] running install_scripts
[0.933s] Installing ps4_controller_node script to /home/huy/ros2_ws/install/ps4_controller/lib/ps4_controller
[0.933s] Installing servo_controller_node script to /home/huy/ros2_ws/install/ps4_controller/lib/ps4_controller
[0.934s] writing list of installed files to '/home/huy/ros2_ws/build/ps4_controller/install.log'
[0.961s] Invoked command in '/home/huy/ros2_ws/src/ps4_controller' returned '0': AMENT_PREFIX_PATH=/home/huy/ros2_ws/install/custom_msg:${AMENT_PREFIX_PATH} CMAKE_PREFIX_PATH=/home/huy/ros2_ws/install/custom_msg:${CMAKE_PREFIX_PATH} LD_LIBRARY_PATH=/home/huy/ros2_ws/install/custom_msg/lib:${LD_LIBRARY_PATH} PYTHONPATH=/home/huy/ros2_ws/build/ps4_controller/prefix_override:/usr/lib/python3/dist-packages/colcon_core/task/python/colcon_distutils_commands:/home/huy/ros2_ws/install/ps4_controller/lib/python3.10/site-packages:/home/huy/ros2_ws/install/custom_msg/local/lib/python3.10/dist-packages:${PYTHONPATH} /usr/bin/python3 -W ignore:setup.py install is deprecated -W ignore:easy_install command is deprecated setup.py egg_info --egg-base ../../build/ps4_controller build --build-base /home/huy/ros2_ws/build/ps4_controller/build install --record /home/huy/ros2_ws/build/ps4_controller/install.log --single-version-externally-managed install_data
