[0.009s] Invoking command in '/home/huy/ros2_ws/build/uav_dynamics': CMAKE_PREFIX_PATH=/opt/ros/humble:/home/huy/ros2_ws/install/uav_msgs:/home/huy/ros2_ws/install/uav_dynamics:/home/huy/ros2_ws/install/uav_motor_plugin LD_LIBRARY_PATH=/home/huy/ros2_ws/install/uav_msgs/lib:/home/huy/ros2_ws/install/uav_motor_plugin/lib:/usr/lib/x86_64-linux-gnu/gazebo-11/plugins:/opt/ros/humble/opt/rviz_ogre_vendor/lib:/opt/ros/humble/lib/x86_64-linux-gnu:/opt/ros/humble/lib:/usr/lib/x86_64-linux-gnu/gazebo-11/plugins /usr/bin/cmake --build /home/huy/ros2_ws/build/uav_dynamics -- -j16 -l16
[0.051s] [35m[1mConsolidate compiler generated dependencies of target cmd_pub_node[0m
[0.065s] [ 60%] Built target dynamics_node
[0.069s] [100%] Built target cmd_pub_node
[0.081s] Invoked command in '/home/huy/ros2_ws/build/uav_dynamics' returned '0': CMAKE_PREFIX_PATH=/opt/ros/humble:/home/huy/ros2_ws/install/uav_msgs:/home/huy/ros2_ws/install/uav_dynamics:/home/huy/ros2_ws/install/uav_motor_plugin LD_LIBRARY_PATH=/home/huy/ros2_ws/install/uav_msgs/lib:/home/huy/ros2_ws/install/uav_motor_plugin/lib:/usr/lib/x86_64-linux-gnu/gazebo-11/plugins:/opt/ros/humble/opt/rviz_ogre_vendor/lib:/opt/ros/humble/lib/x86_64-linux-gnu:/opt/ros/humble/lib:/usr/lib/x86_64-linux-gnu/gazebo-11/plugins /usr/bin/cmake --build /home/huy/ros2_ws/build/uav_dynamics -- -j16 -l16
[0.083s] Invoking command in '/home/huy/ros2_ws/build/uav_dynamics': CMAKE_PREFIX_PATH=/opt/ros/humble:/home/huy/ros2_ws/install/uav_msgs:/home/huy/ros2_ws/install/uav_dynamics:/home/huy/ros2_ws/install/uav_motor_plugin LD_LIBRARY_PATH=/home/huy/ros2_ws/install/uav_msgs/lib:/home/huy/ros2_ws/install/uav_motor_plugin/lib:/usr/lib/x86_64-linux-gnu/gazebo-11/plugins:/opt/ros/humble/opt/rviz_ogre_vendor/lib:/opt/ros/humble/lib/x86_64-linux-gnu:/opt/ros/humble/lib:/usr/lib/x86_64-linux-gnu/gazebo-11/plugins /usr/bin/cmake --install /home/huy/ros2_ws/build/uav_dynamics
[0.091s] -- Install configuration: ""
[0.091s] -- Up-to-date: /home/huy/ros2_ws/install/uav_dynamics/lib/uav_dynamics/dynamics_node
[0.091s] -- Up-to-date: /home/huy/ros2_ws/install/uav_dynamics/lib/uav_dynamics/cmd_pub_node
[0.091s] -- Up-to-date: /home/huy/ros2_ws/install/uav_dynamics/share/ament_index/resource_index/package_run_dependencies/uav_dynamics
[0.091s] -- Up-to-date: /home/huy/ros2_ws/install/uav_dynamics/share/ament_index/resource_index/parent_prefix_path/uav_dynamics
[0.091s] -- Up-to-date: /home/huy/ros2_ws/install/uav_dynamics/share/uav_dynamics/environment/ament_prefix_path.sh
[0.091s] -- Up-to-date: /home/huy/ros2_ws/install/uav_dynamics/share/uav_dynamics/environment/ament_prefix_path.dsv
[0.092s] -- Up-to-date: /home/huy/ros2_ws/install/uav_dynamics/share/uav_dynamics/environment/path.sh
[0.092s] -- Up-to-date: /home/huy/ros2_ws/install/uav_dynamics/share/uav_dynamics/environment/path.dsv
[0.092s] -- Up-to-date: /home/huy/ros2_ws/install/uav_dynamics/share/uav_dynamics/local_setup.bash
[0.092s] -- Up-to-date: /home/huy/ros2_ws/install/uav_dynamics/share/uav_dynamics/local_setup.sh
[0.092s] -- Up-to-date: /home/huy/ros2_ws/install/uav_dynamics/share/uav_dynamics/local_setup.zsh
[0.092s] -- Up-to-date: /home/huy/ros2_ws/install/uav_dynamics/share/uav_dynamics/local_setup.dsv
[0.092s] -- Installing: /home/huy/ros2_ws/install/uav_dynamics/share/uav_dynamics/package.dsv
[0.092s] -- Up-to-date: /home/huy/ros2_ws/install/uav_dynamics/share/ament_index/resource_index/packages/uav_dynamics
[0.092s] -- Up-to-date: /home/huy/ros2_ws/install/uav_dynamics/share/uav_dynamics/cmake/uav_dynamicsConfig.cmake
[0.092s] -- Up-to-date: /home/huy/ros2_ws/install/uav_dynamics/share/uav_dynamics/cmake/uav_dynamicsConfig-version.cmake
[0.092s] -- Up-to-date: /home/huy/ros2_ws/install/uav_dynamics/share/uav_dynamics/package.xml
[0.095s] Invoked command in '/home/huy/ros2_ws/build/uav_dynamics' returned '0': CMAKE_PREFIX_PATH=/opt/ros/humble:/home/huy/ros2_ws/install/uav_msgs:/home/huy/ros2_ws/install/uav_dynamics:/home/huy/ros2_ws/install/uav_motor_plugin LD_LIBRARY_PATH=/home/huy/ros2_ws/install/uav_msgs/lib:/home/huy/ros2_ws/install/uav_motor_plugin/lib:/usr/lib/x86_64-linux-gnu/gazebo-11/plugins:/opt/ros/humble/opt/rviz_ogre_vendor/lib:/opt/ros/humble/lib/x86_64-linux-gnu:/opt/ros/humble/lib:/usr/lib/x86_64-linux-gnu/gazebo-11/plugins /usr/bin/cmake --install /home/huy/ros2_ws/build/uav_dynamics
