[0.011s] Invoking command in '/home/huy/ros2_ws/build/uav_sim': CMAKE_PREFIX_PATH=/home/huy/ros2_ws/install/uav_motor_plugin:/home/huy/ros2_ws/install/uav_dynamics:/home/huy/ros2_ws/install/uav_controller:/opt/ros/humble:/home/huy/ros2_ws/install/uav_msgs:/home/huy/ros2_ws/install/uav_sim LD_LIBRARY_PATH=/home/huy/ros2_ws/install/uav_motor_plugin/lib:/home/huy/ros2_ws/install/uav_msgs/lib:/usr/lib/x86_64-linux-gnu/gazebo-11/plugins:/opt/ros/humble/opt/rviz_ogre_vendor/lib:/opt/ros/humble/lib/x86_64-linux-gnu:/opt/ros/humble/lib:/usr/lib/x86_64-linux-gnu/gazebo-11/plugins /usr/bin/cmake --build /home/huy/ros2_ws/build/uav_sim -- -j16 -l16
[0.032s] -- Found ament_cmake: 1.3.11 (/opt/ros/humble/share/ament_cmake/cmake)
[0.151s] -- Found std_msgs: 4.9.0 (/opt/ros/humble/share/std_msgs/cmake)
[0.175s] -- Found rosidl_generator_c: 3.1.6 (/opt/ros/humble/share/rosidl_generator_c/cmake)
[0.176s] -- Found rosidl_adapter: 3.1.6 (/opt/ros/humble/share/rosidl_adapter/cmake)
[0.181s] -- Found rosidl_generator_cpp: 3.1.6 (/opt/ros/humble/share/rosidl_generator_cpp/cmake)
[0.188s] -- Using all available rosidl_typesupport_c: rosidl_typesupport_fastrtps_c;rosidl_typesupport_introspection_c
[0.197s] -- Using all available rosidl_typesupport_cpp: rosidl_typesupport_fastrtps_cpp;rosidl_typesupport_introspection_cpp
[0.218s] -- Found nav_msgs: 4.9.0 (/opt/ros/humble/share/nav_msgs/cmake)
[0.245s] [31mCMake Error at /opt/ros/humble/share/ament_cmake_target_dependencies/cmake/ament_target_dependencies.cmake:77 (message):
[0.245s]   ament_target_dependencies() the passed package name 'rclcpp' was not found
[0.245s]   before
[0.245s] Call Stack (most recent call first):
[0.245s]   CMakeLists.txt:17 (ament_target_dependencies)
[0.245s] 
[0.245s] [0m
[0.245s] -- Configuring incomplete, errors occurred!
[0.245s] See also "/home/huy/ros2_ws/build/uav_sim/CMakeFiles/CMakeOutput.log".
[0.249s] gmake: *** [Makefile:226: cmake_check_build_system] Error 1
[0.251s] Invoked command in '/home/huy/ros2_ws/build/uav_sim' returned '2': CMAKE_PREFIX_PATH=/home/huy/ros2_ws/install/uav_motor_plugin:/home/huy/ros2_ws/install/uav_dynamics:/home/huy/ros2_ws/install/uav_controller:/opt/ros/humble:/home/huy/ros2_ws/install/uav_msgs:/home/huy/ros2_ws/install/uav_sim LD_LIBRARY_PATH=/home/huy/ros2_ws/install/uav_motor_plugin/lib:/home/huy/ros2_ws/install/uav_msgs/lib:/usr/lib/x86_64-linux-gnu/gazebo-11/plugins:/opt/ros/humble/opt/rviz_ogre_vendor/lib:/opt/ros/humble/lib/x86_64-linux-gnu:/opt/ros/humble/lib:/usr/lib/x86_64-linux-gnu/gazebo-11/plugins /usr/bin/cmake --build /home/huy/ros2_ws/build/uav_sim -- -j16 -l16
