[0.035s] Invoking command in '/home/huy/ros2_ws/build/uav_motor_plugin': CMAKE_PREFIX_PATH=/home/huy/ros2_ws/install/uav_dynamics:/opt/ros/humble:/home/huy/ros2_ws/install/uav_msgs:/home/huy/ros2_ws/install/uav_motor_plugin /usr/bin/cmake --build /home/huy/ros2_ws/build/uav_motor_plugin -- -j16 -l16
[0.160s] [35m[1mConsolidate compiler generated dependencies of target uav_motor_plugin[0m
[0.278s] [100%] Built target uav_motor_plugin
[0.312s] Invoked command in '/home/huy/ros2_ws/build/uav_motor_plugin' returned '0': CMAKE_PREFIX_PATH=/home/huy/ros2_ws/install/uav_dynamics:/opt/ros/humble:/home/huy/ros2_ws/install/uav_msgs:/home/huy/ros2_ws/install/uav_motor_plugin /usr/bin/cmake --build /home/huy/ros2_ws/build/uav_motor_plugin -- -j16 -l16
[0.339s] Invoking command in '/home/huy/ros2_ws/build/uav_motor_plugin': CMAKE_PREFIX_PATH=/home/huy/ros2_ws/install/uav_dynamics:/opt/ros/humble:/home/huy/ros2_ws/install/uav_msgs:/home/huy/ros2_ws/install/uav_motor_plugin /usr/bin/cmake --install /home/huy/ros2_ws/build/uav_motor_plugin
[0.359s] -- Install configuration: ""
[0.360s] -- Up-to-date: /home/huy/ros2_ws/install/uav_motor_plugin/lib/libuav_motor_plugin.so
[0.361s] -- Up-to-date: /home/huy/ros2_ws/install/uav_motor_plugin/share/ament_index/resource_index/package_run_dependencies/uav_motor_plugin
[0.361s] -- Up-to-date: /home/huy/ros2_ws/install/uav_motor_plugin/share/ament_index/resource_index/parent_prefix_path/uav_motor_plugin
[0.361s] -- Up-to-date: /home/huy/ros2_ws/install/uav_motor_plugin/share/uav_motor_plugin/environment/ament_prefix_path.sh
[0.361s] -- Up-to-date: /home/huy/ros2_ws/install/uav_motor_plugin/share/uav_motor_plugin/environment/ament_prefix_path.dsv
[0.362s] -- Up-to-date: /home/huy/ros2_ws/install/uav_motor_plugin/share/uav_motor_plugin/environment/path.sh
[0.362s] -- Up-to-date: /home/huy/ros2_ws/install/uav_motor_plugin/share/uav_motor_plugin/environment/path.dsv
[0.362s] -- Up-to-date: /home/huy/ros2_ws/install/uav_motor_plugin/share/uav_motor_plugin/local_setup.bash
[0.362s] -- Up-to-date: /home/huy/ros2_ws/install/uav_motor_plugin/share/uav_motor_plugin/local_setup.sh
[0.363s] -- Up-to-date: /home/huy/ros2_ws/install/uav_motor_plugin/share/uav_motor_plugin/local_setup.zsh
[0.363s] -- Up-to-date: /home/huy/ros2_ws/install/uav_motor_plugin/share/uav_motor_plugin/local_setup.dsv
[0.363s] -- Installing: /home/huy/ros2_ws/install/uav_motor_plugin/share/uav_motor_plugin/package.dsv
[0.363s] -- Up-to-date: /home/huy/ros2_ws/install/uav_motor_plugin/share/ament_index/resource_index/packages/uav_motor_plugin
[0.364s] -- Up-to-date: /home/huy/ros2_ws/install/uav_motor_plugin/share/uav_motor_plugin/cmake/uav_motor_pluginConfig.cmake
[0.364s] -- Up-to-date: /home/huy/ros2_ws/install/uav_motor_plugin/share/uav_motor_plugin/cmake/uav_motor_pluginConfig-version.cmake
[0.364s] -- Up-to-date: /home/huy/ros2_ws/install/uav_motor_plugin/share/uav_motor_plugin/package.xml
[0.368s] Invoked command in '/home/huy/ros2_ws/build/uav_motor_plugin' returned '0': CMAKE_PREFIX_PATH=/home/huy/ros2_ws/install/uav_dynamics:/opt/ros/humble:/home/huy/ros2_ws/install/uav_msgs:/home/huy/ros2_ws/install/uav_motor_plugin /usr/bin/cmake --install /home/huy/ros2_ws/build/uav_motor_plugin
