[0.464s] Invoking command in '/home/huy/ros2_ws/build/my_robot_pkg': PYTHONPATH=/home/huy/ros2_ws/build/my_robot_pkg/prefix_override:/usr/lib/python3/dist-packages/colcon_core/task/python/colcon_distutils_commands:/home/huy/ros2_ws/install/my_robot_pkg/lib/python3.10/site-packages:${PYTHONPATH} /usr/bin/python3 -W ignore:setup.py install is deprecated -W ignore:easy_install command is deprecated setup.py develop --editable --build-directory /home/huy/ros2_ws/build/my_robot_pkg/build --no-deps symlink_data --force
[0.665s] running develop
[0.787s] running egg_info
[0.787s] writing my_robot_pkg.egg-info/PKG-INFO
[0.787s] writing dependency_links to my_robot_pkg.egg-info/dependency_links.txt
[0.787s] writing entry points to my_robot_pkg.egg-info/entry_points.txt
[0.787s] writing requirements to my_robot_pkg.egg-info/requires.txt
[0.787s] writing top-level names to my_robot_pkg.egg-info/top_level.txt
[0.788s] reading manifest file 'my_robot_pkg.egg-info/SOURCES.txt'
[0.789s] writing manifest file 'my_robot_pkg.egg-info/SOURCES.txt'
[0.790s] running build_ext
[0.790s] Creating /home/huy/ros2_ws/install/my_robot_pkg/lib/python3.10/site-packages/my-robot-pkg.egg-link (link to .)
[0.791s] 
[0.791s] Installed /home/huy/ros2_ws/build/my_robot_pkg
[0.791s] running symlink_data
[0.791s] symbolically linking /home/huy/ros2_ws/build/my_robot_pkg/resource/my_robot_pkg -> /home/huy/ros2_ws/install/my_robot_pkg/share/ament_index/resource_index/packages
[0.791s] symbolically linking /home/huy/ros2_ws/build/my_robot_pkg/package.xml -> /home/huy/ros2_ws/install/my_robot_pkg/share/my_robot_pkg
[0.791s] symbolically linking /home/huy/ros2_ws/build/my_robot_pkg/launch/rsp.launch.py -> /home/huy/ros2_ws/install/my_robot_pkg/share/my_robot_pkg/launch
[0.791s] symbolically linking /home/huy/ros2_ws/build/my_robot_pkg/description/robot.urdf.xacro -> /home/huy/ros2_ws/install/my_robot_pkg/share/my_robot_pkg/description
[0.814s] Invoked command in '/home/huy/ros2_ws/build/my_robot_pkg' returned '0': PYTHONPATH=/home/huy/ros2_ws/build/my_robot_pkg/prefix_override:/usr/lib/python3/dist-packages/colcon_core/task/python/colcon_distutils_commands:/home/huy/ros2_ws/install/my_robot_pkg/lib/python3.10/site-packages:${PYTHONPATH} /usr/bin/python3 -W ignore:setup.py install is deprecated -W ignore:easy_install command is deprecated setup.py develop --editable --build-directory /home/huy/ros2_ws/build/my_robot_pkg/build --no-deps symlink_data --force
