[1.372s] Invoking command in '/home/huy/ros2_ws/build/my_robot_pkg': PYTHONPATH=/home/huy/ros2_ws/build/my_robot_pkg/prefix_override:/usr/lib/python3/dist-packages/colcon_core/task/python/colcon_distutils_commands:/home/huy/ros2_ws/install/my_robot_pkg/lib/python3.10/site-packages:${PYTHONPATH} /usr/bin/python3 -W ignore:setup.py install is deprecated -W ignore:easy_install command is deprecated setup.py develop --uninstall --editable --build-directory /home/huy/ros2_ws/build/my_robot_pkg/build
[1.946s] running develop
[2.325s] Removing /home/huy/ros2_ws/install/my_robot_pkg/lib/python3.10/site-packages/my-robot-pkg.egg-link (link to .)
[2.374s] Invoked command in '/home/huy/ros2_ws/build/my_robot_pkg' returned '0': PYTHONPATH=/home/huy/ros2_ws/build/my_robot_pkg/prefix_override:/usr/lib/python3/dist-packages/colcon_core/task/python/colcon_distutils_commands:/home/huy/ros2_ws/install/my_robot_pkg/lib/python3.10/site-packages:${PYTHONPATH} /usr/bin/python3 -W ignore:setup.py install is deprecated -W ignore:easy_install command is deprecated setup.py develop --uninstall --editable --build-directory /home/huy/ros2_ws/build/my_robot_pkg/build
[2.379s] Invoking command in '/home/huy/ros2_ws/src/my_robot_pkg': PYTHONPATH=/home/huy/ros2_ws/build/my_robot_pkg/prefix_override:/usr/lib/python3/dist-packages/colcon_core/task/python/colcon_distutils_commands:/home/huy/ros2_ws/install/my_robot_pkg/lib/python3.10/site-packages:${PYTHONPATH} /usr/bin/python3 -W ignore:setup.py install is deprecated -W ignore:easy_install command is deprecated setup.py egg_info --egg-base ../../build/my_robot_pkg build --build-base /home/huy/ros2_ws/build/my_robot_pkg/build install --record /home/huy/ros2_ws/build/my_robot_pkg/install.log --single-version-externally-managed install_data --force
[2.915s] running egg_info
[2.917s] writing ../../build/my_robot_pkg/my_robot_pkg.egg-info/PKG-INFO
[2.917s] writing dependency_links to ../../build/my_robot_pkg/my_robot_pkg.egg-info/dependency_links.txt
[2.918s] writing entry points to ../../build/my_robot_pkg/my_robot_pkg.egg-info/entry_points.txt
[2.918s] writing requirements to ../../build/my_robot_pkg/my_robot_pkg.egg-info/requires.txt
[2.918s] writing top-level names to ../../build/my_robot_pkg/my_robot_pkg.egg-info/top_level.txt
[2.922s] reading manifest file '../../build/my_robot_pkg/my_robot_pkg.egg-info/SOURCES.txt'
[2.924s] writing manifest file '../../build/my_robot_pkg/my_robot_pkg.egg-info/SOURCES.txt'
[2.924s] running build
[2.925s] running build_py
[2.925s] running install
[2.926s] running install_lib
[2.927s] creating /home/huy/ros2_ws/install/my_robot_pkg/lib/python3.10/site-packages/my_robot_pkg
[2.928s] copying /home/huy/ros2_ws/build/my_robot_pkg/build/lib/my_robot_pkg/controller_node.py -> /home/huy/ros2_ws/install/my_robot_pkg/lib/python3.10/site-packages/my_robot_pkg
[2.928s] copying /home/huy/ros2_ws/build/my_robot_pkg/build/lib/my_robot_pkg/__init__.py -> /home/huy/ros2_ws/install/my_robot_pkg/lib/python3.10/site-packages/my_robot_pkg
[2.929s] byte-compiling /home/huy/ros2_ws/install/my_robot_pkg/lib/python3.10/site-packages/my_robot_pkg/controller_node.py to controller_node.cpython-310.pyc
[2.930s] byte-compiling /home/huy/ros2_ws/install/my_robot_pkg/lib/python3.10/site-packages/my_robot_pkg/__init__.py to __init__.cpython-310.pyc
[2.931s] running install_data
[2.931s] copying resource/my_robot_pkg -> /home/huy/ros2_ws/install/my_robot_pkg/share/ament_index/resource_index/packages
[2.931s] copying package.xml -> /home/huy/ros2_ws/install/my_robot_pkg/share/my_robot_pkg
[2.932s] copying launch/launch_sim.launch.py -> /home/huy/ros2_ws/install/my_robot_pkg/share/my_robot_pkg/launch
[2.932s] copying launch/rsp.launch.py -> /home/huy/ros2_ws/install/my_robot_pkg/share/my_robot_pkg/launch
[2.932s] copying description/inertial_macros.xacro -> /home/huy/ros2_ws/install/my_robot_pkg/share/my_robot_pkg/description
[2.933s] copying description/robot_core.xacro -> /home/huy/ros2_ws/install/my_robot_pkg/share/my_robot_pkg/description
[2.933s] copying description/robot.urdf.xacro -> /home/huy/ros2_ws/install/my_robot_pkg/share/my_robot_pkg/description
[2.934s] running install_egg_info
[2.937s] Copying ../../build/my_robot_pkg/my_robot_pkg.egg-info to /home/huy/ros2_ws/install/my_robot_pkg/lib/python3.10/site-packages/my_robot_pkg-0.0.0-py3.10.egg-info
[2.940s] running install_scripts
[2.984s] writing list of installed files to '/home/huy/ros2_ws/build/my_robot_pkg/install.log'
[3.026s] Invoked command in '/home/huy/ros2_ws/src/my_robot_pkg' returned '0': PYTHONPATH=/home/huy/ros2_ws/build/my_robot_pkg/prefix_override:/usr/lib/python3/dist-packages/colcon_core/task/python/colcon_distutils_commands:/home/huy/ros2_ws/install/my_robot_pkg/lib/python3.10/site-packages:${PYTHONPATH} /usr/bin/python3 -W ignore:setup.py install is deprecated -W ignore:easy_install command is deprecated setup.py egg_info --egg-base ../../build/my_robot_pkg build --build-base /home/huy/ros2_ws/build/my_robot_pkg/build install --record /home/huy/ros2_ws/build/my_robot_pkg/install.log --single-version-externally-managed install_data --force
