[0.740s] Invoking command in '/home/huy/ros2_ws/src/example_pkg': PYTHONPATH=/home/huy/ros2_ws/build/example_pkg/prefix_override:/usr/lib/python3/dist-packages/colcon_core/task/python/colcon_distutils_commands:/home/huy/ros2_ws/install/example_pkg/lib/python3.10/site-packages:${PYTHONPATH} /usr/bin/python3 -W ignore:setup.py install is deprecated -W ignore:easy_install command is deprecated setup.py egg_info --egg-base ../../build/example_pkg build --build-base /home/huy/ros2_ws/build/example_pkg/build install --record /home/huy/ros2_ws/build/example_pkg/install.log --single-version-externally-managed install_data
[1.008s] running egg_info
[1.009s] writing ../../build/example_pkg/example_pkg.egg-info/PKG-INFO
[1.009s] writing dependency_links to ../../build/example_pkg/example_pkg.egg-info/dependency_links.txt
[1.009s] writing entry points to ../../build/example_pkg/example_pkg.egg-info/entry_points.txt
[1.009s] writing requirements to ../../build/example_pkg/example_pkg.egg-info/requires.txt
[1.009s] writing top-level names to ../../build/example_pkg/example_pkg.egg-info/top_level.txt
[1.011s] reading manifest file '../../build/example_pkg/example_pkg.egg-info/SOURCES.txt'
[1.012s] writing manifest file '../../build/example_pkg/example_pkg.egg-info/SOURCES.txt'
[1.013s] running build
[1.013s] running build_py
[1.013s] running install
[1.013s] running install_lib
[1.015s] running install_data
[1.015s] running install_egg_info
[1.018s] removing '/home/huy/ros2_ws/install/example_pkg/lib/python3.10/site-packages/example_pkg-0.0.0-py3.10.egg-info' (and everything under it)
[1.018s] Copying ../../build/example_pkg/example_pkg.egg-info to /home/huy/ros2_ws/install/example_pkg/lib/python3.10/site-packages/example_pkg-0.0.0-py3.10.egg-info
[1.019s] running install_scripts
[1.042s] Installing listener script to /home/huy/ros2_ws/install/example_pkg/lib/example_pkg
[1.042s] Installing talker script to /home/huy/ros2_ws/install/example_pkg/lib/example_pkg
[1.043s] writing list of installed files to '/home/huy/ros2_ws/build/example_pkg/install.log'
[1.074s] Invoked command in '/home/huy/ros2_ws/src/example_pkg' returned '0': PYTHONPATH=/home/huy/ros2_ws/build/example_pkg/prefix_override:/usr/lib/python3/dist-packages/colcon_core/task/python/colcon_distutils_commands:/home/huy/ros2_ws/install/example_pkg/lib/python3.10/site-packages:${PYTHONPATH} /usr/bin/python3 -W ignore:setup.py install is deprecated -W ignore:easy_install command is deprecated setup.py egg_info --egg-base ../../build/example_pkg build --build-base /home/huy/ros2_ws/build/example_pkg/build install --record /home/huy/ros2_ws/build/example_pkg/install.log --single-version-externally-managed install_data
