[0.011s] Invoking command in '/home/huy/ros2_ws/build/uav_sim': CMAKE_PREFIX_PATH=/home/huy/ros2_ws/install/uav_motor_plugin:/home/huy/ros2_ws/install/uav_controller:/opt/ros/humble:/home/huy/ros2_ws/install/uav_msgs:/home/huy/ros2_ws/install/uav_sim:/home/huy/ros2_ws/install/uav_dynamics LD_LIBRARY_PATH=/home/huy/ros2_ws/install/uav_motor_plugin/lib:/home/huy/ros2_ws/install/uav_msgs/lib:/usr/lib/x86_64-linux-gnu/gazebo-11/plugins:/opt/ros/humble/opt/rviz_ogre_vendor/lib:/opt/ros/humble/lib/x86_64-linux-gnu:/opt/ros/humble/lib:/usr/lib/x86_64-linux-gnu/gazebo-11/plugins /usr/bin/cmake --build /home/huy/ros2_ws/build/uav_sim -- -j16 -l16
[0.065s] [ 50%] [32mBuilding CXX object CMakeFiles/data_node.dir/src/show_data.cpp.o[0m
[12.133s] [100%] [32m[1mLinking CXX executable data_node[0m
[12.720s] [100%] Built target data_node
[12.730s] Invoked command in '/home/huy/ros2_ws/build/uav_sim' returned '0': CMAKE_PREFIX_PATH=/home/huy/ros2_ws/install/uav_motor_plugin:/home/huy/ros2_ws/install/uav_controller:/opt/ros/humble:/home/huy/ros2_ws/install/uav_msgs:/home/huy/ros2_ws/install/uav_sim:/home/huy/ros2_ws/install/uav_dynamics LD_LIBRARY_PATH=/home/huy/ros2_ws/install/uav_motor_plugin/lib:/home/huy/ros2_ws/install/uav_msgs/lib:/usr/lib/x86_64-linux-gnu/gazebo-11/plugins:/opt/ros/humble/opt/rviz_ogre_vendor/lib:/opt/ros/humble/lib/x86_64-linux-gnu:/opt/ros/humble/lib:/usr/lib/x86_64-linux-gnu/gazebo-11/plugins /usr/bin/cmake --build /home/huy/ros2_ws/build/uav_sim -- -j16 -l16
[12.732s] Invoking command in '/home/huy/ros2_ws/build/uav_sim': CMAKE_PREFIX_PATH=/home/huy/ros2_ws/install/uav_motor_plugin:/home/huy/ros2_ws/install/uav_controller:/opt/ros/humble:/home/huy/ros2_ws/install/uav_msgs:/home/huy/ros2_ws/install/uav_sim:/home/huy/ros2_ws/install/uav_dynamics LD_LIBRARY_PATH=/home/huy/ros2_ws/install/uav_motor_plugin/lib:/home/huy/ros2_ws/install/uav_msgs/lib:/usr/lib/x86_64-linux-gnu/gazebo-11/plugins:/opt/ros/humble/opt/rviz_ogre_vendor/lib:/opt/ros/humble/lib/x86_64-linux-gnu:/opt/ros/humble/lib:/usr/lib/x86_64-linux-gnu/gazebo-11/plugins /usr/bin/cmake --install /home/huy/ros2_ws/build/uav_sim
[12.738s] -- Install configuration: ""
[12.738s] -- Up-to-date: /home/huy/ros2_ws/install/uav_sim/share/uav_sim/launch
[12.739s] -- Up-to-date: /home/huy/ros2_ws/install/uav_sim/share/uav_sim/launch/uav_sim.launch.py
[12.739s] -- Up-to-date: /home/huy/ros2_ws/install/uav_sim/share/uav_sim/models
[12.739s] -- Up-to-date: /home/huy/ros2_ws/install/uav_sim/share/uav_sim/models/uav_world.sdf
[12.739s] -- Up-to-date: /home/huy/ros2_ws/install/uav_sim/share/uav_sim/models/uav
[12.739s] -- Up-to-date: /home/huy/ros2_ws/install/uav_sim/share/uav_sim/models/uav/drone.sdf
[12.739s] -- Up-to-date: /home/huy/ros2_ws/install/uav_sim/share/uav_sim/models/uav/uav.stl
[12.739s] -- Up-to-date: /home/huy/ros2_ws/install/uav_sim/share/uav_sim/models/uav/model.config
[12.739s] -- Installing: /home/huy/ros2_ws/install/uav_sim/lib/uav_sim/data_node
[12.751s] -- Set runtime path of "/home/huy/ros2_ws/install/uav_sim/lib/uav_sim/data_node" to ""
[12.751s] -- Up-to-date: /home/huy/ros2_ws/install/uav_sim/share/ament_index/resource_index/package_run_dependencies/uav_sim
[12.751s] -- Up-to-date: /home/huy/ros2_ws/install/uav_sim/share/ament_index/resource_index/parent_prefix_path/uav_sim
[12.751s] -- Up-to-date: /home/huy/ros2_ws/install/uav_sim/share/uav_sim/environment/ament_prefix_path.sh
[12.751s] -- Up-to-date: /home/huy/ros2_ws/install/uav_sim/share/uav_sim/environment/ament_prefix_path.dsv
[12.751s] -- Up-to-date: /home/huy/ros2_ws/install/uav_sim/share/uav_sim/environment/path.sh
[12.751s] -- Up-to-date: /home/huy/ros2_ws/install/uav_sim/share/uav_sim/environment/path.dsv
[12.751s] -- Up-to-date: /home/huy/ros2_ws/install/uav_sim/share/uav_sim/local_setup.bash
[12.751s] -- Up-to-date: /home/huy/ros2_ws/install/uav_sim/share/uav_sim/local_setup.sh
[12.752s] -- Up-to-date: /home/huy/ros2_ws/install/uav_sim/share/uav_sim/local_setup.zsh
[12.752s] -- Up-to-date: /home/huy/ros2_ws/install/uav_sim/share/uav_sim/local_setup.dsv
[12.752s] -- Installing: /home/huy/ros2_ws/install/uav_sim/share/uav_sim/package.dsv
[12.752s] -- Up-to-date: /home/huy/ros2_ws/install/uav_sim/share/ament_index/resource_index/packages/uav_sim
[12.752s] -- Up-to-date: /home/huy/ros2_ws/install/uav_sim/share/uav_sim/cmake/uav_simConfig.cmake
[12.752s] -- Up-to-date: /home/huy/ros2_ws/install/uav_sim/share/uav_sim/cmake/uav_simConfig-version.cmake
[12.752s] -- Up-to-date: /home/huy/ros2_ws/install/uav_sim/share/uav_sim/package.xml
[12.754s] Invoked command in '/home/huy/ros2_ws/build/uav_sim' returned '0': CMAKE_PREFIX_PATH=/home/huy/ros2_ws/install/uav_motor_plugin:/home/huy/ros2_ws/install/uav_controller:/opt/ros/humble:/home/huy/ros2_ws/install/uav_msgs:/home/huy/ros2_ws/install/uav_sim:/home/huy/ros2_ws/install/uav_dynamics LD_LIBRARY_PATH=/home/huy/ros2_ws/install/uav_motor_plugin/lib:/home/huy/ros2_ws/install/uav_msgs/lib:/usr/lib/x86_64-linux-gnu/gazebo-11/plugins:/opt/ros/humble/opt/rviz_ogre_vendor/lib:/opt/ros/humble/lib/x86_64-linux-gnu:/opt/ros/humble/lib:/usr/lib/x86_64-linux-gnu/gazebo-11/plugins /usr/bin/cmake --install /home/huy/ros2_ws/build/uav_sim
