[ 80%] Built target cmd_pub_node
[100%] Built target dynamics_node
-- Install configuration: ""
-- Up-to-date: /home/huy/ros2_ws/install/uav_dynamics/lib/uav_dynamics/dynamics_node
-- Up-to-date: /home/huy/ros2_ws/install/uav_dynamics/lib/uav_dynamics/cmd_pub_node
-- Up-to-date: /home/huy/ros2_ws/install/uav_dynamics/share/ament_index/resource_index/package_run_dependencies/uav_dynamics
-- Up-to-date: /home/huy/ros2_ws/install/uav_dynamics/share/ament_index/resource_index/parent_prefix_path/uav_dynamics
-- Up-to-date: /home/huy/ros2_ws/install/uav_dynamics/share/uav_dynamics/environment/ament_prefix_path.sh
-- Up-to-date: /home/huy/ros2_ws/install/uav_dynamics/share/uav_dynamics/environment/ament_prefix_path.dsv
-- Up-to-date: /home/huy/ros2_ws/install/uav_dynamics/share/uav_dynamics/environment/path.sh
-- Up-to-date: /home/huy/ros2_ws/install/uav_dynamics/share/uav_dynamics/environment/path.dsv
-- Up-to-date: /home/huy/ros2_ws/install/uav_dynamics/share/uav_dynamics/local_setup.bash
-- Up-to-date: /home/huy/ros2_ws/install/uav_dynamics/share/uav_dynamics/local_setup.sh
-- Up-to-date: /home/huy/ros2_ws/install/uav_dynamics/share/uav_dynamics/local_setup.zsh
-- Up-to-date: /home/huy/ros2_ws/install/uav_dynamics/share/uav_dynamics/local_setup.dsv
-- Installing: /home/huy/ros2_ws/install/uav_dynamics/share/uav_dynamics/package.dsv
-- Up-to-date: /home/huy/ros2_ws/install/uav_dynamics/share/ament_index/resource_index/packages/uav_dynamics
-- Up-to-date: /home/huy/ros2_ws/install/uav_dynamics/share/uav_dynamics/cmake/uav_dynamicsConfig.cmake
-- Up-to-date: /home/huy/ros2_ws/install/uav_dynamics/share/uav_dynamics/cmake/uav_dynamicsConfig-version.cmake
-- Up-to-date: /home/huy/ros2_ws/install/uav_dynamics/share/uav_dynamics/package.xml
