[0.030s] Invoking command in '/home/huy/ros2_ws/build/uav_motor_plugin': CMAKE_PREFIX_PATH=${CMAKE_PREFIX_PATH}:/opt/ros/humble /usr/bin/cmake /home/huy/ros2_ws/src/uav_motor_plugin -DCMAKE_INSTALL_PREFIX=/home/huy/ros2_ws/install/uav_motor_plugin
[0.167s] -- The C compiler identification is GNU 11.4.0
[0.298s] -- The CXX compiler identification is GNU 11.4.0
[0.316s] -- Detecting C compiler ABI info
[0.489s] -- Detecting C compiler ABI info - done
[0.505s] -- Check for working C compiler: /usr/bin/cc - skipped
[0.506s] -- Detecting C compile features
[0.507s] -- Detecting C compile features - done
[0.513s] -- Detecting CXX compiler ABI info
[0.724s] -- Detecting CXX compiler ABI info - done
[0.742s] -- Check for working CXX compiler: /usr/bin/c++ - skipped
[0.743s] -- Detecting CXX compile features
[0.744s] -- Detecting CXX compile features - done
[0.751s] -- Found ament_cmake: 1.3.11 (/opt/ros/humble/share/ament_cmake/cmake)
[1.104s] -- Found Python3: /usr/bin/python3 (found version "3.10.12") found components: Interpreter 
[1.308s] -- Found gazebo_dev: 3.9.0 (/opt/ros/humble/share/gazebo_dev/cmake)
[1.325s] -- Found PkgConfig: /usr/bin/pkg-config (found version "0.29.2") 
[1.337s] -- Checking for module 'bullet>=2.82'
[1.368s] --   Found bullet, version 3.05
[1.647s] -- Found fcl: /usr/include (found suitable version "0.7.0", minimum required is "0.5.0") 
[1.781s] -- Found assimp: /usr/include (found version "5.2.0") 
[1.828s] -- Found DART: /usr/include (Required is at least version "6.6") found components: dart 
[2.272s] -- Found Boost: /usr/lib/x86_64-linux-gnu/cmake/Boost-1.74.0/BoostConfig.cmake (found suitable version "1.74.0", minimum required is "1.40.0") found components: thread system filesystem program_options regex iostreams date_time 
[2.313s] -- Found Protobuf: /usr/lib/x86_64-linux-gnu/libprotobuf.so (found version "3.12.4") 
[2.325s] -- Looking for ignition-math6 -- found version 6.15.1
[2.340s] -- Searching for dependencies of ignition-math6
[2.343s] -- Looking for OGRE...
[2.344s] -- OGRE_PREFIX_WATCH changed.
[2.356s] -- Checking for module 'OGRE'
[2.392s] --   Found OGRE, version 1.9.0
[2.482s] -- Found Ogre Ghadamon (1.9.0)
[2.508s] -- Found OGRE: optimized;/usr/lib/x86_64-linux-gnu/libOgreMain.so;debug;/usr/lib/x86_64-linux-gnu/libOgreMain.so
[2.531s] -- Looking for OGRE_Paging...
[2.544s] -- Found OGRE_Paging: optimized;/usr/lib/x86_64-linux-gnu/libOgrePaging.so;debug;/usr/lib/x86_64-linux-gnu/libOgrePaging.so
[2.544s] -- Looking for OGRE_Terrain...
[2.556s] -- Found OGRE_Terrain: optimized;/usr/lib/x86_64-linux-gnu/libOgreTerrain.so;debug;/usr/lib/x86_64-linux-gnu/libOgreTerrain.so
[2.556s] -- Looking for OGRE_Property...
[2.568s] -- Found OGRE_Property: optimized;/usr/lib/x86_64-linux-gnu/libOgreProperty.so;debug;/usr/lib/x86_64-linux-gnu/libOgreProperty.so
[2.568s] -- Looking for OGRE_RTShaderSystem...
[2.580s] -- Found OGRE_RTShaderSystem: optimized;/usr/lib/x86_64-linux-gnu/libOgreRTShaderSystem.so;debug;/usr/lib/x86_64-linux-gnu/libOgreRTShaderSystem.so
[2.581s] -- Looking for OGRE_Volume...
[2.592s] -- Found OGRE_Volume: optimized;/usr/lib/x86_64-linux-gnu/libOgreVolume.so;debug;/usr/lib/x86_64-linux-gnu/libOgreVolume.so
[2.592s] -- Looking for OGRE_Overlay...
[2.603s] -- Found OGRE_Overlay: optimized;/usr/lib/x86_64-linux-gnu/libOgreOverlay.so;debug;/usr/lib/x86_64-linux-gnu/libOgreOverlay.so
[2.860s] -- Looking for ignition-math6 -- found version 6.15.1
[2.864s] -- Looking for ignition-transport8 -- found version 8.2.1
[2.866s] -- Searching for dependencies of ignition-transport8
[2.914s] -- Found Protobuf: /usr/lib/x86_64-linux-gnu/libprotobuf.so (found suitable version "3.12.4", minimum required is "3") 
[2.944s] -- Config-file not installed for ZeroMQ -- checking for pkg-config
[2.957s] -- Checking for module 'libzmq >= 4'
[2.988s] --   Found libzmq , version 4.3.4
[3.086s] -- Found ZeroMQ: TRUE (Required is at least version "4") 
[3.099s] -- Checking for module 'uuid'
[3.133s] --   Found uuid, version 2.37.2
[3.226s] -- Found UUID: TRUE  
[3.231s] -- Looking for ignition-msgs5 -- found version 5.8.1
[3.232s] -- Searching for dependencies of ignition-msgs5
[3.281s] -- Looking for ignition-math6 -- found version 6.15.1
[3.295s] -- Checking for module 'tinyxml2'
[3.332s] --   Found tinyxml2, version 9.0.0
[3.437s] -- Looking for ignition-msgs5 -- found version 5.8.1
[3.442s] -- Looking for ignition-common3 -- found version 3.14.0
[3.443s] -- Searching for dependencies of ignition-common3
[3.443s] -- Looking for dlfcn.h - found
[3.446s] -- Looking for libdl - found
[3.454s] -- Found DL: TRUE  
[3.477s] -- Found tinyobjloader: /usr/lib/x86_64-linux-gnu/cmake/tinyobjloader/tinyobjloader-config.cmake (found version "2.0.0") 
[3.478s] -- Searching for <ignition-common3> component [graphics]
[3.482s] -- Looking for ignition-common3-graphics -- found version 3.14.0
[3.483s] -- Searching for dependencies of ignition-common3-graphics
[3.485s] -- Looking for ignition-math6 -- found version 6.15.1
[3.490s] -- Looking for ignition-fuel_tools4 -- found version 4.4.0
[3.491s] -- Searching for dependencies of ignition-fuel_tools4
[3.696s] -- Found CURL: /usr/lib/x86_64-linux-gnu/libcurl.so (found version "7.81.0")  
[3.717s] -- Checking for module 'jsoncpp'
[3.753s] --   Found jsoncpp, version 1.9.5
[3.840s] -- Found JSONCPP: TRUE  
[3.854s] -- Checking for module 'libzip'
[3.888s] --   Found libzip, version 1.7.3
[3.986s] -- Found ZIP: TRUE  
[3.987s] -- Looking for ignition-common3 -- found version 3.14.0
[3.988s] -- Looking for ignition-math6 -- found version 6.15.1
[3.989s] -- Looking for ignition-msgs5 -- found version 5.8.1
[3.997s] -- Gazebo version: 11.10
[3.998s] -- Checking for module 'tbb'
[4.036s] --   Found tbb, version 2021.5.0
[4.127s] -- Found gazebo_ros: 3.9.0 (/opt/ros/humble/share/gazebo_ros/cmake)
[4.236s] -- Found rosidl_generator_c: 3.1.6 (/opt/ros/humble/share/rosidl_generator_c/cmake)
[4.248s] -- Found rosidl_adapter: 3.1.6 (/opt/ros/humble/share/rosidl_adapter/cmake)
[4.268s] -- Found rosidl_generator_cpp: 3.1.6 (/opt/ros/humble/share/rosidl_generator_cpp/cmake)
[4.297s] -- Using all available rosidl_typesupport_c: rosidl_typesupport_fastrtps_c;rosidl_typesupport_introspection_c
[4.337s] -- Using all available rosidl_typesupport_cpp: rosidl_typesupport_fastrtps_cpp;rosidl_typesupport_introspection_cpp
[4.438s] -- Found rmw_implementation_cmake: 6.1.2 (/opt/ros/humble/share/rmw_implementation_cmake/cmake)
[4.445s] -- Found rmw_fastrtps_cpp: 6.2.7 (/opt/ros/humble/share/rmw_fastrtps_cpp/cmake)
[4.730s] -- Found OpenSSL: /usr/lib/x86_64-linux-gnu/libcrypto.so (found version "3.0.2")  
[4.799s] -- Found FastRTPS: /opt/ros/humble/include  
[4.936s] -- Using RMW implementation 'rmw_fastrtps_cpp' as default
[4.960s] -- Found Threads: TRUE  
[5.365s] -- Configuring done
[5.455s] -- Generating done
[5.469s] -- Build files have been written to: /home/huy/ros2_ws/build/uav_motor_plugin
[5.503s] Invoked command in '/home/huy/ros2_ws/build/uav_motor_plugin' returned '0': CMAKE_PREFIX_PATH=${CMAKE_PREFIX_PATH}:/opt/ros/humble /usr/bin/cmake /home/huy/ros2_ws/src/uav_motor_plugin -DCMAKE_INSTALL_PREFIX=/home/huy/ros2_ws/install/uav_motor_plugin
[5.508s] Invoking command in '/home/huy/ros2_ws/build/uav_motor_plugin': CMAKE_PREFIX_PATH=${CMAKE_PREFIX_PATH}:/opt/ros/humble /usr/bin/cmake --build /home/huy/ros2_ws/build/uav_motor_plugin -- -j16 -l16
[5.665s] [ 50%] [32mBuilding CXX object CMakeFiles/uav_motor_plugin.dir/src/uav_motor_plugin.cpp.o[0m
[21.237s] [100%] [32m[1mLinking CXX shared library libuav_motor_plugin.so[0m
[21.868s] [100%] Built target uav_motor_plugin
[21.882s] Invoked command in '/home/huy/ros2_ws/build/uav_motor_plugin' returned '0': CMAKE_PREFIX_PATH=${CMAKE_PREFIX_PATH}:/opt/ros/humble /usr/bin/cmake --build /home/huy/ros2_ws/build/uav_motor_plugin -- -j16 -l16
[21.883s] Invoking command in '/home/huy/ros2_ws/build/uav_motor_plugin': CMAKE_PREFIX_PATH=${CMAKE_PREFIX_PATH}:/opt/ros/humble /usr/bin/cmake --install /home/huy/ros2_ws/build/uav_motor_plugin
[21.892s] -- Install configuration: ""
[21.892s] -- Installing: /home/huy/ros2_ws/install/uav_motor_plugin/lib/libuav_motor_plugin.so
[21.902s] -- Set runtime path of "/home/huy/ros2_ws/install/uav_motor_plugin/lib/libuav_motor_plugin.so" to ""
[21.902s] -- Installing: /home/huy/ros2_ws/install/uav_motor_plugin/share/ament_index/resource_index/package_run_dependencies/uav_motor_plugin
[21.903s] -- Installing: /home/huy/ros2_ws/install/uav_motor_plugin/share/ament_index/resource_index/parent_prefix_path/uav_motor_plugin
[21.903s] -- Installing: /home/huy/ros2_ws/install/uav_motor_plugin/share/uav_motor_plugin/environment/ament_prefix_path.sh
[21.903s] -- Installing: /home/huy/ros2_ws/install/uav_motor_plugin/share/uav_motor_plugin/environment/ament_prefix_path.dsv
[21.903s] -- Installing: /home/huy/ros2_ws/install/uav_motor_plugin/share/uav_motor_plugin/environment/path.sh
[21.903s] -- Installing: /home/huy/ros2_ws/install/uav_motor_plugin/share/uav_motor_plugin/environment/path.dsv
[21.903s] -- Installing: /home/huy/ros2_ws/install/uav_motor_plugin/share/uav_motor_plugin/local_setup.bash
[21.904s] -- Installing: /home/huy/ros2_ws/install/uav_motor_plugin/share/uav_motor_plugin/local_setup.sh
[21.904s] -- Installing: /home/huy/ros2_ws/install/uav_motor_plugin/share/uav_motor_plugin/local_setup.zsh
[21.904s] -- Installing: /home/huy/ros2_ws/install/uav_motor_plugin/share/uav_motor_plugin/local_setup.dsv
[21.904s] -- Installing: /home/huy/ros2_ws/install/uav_motor_plugin/share/uav_motor_plugin/package.dsv
[21.904s] -- Installing: /home/huy/ros2_ws/install/uav_motor_plugin/share/ament_index/resource_index/packages/uav_motor_plugin
[21.904s] -- Installing: /home/huy/ros2_ws/install/uav_motor_plugin/share/uav_motor_plugin/cmake/uav_motor_pluginConfig.cmake
[21.904s] -- Installing: /home/huy/ros2_ws/install/uav_motor_plugin/share/uav_motor_plugin/cmake/uav_motor_pluginConfig-version.cmake
[21.905s] -- Installing: /home/huy/ros2_ws/install/uav_motor_plugin/share/uav_motor_plugin/package.xml
[21.907s] Invoked command in '/home/huy/ros2_ws/build/uav_motor_plugin' returned '0': CMAKE_PREFIX_PATH=${CMAKE_PREFIX_PATH}:/opt/ros/humble /usr/bin/cmake --install /home/huy/ros2_ws/build/uav_motor_plugin
