running egg_info
writing ../../build/my_robot_pkg/my_robot_pkg.egg-info/PKG-INFO
writing dependency_links to ../../build/my_robot_pkg/my_robot_pkg.egg-info/dependency_links.txt
writing entry points to ../../build/my_robot_pkg/my_robot_pkg.egg-info/entry_points.txt
writing requirements to ../../build/my_robot_pkg/my_robot_pkg.egg-info/requires.txt
writing top-level names to ../../build/my_robot_pkg/my_robot_pkg.egg-info/top_level.txt
reading manifest file '../../build/my_robot_pkg/my_robot_pkg.egg-info/SOURCES.txt'
writing manifest file '../../build/my_robot_pkg/my_robot_pkg.egg-info/SOURCES.txt'
running build
running build_py
copying my_robot_pkg/controller_node.py -> /home/huy/ros2_ws/build/my_robot_pkg/build/lib/my_robot_pkg
running install
running install_lib
copying /home/huy/ros2_ws/build/my_robot_pkg/build/lib/my_robot_pkg/controller_node.py -> /home/huy/ros2_ws/install/my_robot_pkg/lib/python3.10/site-packages/my_robot_pkg
byte-compiling /home/huy/ros2_ws/install/my_robot_pkg/lib/python3.10/site-packages/my_robot_pkg/controller_node.py to controller_node.cpython-310.pyc
running install_data
copying package.xml -> /home/huy/ros2_ws/install/my_robot_pkg/share/my_robot_pkg
running install_egg_info
removing '/home/huy/ros2_ws/install/my_robot_pkg/lib/python3.10/site-packages/my_robot_pkg-0.0.0-py3.10.egg-info' (and everything under it)
Copying ../../build/my_robot_pkg/my_robot_pkg.egg-info to /home/huy/ros2_ws/install/my_robot_pkg/lib/python3.10/site-packages/my_robot_pkg-0.0.0-py3.10.egg-info
running install_scripts
writing list of installed files to '/home/huy/ros2_ws/build/my_robot_pkg/install.log'
