[0.012s] Invoking command in '/home/huy/ros2_ws/build/custom_msg': CMAKE_PREFIX_PATH=${CMAKE_PREFIX_PATH}:/home/huy/ros2_ws/install/ps4_controller:/home/huy/ros2_ws/install/example_pkg:/opt/ros/humble /usr/bin/cmake --build /home/huy/ros2_ws/build/custom_msg -- -j16 -l16
[0.059s] [  9%] Built target custom_msg__cpp
[0.059s] [ 12%] Built target custom_msg__rosidl_generator_c
[0.070s] [ 12%] Built target ament_cmake_python_copy_custom_msg
[0.082s] [ 32%] Built target custom_msg__rosidl_typesupport_introspection_c
[0.082s] [ 32%] Built target custom_msg__rosidl_typesupport_c
[0.082s] [ 41%] Built target custom_msg__rosidl_typesupport_cpp
[0.082s] [ 51%] Built target custom_msg__rosidl_typesupport_introspection_cpp
[0.083s] [ 61%] Built target custom_msg__rosidl_typesupport_fastrtps_c
[0.083s] [ 70%] Built target custom_msg__rosidl_typesupport_fastrtps_cpp
[0.103s] [ 70%] Built target custom_msg
[0.124s] [ 74%] Built target custom_msg__py
[0.147s] [ 80%] Built target custom_msg__rosidl_generator_py
[0.170s] [100%] Built target custom_msg__rosidl_typesupport_introspection_c__pyext
[0.170s] [100%] Built target custom_msg__rosidl_typesupport_c__pyext
[0.170s] [100%] Built target custom_msg__rosidl_typesupport_fastrtps_c__pyext
[0.275s] running egg_info
[0.275s] writing custom_msg.egg-info/PKG-INFO
[0.275s] writing dependency_links to custom_msg.egg-info/dependency_links.txt
[0.275s] writing top-level names to custom_msg.egg-info/top_level.txt
[0.277s] reading manifest file 'custom_msg.egg-info/SOURCES.txt'
[0.277s] writing manifest file 'custom_msg.egg-info/SOURCES.txt'
[0.304s] [100%] Built target ament_cmake_python_build_custom_msg_egg
[0.316s] Invoked command in '/home/huy/ros2_ws/build/custom_msg' returned '0': CMAKE_PREFIX_PATH=${CMAKE_PREFIX_PATH}:/home/huy/ros2_ws/install/ps4_controller:/home/huy/ros2_ws/install/example_pkg:/opt/ros/humble /usr/bin/cmake --build /home/huy/ros2_ws/build/custom_msg -- -j16 -l16
[0.325s] Invoking command in '/home/huy/ros2_ws/build/custom_msg': CMAKE_PREFIX_PATH=${CMAKE_PREFIX_PATH}:/home/huy/ros2_ws/install/ps4_controller:/home/huy/ros2_ws/install/example_pkg:/opt/ros/humble /usr/bin/cmake --install /home/huy/ros2_ws/build/custom_msg
[0.332s] -- Install configuration: ""
[0.332s] -- Up-to-date: /home/huy/ros2_ws/install/custom_msg/share/ament_index/resource_index/rosidl_interfaces/custom_msg
[0.332s] -- Up-to-date: /home/huy/ros2_ws/install/custom_msg/include/custom_msg/custom_msg
[0.332s] -- Up-to-date: /home/huy/ros2_ws/install/custom_msg/include/custom_msg/custom_msg/msg
[0.332s] -- Up-to-date: /home/huy/ros2_ws/install/custom_msg/include/custom_msg/custom_msg/msg/rosidl_generator_c__visibility_control.h
[0.333s] -- Up-to-date: /home/huy/ros2_ws/install/custom_msg/include/custom_msg/custom_msg/msg/detail
[0.333s] -- Up-to-date: /home/huy/ros2_ws/install/custom_msg/include/custom_msg/custom_msg/msg/detail/ps4_data__type_support.h
[0.333s] -- Up-to-date: /home/huy/ros2_ws/install/custom_msg/include/custom_msg/custom_msg/msg/detail/ps4_data__struct.h
[0.333s] -- Up-to-date: /home/huy/ros2_ws/install/custom_msg/include/custom_msg/custom_msg/msg/detail/ps4_data__functions.c
[0.333s] -- Up-to-date: /home/huy/ros2_ws/install/custom_msg/include/custom_msg/custom_msg/msg/detail/ps4_data__functions.h
[0.333s] -- Up-to-date: /home/huy/ros2_ws/install/custom_msg/include/custom_msg/custom_msg/msg/ps4_data.h
[0.333s] -- Up-to-date: /home/huy/ros2_ws/install/custom_msg/share/custom_msg/environment/library_path.sh
[0.333s] -- Up-to-date: /home/huy/ros2_ws/install/custom_msg/share/custom_msg/environment/library_path.dsv
[0.333s] -- Up-to-date: /home/huy/ros2_ws/install/custom_msg/lib/libcustom_msg__rosidl_generator_c.so
[0.333s] -- Up-to-date: /home/huy/ros2_ws/install/custom_msg/include/custom_msg/custom_msg
[0.333s] -- Up-to-date: /home/huy/ros2_ws/install/custom_msg/include/custom_msg/custom_msg/msg
[0.333s] -- Up-to-date: /home/huy/ros2_ws/install/custom_msg/include/custom_msg/custom_msg/msg/detail
[0.333s] -- Up-to-date: /home/huy/ros2_ws/install/custom_msg/include/custom_msg/custom_msg/msg/detail/ps4_data__rosidl_typesupport_fastrtps_c.h
[0.333s] -- Up-to-date: /home/huy/ros2_ws/install/custom_msg/include/custom_msg/custom_msg/msg/rosidl_typesupport_fastrtps_c__visibility_control.h
[0.333s] -- Up-to-date: /home/huy/ros2_ws/install/custom_msg/lib/libcustom_msg__rosidl_typesupport_fastrtps_c.so
[0.333s] -- Up-to-date: /home/huy/ros2_ws/install/custom_msg/include/custom_msg/custom_msg
[0.333s] -- Up-to-date: /home/huy/ros2_ws/install/custom_msg/include/custom_msg/custom_msg/msg
[0.334s] -- Up-to-date: /home/huy/ros2_ws/install/custom_msg/include/custom_msg/custom_msg/msg/detail
[0.334s] -- Up-to-date: /home/huy/ros2_ws/install/custom_msg/include/custom_msg/custom_msg/msg/detail/ps4_data__rosidl_typesupport_introspection_c.h
[0.334s] -- Up-to-date: /home/huy/ros2_ws/install/custom_msg/include/custom_msg/custom_msg/msg/detail/ps4_data__type_support.c
[0.334s] -- Up-to-date: /home/huy/ros2_ws/install/custom_msg/include/custom_msg/custom_msg/msg/rosidl_typesupport_introspection_c__visibility_control.h
[0.334s] -- Up-to-date: /home/huy/ros2_ws/install/custom_msg/lib/libcustom_msg__rosidl_typesupport_introspection_c.so
[0.334s] -- Up-to-date: /home/huy/ros2_ws/install/custom_msg/lib/libcustom_msg__rosidl_typesupport_c.so
[0.334s] -- Up-to-date: /home/huy/ros2_ws/install/custom_msg/include/custom_msg/custom_msg
[0.334s] -- Up-to-date: /home/huy/ros2_ws/install/custom_msg/include/custom_msg/custom_msg/msg
[0.334s] -- Up-to-date: /home/huy/ros2_ws/install/custom_msg/include/custom_msg/custom_msg/msg/rosidl_generator_cpp__visibility_control.hpp
[0.334s] -- Up-to-date: /home/huy/ros2_ws/install/custom_msg/include/custom_msg/custom_msg/msg/detail
[0.335s] -- Up-to-date: /home/huy/ros2_ws/install/custom_msg/include/custom_msg/custom_msg/msg/detail/ps4_data__type_support.hpp
[0.335s] -- Up-to-date: /home/huy/ros2_ws/install/custom_msg/include/custom_msg/custom_msg/msg/detail/ps4_data__builder.hpp
[0.335s] -- Up-to-date: /home/huy/ros2_ws/install/custom_msg/include/custom_msg/custom_msg/msg/detail/ps4_data__traits.hpp
[0.335s] -- Up-to-date: /home/huy/ros2_ws/install/custom_msg/include/custom_msg/custom_msg/msg/detail/ps4_data__struct.hpp
[0.335s] -- Up-to-date: /home/huy/ros2_ws/install/custom_msg/include/custom_msg/custom_msg/msg/ps4_data.hpp
[0.335s] -- Up-to-date: /home/huy/ros2_ws/install/custom_msg/include/custom_msg/custom_msg
[0.335s] -- Up-to-date: /home/huy/ros2_ws/install/custom_msg/include/custom_msg/custom_msg/msg
[0.335s] -- Up-to-date: /home/huy/ros2_ws/install/custom_msg/include/custom_msg/custom_msg/msg/detail
[0.335s] -- Up-to-date: /home/huy/ros2_ws/install/custom_msg/include/custom_msg/custom_msg/msg/detail/ps4_data__rosidl_typesupport_fastrtps_cpp.hpp
[0.335s] -- Up-to-date: /home/huy/ros2_ws/install/custom_msg/include/custom_msg/custom_msg/msg/detail/dds_fastrtps
[0.335s] -- Up-to-date: /home/huy/ros2_ws/install/custom_msg/include/custom_msg/custom_msg/msg/rosidl_typesupport_fastrtps_cpp__visibility_control.h
[0.335s] -- Up-to-date: /home/huy/ros2_ws/install/custom_msg/lib/libcustom_msg__rosidl_typesupport_fastrtps_cpp.so
[0.335s] -- Up-to-date: /home/huy/ros2_ws/install/custom_msg/include/custom_msg/custom_msg
[0.335s] -- Up-to-date: /home/huy/ros2_ws/install/custom_msg/include/custom_msg/custom_msg/msg
[0.335s] -- Up-to-date: /home/huy/ros2_ws/install/custom_msg/include/custom_msg/custom_msg/msg/detail
[0.335s] -- Up-to-date: /home/huy/ros2_ws/install/custom_msg/include/custom_msg/custom_msg/msg/detail/ps4_data__type_support.cpp
[0.336s] -- Up-to-date: /home/huy/ros2_ws/install/custom_msg/include/custom_msg/custom_msg/msg/detail/ps4_data__rosidl_typesupport_introspection_cpp.hpp
[0.336s] -- Up-to-date: /home/huy/ros2_ws/install/custom_msg/lib/libcustom_msg__rosidl_typesupport_introspection_cpp.so
[0.336s] -- Up-to-date: /home/huy/ros2_ws/install/custom_msg/lib/libcustom_msg__rosidl_typesupport_cpp.so
[0.336s] -- Up-to-date: /home/huy/ros2_ws/install/custom_msg/share/custom_msg/environment/pythonpath.sh
[0.336s] -- Up-to-date: /home/huy/ros2_ws/install/custom_msg/share/custom_msg/environment/pythonpath.dsv
[0.336s] -- Up-to-date: /home/huy/ros2_ws/install/custom_msg/local/lib/python3.10/dist-packages/custom_msg-0.0.0-py3.10.egg-info
[0.336s] -- Installing: /home/huy/ros2_ws/install/custom_msg/local/lib/python3.10/dist-packages/custom_msg-0.0.0-py3.10.egg-info/PKG-INFO
[0.336s] -- Installing: /home/huy/ros2_ws/install/custom_msg/local/lib/python3.10/dist-packages/custom_msg-0.0.0-py3.10.egg-info/SOURCES.txt
[0.337s] -- Installing: /home/huy/ros2_ws/install/custom_msg/local/lib/python3.10/dist-packages/custom_msg-0.0.0-py3.10.egg-info/top_level.txt
[0.337s] -- Installing: /home/huy/ros2_ws/install/custom_msg/local/lib/python3.10/dist-packages/custom_msg-0.0.0-py3.10.egg-info/dependency_links.txt
[0.337s] -- Up-to-date: /home/huy/ros2_ws/install/custom_msg/local/lib/python3.10/dist-packages/custom_msg
[0.337s] -- Up-to-date: /home/huy/ros2_ws/install/custom_msg/local/lib/python3.10/dist-packages/custom_msg/custom_msg_s__rosidl_typesupport_fastrtps_c.cpython-310-x86_64-linux-gnu.so
[0.337s] -- Up-to-date: /home/huy/ros2_ws/install/custom_msg/local/lib/python3.10/dist-packages/custom_msg/_custom_msg_s.ep.rosidl_typesupport_c.c
[0.337s] -- Up-to-date: /home/huy/ros2_ws/install/custom_msg/local/lib/python3.10/dist-packages/custom_msg/_custom_msg_s.ep.rosidl_typesupport_fastrtps_c.c
[0.337s] -- Up-to-date: /home/huy/ros2_ws/install/custom_msg/local/lib/python3.10/dist-packages/custom_msg/custom_msg_s__rosidl_typesupport_c.cpython-310-x86_64-linux-gnu.so
[0.338s] -- Up-to-date: /home/huy/ros2_ws/install/custom_msg/local/lib/python3.10/dist-packages/custom_msg/_custom_msg_s.ep.rosidl_typesupport_introspection_c.c
[0.338s] -- Up-to-date: /home/huy/ros2_ws/install/custom_msg/local/lib/python3.10/dist-packages/custom_msg/msg
[0.338s] -- Up-to-date: /home/huy/ros2_ws/install/custom_msg/local/lib/python3.10/dist-packages/custom_msg/msg/_ps4_data.py
[0.338s] -- Up-to-date: /home/huy/ros2_ws/install/custom_msg/local/lib/python3.10/dist-packages/custom_msg/msg/__init__.py
[0.338s] -- Up-to-date: /home/huy/ros2_ws/install/custom_msg/local/lib/python3.10/dist-packages/custom_msg/msg/_ps4_data_s.c
[0.338s] -- Up-to-date: /home/huy/ros2_ws/install/custom_msg/local/lib/python3.10/dist-packages/custom_msg/__init__.py
[0.338s] -- Up-to-date: /home/huy/ros2_ws/install/custom_msg/local/lib/python3.10/dist-packages/custom_msg/libcustom_msg__rosidl_generator_py.so
[0.338s] -- Up-to-date: /home/huy/ros2_ws/install/custom_msg/local/lib/python3.10/dist-packages/custom_msg/custom_msg_s__rosidl_typesupport_introspection_c.cpython-310-x86_64-linux-gnu.so
[0.364s] Listing '/home/huy/ros2_ws/install/custom_msg/local/lib/python3.10/dist-packages/custom_msg'...
[0.364s] Listing '/home/huy/ros2_ws/install/custom_msg/local/lib/python3.10/dist-packages/custom_msg/msg'...
[0.368s] -- Up-to-date: /home/huy/ros2_ws/install/custom_msg/local/lib/python3.10/dist-packages/custom_msg/custom_msg_s__rosidl_typesupport_fastrtps_c.cpython-310-x86_64-linux-gnu.so
[0.368s] -- Up-to-date: /home/huy/ros2_ws/install/custom_msg/local/lib/python3.10/dist-packages/custom_msg/custom_msg_s__rosidl_typesupport_introspection_c.cpython-310-x86_64-linux-gnu.so
[0.368s] -- Up-to-date: /home/huy/ros2_ws/install/custom_msg/local/lib/python3.10/dist-packages/custom_msg/custom_msg_s__rosidl_typesupport_c.cpython-310-x86_64-linux-gnu.so
[0.368s] -- Up-to-date: /home/huy/ros2_ws/install/custom_msg/lib/libcustom_msg__rosidl_generator_py.so
[0.369s] -- Up-to-date: /home/huy/ros2_ws/install/custom_msg/share/custom_msg/msg/PS4Data.idl
[0.369s] -- Up-to-date: /home/huy/ros2_ws/install/custom_msg/share/custom_msg/msg/PS4Data.msg
[0.369s] -- Up-to-date: /home/huy/ros2_ws/install/custom_msg/share/ament_index/resource_index/package_run_dependencies/custom_msg
[0.369s] -- Up-to-date: /home/huy/ros2_ws/install/custom_msg/share/ament_index/resource_index/parent_prefix_path/custom_msg
[0.369s] -- Up-to-date: /home/huy/ros2_ws/install/custom_msg/share/custom_msg/environment/ament_prefix_path.sh
[0.369s] -- Up-to-date: /home/huy/ros2_ws/install/custom_msg/share/custom_msg/environment/ament_prefix_path.dsv
[0.369s] -- Up-to-date: /home/huy/ros2_ws/install/custom_msg/share/custom_msg/environment/path.sh
[0.369s] -- Up-to-date: /home/huy/ros2_ws/install/custom_msg/share/custom_msg/environment/path.dsv
[0.369s] -- Up-to-date: /home/huy/ros2_ws/install/custom_msg/share/custom_msg/local_setup.bash
[0.369s] -- Up-to-date: /home/huy/ros2_ws/install/custom_msg/share/custom_msg/local_setup.sh
[0.369s] -- Up-to-date: /home/huy/ros2_ws/install/custom_msg/share/custom_msg/local_setup.zsh
[0.369s] -- Up-to-date: /home/huy/ros2_ws/install/custom_msg/share/custom_msg/local_setup.dsv
[0.369s] -- Installing: /home/huy/ros2_ws/install/custom_msg/share/custom_msg/package.dsv
[0.369s] -- Up-to-date: /home/huy/ros2_ws/install/custom_msg/share/ament_index/resource_index/packages/custom_msg
[0.369s] -- Up-to-date: /home/huy/ros2_ws/install/custom_msg/share/custom_msg/cmake/export_custom_msg__rosidl_generator_cExport.cmake
[0.369s] -- Up-to-date: /home/huy/ros2_ws/install/custom_msg/share/custom_msg/cmake/export_custom_msg__rosidl_generator_cExport-noconfig.cmake
[0.370s] -- Up-to-date: /home/huy/ros2_ws/install/custom_msg/share/custom_msg/cmake/export_custom_msg__rosidl_typesupport_fastrtps_cExport.cmake
[0.370s] -- Up-to-date: /home/huy/ros2_ws/install/custom_msg/share/custom_msg/cmake/export_custom_msg__rosidl_typesupport_fastrtps_cExport-noconfig.cmake
[0.370s] -- Up-to-date: /home/huy/ros2_ws/install/custom_msg/share/custom_msg/cmake/custom_msg__rosidl_typesupport_introspection_cExport.cmake
[0.370s] -- Up-to-date: /home/huy/ros2_ws/install/custom_msg/share/custom_msg/cmake/custom_msg__rosidl_typesupport_introspection_cExport-noconfig.cmake
[0.370s] -- Up-to-date: /home/huy/ros2_ws/install/custom_msg/share/custom_msg/cmake/custom_msg__rosidl_typesupport_cExport.cmake
[0.370s] -- Up-to-date: /home/huy/ros2_ws/install/custom_msg/share/custom_msg/cmake/custom_msg__rosidl_typesupport_cExport-noconfig.cmake
[0.370s] -- Up-to-date: /home/huy/ros2_ws/install/custom_msg/share/custom_msg/cmake/export_custom_msg__rosidl_generator_cppExport.cmake
[0.370s] -- Up-to-date: /home/huy/ros2_ws/install/custom_msg/share/custom_msg/cmake/export_custom_msg__rosidl_typesupport_fastrtps_cppExport.cmake
[0.370s] -- Up-to-date: /home/huy/ros2_ws/install/custom_msg/share/custom_msg/cmake/export_custom_msg__rosidl_typesupport_fastrtps_cppExport-noconfig.cmake
[0.370s] -- Up-to-date: /home/huy/ros2_ws/install/custom_msg/share/custom_msg/cmake/custom_msg__rosidl_typesupport_introspection_cppExport.cmake
[0.370s] -- Up-to-date: /home/huy/ros2_ws/install/custom_msg/share/custom_msg/cmake/custom_msg__rosidl_typesupport_introspection_cppExport-noconfig.cmake
[0.370s] -- Up-to-date: /home/huy/ros2_ws/install/custom_msg/share/custom_msg/cmake/custom_msg__rosidl_typesupport_cppExport.cmake
[0.370s] -- Up-to-date: /home/huy/ros2_ws/install/custom_msg/share/custom_msg/cmake/custom_msg__rosidl_typesupport_cppExport-noconfig.cmake
[0.370s] -- Up-to-date: /home/huy/ros2_ws/install/custom_msg/share/custom_msg/cmake/export_custom_msg__rosidl_generator_pyExport.cmake
[0.371s] -- Up-to-date: /home/huy/ros2_ws/install/custom_msg/share/custom_msg/cmake/export_custom_msg__rosidl_generator_pyExport-noconfig.cmake
[0.371s] -- Up-to-date: /home/huy/ros2_ws/install/custom_msg/share/custom_msg/cmake/rosidl_cmake-extras.cmake
[0.371s] -- Up-to-date: /home/huy/ros2_ws/install/custom_msg/share/custom_msg/cmake/ament_cmake_export_include_directories-extras.cmake
[0.371s] -- Up-to-date: /home/huy/ros2_ws/install/custom_msg/share/custom_msg/cmake/ament_cmake_export_libraries-extras.cmake
[0.371s] -- Up-to-date: /home/huy/ros2_ws/install/custom_msg/share/custom_msg/cmake/ament_cmake_export_targets-extras.cmake
[0.371s] -- Up-to-date: /home/huy/ros2_ws/install/custom_msg/share/custom_msg/cmake/rosidl_cmake_export_typesupport_targets-extras.cmake
[0.371s] -- Up-to-date: /home/huy/ros2_ws/install/custom_msg/share/custom_msg/cmake/ament_cmake_export_dependencies-extras.cmake
[0.371s] -- Up-to-date: /home/huy/ros2_ws/install/custom_msg/share/custom_msg/cmake/rosidl_cmake_export_typesupport_libraries-extras.cmake
[0.371s] -- Up-to-date: /home/huy/ros2_ws/install/custom_msg/share/custom_msg/cmake/custom_msgConfig.cmake
[0.371s] -- Up-to-date: /home/huy/ros2_ws/install/custom_msg/share/custom_msg/cmake/custom_msgConfig-version.cmake
[0.371s] -- Up-to-date: /home/huy/ros2_ws/install/custom_msg/share/custom_msg/package.xml
[0.374s] Invoked command in '/home/huy/ros2_ws/build/custom_msg' returned '0': CMAKE_PREFIX_PATH=${CMAKE_PREFIX_PATH}:/home/huy/ros2_ws/install/ps4_controller:/home/huy/ros2_ws/install/example_pkg:/opt/ros/humble /usr/bin/cmake --install /home/huy/ros2_ws/build/custom_msg
