[0.013s] Invoking command in '/home/huy/ros2_ws/build/uav_msgs': /usr/bin/cmake --build /home/huy/ros2_ws/build/uav_msgs -- -j16 -l16
[0.065s] [  5%] Built target uav_msgs__cpp
[0.065s] [ 12%] Built target uav_msgs__rosidl_generator_c
[0.077s] [ 12%] Built target ament_cmake_python_copy_uav_msgs
[0.090s] [ 38%] Built target uav_msgs__rosidl_typesupport_fastrtps_cpp
[0.090s] [ 41%] Built target uav_msgs__rosidl_typesupport_fastrtps_c
[0.090s] [ 43%] Built target uav_msgs__rosidl_typesupport_cpp
[0.090s] [ 53%] Built target uav_msgs__rosidl_typesupport_introspection_c
[0.091s] [ 64%] Built target uav_msgs__rosidl_typesupport_c
[0.092s] [ 74%] Built target uav_msgs__rosidl_typesupport_introspection_cpp
[0.113s] [ 74%] Built target uav_msgs
[0.136s] [ 76%] Built target uav_msgs__py
[0.159s] [ 84%] Built target uav_msgs__rosidl_generator_py
[0.181s] [100%] Built target uav_msgs__rosidl_typesupport_introspection_c__pyext
[0.181s] [100%] Built target uav_msgs__rosidl_typesupport_c__pyext
[0.181s] [100%] Built target uav_msgs__rosidl_typesupport_fastrtps_c__pyext
[0.277s] running egg_info
[0.277s] writing uav_msgs.egg-info/PKG-INFO
[0.277s] writing dependency_links to uav_msgs.egg-info/dependency_links.txt
[0.278s] writing top-level names to uav_msgs.egg-info/top_level.txt
[0.279s] reading manifest file 'uav_msgs.egg-info/SOURCES.txt'
[0.280s] writing manifest file 'uav_msgs.egg-info/SOURCES.txt'
[0.308s] [100%] Built target ament_cmake_python_build_uav_msgs_egg
