[0.035s] Invoking command in '/home/huy/ros2_ws/build/uav_msgs': /usr/bin/cmake --build /home/huy/ros2_ws/build/uav_msgs -- -j16 -l16
[0.195s] [  2%] Built target uav_msgs__cpp
[0.196s] [ 12%] Built target uav_msgs__rosidl_generator_c
[0.228s] [ 12%] Built target ament_cmake_python_copy_uav_msgs
[0.262s] [ 23%] Built target uav_msgs__rosidl_typesupport_cpp
[0.262s] [ 33%] Built target uav_msgs__rosidl_typesupport_fastrtps_cpp
[0.265s] [ 43%] Built target uav_msgs__rosidl_typesupport_introspection_cpp
[0.293s] [ 53%] Built target uav_msgs__rosidl_typesupport_introspection_c
[0.296s] [ 69%] Built target uav_msgs__rosidl_typesupport_c
[0.297s] [ 74%] Built target uav_msgs__rosidl_typesupport_fastrtps_c
[0.363s] [ 74%] Built target uav_msgs
[0.425s] [ 76%] Built target uav_msgs__py
[0.488s] [ 84%] Built target uav_msgs__rosidl_generator_py
[0.543s] [ 94%] Built target uav_msgs__rosidl_typesupport_c__pyext
[0.543s] [ 97%] Built target uav_msgs__rosidl_typesupport_introspection_c__pyext
[0.543s] [100%] Built target uav_msgs__rosidl_typesupport_fastrtps_c__pyext
[0.875s] running egg_info
[0.877s] writing uav_msgs.egg-info/PKG-INFO
[0.877s] writing dependency_links to uav_msgs.egg-info/dependency_links.txt
[0.877s] writing top-level names to uav_msgs.egg-info/top_level.txt
[0.884s] reading manifest file 'uav_msgs.egg-info/SOURCES.txt'
[0.885s] writing manifest file 'uav_msgs.egg-info/SOURCES.txt'
[0.956s] [100%] Built target ament_cmake_python_build_uav_msgs_egg
[0.993s] Invoked command in '/home/huy/ros2_ws/build/uav_msgs' returned '0': /usr/bin/cmake --build /home/huy/ros2_ws/build/uav_msgs -- -j16 -l16
[1.029s] Invoking command in '/home/huy/ros2_ws/build/uav_msgs': /usr/bin/cmake --install /home/huy/ros2_ws/build/uav_msgs
[1.054s] -- Install configuration: ""
[1.055s] -- Up-to-date: /home/huy/ros2_ws/install/uav_msgs/share/ament_index/resource_index/rosidl_interfaces/uav_msgs
[1.055s] -- Up-to-date: /home/huy/ros2_ws/install/uav_msgs/include/uav_msgs/uav_msgs
[1.055s] -- Up-to-date: /home/huy/ros2_ws/install/uav_msgs/include/uav_msgs/uav_msgs/msg
[1.055s] -- Up-to-date: /home/huy/ros2_ws/install/uav_msgs/include/uav_msgs/uav_msgs/msg/rosidl_generator_c__visibility_control.h
[1.056s] -- Up-to-date: /home/huy/ros2_ws/install/uav_msgs/include/uav_msgs/uav_msgs/msg/detail
[1.056s] -- Up-to-date: /home/huy/ros2_ws/install/uav_msgs/include/uav_msgs/uav_msgs/msg/detail/uav_cmd__struct.h
[1.056s] -- Up-to-date: /home/huy/ros2_ws/install/uav_msgs/include/uav_msgs/uav_msgs/msg/detail/uav_state__type_support.h
[1.057s] -- Up-to-date: /home/huy/ros2_ws/install/uav_msgs/include/uav_msgs/uav_msgs/msg/detail/uav_cmd__functions.h
[1.057s] -- Up-to-date: /home/huy/ros2_ws/install/uav_msgs/include/uav_msgs/uav_msgs/msg/detail/uav_state__functions.c
[1.058s] -- Up-to-date: /home/huy/ros2_ws/install/uav_msgs/include/uav_msgs/uav_msgs/msg/detail/uav_cmd__functions.c
[1.058s] -- Up-to-date: /home/huy/ros2_ws/install/uav_msgs/include/uav_msgs/uav_msgs/msg/detail/uav_state__struct.h
[1.058s] -- Up-to-date: /home/huy/ros2_ws/install/uav_msgs/include/uav_msgs/uav_msgs/msg/detail/uav_state__functions.h
[1.058s] -- Up-to-date: /home/huy/ros2_ws/install/uav_msgs/include/uav_msgs/uav_msgs/msg/detail/uav_cmd__type_support.h
[1.058s] -- Up-to-date: /home/huy/ros2_ws/install/uav_msgs/include/uav_msgs/uav_msgs/msg/uav_cmd.h
[1.059s] -- Up-to-date: /home/huy/ros2_ws/install/uav_msgs/include/uav_msgs/uav_msgs/msg/uav_state.h
[1.059s] -- Up-to-date: /home/huy/ros2_ws/install/uav_msgs/share/uav_msgs/environment/library_path.sh
[1.059s] -- Up-to-date: /home/huy/ros2_ws/install/uav_msgs/share/uav_msgs/environment/library_path.dsv
[1.059s] -- Up-to-date: /home/huy/ros2_ws/install/uav_msgs/lib/libuav_msgs__rosidl_generator_c.so
[1.060s] -- Up-to-date: /home/huy/ros2_ws/install/uav_msgs/include/uav_msgs/uav_msgs
[1.060s] -- Up-to-date: /home/huy/ros2_ws/install/uav_msgs/include/uav_msgs/uav_msgs/msg
[1.060s] -- Up-to-date: /home/huy/ros2_ws/install/uav_msgs/include/uav_msgs/uav_msgs/msg/detail
[1.060s] -- Up-to-date: /home/huy/ros2_ws/install/uav_msgs/include/uav_msgs/uav_msgs/msg/detail/uav_state__rosidl_typesupport_fastrtps_c.h
[1.060s] -- Up-to-date: /home/huy/ros2_ws/install/uav_msgs/include/uav_msgs/uav_msgs/msg/detail/uav_cmd__rosidl_typesupport_fastrtps_c.h
[1.061s] -- Up-to-date: /home/huy/ros2_ws/install/uav_msgs/include/uav_msgs/uav_msgs/msg/rosidl_typesupport_fastrtps_c__visibility_control.h
[1.061s] -- Up-to-date: /home/huy/ros2_ws/install/uav_msgs/lib/libuav_msgs__rosidl_typesupport_fastrtps_c.so
[1.061s] -- Up-to-date: /home/huy/ros2_ws/install/uav_msgs/include/uav_msgs/uav_msgs
[1.062s] -- Up-to-date: /home/huy/ros2_ws/install/uav_msgs/include/uav_msgs/uav_msgs/msg
[1.062s] -- Up-to-date: /home/huy/ros2_ws/install/uav_msgs/include/uav_msgs/uav_msgs/msg/detail
[1.062s] -- Up-to-date: /home/huy/ros2_ws/install/uav_msgs/include/uav_msgs/uav_msgs/msg/detail/uav_cmd__type_support.c
[1.063s] -- Up-to-date: /home/huy/ros2_ws/install/uav_msgs/include/uav_msgs/uav_msgs/msg/detail/uav_state__type_support.c
[1.063s] -- Up-to-date: /home/huy/ros2_ws/install/uav_msgs/include/uav_msgs/uav_msgs/msg/detail/uav_cmd__rosidl_typesupport_introspection_c.h
[1.063s] -- Up-to-date: /home/huy/ros2_ws/install/uav_msgs/include/uav_msgs/uav_msgs/msg/detail/uav_state__rosidl_typesupport_introspection_c.h
[1.063s] -- Up-to-date: /home/huy/ros2_ws/install/uav_msgs/include/uav_msgs/uav_msgs/msg/rosidl_typesupport_introspection_c__visibility_control.h
[1.064s] -- Up-to-date: /home/huy/ros2_ws/install/uav_msgs/lib/libuav_msgs__rosidl_typesupport_introspection_c.so
[1.064s] -- Up-to-date: /home/huy/ros2_ws/install/uav_msgs/lib/libuav_msgs__rosidl_typesupport_c.so
[1.064s] -- Up-to-date: /home/huy/ros2_ws/install/uav_msgs/include/uav_msgs/uav_msgs
[1.065s] -- Up-to-date: /home/huy/ros2_ws/install/uav_msgs/include/uav_msgs/uav_msgs/msg
[1.065s] -- Up-to-date: /home/huy/ros2_ws/install/uav_msgs/include/uav_msgs/uav_msgs/msg/rosidl_generator_cpp__visibility_control.hpp
[1.065s] -- Up-to-date: /home/huy/ros2_ws/install/uav_msgs/include/uav_msgs/uav_msgs/msg/detail
[1.065s] -- Up-to-date: /home/huy/ros2_ws/install/uav_msgs/include/uav_msgs/uav_msgs/msg/detail/uav_cmd__traits.hpp
[1.066s] -- Up-to-date: /home/huy/ros2_ws/install/uav_msgs/include/uav_msgs/uav_msgs/msg/detail/uav_state__type_support.hpp
[1.066s] -- Up-to-date: /home/huy/ros2_ws/install/uav_msgs/include/uav_msgs/uav_msgs/msg/detail/uav_state__struct.hpp
[1.066s] -- Up-to-date: /home/huy/ros2_ws/install/uav_msgs/include/uav_msgs/uav_msgs/msg/detail/uav_cmd__struct.hpp
[1.066s] -- Up-to-date: /home/huy/ros2_ws/install/uav_msgs/include/uav_msgs/uav_msgs/msg/detail/uav_state__builder.hpp
[1.067s] -- Up-to-date: /home/huy/ros2_ws/install/uav_msgs/include/uav_msgs/uav_msgs/msg/detail/uav_cmd__type_support.hpp
[1.067s] -- Up-to-date: /home/huy/ros2_ws/install/uav_msgs/include/uav_msgs/uav_msgs/msg/detail/uav_cmd__builder.hpp
[1.067s] -- Up-to-date: /home/huy/ros2_ws/install/uav_msgs/include/uav_msgs/uav_msgs/msg/detail/uav_state__traits.hpp
[1.067s] -- Up-to-date: /home/huy/ros2_ws/install/uav_msgs/include/uav_msgs/uav_msgs/msg/uav_cmd.hpp
[1.068s] -- Up-to-date: /home/huy/ros2_ws/install/uav_msgs/include/uav_msgs/uav_msgs/msg/uav_state.hpp
[1.068s] -- Up-to-date: /home/huy/ros2_ws/install/uav_msgs/include/uav_msgs/uav_msgs
[1.068s] -- Up-to-date: /home/huy/ros2_ws/install/uav_msgs/include/uav_msgs/uav_msgs/msg
[1.068s] -- Up-to-date: /home/huy/ros2_ws/install/uav_msgs/include/uav_msgs/uav_msgs/msg/detail
[1.068s] -- Up-to-date: /home/huy/ros2_ws/install/uav_msgs/include/uav_msgs/uav_msgs/msg/detail/uav_cmd__rosidl_typesupport_fastrtps_cpp.hpp
[1.069s] -- Up-to-date: /home/huy/ros2_ws/install/uav_msgs/include/uav_msgs/uav_msgs/msg/detail/dds_fastrtps
[1.069s] -- Up-to-date: /home/huy/ros2_ws/install/uav_msgs/include/uav_msgs/uav_msgs/msg/detail/uav_state__rosidl_typesupport_fastrtps_cpp.hpp
[1.069s] -- Up-to-date: /home/huy/ros2_ws/install/uav_msgs/include/uav_msgs/uav_msgs/msg/rosidl_typesupport_fastrtps_cpp__visibility_control.h
[1.069s] -- Up-to-date: /home/huy/ros2_ws/install/uav_msgs/lib/libuav_msgs__rosidl_typesupport_fastrtps_cpp.so
[1.070s] -- Up-to-date: /home/huy/ros2_ws/install/uav_msgs/include/uav_msgs/uav_msgs
[1.070s] -- Up-to-date: /home/huy/ros2_ws/install/uav_msgs/include/uav_msgs/uav_msgs/msg
[1.071s] -- Up-to-date: /home/huy/ros2_ws/install/uav_msgs/include/uav_msgs/uav_msgs/msg/detail
[1.071s] -- Up-to-date: /home/huy/ros2_ws/install/uav_msgs/include/uav_msgs/uav_msgs/msg/detail/uav_state__type_support.cpp
[1.071s] -- Up-to-date: /home/huy/ros2_ws/install/uav_msgs/include/uav_msgs/uav_msgs/msg/detail/uav_state__rosidl_typesupport_introspection_cpp.hpp
[1.071s] -- Up-to-date: /home/huy/ros2_ws/install/uav_msgs/include/uav_msgs/uav_msgs/msg/detail/uav_cmd__type_support.cpp
[1.071s] -- Up-to-date: /home/huy/ros2_ws/install/uav_msgs/include/uav_msgs/uav_msgs/msg/detail/uav_cmd__rosidl_typesupport_introspection_cpp.hpp
[1.072s] -- Up-to-date: /home/huy/ros2_ws/install/uav_msgs/lib/libuav_msgs__rosidl_typesupport_introspection_cpp.so
[1.072s] -- Up-to-date: /home/huy/ros2_ws/install/uav_msgs/lib/libuav_msgs__rosidl_typesupport_cpp.so
[1.072s] -- Up-to-date: /home/huy/ros2_ws/install/uav_msgs/share/uav_msgs/environment/pythonpath.sh
[1.072s] -- Up-to-date: /home/huy/ros2_ws/install/uav_msgs/share/uav_msgs/environment/pythonpath.dsv
[1.073s] -- Up-to-date: /home/huy/ros2_ws/install/uav_msgs/local/lib/python3.10/dist-packages/uav_msgs-0.0.0-py3.10.egg-info
[1.073s] -- Installing: /home/huy/ros2_ws/install/uav_msgs/local/lib/python3.10/dist-packages/uav_msgs-0.0.0-py3.10.egg-info/PKG-INFO
[1.073s] -- Installing: /home/huy/ros2_ws/install/uav_msgs/local/lib/python3.10/dist-packages/uav_msgs-0.0.0-py3.10.egg-info/SOURCES.txt
[1.074s] -- Installing: /home/huy/ros2_ws/install/uav_msgs/local/lib/python3.10/dist-packages/uav_msgs-0.0.0-py3.10.egg-info/top_level.txt
[1.074s] -- Installing: /home/huy/ros2_ws/install/uav_msgs/local/lib/python3.10/dist-packages/uav_msgs-0.0.0-py3.10.egg-info/dependency_links.txt
[1.074s] -- Up-to-date: /home/huy/ros2_ws/install/uav_msgs/local/lib/python3.10/dist-packages/uav_msgs
[1.074s] -- Up-to-date: /home/huy/ros2_ws/install/uav_msgs/local/lib/python3.10/dist-packages/uav_msgs/libuav_msgs__rosidl_generator_py.so
[1.075s] -- Up-to-date: /home/huy/ros2_ws/install/uav_msgs/local/lib/python3.10/dist-packages/uav_msgs/_uav_msgs_s.ep.rosidl_typesupport_introspection_c.c
[1.075s] -- Up-to-date: /home/huy/ros2_ws/install/uav_msgs/local/lib/python3.10/dist-packages/uav_msgs/_uav_msgs_s.ep.rosidl_typesupport_fastrtps_c.c
[1.075s] -- Up-to-date: /home/huy/ros2_ws/install/uav_msgs/local/lib/python3.10/dist-packages/uav_msgs/uav_msgs_s__rosidl_typesupport_fastrtps_c.cpython-310-x86_64-linux-gnu.so
[1.075s] -- Up-to-date: /home/huy/ros2_ws/install/uav_msgs/local/lib/python3.10/dist-packages/uav_msgs/msg
[1.076s] -- Up-to-date: /home/huy/ros2_ws/install/uav_msgs/local/lib/python3.10/dist-packages/uav_msgs/msg/_uav_state_s.c
[1.076s] -- Up-to-date: /home/huy/ros2_ws/install/uav_msgs/local/lib/python3.10/dist-packages/uav_msgs/msg/_uav_cmd.py
[1.076s] -- Up-to-date: /home/huy/ros2_ws/install/uav_msgs/local/lib/python3.10/dist-packages/uav_msgs/msg/_uav_state.py
[1.076s] -- Up-to-date: /home/huy/ros2_ws/install/uav_msgs/local/lib/python3.10/dist-packages/uav_msgs/msg/__init__.py
[1.076s] -- Up-to-date: /home/huy/ros2_ws/install/uav_msgs/local/lib/python3.10/dist-packages/uav_msgs/msg/_uav_cmd_s.c
[1.077s] -- Up-to-date: /home/huy/ros2_ws/install/uav_msgs/local/lib/python3.10/dist-packages/uav_msgs/__init__.py
[1.077s] -- Up-to-date: /home/huy/ros2_ws/install/uav_msgs/local/lib/python3.10/dist-packages/uav_msgs/uav_msgs_s__rosidl_typesupport_c.cpython-310-x86_64-linux-gnu.so
[1.077s] -- Up-to-date: /home/huy/ros2_ws/install/uav_msgs/local/lib/python3.10/dist-packages/uav_msgs/_uav_msgs_s.ep.rosidl_typesupport_c.c
[1.077s] -- Up-to-date: /home/huy/ros2_ws/install/uav_msgs/local/lib/python3.10/dist-packages/uav_msgs/uav_msgs_s__rosidl_typesupport_introspection_c.cpython-310-x86_64-linux-gnu.so
[1.161s] Listing '/home/huy/ros2_ws/install/uav_msgs/local/lib/python3.10/dist-packages/uav_msgs'...
[1.161s] Listing '/home/huy/ros2_ws/install/uav_msgs/local/lib/python3.10/dist-packages/uav_msgs/msg'...
[1.174s] -- Up-to-date: /home/huy/ros2_ws/install/uav_msgs/local/lib/python3.10/dist-packages/uav_msgs/uav_msgs_s__rosidl_typesupport_fastrtps_c.cpython-310-x86_64-linux-gnu.so
[1.175s] -- Up-to-date: /home/huy/ros2_ws/install/uav_msgs/local/lib/python3.10/dist-packages/uav_msgs/uav_msgs_s__rosidl_typesupport_introspection_c.cpython-310-x86_64-linux-gnu.so
[1.176s] -- Up-to-date: /home/huy/ros2_ws/install/uav_msgs/local/lib/python3.10/dist-packages/uav_msgs/uav_msgs_s__rosidl_typesupport_c.cpython-310-x86_64-linux-gnu.so
[1.177s] -- Up-to-date: /home/huy/ros2_ws/install/uav_msgs/lib/libuav_msgs__rosidl_generator_py.so
[1.178s] -- Up-to-date: /home/huy/ros2_ws/install/uav_msgs/share/uav_msgs/msg/UavState.idl
[1.178s] -- Up-to-date: /home/huy/ros2_ws/install/uav_msgs/share/uav_msgs/msg/UavCmd.idl
[1.179s] -- Up-to-date: /home/huy/ros2_ws/install/uav_msgs/share/uav_msgs/msg/UavState.msg
[1.179s] -- Up-to-date: /home/huy/ros2_ws/install/uav_msgs/share/uav_msgs/msg/UavCmd.msg
[1.179s] -- Up-to-date: /home/huy/ros2_ws/install/uav_msgs/share/ament_index/resource_index/package_run_dependencies/uav_msgs
[1.180s] -- Up-to-date: /home/huy/ros2_ws/install/uav_msgs/share/ament_index/resource_index/parent_prefix_path/uav_msgs
[1.180s] -- Up-to-date: /home/huy/ros2_ws/install/uav_msgs/share/uav_msgs/environment/ament_prefix_path.sh
[1.180s] -- Up-to-date: /home/huy/ros2_ws/install/uav_msgs/share/uav_msgs/environment/ament_prefix_path.dsv
[1.181s] -- Up-to-date: /home/huy/ros2_ws/install/uav_msgs/share/uav_msgs/environment/path.sh
[1.181s] -- Up-to-date: /home/huy/ros2_ws/install/uav_msgs/share/uav_msgs/environment/path.dsv
[1.181s] -- Up-to-date: /home/huy/ros2_ws/install/uav_msgs/share/uav_msgs/local_setup.bash
[1.181s] -- Up-to-date: /home/huy/ros2_ws/install/uav_msgs/share/uav_msgs/local_setup.sh
[1.181s] -- Up-to-date: /home/huy/ros2_ws/install/uav_msgs/share/uav_msgs/local_setup.zsh
[1.181s] -- Up-to-date: /home/huy/ros2_ws/install/uav_msgs/share/uav_msgs/local_setup.dsv
[1.182s] -- Installing: /home/huy/ros2_ws/install/uav_msgs/share/uav_msgs/package.dsv
[1.182s] -- Up-to-date: /home/huy/ros2_ws/install/uav_msgs/share/ament_index/resource_index/packages/uav_msgs
[1.182s] -- Up-to-date: /home/huy/ros2_ws/install/uav_msgs/share/uav_msgs/cmake/export_uav_msgs__rosidl_generator_cExport.cmake
[1.183s] -- Up-to-date: /home/huy/ros2_ws/install/uav_msgs/share/uav_msgs/cmake/export_uav_msgs__rosidl_generator_cExport-noconfig.cmake
[1.183s] -- Up-to-date: /home/huy/ros2_ws/install/uav_msgs/share/uav_msgs/cmake/export_uav_msgs__rosidl_typesupport_fastrtps_cExport.cmake
[1.183s] -- Up-to-date: /home/huy/ros2_ws/install/uav_msgs/share/uav_msgs/cmake/export_uav_msgs__rosidl_typesupport_fastrtps_cExport-noconfig.cmake
[1.184s] -- Up-to-date: /home/huy/ros2_ws/install/uav_msgs/share/uav_msgs/cmake/uav_msgs__rosidl_typesupport_introspection_cExport.cmake
[1.184s] -- Up-to-date: /home/huy/ros2_ws/install/uav_msgs/share/uav_msgs/cmake/uav_msgs__rosidl_typesupport_introspection_cExport-noconfig.cmake
[1.184s] -- Up-to-date: /home/huy/ros2_ws/install/uav_msgs/share/uav_msgs/cmake/uav_msgs__rosidl_typesupport_cExport.cmake
[1.184s] -- Up-to-date: /home/huy/ros2_ws/install/uav_msgs/share/uav_msgs/cmake/uav_msgs__rosidl_typesupport_cExport-noconfig.cmake
[1.185s] -- Up-to-date: /home/huy/ros2_ws/install/uav_msgs/share/uav_msgs/cmake/export_uav_msgs__rosidl_generator_cppExport.cmake
[1.185s] -- Up-to-date: /home/huy/ros2_ws/install/uav_msgs/share/uav_msgs/cmake/export_uav_msgs__rosidl_typesupport_fastrtps_cppExport.cmake
[1.185s] -- Up-to-date: /home/huy/ros2_ws/install/uav_msgs/share/uav_msgs/cmake/export_uav_msgs__rosidl_typesupport_fastrtps_cppExport-noconfig.cmake
[1.186s] -- Up-to-date: /home/huy/ros2_ws/install/uav_msgs/share/uav_msgs/cmake/uav_msgs__rosidl_typesupport_introspection_cppExport.cmake
[1.186s] -- Up-to-date: /home/huy/ros2_ws/install/uav_msgs/share/uav_msgs/cmake/uav_msgs__rosidl_typesupport_introspection_cppExport-noconfig.cmake
[1.186s] -- Up-to-date: /home/huy/ros2_ws/install/uav_msgs/share/uav_msgs/cmake/uav_msgs__rosidl_typesupport_cppExport.cmake
[1.187s] -- Up-to-date: /home/huy/ros2_ws/install/uav_msgs/share/uav_msgs/cmake/uav_msgs__rosidl_typesupport_cppExport-noconfig.cmake
[1.187s] -- Up-to-date: /home/huy/ros2_ws/install/uav_msgs/share/uav_msgs/cmake/export_uav_msgs__rosidl_generator_pyExport.cmake
[1.187s] -- Up-to-date: /home/huy/ros2_ws/install/uav_msgs/share/uav_msgs/cmake/export_uav_msgs__rosidl_generator_pyExport-noconfig.cmake
[1.187s] -- Up-to-date: /home/huy/ros2_ws/install/uav_msgs/share/uav_msgs/cmake/rosidl_cmake-extras.cmake
[1.188s] -- Up-to-date: /home/huy/ros2_ws/install/uav_msgs/share/uav_msgs/cmake/ament_cmake_export_include_directories-extras.cmake
[1.188s] -- Up-to-date: /home/huy/ros2_ws/install/uav_msgs/share/uav_msgs/cmake/ament_cmake_export_libraries-extras.cmake
[1.188s] -- Up-to-date: /home/huy/ros2_ws/install/uav_msgs/share/uav_msgs/cmake/ament_cmake_export_targets-extras.cmake
[1.188s] -- Up-to-date: /home/huy/ros2_ws/install/uav_msgs/share/uav_msgs/cmake/rosidl_cmake_export_typesupport_targets-extras.cmake
[1.188s] -- Up-to-date: /home/huy/ros2_ws/install/uav_msgs/share/uav_msgs/cmake/ament_cmake_export_dependencies-extras.cmake
[1.189s] -- Up-to-date: /home/huy/ros2_ws/install/uav_msgs/share/uav_msgs/cmake/rosidl_cmake_export_typesupport_libraries-extras.cmake
[1.189s] -- Up-to-date: /home/huy/ros2_ws/install/uav_msgs/share/uav_msgs/cmake/uav_msgsConfig.cmake
[1.189s] -- Up-to-date: /home/huy/ros2_ws/install/uav_msgs/share/uav_msgs/cmake/uav_msgsConfig-version.cmake
[1.189s] -- Up-to-date: /home/huy/ros2_ws/install/uav_msgs/share/uav_msgs/package.xml
[1.194s] Invoked command in '/home/huy/ros2_ws/build/uav_msgs' returned '0': /usr/bin/cmake --install /home/huy/ros2_ws/build/uav_msgs
