[0.013s] Invoking command in '/home/huy/ros2_ws/build/uav_dynamics': CMAKE_PREFIX_PATH=/opt/ros/humble:/home/huy/ros2_ws/install/uav_msgs:/home/huy/ros2_ws/install/uav_sim:/home/huy/ros2_ws/install/uav_motor_plugin:/home/huy/ros2_ws/install/uav_dynamics:/home/huy/ros2_ws/install/uav_controller LD_LIBRARY_PATH=/home/huy/ros2_ws/install/uav_msgs/lib:/home/huy/ros2_ws/install/uav_motor_plugin/lib:/usr/lib/x86_64-linux-gnu/gazebo-11/plugins:/opt/ros/humble/opt/rviz_ogre_vendor/lib:/opt/ros/humble/lib/x86_64-linux-gnu:/opt/ros/humble/lib:/usr/lib/x86_64-linux-gnu/gazebo-11/plugins /usr/bin/cmake --build /home/huy/ros2_ws/build/uav_dynamics -- -j16 -l16
[0.035s] -- Found ament_cmake: 1.3.12 (/opt/ros/humble/share/ament_cmake/cmake)
[0.142s] -- Found rclcpp: 16.0.17 (/opt/ros/humble/share/rclcpp/cmake)
[0.174s] -- Found rosidl_generator_c: 3.1.8 (/opt/ros/humble/share/rosidl_generator_c/cmake)
[0.176s] -- Found rosidl_adapter: 3.1.8 (/opt/ros/humble/share/rosidl_adapter/cmake)
[0.180s] -- Found rosidl_generator_cpp: 3.1.8 (/opt/ros/humble/share/rosidl_generator_cpp/cmake)
[0.187s] -- Using all available rosidl_typesupport_c: rosidl_typesupport_fastrtps_c;rosidl_typesupport_introspection_c
[0.196s] -- Using all available rosidl_typesupport_cpp: rosidl_typesupport_fastrtps_cpp;rosidl_typesupport_introspection_cpp
[0.228s] -- Found rmw_implementation_cmake: 6.1.2 (/opt/ros/humble/share/rmw_implementation_cmake/cmake)
[0.231s] -- Found rmw_fastrtps_cpp: 6.2.9 (/opt/ros/humble/share/rmw_fastrtps_cpp/cmake)
[0.335s] -- Using RMW implementation 'rmw_fastrtps_cpp' as default
[0.388s] -- Found uav_msgs: 0.0.0 (/home/huy/ros2_ws/install/uav_msgs/share/uav_msgs/cmake)
[0.394s] -- Found sensor_msgs: 4.9.0 (/opt/ros/humble/share/sensor_msgs/cmake)
[0.493s] -- Configuring done
[0.507s] -- Generating done
[0.511s] -- Build files have been written to: /home/huy/ros2_ws/build/uav_dynamics
[0.536s] [35m[1mConsolidate compiler generated dependencies of target cmd_pub_node[0m
[0.536s] [35m[1mConsolidate compiler generated dependencies of target dynamics_node[0m
[0.554s] [ 60%] [32mBuilding CXX object CMakeFiles/dynamics_node.dir/src/uav_model.cpp.o[0m
[0.554s] [ 60%] [32mBuilding CXX object CMakeFiles/dynamics_node.dir/src/dynamics_node.cpp.o[0m
[0.554s] [ 60%] [32mBuilding CXX object CMakeFiles/cmd_pub_node.dir/src/uav_cmd_pub.cpp.o[0m
[8.076s] [ 80%] [32m[1mLinking CXX executable dynamics_node[0m
[8.158s] [100%] [32m[1mLinking CXX executable cmd_pub_node[0m
[8.440s] [100%] Built target dynamics_node
[8.530s] [100%] Built target cmd_pub_node
[8.544s] Invoked command in '/home/huy/ros2_ws/build/uav_dynamics' returned '0': CMAKE_PREFIX_PATH=/opt/ros/humble:/home/huy/ros2_ws/install/uav_msgs:/home/huy/ros2_ws/install/uav_sim:/home/huy/ros2_ws/install/uav_motor_plugin:/home/huy/ros2_ws/install/uav_dynamics:/home/huy/ros2_ws/install/uav_controller LD_LIBRARY_PATH=/home/huy/ros2_ws/install/uav_msgs/lib:/home/huy/ros2_ws/install/uav_motor_plugin/lib:/usr/lib/x86_64-linux-gnu/gazebo-11/plugins:/opt/ros/humble/opt/rviz_ogre_vendor/lib:/opt/ros/humble/lib/x86_64-linux-gnu:/opt/ros/humble/lib:/usr/lib/x86_64-linux-gnu/gazebo-11/plugins /usr/bin/cmake --build /home/huy/ros2_ws/build/uav_dynamics -- -j16 -l16
[8.546s] Invoking command in '/home/huy/ros2_ws/build/uav_dynamics': CMAKE_PREFIX_PATH=/opt/ros/humble:/home/huy/ros2_ws/install/uav_msgs:/home/huy/ros2_ws/install/uav_sim:/home/huy/ros2_ws/install/uav_motor_plugin:/home/huy/ros2_ws/install/uav_dynamics:/home/huy/ros2_ws/install/uav_controller LD_LIBRARY_PATH=/home/huy/ros2_ws/install/uav_msgs/lib:/home/huy/ros2_ws/install/uav_motor_plugin/lib:/usr/lib/x86_64-linux-gnu/gazebo-11/plugins:/opt/ros/humble/opt/rviz_ogre_vendor/lib:/opt/ros/humble/lib/x86_64-linux-gnu:/opt/ros/humble/lib:/usr/lib/x86_64-linux-gnu/gazebo-11/plugins /usr/bin/cmake --install /home/huy/ros2_ws/build/uav_dynamics
[8.554s] -- Install configuration: ""
[8.554s] -- Installing: /home/huy/ros2_ws/install/uav_dynamics/lib/uav_dynamics/dynamics_node
[8.560s] -- Set runtime path of "/home/huy/ros2_ws/install/uav_dynamics/lib/uav_dynamics/dynamics_node" to ""
[8.560s] -- Installing: /home/huy/ros2_ws/install/uav_dynamics/lib/uav_dynamics/cmd_pub_node
[8.566s] -- Set runtime path of "/home/huy/ros2_ws/install/uav_dynamics/lib/uav_dynamics/cmd_pub_node" to ""
[8.566s] -- Up-to-date: /home/huy/ros2_ws/install/uav_dynamics/share/ament_index/resource_index/package_run_dependencies/uav_dynamics
[8.566s] -- Installing: /home/huy/ros2_ws/install/uav_dynamics/share/ament_index/resource_index/parent_prefix_path/uav_dynamics
[8.566s] -- Installing: /home/huy/ros2_ws/install/uav_dynamics/share/uav_dynamics/environment/ament_prefix_path.sh
[8.567s] -- Installing: /home/huy/ros2_ws/install/uav_dynamics/share/uav_dynamics/environment/ament_prefix_path.dsv
[8.567s] -- Installing: /home/huy/ros2_ws/install/uav_dynamics/share/uav_dynamics/environment/path.sh
[8.567s] -- Installing: /home/huy/ros2_ws/install/uav_dynamics/share/uav_dynamics/environment/path.dsv
[8.568s] -- Up-to-date: /home/huy/ros2_ws/install/uav_dynamics/share/uav_dynamics/local_setup.bash
[8.568s] -- Up-to-date: /home/huy/ros2_ws/install/uav_dynamics/share/uav_dynamics/local_setup.sh
[8.568s] -- Up-to-date: /home/huy/ros2_ws/install/uav_dynamics/share/uav_dynamics/local_setup.zsh
[8.568s] -- Installing: /home/huy/ros2_ws/install/uav_dynamics/share/uav_dynamics/local_setup.dsv
[8.568s] -- Installing: /home/huy/ros2_ws/install/uav_dynamics/share/uav_dynamics/package.dsv
[8.568s] -- Up-to-date: /home/huy/ros2_ws/install/uav_dynamics/share/ament_index/resource_index/packages/uav_dynamics
[8.568s] -- Up-to-date: /home/huy/ros2_ws/install/uav_dynamics/share/uav_dynamics/cmake/uav_dynamicsConfig.cmake
[8.568s] -- Up-to-date: /home/huy/ros2_ws/install/uav_dynamics/share/uav_dynamics/cmake/uav_dynamicsConfig-version.cmake
[8.568s] -- Up-to-date: /home/huy/ros2_ws/install/uav_dynamics/share/uav_dynamics/package.xml
[8.570s] Invoked command in '/home/huy/ros2_ws/build/uav_dynamics' returned '0': CMAKE_PREFIX_PATH=/opt/ros/humble:/home/huy/ros2_ws/install/uav_msgs:/home/huy/ros2_ws/install/uav_sim:/home/huy/ros2_ws/install/uav_motor_plugin:/home/huy/ros2_ws/install/uav_dynamics:/home/huy/ros2_ws/install/uav_controller LD_LIBRARY_PATH=/home/huy/ros2_ws/install/uav_msgs/lib:/home/huy/ros2_ws/install/uav_motor_plugin/lib:/usr/lib/x86_64-linux-gnu/gazebo-11/plugins:/opt/ros/humble/opt/rviz_ogre_vendor/lib:/opt/ros/humble/lib/x86_64-linux-gnu:/opt/ros/humble/lib:/usr/lib/x86_64-linux-gnu/gazebo-11/plugins /usr/bin/cmake --install /home/huy/ros2_ws/build/uav_dynamics
