[0.019s] Invoking command in '/home/huy/ros2_ws/build/custom_msg': CMAKE_PREFIX_PATH=${CMAKE_PREFIX_PATH}:/home/huy/ros2_ws/install/ps4_controller:/home/huy/ros2_ws/install/example_pkg:/opt/ros/humble /usr/bin/cmake --build /home/huy/ros2_ws/build/custom_msg -- -j16 -l16
[0.051s] -- Found rosidl_default_generators: 1.2.0 (/opt/ros/humble/share/rosidl_default_generators/cmake)
[0.052s] -- Found ament_cmake_core: 1.3.11 (/opt/ros/humble/share/ament_cmake_core/cmake)
[0.191s] -- Using all available rosidl_typesupport_c: rosidl_typesupport_fastrtps_c;rosidl_typesupport_introspection_c
[0.194s] -- Found rosidl_adapter: 3.1.6 (/opt/ros/humble/share/rosidl_adapter/cmake)
[0.237s] -- Using all available rosidl_typesupport_cpp: rosidl_typesupport_fastrtps_cpp;rosidl_typesupport_introspection_cpp
[0.265s] -- Found rclcpp: 16.0.12 (/opt/ros/humble/share/rclcpp/cmake)
[0.307s] -- Found rmw_implementation_cmake: 6.1.2 (/opt/ros/humble/share/rmw_implementation_cmake/cmake)
[0.309s] -- Found rmw_fastrtps_cpp: 6.2.7 (/opt/ros/humble/share/rmw_fastrtps_cpp/cmake)
[0.436s] -- Using RMW implementation 'rmw_fastrtps_cpp' as default
[0.767s] -- Found ament_cmake_ros: 0.10.0 (/opt/ros/humble/share/ament_cmake_ros/cmake)
[0.977s] -- Using all available rosidl_typesupport_c: rosidl_typesupport_fastrtps_c;rosidl_typesupport_introspection_c
[1.265s] -- Using all available rosidl_typesupport_cpp: rosidl_typesupport_fastrtps_cpp;rosidl_typesupport_introspection_cpp
[1.292s] -- Found python_cmake_module: 0.10.0 (/opt/ros/humble/share/python_cmake_module/cmake)
[1.319s] -- Using PYTHON_EXECUTABLE: /usr/bin/python3
[1.319s] -- Using PYTHON_INCLUDE_DIRS: /usr/include/python3.10
[1.319s] -- Using PYTHON_LIBRARIES: /usr/lib/x86_64-linux-gnu/libpython3.10.so
[1.331s] -- Found ament_lint_auto: 0.12.12 (/opt/ros/humble/share/ament_lint_auto/cmake)
[1.342s] -- Added test 'lint_cmake' to check CMake code style
[1.343s] -- Added test 'xmllint' to check XML markup files
[1.345s] -- Configuring done
[1.381s] -- Generating done
[1.395s] -- Build files have been written to: /home/huy/ros2_ws/build/custom_msg
[1.428s] [  3%] [34m[1mGenerating C code for ROS interfaces[0m
[1.441s] [  6%] [34m[1mGenerating C++ code for ROS interfaces[0m
[1.455s] [  6%] Built target ament_cmake_python_copy_custom_msg
[1.700s] [35m[1mConsolidate compiler generated dependencies of target custom_msg__rosidl_generator_c[0m
[1.714s] [  9%] [32mBuilding C object CMakeFiles/custom_msg__rosidl_generator_c.dir/rosidl_generator_c/custom_msg/msg/detail/ps4_data__functions.c.o[0m
[1.714s] [  9%] Built target custom_msg__cpp
[1.727s] [ 16%] [34m[1mGenerating C++ type support for eProsima Fast-RTPS[0m
[1.727s] [ 16%] [34m[1mGenerating C++ introspection for ROS interfaces[0m
[1.727s] [ 19%] [34m[1mGenerating C++ type support dispatch for ROS interfaces[0m
[1.740s] running egg_info
[1.741s] writing custom_msg.egg-info/PKG-INFO
[1.741s] writing dependency_links to custom_msg.egg-info/dependency_links.txt
[1.741s] writing top-level names to custom_msg.egg-info/top_level.txt
[1.744s] reading manifest file 'custom_msg.egg-info/SOURCES.txt'
[1.745s] writing manifest file 'custom_msg.egg-info/SOURCES.txt'
[1.770s] [ 22%] [32m[1mLinking C shared library libcustom_msg__rosidl_generator_c.so[0m
[1.786s] [ 22%] Built target ament_cmake_python_build_custom_msg_egg
[1.817s] [ 22%] Built target custom_msg__rosidl_generator_c
[1.830s] [ 32%] [34m[1mGenerating C type support for eProsima Fast-RTPS[0m
[1.830s] [ 32%] [34m[1mGenerating C introspection for ROS interfaces[0m
[1.830s] [ 32%] [34m[1mGenerating C type support dispatch for ROS interfaces[0m
[1.959s] [35m[1mConsolidate compiler generated dependencies of target custom_msg__rosidl_typesupport_cpp[0m
[1.977s] [ 35%] [32mBuilding CXX object CMakeFiles/custom_msg__rosidl_typesupport_cpp.dir/rosidl_typesupport_cpp/custom_msg/msg/ps4_data__type_support.cpp.o[0m
[1.989s] [35m[1mConsolidate compiler generated dependencies of target custom_msg__rosidl_typesupport_introspection_cpp[0m
[1.990s] [35m[1mConsolidate compiler generated dependencies of target custom_msg__rosidl_typesupport_fastrtps_cpp[0m
[2.006s] [ 41%] [32mBuilding CXX object CMakeFiles/custom_msg__rosidl_typesupport_introspection_cpp.dir/rosidl_typesupport_introspection_cpp/custom_msg/msg/detail/ps4_data__type_support.cpp.o[0m
[2.006s] [ 41%] [32mBuilding CXX object CMakeFiles/custom_msg__rosidl_typesupport_fastrtps_cpp.dir/rosidl_typesupport_fastrtps_cpp/custom_msg/msg/detail/dds_fastrtps/ps4_data__type_support.cpp.o[0m
[2.066s] [35m[1mConsolidate compiler generated dependencies of target custom_msg__rosidl_typesupport_c[0m
[2.080s] [ 45%] [32mBuilding CXX object CMakeFiles/custom_msg__rosidl_typesupport_c.dir/rosidl_typesupport_c/custom_msg/msg/ps4_data__type_support.cpp.o[0m
[2.094s] [35m[1mConsolidate compiler generated dependencies of target custom_msg__rosidl_typesupport_introspection_c[0m
[2.094s] [35m[1mConsolidate compiler generated dependencies of target custom_msg__rosidl_typesupport_fastrtps_c[0m
[2.109s] [ 48%] [32mBuilding C object CMakeFiles/custom_msg__rosidl_typesupport_introspection_c.dir/rosidl_typesupport_introspection_c/custom_msg/msg/detail/ps4_data__type_support.c.o[0m
[2.110s] [ 51%] [32mBuilding CXX object CMakeFiles/custom_msg__rosidl_typesupport_fastrtps_c.dir/rosidl_typesupport_fastrtps_c/custom_msg/msg/detail/ps4_data__type_support_c.cpp.o[0m
[2.115s] [ 54%] [32m[1mLinking CXX shared library libcustom_msg__rosidl_typesupport_c.so[0m
[2.153s] [ 58%] [32m[1mLinking C shared library libcustom_msg__rosidl_typesupport_introspection_c.so[0m
[2.166s] [ 58%] Built target custom_msg__rosidl_typesupport_c
[2.193s] [ 58%] Built target custom_msg__rosidl_typesupport_introspection_c
[2.264s] [ 61%] [32m[1mLinking CXX shared library libcustom_msg__rosidl_typesupport_cpp.so[0m
[2.315s] [ 61%] Built target custom_msg__rosidl_typesupport_cpp
[2.422s] [ 64%] [32m[1mLinking CXX shared library libcustom_msg__rosidl_typesupport_introspection_cpp.so[0m
[2.430s] [ 67%] [32m[1mLinking CXX shared library libcustom_msg__rosidl_typesupport_fastrtps_cpp.so[0m
[2.469s] [ 70%] [32m[1mLinking CXX shared library libcustom_msg__rosidl_typesupport_fastrtps_c.so[0m
[2.515s] [ 70%] Built target custom_msg__rosidl_typesupport_introspection_cpp
[2.527s] [ 70%] Built target custom_msg__rosidl_typesupport_fastrtps_cpp
[2.561s] [ 70%] Built target custom_msg__rosidl_typesupport_fastrtps_c
[2.587s] [ 70%] Built target custom_msg
[2.612s] [ 74%] [34m[1mGenerating Python code for ROS interfaces[0m
[2.932s] [ 74%] Built target custom_msg__py
[2.946s] [35m[1mConsolidate compiler generated dependencies of target custom_msg__rosidl_generator_py[0m
[2.964s] [ 77%] [32mBuilding C object CMakeFiles/custom_msg__rosidl_generator_py.dir/rosidl_generator_py/custom_msg/msg/_ps4_data_s.c.o[0m
[3.080s] [ 80%] [32m[1mLinking C shared library rosidl_generator_py/custom_msg/libcustom_msg__rosidl_generator_py.so[0m
[3.131s] [ 80%] Built target custom_msg__rosidl_generator_py
[3.145s] [35m[1mConsolidate compiler generated dependencies of target custom_msg__rosidl_typesupport_fastrtps_c__pyext[0m
[3.145s] [35m[1mConsolidate compiler generated dependencies of target custom_msg__rosidl_typesupport_c__pyext[0m
[3.145s] [35m[1mConsolidate compiler generated dependencies of target custom_msg__rosidl_typesupport_introspection_c__pyext[0m
[3.162s] [ 90%] [32mBuilding C object CMakeFiles/custom_msg__rosidl_typesupport_introspection_c__pyext.dir/rosidl_generator_py/custom_msg/_custom_msg_s.ep.rosidl_typesupport_introspection_c.c.o[0m
[3.162s] [ 90%] [32mBuilding C object CMakeFiles/custom_msg__rosidl_typesupport_fastrtps_c__pyext.dir/rosidl_generator_py/custom_msg/_custom_msg_s.ep.rosidl_typesupport_fastrtps_c.c.o[0m
[3.162s] [ 90%] [32mBuilding C object CMakeFiles/custom_msg__rosidl_typesupport_c__pyext.dir/rosidl_generator_py/custom_msg/_custom_msg_s.ep.rosidl_typesupport_c.c.o[0m
[3.262s] [ 96%] [32m[1mLinking C shared library rosidl_generator_py/custom_msg/custom_msg_s__rosidl_typesupport_introspection_c.cpython-310-x86_64-linux-gnu.so[0m
[3.262s] [ 96%] [32m[1mLinking C shared library rosidl_generator_py/custom_msg/custom_msg_s__rosidl_typesupport_c.cpython-310-x86_64-linux-gnu.so[0m
[3.269s] [100%] [32m[1mLinking C shared library rosidl_generator_py/custom_msg/custom_msg_s__rosidl_typesupport_fastrtps_c.cpython-310-x86_64-linux-gnu.so[0m
[3.304s] [100%] Built target custom_msg__rosidl_typesupport_c__pyext
[3.304s] [100%] Built target custom_msg__rosidl_typesupport_introspection_c__pyext
[3.311s] [100%] Built target custom_msg__rosidl_typesupport_fastrtps_c__pyext
[3.327s] Invoked command in '/home/huy/ros2_ws/build/custom_msg' returned '0': CMAKE_PREFIX_PATH=${CMAKE_PREFIX_PATH}:/home/huy/ros2_ws/install/ps4_controller:/home/huy/ros2_ws/install/example_pkg:/opt/ros/humble /usr/bin/cmake --build /home/huy/ros2_ws/build/custom_msg -- -j16 -l16
[3.340s] Invoking command in '/home/huy/ros2_ws/build/custom_msg': CMAKE_PREFIX_PATH=${CMAKE_PREFIX_PATH}:/home/huy/ros2_ws/install/ps4_controller:/home/huy/ros2_ws/install/example_pkg:/opt/ros/humble /usr/bin/cmake --install /home/huy/ros2_ws/build/custom_msg
[3.351s] -- Install configuration: ""
[3.351s] -- Up-to-date: /home/huy/ros2_ws/install/custom_msg/share/ament_index/resource_index/rosidl_interfaces/custom_msg
[3.351s] -- Up-to-date: /home/huy/ros2_ws/install/custom_msg/include/custom_msg/custom_msg
[3.351s] -- Up-to-date: /home/huy/ros2_ws/install/custom_msg/include/custom_msg/custom_msg/msg
[3.351s] -- Up-to-date: /home/huy/ros2_ws/install/custom_msg/include/custom_msg/custom_msg/msg/rosidl_generator_c__visibility_control.h
[3.351s] -- Up-to-date: /home/huy/ros2_ws/install/custom_msg/include/custom_msg/custom_msg/msg/detail
[3.351s] -- Installing: /home/huy/ros2_ws/install/custom_msg/include/custom_msg/custom_msg/msg/detail/ps4_data__type_support.h
[3.351s] -- Installing: /home/huy/ros2_ws/install/custom_msg/include/custom_msg/custom_msg/msg/detail/ps4_data__struct.h
[3.352s] -- Installing: /home/huy/ros2_ws/install/custom_msg/include/custom_msg/custom_msg/msg/detail/ps4_data__functions.c
[3.352s] -- Installing: /home/huy/ros2_ws/install/custom_msg/include/custom_msg/custom_msg/msg/detail/ps4_data__functions.h
[3.352s] -- Installing: /home/huy/ros2_ws/install/custom_msg/include/custom_msg/custom_msg/msg/ps4_data.h
[3.352s] -- Up-to-date: /home/huy/ros2_ws/install/custom_msg/share/custom_msg/environment/library_path.sh
[3.352s] -- Installing: /home/huy/ros2_ws/install/custom_msg/share/custom_msg/environment/library_path.dsv
[3.352s] -- Installing: /home/huy/ros2_ws/install/custom_msg/lib/libcustom_msg__rosidl_generator_c.so
[3.353s] -- Set runtime path of "/home/huy/ros2_ws/install/custom_msg/lib/libcustom_msg__rosidl_generator_c.so" to ""
[3.353s] -- Up-to-date: /home/huy/ros2_ws/install/custom_msg/include/custom_msg/custom_msg
[3.353s] -- Up-to-date: /home/huy/ros2_ws/install/custom_msg/include/custom_msg/custom_msg/msg
[3.353s] -- Up-to-date: /home/huy/ros2_ws/install/custom_msg/include/custom_msg/custom_msg/msg/detail
[3.353s] -- Installing: /home/huy/ros2_ws/install/custom_msg/include/custom_msg/custom_msg/msg/detail/ps4_data__rosidl_typesupport_fastrtps_c.h
[3.354s] -- Up-to-date: /home/huy/ros2_ws/install/custom_msg/include/custom_msg/custom_msg/msg/rosidl_typesupport_fastrtps_c__visibility_control.h
[3.354s] -- Installing: /home/huy/ros2_ws/install/custom_msg/lib/libcustom_msg__rosidl_typesupport_fastrtps_c.so
[3.354s] -- Set runtime path of "/home/huy/ros2_ws/install/custom_msg/lib/libcustom_msg__rosidl_typesupport_fastrtps_c.so" to ""
[3.354s] -- Up-to-date: /home/huy/ros2_ws/install/custom_msg/include/custom_msg/custom_msg
[3.354s] -- Up-to-date: /home/huy/ros2_ws/install/custom_msg/include/custom_msg/custom_msg/msg
[3.354s] -- Up-to-date: /home/huy/ros2_ws/install/custom_msg/include/custom_msg/custom_msg/msg/detail
[3.355s] -- Installing: /home/huy/ros2_ws/install/custom_msg/include/custom_msg/custom_msg/msg/detail/ps4_data__rosidl_typesupport_introspection_c.h
[3.355s] -- Installing: /home/huy/ros2_ws/install/custom_msg/include/custom_msg/custom_msg/msg/detail/ps4_data__type_support.c
[3.355s] -- Up-to-date: /home/huy/ros2_ws/install/custom_msg/include/custom_msg/custom_msg/msg/rosidl_typesupport_introspection_c__visibility_control.h
[3.355s] -- Installing: /home/huy/ros2_ws/install/custom_msg/lib/libcustom_msg__rosidl_typesupport_introspection_c.so
[3.355s] -- Set runtime path of "/home/huy/ros2_ws/install/custom_msg/lib/libcustom_msg__rosidl_typesupport_introspection_c.so" to ""
[3.356s] -- Installing: /home/huy/ros2_ws/install/custom_msg/lib/libcustom_msg__rosidl_typesupport_c.so
[3.356s] -- Set runtime path of "/home/huy/ros2_ws/install/custom_msg/lib/libcustom_msg__rosidl_typesupport_c.so" to ""
[3.356s] -- Up-to-date: /home/huy/ros2_ws/install/custom_msg/include/custom_msg/custom_msg
[3.356s] -- Up-to-date: /home/huy/ros2_ws/install/custom_msg/include/custom_msg/custom_msg/msg
[3.357s] -- Up-to-date: /home/huy/ros2_ws/install/custom_msg/include/custom_msg/custom_msg/msg/rosidl_generator_cpp__visibility_control.hpp
[3.357s] -- Up-to-date: /home/huy/ros2_ws/install/custom_msg/include/custom_msg/custom_msg/msg/detail
[3.357s] -- Installing: /home/huy/ros2_ws/install/custom_msg/include/custom_msg/custom_msg/msg/detail/ps4_data__type_support.hpp
[3.357s] -- Installing: /home/huy/ros2_ws/install/custom_msg/include/custom_msg/custom_msg/msg/detail/ps4_data__builder.hpp
[3.357s] -- Installing: /home/huy/ros2_ws/install/custom_msg/include/custom_msg/custom_msg/msg/detail/ps4_data__traits.hpp
[3.357s] -- Installing: /home/huy/ros2_ws/install/custom_msg/include/custom_msg/custom_msg/msg/detail/ps4_data__struct.hpp
[3.357s] -- Installing: /home/huy/ros2_ws/install/custom_msg/include/custom_msg/custom_msg/msg/ps4_data.hpp
[3.357s] -- Up-to-date: /home/huy/ros2_ws/install/custom_msg/include/custom_msg/custom_msg
[3.358s] -- Up-to-date: /home/huy/ros2_ws/install/custom_msg/include/custom_msg/custom_msg/msg
[3.358s] -- Up-to-date: /home/huy/ros2_ws/install/custom_msg/include/custom_msg/custom_msg/msg/detail
[3.358s] -- Installing: /home/huy/ros2_ws/install/custom_msg/include/custom_msg/custom_msg/msg/detail/ps4_data__rosidl_typesupport_fastrtps_cpp.hpp
[3.358s] -- Up-to-date: /home/huy/ros2_ws/install/custom_msg/include/custom_msg/custom_msg/msg/detail/dds_fastrtps
[3.358s] -- Up-to-date: /home/huy/ros2_ws/install/custom_msg/include/custom_msg/custom_msg/msg/rosidl_typesupport_fastrtps_cpp__visibility_control.h
[3.358s] -- Installing: /home/huy/ros2_ws/install/custom_msg/lib/libcustom_msg__rosidl_typesupport_fastrtps_cpp.so
[3.359s] -- Set runtime path of "/home/huy/ros2_ws/install/custom_msg/lib/libcustom_msg__rosidl_typesupport_fastrtps_cpp.so" to ""
[3.359s] -- Up-to-date: /home/huy/ros2_ws/install/custom_msg/include/custom_msg/custom_msg
[3.359s] -- Up-to-date: /home/huy/ros2_ws/install/custom_msg/include/custom_msg/custom_msg/msg
[3.359s] -- Up-to-date: /home/huy/ros2_ws/install/custom_msg/include/custom_msg/custom_msg/msg/detail
[3.359s] -- Installing: /home/huy/ros2_ws/install/custom_msg/include/custom_msg/custom_msg/msg/detail/ps4_data__type_support.cpp
[3.359s] -- Installing: /home/huy/ros2_ws/install/custom_msg/include/custom_msg/custom_msg/msg/detail/ps4_data__rosidl_typesupport_introspection_cpp.hpp
[3.359s] -- Installing: /home/huy/ros2_ws/install/custom_msg/lib/libcustom_msg__rosidl_typesupport_introspection_cpp.so
[3.360s] -- Set runtime path of "/home/huy/ros2_ws/install/custom_msg/lib/libcustom_msg__rosidl_typesupport_introspection_cpp.so" to ""
[3.360s] -- Installing: /home/huy/ros2_ws/install/custom_msg/lib/libcustom_msg__rosidl_typesupport_cpp.so
[3.361s] -- Set runtime path of "/home/huy/ros2_ws/install/custom_msg/lib/libcustom_msg__rosidl_typesupport_cpp.so" to ""
[3.361s] -- Up-to-date: /home/huy/ros2_ws/install/custom_msg/share/custom_msg/environment/pythonpath.sh
[3.361s] -- Installing: /home/huy/ros2_ws/install/custom_msg/share/custom_msg/environment/pythonpath.dsv
[3.361s] -- Up-to-date: /home/huy/ros2_ws/install/custom_msg/local/lib/python3.10/dist-packages/custom_msg-0.0.0-py3.10.egg-info
[3.361s] -- Installing: /home/huy/ros2_ws/install/custom_msg/local/lib/python3.10/dist-packages/custom_msg-0.0.0-py3.10.egg-info/PKG-INFO
[3.361s] -- Installing: /home/huy/ros2_ws/install/custom_msg/local/lib/python3.10/dist-packages/custom_msg-0.0.0-py3.10.egg-info/SOURCES.txt
[3.361s] -- Installing: /home/huy/ros2_ws/install/custom_msg/local/lib/python3.10/dist-packages/custom_msg-0.0.0-py3.10.egg-info/top_level.txt
[3.362s] -- Installing: /home/huy/ros2_ws/install/custom_msg/local/lib/python3.10/dist-packages/custom_msg-0.0.0-py3.10.egg-info/dependency_links.txt
[3.362s] -- Up-to-date: /home/huy/ros2_ws/install/custom_msg/local/lib/python3.10/dist-packages/custom_msg
[3.362s] -- Installing: /home/huy/ros2_ws/install/custom_msg/local/lib/python3.10/dist-packages/custom_msg/custom_msg_s__rosidl_typesupport_fastrtps_c.cpython-310-x86_64-linux-gnu.so
[3.362s] -- Installing: /home/huy/ros2_ws/install/custom_msg/local/lib/python3.10/dist-packages/custom_msg/_custom_msg_s.ep.rosidl_typesupport_c.c
[3.362s] -- Installing: /home/huy/ros2_ws/install/custom_msg/local/lib/python3.10/dist-packages/custom_msg/_custom_msg_s.ep.rosidl_typesupport_fastrtps_c.c
[3.363s] -- Installing: /home/huy/ros2_ws/install/custom_msg/local/lib/python3.10/dist-packages/custom_msg/custom_msg_s__rosidl_typesupport_c.cpython-310-x86_64-linux-gnu.so
[3.363s] -- Installing: /home/huy/ros2_ws/install/custom_msg/local/lib/python3.10/dist-packages/custom_msg/_custom_msg_s.ep.rosidl_typesupport_introspection_c.c
[3.363s] -- Up-to-date: /home/huy/ros2_ws/install/custom_msg/local/lib/python3.10/dist-packages/custom_msg/msg
[3.363s] -- Installing: /home/huy/ros2_ws/install/custom_msg/local/lib/python3.10/dist-packages/custom_msg/msg/_ps4_data.py
[3.363s] -- Installing: /home/huy/ros2_ws/install/custom_msg/local/lib/python3.10/dist-packages/custom_msg/msg/__init__.py
[3.364s] -- Installing: /home/huy/ros2_ws/install/custom_msg/local/lib/python3.10/dist-packages/custom_msg/msg/_ps4_data_s.c
[3.364s] -- Installing: /home/huy/ros2_ws/install/custom_msg/local/lib/python3.10/dist-packages/custom_msg/__init__.py
[3.364s] -- Installing: /home/huy/ros2_ws/install/custom_msg/local/lib/python3.10/dist-packages/custom_msg/libcustom_msg__rosidl_generator_py.so
[3.364s] -- Installing: /home/huy/ros2_ws/install/custom_msg/local/lib/python3.10/dist-packages/custom_msg/custom_msg_s__rosidl_typesupport_introspection_c.cpython-310-x86_64-linux-gnu.so
[3.404s] Listing '/home/huy/ros2_ws/install/custom_msg/local/lib/python3.10/dist-packages/custom_msg'...
[3.404s] Compiling '/home/huy/ros2_ws/install/custom_msg/local/lib/python3.10/dist-packages/custom_msg/__init__.py'...
[3.404s] Listing '/home/huy/ros2_ws/install/custom_msg/local/lib/python3.10/dist-packages/custom_msg/msg'...
[3.404s] Compiling '/home/huy/ros2_ws/install/custom_msg/local/lib/python3.10/dist-packages/custom_msg/msg/__init__.py'...
[3.404s] Compiling '/home/huy/ros2_ws/install/custom_msg/local/lib/python3.10/dist-packages/custom_msg/msg/_ps4_data.py'...
[3.409s] -- Installing: /home/huy/ros2_ws/install/custom_msg/local/lib/python3.10/dist-packages/custom_msg/custom_msg_s__rosidl_typesupport_fastrtps_c.cpython-310-x86_64-linux-gnu.so
[3.409s] -- Set runtime path of "/home/huy/ros2_ws/install/custom_msg/local/lib/python3.10/dist-packages/custom_msg/custom_msg_s__rosidl_typesupport_fastrtps_c.cpython-310-x86_64-linux-gnu.so" to ""
[3.410s] -- Installing: /home/huy/ros2_ws/install/custom_msg/local/lib/python3.10/dist-packages/custom_msg/custom_msg_s__rosidl_typesupport_introspection_c.cpython-310-x86_64-linux-gnu.so
[3.410s] -- Set runtime path of "/home/huy/ros2_ws/install/custom_msg/local/lib/python3.10/dist-packages/custom_msg/custom_msg_s__rosidl_typesupport_introspection_c.cpython-310-x86_64-linux-gnu.so" to ""
[3.410s] -- Installing: /home/huy/ros2_ws/install/custom_msg/local/lib/python3.10/dist-packages/custom_msg/custom_msg_s__rosidl_typesupport_c.cpython-310-x86_64-linux-gnu.so
[3.411s] -- Set runtime path of "/home/huy/ros2_ws/install/custom_msg/local/lib/python3.10/dist-packages/custom_msg/custom_msg_s__rosidl_typesupport_c.cpython-310-x86_64-linux-gnu.so" to ""
[3.411s] -- Installing: /home/huy/ros2_ws/install/custom_msg/lib/libcustom_msg__rosidl_generator_py.so
[3.412s] -- Set runtime path of "/home/huy/ros2_ws/install/custom_msg/lib/libcustom_msg__rosidl_generator_py.so" to ""
[3.412s] -- Installing: /home/huy/ros2_ws/install/custom_msg/share/custom_msg/msg/PS4Data.idl
[3.412s] -- Installing: /home/huy/ros2_ws/install/custom_msg/share/custom_msg/msg/PS4Data.msg
[3.412s] -- Up-to-date: /home/huy/ros2_ws/install/custom_msg/share/ament_index/resource_index/package_run_dependencies/custom_msg
[3.412s] -- Up-to-date: /home/huy/ros2_ws/install/custom_msg/share/ament_index/resource_index/parent_prefix_path/custom_msg
[3.412s] -- Up-to-date: /home/huy/ros2_ws/install/custom_msg/share/custom_msg/environment/ament_prefix_path.sh
[3.412s] -- Installing: /home/huy/ros2_ws/install/custom_msg/share/custom_msg/environment/ament_prefix_path.dsv
[3.413s] -- Up-to-date: /home/huy/ros2_ws/install/custom_msg/share/custom_msg/environment/path.sh
[3.413s] -- Installing: /home/huy/ros2_ws/install/custom_msg/share/custom_msg/environment/path.dsv
[3.413s] -- Up-to-date: /home/huy/ros2_ws/install/custom_msg/share/custom_msg/local_setup.bash
[3.413s] -- Up-to-date: /home/huy/ros2_ws/install/custom_msg/share/custom_msg/local_setup.sh
[3.413s] -- Up-to-date: /home/huy/ros2_ws/install/custom_msg/share/custom_msg/local_setup.zsh
[3.413s] -- Installing: /home/huy/ros2_ws/install/custom_msg/share/custom_msg/local_setup.dsv
[3.413s] -- Installing: /home/huy/ros2_ws/install/custom_msg/share/custom_msg/package.dsv
[3.413s] -- Up-to-date: /home/huy/ros2_ws/install/custom_msg/share/ament_index/resource_index/packages/custom_msg
[3.414s] -- Up-to-date: /home/huy/ros2_ws/install/custom_msg/share/custom_msg/cmake/export_custom_msg__rosidl_generator_cExport.cmake
[3.414s] -- Up-to-date: /home/huy/ros2_ws/install/custom_msg/share/custom_msg/cmake/export_custom_msg__rosidl_generator_cExport-noconfig.cmake
[3.414s] -- Up-to-date: /home/huy/ros2_ws/install/custom_msg/share/custom_msg/cmake/export_custom_msg__rosidl_typesupport_fastrtps_cExport.cmake
[3.414s] -- Up-to-date: /home/huy/ros2_ws/install/custom_msg/share/custom_msg/cmake/export_custom_msg__rosidl_typesupport_fastrtps_cExport-noconfig.cmake
[3.414s] -- Up-to-date: /home/huy/ros2_ws/install/custom_msg/share/custom_msg/cmake/custom_msg__rosidl_typesupport_introspection_cExport.cmake
[3.414s] -- Up-to-date: /home/huy/ros2_ws/install/custom_msg/share/custom_msg/cmake/custom_msg__rosidl_typesupport_introspection_cExport-noconfig.cmake
[3.414s] -- Up-to-date: /home/huy/ros2_ws/install/custom_msg/share/custom_msg/cmake/custom_msg__rosidl_typesupport_cExport.cmake
[3.414s] -- Up-to-date: /home/huy/ros2_ws/install/custom_msg/share/custom_msg/cmake/custom_msg__rosidl_typesupport_cExport-noconfig.cmake
[3.414s] -- Up-to-date: /home/huy/ros2_ws/install/custom_msg/share/custom_msg/cmake/export_custom_msg__rosidl_generator_cppExport.cmake
[3.414s] -- Up-to-date: /home/huy/ros2_ws/install/custom_msg/share/custom_msg/cmake/export_custom_msg__rosidl_typesupport_fastrtps_cppExport.cmake
[3.415s] -- Up-to-date: /home/huy/ros2_ws/install/custom_msg/share/custom_msg/cmake/export_custom_msg__rosidl_typesupport_fastrtps_cppExport-noconfig.cmake
[3.415s] -- Up-to-date: /home/huy/ros2_ws/install/custom_msg/share/custom_msg/cmake/custom_msg__rosidl_typesupport_introspection_cppExport.cmake
[3.415s] -- Up-to-date: /home/huy/ros2_ws/install/custom_msg/share/custom_msg/cmake/custom_msg__rosidl_typesupport_introspection_cppExport-noconfig.cmake
[3.415s] -- Up-to-date: /home/huy/ros2_ws/install/custom_msg/share/custom_msg/cmake/custom_msg__rosidl_typesupport_cppExport.cmake
[3.415s] -- Up-to-date: /home/huy/ros2_ws/install/custom_msg/share/custom_msg/cmake/custom_msg__rosidl_typesupport_cppExport-noconfig.cmake
[3.415s] -- Up-to-date: /home/huy/ros2_ws/install/custom_msg/share/custom_msg/cmake/export_custom_msg__rosidl_generator_pyExport.cmake
[3.415s] -- Up-to-date: /home/huy/ros2_ws/install/custom_msg/share/custom_msg/cmake/export_custom_msg__rosidl_generator_pyExport-noconfig.cmake
[3.415s] -- Up-to-date: /home/huy/ros2_ws/install/custom_msg/share/custom_msg/cmake/rosidl_cmake-extras.cmake
[3.415s] -- Up-to-date: /home/huy/ros2_ws/install/custom_msg/share/custom_msg/cmake/ament_cmake_export_include_directories-extras.cmake
[3.415s] -- Up-to-date: /home/huy/ros2_ws/install/custom_msg/share/custom_msg/cmake/ament_cmake_export_libraries-extras.cmake
[3.415s] -- Up-to-date: /home/huy/ros2_ws/install/custom_msg/share/custom_msg/cmake/ament_cmake_export_targets-extras.cmake
[3.415s] -- Up-to-date: /home/huy/ros2_ws/install/custom_msg/share/custom_msg/cmake/rosidl_cmake_export_typesupport_targets-extras.cmake
[3.415s] -- Up-to-date: /home/huy/ros2_ws/install/custom_msg/share/custom_msg/cmake/ament_cmake_export_dependencies-extras.cmake
[3.416s] -- Up-to-date: /home/huy/ros2_ws/install/custom_msg/share/custom_msg/cmake/rosidl_cmake_export_typesupport_libraries-extras.cmake
[3.416s] -- Up-to-date: /home/huy/ros2_ws/install/custom_msg/share/custom_msg/cmake/custom_msgConfig.cmake
[3.416s] -- Up-to-date: /home/huy/ros2_ws/install/custom_msg/share/custom_msg/cmake/custom_msgConfig-version.cmake
[3.416s] -- Up-to-date: /home/huy/ros2_ws/install/custom_msg/share/custom_msg/package.xml
[3.419s] Invoked command in '/home/huy/ros2_ws/build/custom_msg' returned '0': CMAKE_PREFIX_PATH=${CMAKE_PREFIX_PATH}:/home/huy/ros2_ws/install/ps4_controller:/home/huy/ros2_ws/install/example_pkg:/opt/ros/humble /usr/bin/cmake --install /home/huy/ros2_ws/build/custom_msg
