[0.013s] Invoking command in '/home/huy/ros2_ws/build/uav_motor_plugin': CMAKE_PREFIX_PATH=/opt/ros/humble:/home/huy/ros2_ws/install/uav_msgs:/home/huy/ros2_ws/install/uav_sim:/home/huy/ros2_ws/install/uav_dynamics:/home/huy/ros2_ws/install/uav_motor_plugin:/home/huy/ros2_ws/install/uav_controller LD_LIBRARY_PATH=/home/huy/ros2_ws/install/uav_msgs/lib:/home/huy/ros2_ws/install/uav_motor_plugin/lib:/usr/lib/x86_64-linux-gnu/gazebo-11/plugins:/opt/ros/humble/opt/rviz_ogre_vendor/lib:/opt/ros/humble/lib/x86_64-linux-gnu:/opt/ros/humble/lib:/usr/lib/x86_64-linux-gnu/gazebo-11/plugins /usr/bin/cmake --build /home/huy/ros2_ws/build/uav_motor_plugin -- -j16 -l16
[0.072s] [35m[1mConsolidate compiler generated dependencies of target uav_motor_plugin[0m
[0.125s] [ 50%] [32mBuilding CXX object CMakeFiles/uav_motor_plugin.dir/src/uav_motor_plugin.cpp.o[0m
[15.184s] [100%] [32m[1mLinking CXX shared library libuav_motor_plugin.so[0m
[15.861s] [100%] Built target uav_motor_plugin
[15.873s] Invoked command in '/home/huy/ros2_ws/build/uav_motor_plugin' returned '0': CMAKE_PREFIX_PATH=/opt/ros/humble:/home/huy/ros2_ws/install/uav_msgs:/home/huy/ros2_ws/install/uav_sim:/home/huy/ros2_ws/install/uav_dynamics:/home/huy/ros2_ws/install/uav_motor_plugin:/home/huy/ros2_ws/install/uav_controller LD_LIBRARY_PATH=/home/huy/ros2_ws/install/uav_msgs/lib:/home/huy/ros2_ws/install/uav_motor_plugin/lib:/usr/lib/x86_64-linux-gnu/gazebo-11/plugins:/opt/ros/humble/opt/rviz_ogre_vendor/lib:/opt/ros/humble/lib/x86_64-linux-gnu:/opt/ros/humble/lib:/usr/lib/x86_64-linux-gnu/gazebo-11/plugins /usr/bin/cmake --build /home/huy/ros2_ws/build/uav_motor_plugin -- -j16 -l16
[15.874s] Invoking command in '/home/huy/ros2_ws/build/uav_motor_plugin': CMAKE_PREFIX_PATH=/opt/ros/humble:/home/huy/ros2_ws/install/uav_msgs:/home/huy/ros2_ws/install/uav_sim:/home/huy/ros2_ws/install/uav_dynamics:/home/huy/ros2_ws/install/uav_motor_plugin:/home/huy/ros2_ws/install/uav_controller LD_LIBRARY_PATH=/home/huy/ros2_ws/install/uav_msgs/lib:/home/huy/ros2_ws/install/uav_motor_plugin/lib:/usr/lib/x86_64-linux-gnu/gazebo-11/plugins:/opt/ros/humble/opt/rviz_ogre_vendor/lib:/opt/ros/humble/lib/x86_64-linux-gnu:/opt/ros/humble/lib:/usr/lib/x86_64-linux-gnu/gazebo-11/plugins /usr/bin/cmake --install /home/huy/ros2_ws/build/uav_motor_plugin
[15.881s] -- Install configuration: ""
[15.881s] -- Installing: /home/huy/ros2_ws/install/uav_motor_plugin/lib/libuav_motor_plugin.so
[15.892s] -- Set runtime path of "/home/huy/ros2_ws/install/uav_motor_plugin/lib/libuav_motor_plugin.so" to ""
[15.892s] -- Installing: /home/huy/ros2_ws/install/uav_motor_plugin/share/ament_index/resource_index/package_run_dependencies/uav_motor_plugin
[15.893s] -- Installing: /home/huy/ros2_ws/install/uav_motor_plugin/share/ament_index/resource_index/parent_prefix_path/uav_motor_plugin
[15.893s] -- Up-to-date: /home/huy/ros2_ws/install/uav_motor_plugin/share/uav_motor_plugin/environment/ament_prefix_path.sh
[15.893s] -- Installing: /home/huy/ros2_ws/install/uav_motor_plugin/share/uav_motor_plugin/environment/ament_prefix_path.dsv
[15.893s] -- Up-to-date: /home/huy/ros2_ws/install/uav_motor_plugin/share/uav_motor_plugin/environment/path.sh
[15.893s] -- Installing: /home/huy/ros2_ws/install/uav_motor_plugin/share/uav_motor_plugin/environment/path.dsv
[15.893s] -- Up-to-date: /home/huy/ros2_ws/install/uav_motor_plugin/share/uav_motor_plugin/local_setup.bash
[15.893s] -- Up-to-date: /home/huy/ros2_ws/install/uav_motor_plugin/share/uav_motor_plugin/local_setup.sh
[15.893s] -- Up-to-date: /home/huy/ros2_ws/install/uav_motor_plugin/share/uav_motor_plugin/local_setup.zsh
[15.893s] -- Installing: /home/huy/ros2_ws/install/uav_motor_plugin/share/uav_motor_plugin/local_setup.dsv
[15.893s] -- Installing: /home/huy/ros2_ws/install/uav_motor_plugin/share/uav_motor_plugin/package.dsv
[15.894s] -- Up-to-date: /home/huy/ros2_ws/install/uav_motor_plugin/share/ament_index/resource_index/packages/uav_motor_plugin
[15.894s] -- Up-to-date: /home/huy/ros2_ws/install/uav_motor_plugin/share/uav_motor_plugin/cmake/uav_motor_pluginConfig.cmake
[15.894s] -- Up-to-date: /home/huy/ros2_ws/install/uav_motor_plugin/share/uav_motor_plugin/cmake/uav_motor_pluginConfig-version.cmake
[15.894s] -- Installing: /home/huy/ros2_ws/install/uav_motor_plugin/share/uav_motor_plugin/package.xml
[15.896s] Invoked command in '/home/huy/ros2_ws/build/uav_motor_plugin' returned '0': CMAKE_PREFIX_PATH=/opt/ros/humble:/home/huy/ros2_ws/install/uav_msgs:/home/huy/ros2_ws/install/uav_sim:/home/huy/ros2_ws/install/uav_dynamics:/home/huy/ros2_ws/install/uav_motor_plugin:/home/huy/ros2_ws/install/uav_controller LD_LIBRARY_PATH=/home/huy/ros2_ws/install/uav_msgs/lib:/home/huy/ros2_ws/install/uav_motor_plugin/lib:/usr/lib/x86_64-linux-gnu/gazebo-11/plugins:/opt/ros/humble/opt/rviz_ogre_vendor/lib:/opt/ros/humble/lib/x86_64-linux-gnu:/opt/ros/humble/lib:/usr/lib/x86_64-linux-gnu/gazebo-11/plugins /usr/bin/cmake --install /home/huy/ros2_ws/build/uav_motor_plugin
