[0.013s] Invoking command in '/home/huy/ros2_ws/build/uav_controller': CMAKE_PREFIX_PATH=/home/huy/ros2_ws/install/uav_dynamics:/opt/ros/humble:/home/huy/ros2_ws/install/uav_msgs:/home/huy/ros2_ws/install/uav_motor_plugin:/home/huy/ros2_ws/install/uav_controller /usr/bin/cmake --build /home/huy/ros2_ws/build/uav_controller -- -j16 -l16
[0.064s] [ 25%] [32mBuilding CXX object CMakeFiles/pos_controller_node.dir/src/pid_controller.cpp.o[0m
[0.070s] [ 75%] Built target imu_node
[2.302s] In file included from [01m[K/home/huy/ros2_ws/src/uav_controller/src/pid_controller.cpp:1[m[K:
[2.302s] [01m[K/home/huy/ros2_ws/src/uav_controller/include/pid_controller.hpp:24:43:[m[K [01;31m[Kerror: [m[Kexpected ‘[01m[K{[m[K’ before ‘[01m[K([m[K’ token
[2.302s]    24 | class Pos_Controller : public rclcpp::Node[01;31m[K([m[K)
[2.302s]       |                                           [01;31m[K^[m[K
[2.302s] [01m[K/home/huy/ros2_ws/src/uav_controller/include/pid_controller.hpp:24:44:[m[K [01;31m[Kerror: [m[Kexpected unqualified-id before ‘[01m[K)[m[K’ token
[2.302s]    24 | class Pos_Controller : public rclcpp::Node([01;31m[K)[m[K
[2.302s]       |                                            [01;31m[K^[m[K
[2.303s] [01m[K/home/huy/ros2_ws/src/uav_controller/src/pid_controller.cpp:18:32:[m[K [01;31m[Kerror: [m[Kinvalid use of incomplete type ‘[01m[Kclass Pos_Controller[m[K’
[2.303s]    18 | Pos_Controller::Pos_Controller([01;31m[K)[m[K : rclcpp::Node("pos_controller"), x_(0.0), y_(0.0), vx_(0.0), vy_(0.0), vz_(0.0), yaw_ref_(0.0)
[2.303s]       |                                [01;31m[K^[m[K
[2.303s] In file included from [01m[K/home/huy/ros2_ws/src/uav_controller/src/pid_controller.cpp:1[m[K:
[2.303s] [01m[K/home/huy/ros2_ws/src/uav_controller/include/pid_controller.hpp:24:7:[m[K [01;36m[Knote: [m[Kforward declaration of ‘[01m[Kclass Pos_Controller[m[K’
[2.303s]    24 | class [01;36m[KPos_Controller[m[K : public rclcpp::Node()
[2.303s]       |       [01;36m[K^~~~~~~~~~~~~~[m[K
[2.303s] [01m[K/home/huy/ros2_ws/src/uav_controller/src/pid_controller.cpp:49:79:[m[K [01;31m[Kerror: [m[Kinvalid use of incomplete type ‘[01m[Kclass Pos_Controller[m[K’
[2.303s]    49 | void Pos_Controller::odomCallback(const nav_msgs::msg::Odometry::SharedPtr msg[01;31m[K)[m[K
[2.303s]       |                                                                               [01;31m[K^[m[K
[2.303s] In file included from [01m[K/home/huy/ros2_ws/src/uav_controller/src/pid_controller.cpp:1[m[K:
[2.303s] [01m[K/home/huy/ros2_ws/src/uav_controller/include/pid_controller.hpp:24:7:[m[K [01;36m[Knote: [m[Kforward declaration of ‘[01m[Kclass Pos_Controller[m[K’
[2.303s]    24 | class [01;36m[KPos_Controller[m[K : public rclcpp::Node()
[2.303s]       |       [01;36m[K^~~~~~~~~~~~~~[m[K
[2.303s] [01m[K/home/huy/ros2_ws/src/uav_controller/src/pid_controller.cpp:60:34:[m[K [01;31m[Kerror: [m[Kinvalid use of incomplete type ‘[01m[Kclass Pos_Controller[m[K’
[2.303s]    60 | void Pos_Controller::controlLoop([01;31m[K)[m[K
[2.303s]       |                                  [01;31m[K^[m[K
[2.303s] In file included from [01m[K/home/huy/ros2_ws/src/uav_controller/src/pid_controller.cpp:1[m[K:
[2.303s] [01m[K/home/huy/ros2_ws/src/uav_controller/include/pid_controller.hpp:24:7:[m[K [01;36m[Knote: [m[Kforward declaration of ‘[01m[Kclass Pos_Controller[m[K’
[2.303s]    24 | class [01;36m[KPos_Controller[m[K : public rclcpp::Node()
[2.304s]       |       [01;36m[K^~~~~~~~~~~~~~[m[K
[2.304s] [01m[K/home/huy/ros2_ws/src/uav_controller/src/pid_controller.cpp:101:5:[m[K [01;35m[Kwarning: [m[Ksecond argument of ‘[01m[Kint main(int, char***)[m[K’ should be ‘[01m[Kchar **[m[K’ [[01;35m[K]8;;https://gcc.gnu.org/onlinedocs/gcc/Warning-Options.html#index-Wmain-Wmain]8;;[m[K]
[2.304s]   101 | int [01;35m[Kmain[m[K(int argc, char **argv[])
[2.304s]       |     [01;35m[K^~~~[m[K
[2.304s] [01m[K/home/huy/ros2_ws/src/uav_controller/src/pid_controller.cpp:[m[K In function ‘[01m[Kint main(int, char***)[m[K’:
[2.304s] [01m[K/home/huy/ros2_ws/src/uav_controller/src/pid_controller.cpp:103:24:[m[K [01;31m[Kerror: [m[Kcannot convert ‘[01m[Kchar***[m[K’ to ‘[01m[Kconst char* const*[m[K’
[2.304s]   103 |     rclcpp::init(argc, [01;31m[Kargv[m[K);
[2.304s]       |                        [01;31m[K^~~~[m[K
[2.304s]       |                        [01;31m[K|[m[K
[2.304s]       |                        [01;31m[Kchar***[m[K
[2.304s] In file included from [01m[K/opt/ros/humble/include/rclcpp/rclcpp/logging.hpp:25[m[K,
[2.304s]                  from [01m[K/opt/ros/humble/include/rclcpp/rclcpp/client.hpp:40[m[K,
[2.304s]                  from [01m[K/opt/ros/humble/include/rclcpp/rclcpp/callback_group.hpp:24[m[K,
[2.304s]                  from [01m[K/opt/ros/humble/include/rclcpp/rclcpp/any_executable.hpp:20[m[K,
[2.304s]                  from [01m[K/opt/ros/humble/include/rclcpp/rclcpp/memory_strategy.hpp:25[m[K,
[2.304s]                  from [01m[K/opt/ros/humble/include/rclcpp/rclcpp/memory_strategies.hpp:18[m[K,
[2.304s]                  from [01m[K/opt/ros/humble/include/rclcpp/rclcpp/executor_options.hpp:20[m[K,
[2.305s]                  from [01m[K/opt/ros/humble/include/rclcpp/rclcpp/executor.hpp:37[m[K,
[2.305s]                  from [01m[K/opt/ros/humble/include/rclcpp/rclcpp/executors/multi_threaded_executor.hpp:25[m[K,
[2.305s]                  from [01m[K/opt/ros/humble/include/rclcpp/rclcpp/executors.hpp:21[m[K,
[2.305s]                  from [01m[K/opt/ros/humble/include/rclcpp/rclcpp/rclcpp.hpp:155[m[K,
[2.305s]                  from [01m[K/home/huy/ros2_ws/src/uav_controller/include/pid_controller.hpp:3[m[K,
[2.305s]                  from [01m[K/home/huy/ros2_ws/src/uav_controller/src/pid_controller.cpp:1[m[K:
[2.305s] [01m[K/opt/ros/humble/include/rclcpp/rclcpp/utilities.hpp:77:24:[m[K [01;36m[Knote: [m[K  initializing argument 2 of ‘[01m[Kvoid rclcpp::init(int, const char* const*, const rclcpp::InitOptions&, rclcpp::SignalHandlerOptions)[m[K’
[2.305s]    77 |   [01;36m[Kchar const * const * argv[m[K,
[2.305s]       |   [01;36m[K~~~~~~~~~~~~~~~~~~~~~^~~~[m[K
[2.305s] [01m[K/home/huy/ros2_ws/src/uav_controller/src/pid_controller.cpp:104:17:[m[K [01;31m[Kerror: [m[Kno matching function for call to ‘[01m[Kspin(std::shared_ptr<Pos_Controller>)[m[K’
[2.305s]   104 |     [01;31m[Krclcpp::spin(std::make_shared<Pos_Controller>())[m[K;
[2.305s]       |     [01;31m[K~~~~~~~~~~~~^~~~~~~~~~~~~~~~~~~~~~~~~~~~~~~~~~~~[m[K
[2.306s] In file included from [01m[K/opt/ros/humble/include/rclcpp/rclcpp/rclcpp.hpp:155[m[K,
[2.306s]                  from [01m[K/home/huy/ros2_ws/src/uav_controller/include/pid_controller.hpp:3[m[K,
[2.306s]                  from [01m[K/home/huy/ros2_ws/src/uav_controller/src/pid_controller.cpp:1[m[K:
[2.306s] [01m[K/opt/ros/humble/include/rclcpp/rclcpp/executors.hpp:45:1:[m[K [01;36m[Knote: [m[Kcandidate: ‘[01m[Kvoid rclcpp::spin(rclcpp::node_interfaces::NodeBaseInterface::SharedPtr)[m[K’
[2.306s]    45 | [01;36m[Kspin[m[K(rclcpp::node_interfaces::NodeBaseInterface::SharedPtr node_ptr);
[2.306s]       | [01;36m[K^~~~[m[K
[2.307s] [01m[K/opt/ros/humble/include/rclcpp/rclcpp/executors.hpp:45:60:[m[K [01;36m[Knote: [m[K  no known conversion for argument 1 from ‘[01m[Kshared_ptr<[01;32m[KPos_Controller[m[K>[m[K’ to ‘[01m[Kshared_ptr<[01;32m[Krclcpp::node_interfaces::NodeBaseInterface[m[K>[m[K’
[2.307s]    45 | spin([01;36m[Krclcpp::node_interfaces::NodeBaseInterface::SharedPtr node_ptr[m[K);
[2.307s]       |      [01;36m[K~~~~~~~~~~~~~~~~~~~~~~~~~~~~~~~~~~~~~~~~~~~~~~~~~~~~~~^~~~~~~~[m[K
[2.307s] [01m[K/opt/ros/humble/include/rclcpp/rclcpp/executors.hpp:49:1:[m[K [01;36m[Knote: [m[Kcandidate: ‘[01m[Kvoid rclcpp::spin(rclcpp::Node::SharedPtr)[m[K’
[2.307s]    49 | [01;36m[Kspin[m[K(rclcpp::Node::SharedPtr node_ptr);
[2.307s]       | [01;36m[K^~~~[m[K
[2.307s] [01m[K/opt/ros/humble/include/rclcpp/rclcpp/executors.hpp:49:30:[m[K [01;36m[Knote: [m[K  no known conversion for argument 1 from ‘[01m[Kshared_ptr<[01;32m[KPos_Controller[m[K>[m[K’ to ‘[01m[Kshared_ptr<[01;32m[Krclcpp::Node[m[K>[m[K’
[2.307s]    49 | spin([01;36m[Krclcpp::Node::SharedPtr node_ptr[m[K);
[2.307s]       |      [01;36m[K~~~~~~~~~~~~~~~~~~~~~~~~^~~~~~~~[m[K
[2.570s] In file included from [01m[K/usr/include/c++/11/bits/shared_ptr_base.h:60[m[K,
[2.570s]                  from [01m[K/usr/include/c++/11/bits/shared_ptr.h:53[m[K,
[2.570s]                  from [01m[K/usr/include/c++/11/memory:77[m[K,
[2.570s]                  from [01m[K/opt/ros/humble/include/rclcpp/rclcpp/rclcpp.hpp:153[m[K,
[2.570s]                  from [01m[K/home/huy/ros2_ws/src/uav_controller/include/pid_controller.hpp:3[m[K,
[2.570s]                  from [01m[K/home/huy/ros2_ws/src/uav_controller/src/pid_controller.cpp:1[m[K:
[2.570s] /usr/include/c++/11/ext/aligned_buffer.h: In instantiation of ‘[01m[Kstruct __gnu_cxx::__aligned_buffer<Pos_Controller>[m[K’:
[2.571s] [01m[K/usr/include/c++/11/bits/shared_ptr_base.h:506:35:[m[K   required from ‘[01m[Kclass std::_Sp_counted_ptr_inplace<Pos_Controller, std::allocator<Pos_Controller>, __gnu_cxx::_S_atomic>::_Impl[m[K’
[2.571s] [01m[K/usr/include/c++/11/bits/shared_ptr_base.h:567:13:[m[K   required from ‘[01m[Kclass std::_Sp_counted_ptr_inplace<Pos_Controller, std::allocator<Pos_Controller>, __gnu_cxx::_S_atomic>[m[K’
[2.571s] [01m[K/usr/include/c++/11/bits/shared_ptr_base.h:647:43:[m[K   required from ‘[01m[Kstd::__shared_count<_Lp>::__shared_count(_Tp*&, std::_Sp_alloc_shared_tag<_Alloc>, _Args&& ...) [with _Tp = Pos_Controller; _Alloc = std::allocator<Pos_Controller>; _Args = {}; __gnu_cxx::_Lock_policy _Lp = __gnu_cxx::_S_atomic][m[K’
[2.571s] [01m[K/usr/include/c++/11/bits/shared_ptr_base.h:1342:14:[m[K   required from ‘[01m[Kstd::__shared_ptr<_Tp, _Lp>::__shared_ptr(std::_Sp_alloc_shared_tag<_Tp>, _Args&& ...) [with _Alloc = std::allocator<Pos_Controller>; _Args = {}; _Tp = Pos_Controller; __gnu_cxx::_Lock_policy _Lp = __gnu_cxx::_S_atomic][m[K’
[2.571s] [01m[K/usr/include/c++/11/bits/shared_ptr.h:409:59:[m[K   required from ‘[01m[Kstd::shared_ptr<_Tp>::shared_ptr(std::_Sp_alloc_shared_tag<_Tp>, _Args&& ...) [with _Alloc = std::allocator<Pos_Controller>; _Args = {}; _Tp = Pos_Controller][m[K’
[2.571s] [01m[K/usr/include/c++/11/bits/shared_ptr.h:862:14:[m[K   required from ‘[01m[Kstd::shared_ptr<_Tp> std::allocate_shared(const _Alloc&, _Args&& ...) [with _Tp = Pos_Controller; _Alloc = std::allocator<Pos_Controller>; _Args = {}][m[K’
[2.571s] [01m[K/usr/include/c++/11/bits/shared_ptr.h:878:39:[m[K   required from ‘[01m[Kstd::shared_ptr<_Tp> std::make_shared(_Args&& ...) [with _Tp = Pos_Controller; _Args = {}][m[K’
[2.571s] [01m[K/home/huy/ros2_ws/src/uav_controller/src/pid_controller.cpp:104:50:[m[K   required from here
[2.571s] [01m[K/usr/include/c++/11/ext/aligned_buffer.h:91:28:[m[K [01;31m[Kerror: [m[Kinvalid application of ‘[01m[Ksizeof[m[K’ to incomplete type ‘[01m[KPos_Controller[m[K’
[2.571s]    91 |     : std::aligned_storage<[01;31m[Ksizeof(_Tp)[m[K, __alignof__(_Tp)>
[2.571s]       |                            [01;31m[K^~~~~~~~~~~[m[K
[2.571s] [01m[K/usr/include/c++/11/ext/aligned_buffer.h:91:28:[m[K [01;31m[Kerror: [m[Kinvalid application of ‘[01m[Ksizeof[m[K’ to incomplete type ‘[01m[KPos_Controller[m[K’
[2.672s] gmake[2]: *** [CMakeFiles/pos_controller_node.dir/build.make:76: CMakeFiles/pos_controller_node.dir/src/pid_controller.cpp.o] Error 1
[2.672s] gmake[1]: *** [CMakeFiles/Makefile2:165: CMakeFiles/pos_controller_node.dir/all] Error 2
[2.672s] gmake: *** [Makefile:146: all] Error 2
[2.675s] Invoked command in '/home/huy/ros2_ws/build/uav_controller' returned '2': CMAKE_PREFIX_PATH=/home/huy/ros2_ws/install/uav_dynamics:/opt/ros/humble:/home/huy/ros2_ws/install/uav_msgs:/home/huy/ros2_ws/install/uav_motor_plugin:/home/huy/ros2_ws/install/uav_controller /usr/bin/cmake --build /home/huy/ros2_ws/build/uav_controller -- -j16 -l16
