[0.085s] DEBUG:colcon:Command line arguments: ['/usr/bin/colcon', 'build']
[0.085s] DEBUG:colcon:Parsed command line arguments: Namespace(log_base=None, log_level=None, verb_name='build', build_base='build', install_base='install', merge_install=False, symlink_install=False, test_result_base=None, continue_on_error=False, executor='parallel', parallel_workers=16, event_handlers=None, ignore_user_meta=False, metas=['./colcon.meta'], base_paths=['.'], packages_ignore=None, packages_ignore_regex=None, paths=None, packages_up_to=None, packages_up_to_regex=None, packages_above=None, packages_above_and_dependencies=None, packages_above_depth=None, packages_select_by_dep=None, packages_skip_by_dep=None, packages_skip_up_to=None, packages_select_build_failed=False, packages_skip_build_finished=False, packages_select_test_failures=False, packages_skip_test_passed=False, packages_select=None, packages_skip=None, packages_select_regex=None, packages_skip_regex=None, packages_start=None, packages_end=None, allow_overriding=[], cmake_args=None, cmake_target=None, cmake_target_skip_unavailable=False, cmake_clean_cache=False, cmake_clean_first=False, cmake_force_configure=False, ament_cmake_args=None, catkin_cmake_args=None, catkin_skip_building_tests=False, mixin_files=None, mixin=None, verb_parser=<colcon_mixin.mixin.mixin_argument.MixinArgumentDecorator object at 0x75d449e55f90>, verb_extension=<colcon_core.verb.build.BuildVerb object at 0x75d449e559f0>, main=<bound method BuildVerb.main of <colcon_core.verb.build.BuildVerb object at 0x75d449e559f0>>, mixin_verb=('build',))
[0.221s] Level 1:colcon.colcon_core.package_discovery:discover_packages(colcon_meta) check parameters
[0.221s] Level 1:colcon.colcon_core.package_discovery:discover_packages(recursive) check parameters
[0.221s] Level 1:colcon.colcon_core.package_discovery:discover_packages(ignore) check parameters
[0.221s] Level 1:colcon.colcon_core.package_discovery:discover_packages(path) check parameters
[0.221s] Level 1:colcon.colcon_core.package_discovery:discover_packages(colcon_meta) discover
[0.221s] Level 1:colcon.colcon_core.package_discovery:discover_packages(recursive) discover
[0.221s] INFO:colcon.colcon_core.package_discovery:Crawling recursively for packages in '/home/huy/ros2_ws'
[0.221s] Level 1:colcon.colcon_core.package_identification:_identify(.) by extensions ['ignore', 'ignore_ament_install']
[0.221s] Level 1:colcon.colcon_core.package_identification:_identify(.) by extension 'ignore'
[0.221s] Level 1:colcon.colcon_core.package_identification:_identify(.) by extension 'ignore_ament_install'
[0.221s] Level 1:colcon.colcon_core.package_identification:_identify(.) by extensions ['colcon_pkg']
[0.221s] Level 1:colcon.colcon_core.package_identification:_identify(.) by extension 'colcon_pkg'
[0.221s] Level 1:colcon.colcon_core.package_identification:_identify(.) by extensions ['colcon_meta']
[0.221s] Level 1:colcon.colcon_core.package_identification:_identify(.) by extension 'colcon_meta'
[0.221s] Level 1:colcon.colcon_core.package_identification:_identify(.) by extensions ['ros']
[0.221s] Level 1:colcon.colcon_core.package_identification:_identify(.) by extension 'ros'
[0.230s] Level 1:colcon.colcon_core.package_identification:_identify(.) by extensions ['cmake', 'python']
[0.230s] Level 1:colcon.colcon_core.package_identification:_identify(.) by extension 'cmake'
[0.230s] Level 1:colcon.colcon_core.package_identification:_identify(.) by extension 'python'
[0.230s] Level 1:colcon.colcon_core.package_identification:_identify(.) by extensions ['python_setup_py']
[0.231s] Level 1:colcon.colcon_core.package_identification:_identify(.) by extension 'python_setup_py'
[0.231s] Level 1:colcon.colcon_core.package_identification:_identify(build) by extensions ['ignore', 'ignore_ament_install']
[0.231s] Level 1:colcon.colcon_core.package_identification:_identify(build) by extension 'ignore'
[0.231s] Level 1:colcon.colcon_core.package_identification:_identify(build) ignored
[0.231s] Level 1:colcon.colcon_core.package_identification:_identify(install) by extensions ['ignore', 'ignore_ament_install']
[0.231s] Level 1:colcon.colcon_core.package_identification:_identify(install) by extension 'ignore'
[0.231s] Level 1:colcon.colcon_core.package_identification:_identify(install) ignored
[0.231s] Level 1:colcon.colcon_core.package_identification:_identify(log) by extensions ['ignore', 'ignore_ament_install']
[0.231s] Level 1:colcon.colcon_core.package_identification:_identify(log) by extension 'ignore'
[0.231s] Level 1:colcon.colcon_core.package_identification:_identify(log) ignored
[0.231s] Level 1:colcon.colcon_core.package_identification:_identify(src) by extensions ['ignore', 'ignore_ament_install']
[0.231s] Level 1:colcon.colcon_core.package_identification:_identify(src) by extension 'ignore'
[0.231s] Level 1:colcon.colcon_core.package_identification:_identify(src) by extension 'ignore_ament_install'
[0.231s] Level 1:colcon.colcon_core.package_identification:_identify(src) by extensions ['colcon_pkg']
[0.231s] Level 1:colcon.colcon_core.package_identification:_identify(src) by extension 'colcon_pkg'
[0.231s] Level 1:colcon.colcon_core.package_identification:_identify(src) by extensions ['colcon_meta']
[0.231s] Level 1:colcon.colcon_core.package_identification:_identify(src) by extension 'colcon_meta'
[0.231s] Level 1:colcon.colcon_core.package_identification:_identify(src) by extensions ['ros']
[0.232s] Level 1:colcon.colcon_core.package_identification:_identify(src) by extension 'ros'
[0.232s] Level 1:colcon.colcon_core.package_identification:_identify(src) by extensions ['cmake', 'python']
[0.232s] Level 1:colcon.colcon_core.package_identification:_identify(src) by extension 'cmake'
[0.232s] Level 1:colcon.colcon_core.package_identification:_identify(src) by extension 'python'
[0.232s] Level 1:colcon.colcon_core.package_identification:_identify(src) by extensions ['python_setup_py']
[0.232s] Level 1:colcon.colcon_core.package_identification:_identify(src) by extension 'python_setup_py'
[0.232s] Level 1:colcon.colcon_core.package_identification:_identify(src/launch) by extensions ['ignore', 'ignore_ament_install']
[0.232s] Level 1:colcon.colcon_core.package_identification:_identify(src/launch) by extension 'ignore'
[0.232s] Level 1:colcon.colcon_core.package_identification:_identify(src/launch) by extension 'ignore_ament_install'
[0.232s] Level 1:colcon.colcon_core.package_identification:_identify(src/launch) by extensions ['colcon_pkg']
[0.232s] Level 1:colcon.colcon_core.package_identification:_identify(src/launch) by extension 'colcon_pkg'
[0.232s] Level 1:colcon.colcon_core.package_identification:_identify(src/launch) by extensions ['colcon_meta']
[0.232s] Level 1:colcon.colcon_core.package_identification:_identify(src/launch) by extension 'colcon_meta'
[0.232s] Level 1:colcon.colcon_core.package_identification:_identify(src/launch) by extensions ['ros']
[0.232s] Level 1:colcon.colcon_core.package_identification:_identify(src/launch) by extension 'ros'
[0.232s] Level 1:colcon.colcon_core.package_identification:_identify(src/launch) by extensions ['cmake', 'python']
[0.232s] Level 1:colcon.colcon_core.package_identification:_identify(src/launch) by extension 'cmake'
[0.232s] Level 1:colcon.colcon_core.package_identification:_identify(src/launch) by extension 'python'
[0.232s] Level 1:colcon.colcon_core.package_identification:_identify(src/launch) by extensions ['python_setup_py']
[0.232s] Level 1:colcon.colcon_core.package_identification:_identify(src/launch) by extension 'python_setup_py'
[0.232s] Level 1:colcon.colcon_core.package_identification:_identify(src/models) by extensions ['ignore', 'ignore_ament_install']
[0.232s] Level 1:colcon.colcon_core.package_identification:_identify(src/models) by extension 'ignore'
[0.232s] Level 1:colcon.colcon_core.package_identification:_identify(src/models) by extension 'ignore_ament_install'
[0.232s] Level 1:colcon.colcon_core.package_identification:_identify(src/models) by extensions ['colcon_pkg']
[0.232s] Level 1:colcon.colcon_core.package_identification:_identify(src/models) by extension 'colcon_pkg'
[0.232s] Level 1:colcon.colcon_core.package_identification:_identify(src/models) by extensions ['colcon_meta']
[0.232s] Level 1:colcon.colcon_core.package_identification:_identify(src/models) by extension 'colcon_meta'
[0.233s] Level 1:colcon.colcon_core.package_identification:_identify(src/models) by extensions ['ros']
[0.233s] Level 1:colcon.colcon_core.package_identification:_identify(src/models) by extension 'ros'
[0.233s] Level 1:colcon.colcon_core.package_identification:_identify(src/models) by extensions ['cmake', 'python']
[0.233s] Level 1:colcon.colcon_core.package_identification:_identify(src/models) by extension 'cmake'
[0.233s] Level 1:colcon.colcon_core.package_identification:_identify(src/models) by extension 'python'
[0.233s] Level 1:colcon.colcon_core.package_identification:_identify(src/models) by extensions ['python_setup_py']
[0.233s] Level 1:colcon.colcon_core.package_identification:_identify(src/models) by extension 'python_setup_py'
[0.233s] Level 1:colcon.colcon_core.package_identification:_identify(src/models/uav) by extensions ['ignore', 'ignore_ament_install']
[0.233s] Level 1:colcon.colcon_core.package_identification:_identify(src/models/uav) by extension 'ignore'
[0.233s] Level 1:colcon.colcon_core.package_identification:_identify(src/models/uav) by extension 'ignore_ament_install'
[0.233s] Level 1:colcon.colcon_core.package_identification:_identify(src/models/uav) by extensions ['colcon_pkg']
[0.233s] Level 1:colcon.colcon_core.package_identification:_identify(src/models/uav) by extension 'colcon_pkg'
[0.233s] Level 1:colcon.colcon_core.package_identification:_identify(src/models/uav) by extensions ['colcon_meta']
[0.233s] Level 1:colcon.colcon_core.package_identification:_identify(src/models/uav) by extension 'colcon_meta'
[0.233s] Level 1:colcon.colcon_core.package_identification:_identify(src/models/uav) by extensions ['ros']
[0.233s] Level 1:colcon.colcon_core.package_identification:_identify(src/models/uav) by extension 'ros'
[0.233s] Level 1:colcon.colcon_core.package_identification:_identify(src/models/uav) by extensions ['cmake', 'python']
[0.233s] Level 1:colcon.colcon_core.package_identification:_identify(src/models/uav) by extension 'cmake'
[0.233s] Level 1:colcon.colcon_core.package_identification:_identify(src/models/uav) by extension 'python'
[0.233s] Level 1:colcon.colcon_core.package_identification:_identify(src/models/uav) by extensions ['python_setup_py']
[0.233s] Level 1:colcon.colcon_core.package_identification:_identify(src/models/uav) by extension 'python_setup_py'
[0.233s] Level 1:colcon.colcon_core.package_identification:_identify(src/uav_controller) by extensions ['ignore', 'ignore_ament_install']
[0.233s] Level 1:colcon.colcon_core.package_identification:_identify(src/uav_controller) by extension 'ignore'
[0.233s] Level 1:colcon.colcon_core.package_identification:_identify(src/uav_controller) by extension 'ignore_ament_install'
[0.233s] Level 1:colcon.colcon_core.package_identification:_identify(src/uav_controller) by extensions ['colcon_pkg']
[0.233s] Level 1:colcon.colcon_core.package_identification:_identify(src/uav_controller) by extension 'colcon_pkg'
[0.233s] Level 1:colcon.colcon_core.package_identification:_identify(src/uav_controller) by extensions ['colcon_meta']
[0.233s] Level 1:colcon.colcon_core.package_identification:_identify(src/uav_controller) by extension 'colcon_meta'
[0.234s] Level 1:colcon.colcon_core.package_identification:_identify(src/uav_controller) by extensions ['ros']
[0.234s] Level 1:colcon.colcon_core.package_identification:_identify(src/uav_controller) by extension 'ros'
[0.234s] Level 1:colcon.colcon_core.package_identification:_identify(src/uav_controller) by extensions ['cmake', 'python']
[0.234s] Level 1:colcon.colcon_core.package_identification:_identify(src/uav_controller) by extension 'cmake'
[0.234s] Level 1:colcon.colcon_core.package_identification:_identify(src/uav_controller) by extension 'python'
[0.234s] Level 1:colcon.colcon_core.package_identification:_identify(src/uav_controller) by extensions ['python_setup_py']
[0.234s] Level 1:colcon.colcon_core.package_identification:_identify(src/uav_controller) by extension 'python_setup_py'
[0.234s] Level 1:colcon.colcon_core.package_identification:_identify(src/uav_controller/include) by extensions ['ignore', 'ignore_ament_install']
[0.234s] Level 1:colcon.colcon_core.package_identification:_identify(src/uav_controller/include) by extension 'ignore'
[0.234s] Level 1:colcon.colcon_core.package_identification:_identify(src/uav_controller/include) by extension 'ignore_ament_install'
[0.234s] Level 1:colcon.colcon_core.package_identification:_identify(src/uav_controller/include) by extensions ['colcon_pkg']
[0.234s] Level 1:colcon.colcon_core.package_identification:_identify(src/uav_controller/include) by extension 'colcon_pkg'
[0.234s] Level 1:colcon.colcon_core.package_identification:_identify(src/uav_controller/include) by extensions ['colcon_meta']
[0.234s] Level 1:colcon.colcon_core.package_identification:_identify(src/uav_controller/include) by extension 'colcon_meta'
[0.234s] Level 1:colcon.colcon_core.package_identification:_identify(src/uav_controller/include) by extensions ['ros']
[0.234s] Level 1:colcon.colcon_core.package_identification:_identify(src/uav_controller/include) by extension 'ros'
[0.234s] Level 1:colcon.colcon_core.package_identification:_identify(src/uav_controller/include) by extensions ['cmake', 'python']
[0.234s] Level 1:colcon.colcon_core.package_identification:_identify(src/uav_controller/include) by extension 'cmake'
[0.234s] Level 1:colcon.colcon_core.package_identification:_identify(src/uav_controller/include) by extension 'python'
[0.234s] Level 1:colcon.colcon_core.package_identification:_identify(src/uav_controller/include) by extensions ['python_setup_py']
[0.234s] Level 1:colcon.colcon_core.package_identification:_identify(src/uav_controller/include) by extension 'python_setup_py'
[0.234s] Level 1:colcon.colcon_core.package_identification:_identify(src/uav_controller/src) by extensions ['ignore', 'ignore_ament_install']
[0.234s] Level 1:colcon.colcon_core.package_identification:_identify(src/uav_controller/src) by extension 'ignore'
[0.234s] Level 1:colcon.colcon_core.package_identification:_identify(src/uav_controller/src) by extension 'ignore_ament_install'
[0.234s] Level 1:colcon.colcon_core.package_identification:_identify(src/uav_controller/src) by extensions ['colcon_pkg']
[0.234s] Level 1:colcon.colcon_core.package_identification:_identify(src/uav_controller/src) by extension 'colcon_pkg'
[0.235s] Level 1:colcon.colcon_core.package_identification:_identify(src/uav_controller/src) by extensions ['colcon_meta']
[0.235s] Level 1:colcon.colcon_core.package_identification:_identify(src/uav_controller/src) by extension 'colcon_meta'
[0.235s] Level 1:colcon.colcon_core.package_identification:_identify(src/uav_controller/src) by extensions ['ros']
[0.235s] Level 1:colcon.colcon_core.package_identification:_identify(src/uav_controller/src) by extension 'ros'
[0.235s] Level 1:colcon.colcon_core.package_identification:_identify(src/uav_controller/src) by extensions ['cmake', 'python']
[0.235s] Level 1:colcon.colcon_core.package_identification:_identify(src/uav_controller/src) by extension 'cmake'
[0.235s] Level 1:colcon.colcon_core.package_identification:_identify(src/uav_controller/src) by extension 'python'
[0.235s] Level 1:colcon.colcon_core.package_identification:_identify(src/uav_controller/src) by extensions ['python_setup_py']
[0.235s] Level 1:colcon.colcon_core.package_identification:_identify(src/uav_controller/src) by extension 'python_setup_py'
[0.235s] Level 1:colcon.colcon_core.package_identification:_identify(src/uav_dynamics) by extensions ['ignore', 'ignore_ament_install']
[0.235s] Level 1:colcon.colcon_core.package_identification:_identify(src/uav_dynamics) by extension 'ignore'
[0.235s] Level 1:colcon.colcon_core.package_identification:_identify(src/uav_dynamics) by extension 'ignore_ament_install'
[0.235s] Level 1:colcon.colcon_core.package_identification:_identify(src/uav_dynamics) by extensions ['colcon_pkg']
[0.235s] Level 1:colcon.colcon_core.package_identification:_identify(src/uav_dynamics) by extension 'colcon_pkg'
[0.235s] Level 1:colcon.colcon_core.package_identification:_identify(src/uav_dynamics) by extensions ['colcon_meta']
[0.235s] Level 1:colcon.colcon_core.package_identification:_identify(src/uav_dynamics) by extension 'colcon_meta'
[0.235s] Level 1:colcon.colcon_core.package_identification:_identify(src/uav_dynamics) by extensions ['ros']
[0.235s] Level 1:colcon.colcon_core.package_identification:_identify(src/uav_dynamics) by extension 'ros'
[0.237s] DEBUG:colcon.colcon_core.package_identification:Package 'src/uav_dynamics' with type 'ros.ament_cmake' and name 'uav_dynamics'
[0.238s] Level 1:colcon.colcon_core.package_identification:_identify(src/uav_motor_plugin) by extensions ['ignore', 'ignore_ament_install']
[0.238s] Level 1:colcon.colcon_core.package_identification:_identify(src/uav_motor_plugin) by extension 'ignore'
[0.238s] Level 1:colcon.colcon_core.package_identification:_identify(src/uav_motor_plugin) by extension 'ignore_ament_install'
[0.238s] Level 1:colcon.colcon_core.package_identification:_identify(src/uav_motor_plugin) by extensions ['colcon_pkg']
[0.238s] Level 1:colcon.colcon_core.package_identification:_identify(src/uav_motor_plugin) by extension 'colcon_pkg'
[0.238s] Level 1:colcon.colcon_core.package_identification:_identify(src/uav_motor_plugin) by extensions ['colcon_meta']
[0.238s] Level 1:colcon.colcon_core.package_identification:_identify(src/uav_motor_plugin) by extension 'colcon_meta'
[0.238s] Level 1:colcon.colcon_core.package_identification:_identify(src/uav_motor_plugin) by extensions ['ros']
[0.238s] Level 1:colcon.colcon_core.package_identification:_identify(src/uav_motor_plugin) by extension 'ros'
[0.238s] DEBUG:colcon.colcon_core.package_identification:Package 'src/uav_motor_plugin' with type 'ros.ament_cmake' and name 'uav_motor_plugin'
[0.239s] Level 1:colcon.colcon_core.package_identification:_identify(src/uav_msgs) by extensions ['ignore', 'ignore_ament_install']
[0.239s] Level 1:colcon.colcon_core.package_identification:_identify(src/uav_msgs) by extension 'ignore'
[0.239s] Level 1:colcon.colcon_core.package_identification:_identify(src/uav_msgs) by extension 'ignore_ament_install'
[0.239s] Level 1:colcon.colcon_core.package_identification:_identify(src/uav_msgs) by extensions ['colcon_pkg']
[0.239s] Level 1:colcon.colcon_core.package_identification:_identify(src/uav_msgs) by extension 'colcon_pkg'
[0.239s] Level 1:colcon.colcon_core.package_identification:_identify(src/uav_msgs) by extensions ['colcon_meta']
[0.239s] Level 1:colcon.colcon_core.package_identification:_identify(src/uav_msgs) by extension 'colcon_meta'
[0.239s] Level 1:colcon.colcon_core.package_identification:_identify(src/uav_msgs) by extensions ['ros']
[0.239s] Level 1:colcon.colcon_core.package_identification:_identify(src/uav_msgs) by extension 'ros'
[0.239s] DEBUG:colcon.colcon_core.package_identification:Package 'src/uav_msgs' with type 'ros.catkin' and name 'uav_msgs'
[0.239s] Level 1:colcon.colcon_core.package_discovery:discover_packages(recursive) using defaults
[0.239s] Level 1:colcon.colcon_core.package_discovery:discover_packages(ignore) discover
[0.239s] Level 1:colcon.colcon_core.package_discovery:discover_packages(ignore) using defaults
[0.239s] Level 1:colcon.colcon_core.package_discovery:discover_packages(path) discover
[0.239s] Level 1:colcon.colcon_core.package_discovery:discover_packages(path) using defaults
[0.269s] Level 1:colcon.colcon_core.package_discovery:discover_packages(prefix_path) check parameters
[0.269s] Level 1:colcon.colcon_core.package_discovery:discover_packages(prefix_path) discover
[0.271s] DEBUG:colcon.colcon_installed_package_information.package_discovery:Found 3 installed packages in /home/huy/ros2_ws/install
[0.272s] DEBUG:colcon.colcon_installed_package_information.package_discovery:Found 308 installed packages in /opt/ros/humble
[0.273s] Level 1:colcon.colcon_core.package_discovery:discover_packages(prefix_path) using defaults
[0.307s] Level 5:colcon.colcon_core.verb:set package 'uav_motor_plugin' build argument 'cmake_args' from command line to 'None'
[0.307s] Level 5:colcon.colcon_core.verb:set package 'uav_motor_plugin' build argument 'cmake_target' from command line to 'None'
[0.307s] Level 5:colcon.colcon_core.verb:set package 'uav_motor_plugin' build argument 'cmake_target_skip_unavailable' from command line to 'False'
[0.307s] Level 5:colcon.colcon_core.verb:set package 'uav_motor_plugin' build argument 'cmake_clean_cache' from command line to 'False'
[0.307s] Level 5:colcon.colcon_core.verb:set package 'uav_motor_plugin' build argument 'cmake_clean_first' from command line to 'False'
[0.307s] Level 5:colcon.colcon_core.verb:set package 'uav_motor_plugin' build argument 'cmake_force_configure' from command line to 'False'
[0.307s] Level 5:colcon.colcon_core.verb:set package 'uav_motor_plugin' build argument 'ament_cmake_args' from command line to 'None'
[0.307s] Level 5:colcon.colcon_core.verb:set package 'uav_motor_plugin' build argument 'catkin_cmake_args' from command line to 'None'
[0.307s] Level 5:colcon.colcon_core.verb:set package 'uav_motor_plugin' build argument 'catkin_skip_building_tests' from command line to 'False'
[0.307s] DEBUG:colcon.colcon_core.verb:Building package 'uav_motor_plugin' with the following arguments: {'ament_cmake_args': None, 'build_base': '/home/huy/ros2_ws/build/uav_motor_plugin', 'catkin_cmake_args': None, 'catkin_skip_building_tests': False, 'cmake_args': None, 'cmake_clean_cache': False, 'cmake_clean_first': False, 'cmake_force_configure': False, 'cmake_target': None, 'cmake_target_skip_unavailable': False, 'install_base': '/home/huy/ros2_ws/install/uav_motor_plugin', 'merge_install': False, 'path': '/home/huy/ros2_ws/src/uav_motor_plugin', 'symlink_install': False, 'test_result_base': None}
[0.307s] Level 5:colcon.colcon_core.verb:set package 'uav_msgs' build argument 'cmake_args' from command line to 'None'
[0.307s] Level 5:colcon.colcon_core.verb:set package 'uav_msgs' build argument 'cmake_target' from command line to 'None'
[0.307s] Level 5:colcon.colcon_core.verb:set package 'uav_msgs' build argument 'cmake_target_skip_unavailable' from command line to 'False'
[0.307s] Level 5:colcon.colcon_core.verb:set package 'uav_msgs' build argument 'cmake_clean_cache' from command line to 'False'
[0.307s] Level 5:colcon.colcon_core.verb:set package 'uav_msgs' build argument 'cmake_clean_first' from command line to 'False'
[0.307s] Level 5:colcon.colcon_core.verb:set package 'uav_msgs' build argument 'cmake_force_configure' from command line to 'False'
[0.307s] Level 5:colcon.colcon_core.verb:set package 'uav_msgs' build argument 'ament_cmake_args' from command line to 'None'
[0.307s] Level 5:colcon.colcon_core.verb:set package 'uav_msgs' build argument 'catkin_cmake_args' from command line to 'None'
[0.307s] Level 5:colcon.colcon_core.verb:set package 'uav_msgs' build argument 'catkin_skip_building_tests' from command line to 'False'
[0.307s] DEBUG:colcon.colcon_core.verb:Building package 'uav_msgs' with the following arguments: {'ament_cmake_args': None, 'build_base': '/home/huy/ros2_ws/build/uav_msgs', 'catkin_cmake_args': None, 'catkin_skip_building_tests': False, 'cmake_args': None, 'cmake_clean_cache': False, 'cmake_clean_first': False, 'cmake_force_configure': False, 'cmake_target': None, 'cmake_target_skip_unavailable': False, 'install_base': '/home/huy/ros2_ws/install/uav_msgs', 'merge_install': False, 'path': '/home/huy/ros2_ws/src/uav_msgs', 'symlink_install': False, 'test_result_base': None}
[0.308s] Level 5:colcon.colcon_core.verb:set package 'uav_dynamics' build argument 'cmake_args' from command line to 'None'
[0.308s] Level 5:colcon.colcon_core.verb:set package 'uav_dynamics' build argument 'cmake_target' from command line to 'None'
[0.308s] Level 5:colcon.colcon_core.verb:set package 'uav_dynamics' build argument 'cmake_target_skip_unavailable' from command line to 'False'
[0.308s] Level 5:colcon.colcon_core.verb:set package 'uav_dynamics' build argument 'cmake_clean_cache' from command line to 'False'
[0.308s] Level 5:colcon.colcon_core.verb:set package 'uav_dynamics' build argument 'cmake_clean_first' from command line to 'False'
[0.308s] Level 5:colcon.colcon_core.verb:set package 'uav_dynamics' build argument 'cmake_force_configure' from command line to 'False'
[0.308s] Level 5:colcon.colcon_core.verb:set package 'uav_dynamics' build argument 'ament_cmake_args' from command line to 'None'
[0.308s] Level 5:colcon.colcon_core.verb:set package 'uav_dynamics' build argument 'catkin_cmake_args' from command line to 'None'
[0.308s] Level 5:colcon.colcon_core.verb:set package 'uav_dynamics' build argument 'catkin_skip_building_tests' from command line to 'False'
[0.308s] DEBUG:colcon.colcon_core.verb:Building package 'uav_dynamics' with the following arguments: {'ament_cmake_args': None, 'build_base': '/home/huy/ros2_ws/build/uav_dynamics', 'catkin_cmake_args': None, 'catkin_skip_building_tests': False, 'cmake_args': None, 'cmake_clean_cache': False, 'cmake_clean_first': False, 'cmake_force_configure': False, 'cmake_target': None, 'cmake_target_skip_unavailable': False, 'install_base': '/home/huy/ros2_ws/install/uav_dynamics', 'merge_install': False, 'path': '/home/huy/ros2_ws/src/uav_dynamics', 'symlink_install': False, 'test_result_base': None}
[0.308s] INFO:colcon.colcon_core.executor:Executing jobs using 'parallel' executor
[0.309s] DEBUG:colcon.colcon_parallel_executor.executor.parallel:run_until_complete
[0.309s] INFO:colcon.colcon_ros.task.catkin.build:Building ROS package in '/home/huy/ros2_ws/src/uav_msgs' with build type 'catkin'
[0.309s] INFO:colcon.colcon_cmake.task.cmake.build:Building CMake package in '/home/huy/ros2_ws/src/uav_msgs'
[0.311s] INFO:colcon.colcon_core.plugin_system:Skipping extension 'colcon_core.shell.bat': Not used on non-Windows systems
[0.311s] INFO:colcon.colcon_core.shell:Skip shell extension 'powershell' for command environment: Not usable outside of PowerShell
[0.311s] DEBUG:colcon.colcon_core.shell:Skip shell extension 'dsv' for command environment
[0.314s] INFO:colcon.colcon_ros.task.ament_cmake.build:Building ROS package in '/home/huy/ros2_ws/src/uav_motor_plugin' with build type 'ament_cmake'
[0.315s] INFO:colcon.colcon_cmake.task.cmake.build:Building CMake package in '/home/huy/ros2_ws/src/uav_motor_plugin'
[0.315s] INFO:colcon.colcon_core.shell:Skip shell extension 'powershell' for command environment: Not usable outside of PowerShell
[0.315s] DEBUG:colcon.colcon_core.shell:Skip shell extension 'dsv' for command environment
[0.323s] DEBUG:colcon.colcon_core.event_handler.log_command:Invoking command in '/home/huy/ros2_ws/build/uav_msgs': /usr/bin/cmake --build /home/huy/ros2_ws/build/uav_msgs -- -j16 -l16
[0.326s] DEBUG:colcon.colcon_core.event_handler.log_command:Invoking command in '/home/huy/ros2_ws/build/uav_motor_plugin': CMAKE_PREFIX_PATH=/home/huy/ros2_ws/install/uav_dynamics:/opt/ros/humble:/home/huy/ros2_ws/install/uav_msgs:/home/huy/ros2_ws/install/uav_motor_plugin /usr/bin/cmake --build /home/huy/ros2_ws/build/uav_motor_plugin -- -j16 -l16
[0.419s] DEBUG:colcon.colcon_core.event_handler.log_command:Invoked command in '/home/huy/ros2_ws/build/uav_motor_plugin' returned '0': CMAKE_PREFIX_PATH=/home/huy/ros2_ws/install/uav_dynamics:/opt/ros/humble:/home/huy/ros2_ws/install/uav_msgs:/home/huy/ros2_ws/install/uav_motor_plugin /usr/bin/cmake --build /home/huy/ros2_ws/build/uav_motor_plugin -- -j16 -l16
[0.431s] DEBUG:colcon.colcon_core.event_handler.log_command:Invoking command in '/home/huy/ros2_ws/build/uav_motor_plugin': CMAKE_PREFIX_PATH=/home/huy/ros2_ws/install/uav_dynamics:/opt/ros/humble:/home/huy/ros2_ws/install/uav_msgs:/home/huy/ros2_ws/install/uav_motor_plugin /usr/bin/cmake --install /home/huy/ros2_ws/build/uav_motor_plugin
[0.442s] Level 1:colcon.colcon_core.environment:create_environment_scripts_only(uav_motor_plugin)
[0.442s] DEBUG:colcon.colcon_core.event_handler.log_command:Invoked command in '/home/huy/ros2_ws/build/uav_motor_plugin' returned '0': CMAKE_PREFIX_PATH=/home/huy/ros2_ws/install/uav_dynamics:/opt/ros/humble:/home/huy/ros2_ws/install/uav_msgs:/home/huy/ros2_ws/install/uav_motor_plugin /usr/bin/cmake --install /home/huy/ros2_ws/build/uav_motor_plugin
[0.444s] Level 1:colcon.colcon_core.environment:checking '/home/huy/ros2_ws/install/uav_motor_plugin' for CMake module files
[0.444s] Level 1:colcon.colcon_core.environment:checking '/home/huy/ros2_ws/install/uav_motor_plugin' for CMake config files
[0.444s] Level 1:colcon.colcon_core.shell:create_environment_hook('uav_motor_plugin', 'cmake_prefix_path')
[0.445s] INFO:colcon.colcon_core.shell:Creating environment hook '/home/huy/ros2_ws/install/uav_motor_plugin/share/uav_motor_plugin/hook/cmake_prefix_path.ps1'
[0.445s] INFO:colcon.colcon_core.shell:Creating environment descriptor '/home/huy/ros2_ws/install/uav_motor_plugin/share/uav_motor_plugin/hook/cmake_prefix_path.dsv'
[0.446s] INFO:colcon.colcon_core.shell:Creating environment hook '/home/huy/ros2_ws/install/uav_motor_plugin/share/uav_motor_plugin/hook/cmake_prefix_path.sh'
[0.447s] Level 1:colcon.colcon_core.environment:checking '/home/huy/ros2_ws/install/uav_motor_plugin/lib'
[0.447s] Level 1:colcon.colcon_core.shell:create_environment_hook('uav_motor_plugin', 'ld_library_path_lib')
[0.447s] INFO:colcon.colcon_core.shell:Creating environment hook '/home/huy/ros2_ws/install/uav_motor_plugin/share/uav_motor_plugin/hook/ld_library_path_lib.ps1'
[0.447s] INFO:colcon.colcon_core.shell:Creating environment descriptor '/home/huy/ros2_ws/install/uav_motor_plugin/share/uav_motor_plugin/hook/ld_library_path_lib.dsv'
[0.448s] INFO:colcon.colcon_core.shell:Creating environment hook '/home/huy/ros2_ws/install/uav_motor_plugin/share/uav_motor_plugin/hook/ld_library_path_lib.sh'
[0.448s] Level 1:colcon.colcon_core.environment:checking '/home/huy/ros2_ws/install/uav_motor_plugin/bin'
[0.448s] Level 1:colcon.colcon_core.environment:checking '/home/huy/ros2_ws/install/uav_motor_plugin/lib/pkgconfig/uav_motor_plugin.pc'
[0.448s] Level 1:colcon.colcon_core.environment:checking '/home/huy/ros2_ws/install/uav_motor_plugin/lib/python3.10/site-packages'
[0.449s] Level 1:colcon.colcon_core.environment:checking '/home/huy/ros2_ws/install/uav_motor_plugin/bin'
[0.449s] INFO:colcon.colcon_core.shell:Creating package script '/home/huy/ros2_ws/install/uav_motor_plugin/share/uav_motor_plugin/package.ps1'
[0.449s] INFO:colcon.colcon_core.shell:Creating package descriptor '/home/huy/ros2_ws/install/uav_motor_plugin/share/uav_motor_plugin/package.dsv'
[0.450s] INFO:colcon.colcon_core.shell:Creating package script '/home/huy/ros2_ws/install/uav_motor_plugin/share/uav_motor_plugin/package.sh'
[0.451s] INFO:colcon.colcon_core.shell:Creating package script '/home/huy/ros2_ws/install/uav_motor_plugin/share/uav_motor_plugin/package.bash'
[0.451s] INFO:colcon.colcon_core.shell:Creating package script '/home/huy/ros2_ws/install/uav_motor_plugin/share/uav_motor_plugin/package.zsh'
[0.452s] Level 1:colcon.colcon_core.environment:create_file_with_runtime_dependencies(/home/huy/ros2_ws/install/uav_motor_plugin/share/colcon-core/packages/uav_motor_plugin)
[0.452s] Level 1:colcon.colcon_core.environment:create_environment_scripts_only(uav_motor_plugin)
[0.453s] Level 1:colcon.colcon_core.environment:checking '/home/huy/ros2_ws/install/uav_motor_plugin' for CMake module files
[0.453s] Level 1:colcon.colcon_core.environment:checking '/home/huy/ros2_ws/install/uav_motor_plugin' for CMake config files
[0.453s] Level 1:colcon.colcon_core.shell:create_environment_hook('uav_motor_plugin', 'cmake_prefix_path')
[0.453s] INFO:colcon.colcon_core.shell:Creating environment hook '/home/huy/ros2_ws/install/uav_motor_plugin/share/uav_motor_plugin/hook/cmake_prefix_path.ps1'
[0.454s] INFO:colcon.colcon_core.shell:Creating environment descriptor '/home/huy/ros2_ws/install/uav_motor_plugin/share/uav_motor_plugin/hook/cmake_prefix_path.dsv'
[0.454s] INFO:colcon.colcon_core.shell:Creating environment hook '/home/huy/ros2_ws/install/uav_motor_plugin/share/uav_motor_plugin/hook/cmake_prefix_path.sh'
[0.454s] Level 1:colcon.colcon_core.environment:checking '/home/huy/ros2_ws/install/uav_motor_plugin/lib'
[0.454s] Level 1:colcon.colcon_core.shell:create_environment_hook('uav_motor_plugin', 'ld_library_path_lib')
[0.455s] INFO:colcon.colcon_core.shell:Creating environment hook '/home/huy/ros2_ws/install/uav_motor_plugin/share/uav_motor_plugin/hook/ld_library_path_lib.ps1'
[0.455s] INFO:colcon.colcon_core.shell:Creating environment descriptor '/home/huy/ros2_ws/install/uav_motor_plugin/share/uav_motor_plugin/hook/ld_library_path_lib.dsv'
[0.455s] INFO:colcon.colcon_core.shell:Creating environment hook '/home/huy/ros2_ws/install/uav_motor_plugin/share/uav_motor_plugin/hook/ld_library_path_lib.sh'
[0.455s] Level 1:colcon.colcon_core.environment:checking '/home/huy/ros2_ws/install/uav_motor_plugin/bin'
[0.456s] Level 1:colcon.colcon_core.environment:checking '/home/huy/ros2_ws/install/uav_motor_plugin/lib/pkgconfig/uav_motor_plugin.pc'
[0.456s] Level 1:colcon.colcon_core.environment:checking '/home/huy/ros2_ws/install/uav_motor_plugin/lib/python3.10/site-packages'
[0.456s] Level 1:colcon.colcon_core.environment:checking '/home/huy/ros2_ws/install/uav_motor_plugin/bin'
[0.456s] INFO:colcon.colcon_core.shell:Creating package script '/home/huy/ros2_ws/install/uav_motor_plugin/share/uav_motor_plugin/package.ps1'
[0.456s] INFO:colcon.colcon_core.shell:Creating package descriptor '/home/huy/ros2_ws/install/uav_motor_plugin/share/uav_motor_plugin/package.dsv'
[0.457s] INFO:colcon.colcon_core.shell:Creating package script '/home/huy/ros2_ws/install/uav_motor_plugin/share/uav_motor_plugin/package.sh'
[0.457s] INFO:colcon.colcon_core.shell:Creating package script '/home/huy/ros2_ws/install/uav_motor_plugin/share/uav_motor_plugin/package.bash'
[0.458s] INFO:colcon.colcon_core.shell:Creating package script '/home/huy/ros2_ws/install/uav_motor_plugin/share/uav_motor_plugin/package.zsh'
[0.458s] Level 1:colcon.colcon_core.environment:create_file_with_runtime_dependencies(/home/huy/ros2_ws/install/uav_motor_plugin/share/colcon-core/packages/uav_motor_plugin)
[0.654s] DEBUG:colcon.colcon_core.event_handler.log_command:Invoked command in '/home/huy/ros2_ws/build/uav_msgs' returned '0': /usr/bin/cmake --build /home/huy/ros2_ws/build/uav_msgs -- -j16 -l16
[0.656s] DEBUG:colcon.colcon_core.event_handler.log_command:Invoking command in '/home/huy/ros2_ws/build/uav_msgs': /usr/bin/cmake --install /home/huy/ros2_ws/build/uav_msgs
[0.709s] DEBUG:colcon.colcon_core.event_handler.log_command:Invoked command in '/home/huy/ros2_ws/build/uav_msgs' returned '0': /usr/bin/cmake --install /home/huy/ros2_ws/build/uav_msgs
[0.710s] Level 1:colcon.colcon_core.shell:create_environment_hook('uav_msgs', 'ros_package_path')
[0.710s] INFO:colcon.colcon_core.shell:Creating environment hook '/home/huy/ros2_ws/install/uav_msgs/share/uav_msgs/hook/ros_package_path.ps1'
[0.710s] INFO:colcon.colcon_core.shell:Creating environment descriptor '/home/huy/ros2_ws/install/uav_msgs/share/uav_msgs/hook/ros_package_path.dsv'
[0.711s] INFO:colcon.colcon_core.shell:Creating environment hook '/home/huy/ros2_ws/install/uav_msgs/share/uav_msgs/hook/ros_package_path.sh'
[0.711s] Level 1:colcon.colcon_ros.task.catkin:checking '/home/huy/ros2_ws/install/uav_msgs/local/lib/python3.10/dist-packages'
[0.711s] Level 1:colcon.colcon_core.shell:create_environment_hook('uav_msgs', 'catkin_pythonpath')
[0.712s] INFO:colcon.colcon_core.shell:Creating environment hook '/home/huy/ros2_ws/install/uav_msgs/share/uav_msgs/hook/catkin_pythonpath.ps1'
[0.712s] INFO:colcon.colcon_core.shell:Creating environment descriptor '/home/huy/ros2_ws/install/uav_msgs/share/uav_msgs/hook/catkin_pythonpath.dsv'
[0.712s] INFO:colcon.colcon_core.shell:Creating environment hook '/home/huy/ros2_ws/install/uav_msgs/share/uav_msgs/hook/catkin_pythonpath.sh'
[0.713s] Level 1:colcon.colcon_core.shell:create_environment_hook('uav_msgs', 'pkg_config_path')
[0.713s] INFO:colcon.colcon_core.shell:Creating environment hook '/home/huy/ros2_ws/install/uav_msgs/share/uav_msgs/hook/pkg_config_path.ps1'
[0.713s] INFO:colcon.colcon_core.shell:Creating environment descriptor '/home/huy/ros2_ws/install/uav_msgs/share/uav_msgs/hook/pkg_config_path.dsv'
[0.713s] INFO:colcon.colcon_core.shell:Creating environment hook '/home/huy/ros2_ws/install/uav_msgs/share/uav_msgs/hook/pkg_config_path.sh'
[0.715s] Level 1:colcon.colcon_core.shell:create_environment_hook('uav_msgs', 'pkg_config_path_multiarch')
[0.716s] INFO:colcon.colcon_core.shell:Creating environment hook '/home/huy/ros2_ws/install/uav_msgs/share/uav_msgs/hook/pkg_config_path_multiarch.ps1'
[0.716s] INFO:colcon.colcon_core.shell:Creating environment descriptor '/home/huy/ros2_ws/install/uav_msgs/share/uav_msgs/hook/pkg_config_path_multiarch.dsv'
[0.716s] INFO:colcon.colcon_core.shell:Creating environment hook '/home/huy/ros2_ws/install/uav_msgs/share/uav_msgs/hook/pkg_config_path_multiarch.sh'
[0.717s] Level 1:colcon.colcon_core.environment:create_environment_scripts_only(uav_msgs)
[0.717s] Level 1:colcon.colcon_core.environment:checking '/home/huy/ros2_ws/install/uav_msgs' for CMake module files
[0.718s] Level 1:colcon.colcon_core.environment:checking '/home/huy/ros2_ws/install/uav_msgs' for CMake config files
[0.719s] Level 1:colcon.colcon_core.shell:create_environment_hook('uav_msgs', 'cmake_prefix_path')
[0.719s] INFO:colcon.colcon_core.shell:Creating environment hook '/home/huy/ros2_ws/install/uav_msgs/share/uav_msgs/hook/cmake_prefix_path.ps1'
[0.719s] INFO:colcon.colcon_core.shell:Creating environment descriptor '/home/huy/ros2_ws/install/uav_msgs/share/uav_msgs/hook/cmake_prefix_path.dsv'
[0.720s] INFO:colcon.colcon_core.shell:Creating environment hook '/home/huy/ros2_ws/install/uav_msgs/share/uav_msgs/hook/cmake_prefix_path.sh'
[0.720s] Level 1:colcon.colcon_core.environment:checking '/home/huy/ros2_ws/install/uav_msgs/lib'
[0.720s] Level 1:colcon.colcon_core.shell:create_environment_hook('uav_msgs', 'ld_library_path_lib')
[0.720s] INFO:colcon.colcon_core.shell:Creating environment hook '/home/huy/ros2_ws/install/uav_msgs/share/uav_msgs/hook/ld_library_path_lib.ps1'
[0.721s] INFO:colcon.colcon_core.shell:Creating environment descriptor '/home/huy/ros2_ws/install/uav_msgs/share/uav_msgs/hook/ld_library_path_lib.dsv'
[0.721s] INFO:colcon.colcon_core.shell:Creating environment hook '/home/huy/ros2_ws/install/uav_msgs/share/uav_msgs/hook/ld_library_path_lib.sh'
[0.722s] Level 1:colcon.colcon_core.environment:checking '/home/huy/ros2_ws/install/uav_msgs/bin'
[0.722s] Level 1:colcon.colcon_core.environment:checking '/home/huy/ros2_ws/install/uav_msgs/lib/pkgconfig/uav_msgs.pc'
[0.722s] Level 1:colcon.colcon_core.environment:checking '/home/huy/ros2_ws/install/uav_msgs/lib/python3.10/site-packages'
[0.722s] Level 1:colcon.colcon_core.environment:checking '/home/huy/ros2_ws/install/uav_msgs/bin'
[0.722s] INFO:colcon.colcon_core.shell:Creating package script '/home/huy/ros2_ws/install/uav_msgs/share/uav_msgs/package.ps1'
[0.723s] INFO:colcon.colcon_core.shell:Creating package descriptor '/home/huy/ros2_ws/install/uav_msgs/share/uav_msgs/package.dsv'
[0.723s] INFO:colcon.colcon_core.shell:Creating package script '/home/huy/ros2_ws/install/uav_msgs/share/uav_msgs/package.sh'
[0.724s] INFO:colcon.colcon_core.shell:Creating package script '/home/huy/ros2_ws/install/uav_msgs/share/uav_msgs/package.bash'
[0.724s] INFO:colcon.colcon_core.shell:Creating package script '/home/huy/ros2_ws/install/uav_msgs/share/uav_msgs/package.zsh'
[0.724s] Level 1:colcon.colcon_core.environment:create_file_with_runtime_dependencies(/home/huy/ros2_ws/install/uav_msgs/share/colcon-core/packages/uav_msgs)
[0.725s] INFO:colcon.colcon_ros.task.ament_cmake.build:Building ROS package in '/home/huy/ros2_ws/src/uav_dynamics' with build type 'ament_cmake'
[0.725s] INFO:colcon.colcon_cmake.task.cmake.build:Building CMake package in '/home/huy/ros2_ws/src/uav_dynamics'
[0.725s] INFO:colcon.colcon_core.shell:Skip shell extension 'powershell' for command environment: Not usable outside of PowerShell
[0.725s] DEBUG:colcon.colcon_core.shell:Skip shell extension 'dsv' for command environment
[0.735s] DEBUG:colcon.colcon_core.event_handler.log_command:Invoking command in '/home/huy/ros2_ws/build/uav_dynamics': CMAKE_PREFIX_PATH=/opt/ros/humble:/home/huy/ros2_ws/install/uav_msgs:/home/huy/ros2_ws/install/uav_dynamics:/home/huy/ros2_ws/install/uav_motor_plugin LD_LIBRARY_PATH=/home/huy/ros2_ws/install/uav_msgs/lib:/home/huy/ros2_ws/install/uav_motor_plugin/lib:/usr/lib/x86_64-linux-gnu/gazebo-11/plugins:/opt/ros/humble/opt/rviz_ogre_vendor/lib:/opt/ros/humble/lib/x86_64-linux-gnu:/opt/ros/humble/lib:/usr/lib/x86_64-linux-gnu/gazebo-11/plugins /usr/bin/cmake --build /home/huy/ros2_ws/build/uav_dynamics -- -j16 -l16
[7.795s] DEBUG:colcon.colcon_core.event_handler.log_command:Invoked command in '/home/huy/ros2_ws/build/uav_dynamics' returned '0': CMAKE_PREFIX_PATH=/opt/ros/humble:/home/huy/ros2_ws/install/uav_msgs:/home/huy/ros2_ws/install/uav_dynamics:/home/huy/ros2_ws/install/uav_motor_plugin LD_LIBRARY_PATH=/home/huy/ros2_ws/install/uav_msgs/lib:/home/huy/ros2_ws/install/uav_motor_plugin/lib:/usr/lib/x86_64-linux-gnu/gazebo-11/plugins:/opt/ros/humble/opt/rviz_ogre_vendor/lib:/opt/ros/humble/lib/x86_64-linux-gnu:/opt/ros/humble/lib:/usr/lib/x86_64-linux-gnu/gazebo-11/plugins /usr/bin/cmake --build /home/huy/ros2_ws/build/uav_dynamics -- -j16 -l16
[7.796s] DEBUG:colcon.colcon_core.event_handler.log_command:Invoking command in '/home/huy/ros2_ws/build/uav_dynamics': CMAKE_PREFIX_PATH=/opt/ros/humble:/home/huy/ros2_ws/install/uav_msgs:/home/huy/ros2_ws/install/uav_dynamics:/home/huy/ros2_ws/install/uav_motor_plugin LD_LIBRARY_PATH=/home/huy/ros2_ws/install/uav_msgs/lib:/home/huy/ros2_ws/install/uav_motor_plugin/lib:/usr/lib/x86_64-linux-gnu/gazebo-11/plugins:/opt/ros/humble/opt/rviz_ogre_vendor/lib:/opt/ros/humble/lib/x86_64-linux-gnu:/opt/ros/humble/lib:/usr/lib/x86_64-linux-gnu/gazebo-11/plugins /usr/bin/cmake --install /home/huy/ros2_ws/build/uav_dynamics
[7.811s] Level 1:colcon.colcon_core.environment:create_environment_scripts_only(uav_dynamics)
[7.812s] Level 1:colcon.colcon_core.environment:checking '/home/huy/ros2_ws/install/uav_dynamics' for CMake module files
[7.812s] DEBUG:colcon.colcon_core.event_handler.log_command:Invoked command in '/home/huy/ros2_ws/build/uav_dynamics' returned '0': CMAKE_PREFIX_PATH=/opt/ros/humble:/home/huy/ros2_ws/install/uav_msgs:/home/huy/ros2_ws/install/uav_dynamics:/home/huy/ros2_ws/install/uav_motor_plugin LD_LIBRARY_PATH=/home/huy/ros2_ws/install/uav_msgs/lib:/home/huy/ros2_ws/install/uav_motor_plugin/lib:/usr/lib/x86_64-linux-gnu/gazebo-11/plugins:/opt/ros/humble/opt/rviz_ogre_vendor/lib:/opt/ros/humble/lib/x86_64-linux-gnu:/opt/ros/humble/lib:/usr/lib/x86_64-linux-gnu/gazebo-11/plugins /usr/bin/cmake --install /home/huy/ros2_ws/build/uav_dynamics
[7.813s] Level 1:colcon.colcon_core.environment:checking '/home/huy/ros2_ws/install/uav_dynamics' for CMake config files
[7.813s] Level 1:colcon.colcon_core.shell:create_environment_hook('uav_dynamics', 'cmake_prefix_path')
[7.813s] INFO:colcon.colcon_core.shell:Creating environment hook '/home/huy/ros2_ws/install/uav_dynamics/share/uav_dynamics/hook/cmake_prefix_path.ps1'
[7.813s] INFO:colcon.colcon_core.shell:Creating environment descriptor '/home/huy/ros2_ws/install/uav_dynamics/share/uav_dynamics/hook/cmake_prefix_path.dsv'
[7.814s] INFO:colcon.colcon_core.shell:Creating environment hook '/home/huy/ros2_ws/install/uav_dynamics/share/uav_dynamics/hook/cmake_prefix_path.sh'
[7.814s] Level 1:colcon.colcon_core.environment:checking '/home/huy/ros2_ws/install/uav_dynamics/lib'
[7.814s] Level 1:colcon.colcon_core.environment:checking '/home/huy/ros2_ws/install/uav_dynamics/bin'
[7.814s] Level 1:colcon.colcon_core.environment:checking '/home/huy/ros2_ws/install/uav_dynamics/lib/pkgconfig/uav_dynamics.pc'
[7.814s] Level 1:colcon.colcon_core.environment:checking '/home/huy/ros2_ws/install/uav_dynamics/lib/python3.10/site-packages'
[7.815s] Level 1:colcon.colcon_core.environment:checking '/home/huy/ros2_ws/install/uav_dynamics/bin'
[7.815s] INFO:colcon.colcon_core.shell:Creating package script '/home/huy/ros2_ws/install/uav_dynamics/share/uav_dynamics/package.ps1'
[7.815s] INFO:colcon.colcon_core.shell:Creating package descriptor '/home/huy/ros2_ws/install/uav_dynamics/share/uav_dynamics/package.dsv'
[7.815s] INFO:colcon.colcon_core.shell:Creating package script '/home/huy/ros2_ws/install/uav_dynamics/share/uav_dynamics/package.sh'
[7.816s] INFO:colcon.colcon_core.shell:Creating package script '/home/huy/ros2_ws/install/uav_dynamics/share/uav_dynamics/package.bash'
[7.816s] INFO:colcon.colcon_core.shell:Creating package script '/home/huy/ros2_ws/install/uav_dynamics/share/uav_dynamics/package.zsh'
[7.816s] Level 1:colcon.colcon_core.environment:create_file_with_runtime_dependencies(/home/huy/ros2_ws/install/uav_dynamics/share/colcon-core/packages/uav_dynamics)
[7.817s] Level 1:colcon.colcon_core.environment:create_environment_scripts_only(uav_dynamics)
[7.817s] Level 1:colcon.colcon_core.environment:checking '/home/huy/ros2_ws/install/uav_dynamics' for CMake module files
[7.817s] Level 1:colcon.colcon_core.environment:checking '/home/huy/ros2_ws/install/uav_dynamics' for CMake config files
[7.818s] Level 1:colcon.colcon_core.shell:create_environment_hook('uav_dynamics', 'cmake_prefix_path')
[7.818s] INFO:colcon.colcon_core.shell:Creating environment hook '/home/huy/ros2_ws/install/uav_dynamics/share/uav_dynamics/hook/cmake_prefix_path.ps1'
[7.818s] INFO:colcon.colcon_core.shell:Creating environment descriptor '/home/huy/ros2_ws/install/uav_dynamics/share/uav_dynamics/hook/cmake_prefix_path.dsv'
[7.818s] INFO:colcon.colcon_core.shell:Creating environment hook '/home/huy/ros2_ws/install/uav_dynamics/share/uav_dynamics/hook/cmake_prefix_path.sh'
[7.819s] Level 1:colcon.colcon_core.environment:checking '/home/huy/ros2_ws/install/uav_dynamics/lib'
[7.819s] Level 1:colcon.colcon_core.environment:checking '/home/huy/ros2_ws/install/uav_dynamics/bin'
[7.819s] Level 1:colcon.colcon_core.environment:checking '/home/huy/ros2_ws/install/uav_dynamics/lib/pkgconfig/uav_dynamics.pc'
[7.819s] Level 1:colcon.colcon_core.environment:checking '/home/huy/ros2_ws/install/uav_dynamics/lib/python3.10/site-packages'
[7.819s] Level 1:colcon.colcon_core.environment:checking '/home/huy/ros2_ws/install/uav_dynamics/bin'
[7.819s] INFO:colcon.colcon_core.shell:Creating package script '/home/huy/ros2_ws/install/uav_dynamics/share/uav_dynamics/package.ps1'
[7.820s] INFO:colcon.colcon_core.shell:Creating package descriptor '/home/huy/ros2_ws/install/uav_dynamics/share/uav_dynamics/package.dsv'
[7.820s] INFO:colcon.colcon_core.shell:Creating package script '/home/huy/ros2_ws/install/uav_dynamics/share/uav_dynamics/package.sh'
[7.820s] INFO:colcon.colcon_core.shell:Creating package script '/home/huy/ros2_ws/install/uav_dynamics/share/uav_dynamics/package.bash'
[7.821s] INFO:colcon.colcon_core.shell:Creating package script '/home/huy/ros2_ws/install/uav_dynamics/share/uav_dynamics/package.zsh'
[7.821s] Level 1:colcon.colcon_core.environment:create_file_with_runtime_dependencies(/home/huy/ros2_ws/install/uav_dynamics/share/colcon-core/packages/uav_dynamics)
[7.821s] DEBUG:colcon.colcon_parallel_executor.executor.parallel:closing loop
[7.822s] DEBUG:colcon.colcon_parallel_executor.executor.parallel:loop closed
[7.822s] DEBUG:colcon.colcon_parallel_executor.executor.parallel:run_until_complete finished with '0'
[7.822s] DEBUG:colcon.colcon_core.event_reactor:joining thread
[7.826s] INFO:colcon.colcon_core.plugin_system:Skipping extension 'colcon_notification.desktop_notification.terminal_notifier': Not used on non-Darwin systems
[7.827s] INFO:colcon.colcon_core.plugin_system:Skipping extension 'colcon_notification.desktop_notification.win32': Not used on non-Windows systems
[7.827s] INFO:colcon.colcon_notification.desktop_notification:Sending desktop notification using 'notify2'
[7.838s] DEBUG:colcon.colcon_core.event_reactor:joined thread
[7.838s] INFO:colcon.colcon_core.shell:Creating prefix script '/home/huy/ros2_ws/install/local_setup.ps1'
[7.839s] INFO:colcon.colcon_core.shell:Creating prefix util module '/home/huy/ros2_ws/install/_local_setup_util_ps1.py'
[7.840s] INFO:colcon.colcon_core.shell:Creating prefix chain script '/home/huy/ros2_ws/install/setup.ps1'
[7.841s] INFO:colcon.colcon_core.shell:Creating prefix script '/home/huy/ros2_ws/install/local_setup.sh'
[7.842s] INFO:colcon.colcon_core.shell:Creating prefix util module '/home/huy/ros2_ws/install/_local_setup_util_sh.py'
[7.842s] INFO:colcon.colcon_core.shell:Creating prefix chain script '/home/huy/ros2_ws/install/setup.sh'
[7.843s] INFO:colcon.colcon_core.shell:Creating prefix script '/home/huy/ros2_ws/install/local_setup.bash'
[7.844s] INFO:colcon.colcon_core.shell:Creating prefix chain script '/home/huy/ros2_ws/install/setup.bash'
[7.845s] INFO:colcon.colcon_core.shell:Creating prefix script '/home/huy/ros2_ws/install/local_setup.zsh'
[7.845s] INFO:colcon.colcon_core.shell:Creating prefix chain script '/home/huy/ros2_ws/install/setup.zsh'
