[0.013s] Invoking command in '/home/huy/ros2_ws/build/uav_controller': CMAKE_PREFIX_PATH=/home/huy/ros2_ws/install/uav_dynamics:/opt/ros/humble:/home/huy/ros2_ws/install/uav_msgs:/home/huy/ros2_ws/install/uav_motor_plugin:/home/huy/ros2_ws/install/uav_controller /usr/bin/cmake --build /home/huy/ros2_ws/build/uav_controller -- -j16 -l16
[0.056s] [35m[1mConsolidate compiler generated dependencies of target pos_controller_node[0m
[0.071s] [ 33%] Built target imu_node
[0.075s] [ 50%] [32mBuilding CXX object CMakeFiles/smc_controller_node.dir/src/smc_controller.cpp.o[0m
[0.081s] [ 83%] Built target pos_controller_node
[10.878s] [100%] [32m[1mLinking CXX executable smc_controller_node[0m
[11.533s] [100%] Built target smc_controller_node
[11.546s] Invoked command in '/home/huy/ros2_ws/build/uav_controller' returned '0': CMAKE_PREFIX_PATH=/home/huy/ros2_ws/install/uav_dynamics:/opt/ros/humble:/home/huy/ros2_ws/install/uav_msgs:/home/huy/ros2_ws/install/uav_motor_plugin:/home/huy/ros2_ws/install/uav_controller /usr/bin/cmake --build /home/huy/ros2_ws/build/uav_controller -- -j16 -l16
[11.547s] Invoking command in '/home/huy/ros2_ws/build/uav_controller': CMAKE_PREFIX_PATH=/home/huy/ros2_ws/install/uav_dynamics:/opt/ros/humble:/home/huy/ros2_ws/install/uav_msgs:/home/huy/ros2_ws/install/uav_motor_plugin:/home/huy/ros2_ws/install/uav_controller /usr/bin/cmake --install /home/huy/ros2_ws/build/uav_controller
[11.556s] -- Install configuration: ""
[11.556s] -- Up-to-date: /home/huy/ros2_ws/install/uav_controller/lib/uav_controller/imu_node
[11.557s] -- Up-to-date: /home/huy/ros2_ws/install/uav_controller/lib/uav_controller/pos_controller_node
[11.557s] -- Installing: /home/huy/ros2_ws/install/uav_controller/lib/uav_controller/smc_controller_node
[11.569s] -- Set runtime path of "/home/huy/ros2_ws/install/uav_controller/lib/uav_controller/smc_controller_node" to ""
[11.569s] -- Up-to-date: /home/huy/ros2_ws/install/uav_controller/share/ament_index/resource_index/package_run_dependencies/uav_controller
[11.569s] -- Up-to-date: /home/huy/ros2_ws/install/uav_controller/share/ament_index/resource_index/parent_prefix_path/uav_controller
[11.569s] -- Up-to-date: /home/huy/ros2_ws/install/uav_controller/share/uav_controller/environment/ament_prefix_path.sh
[11.569s] -- Up-to-date: /home/huy/ros2_ws/install/uav_controller/share/uav_controller/environment/ament_prefix_path.dsv
[11.569s] -- Up-to-date: /home/huy/ros2_ws/install/uav_controller/share/uav_controller/environment/path.sh
[11.569s] -- Up-to-date: /home/huy/ros2_ws/install/uav_controller/share/uav_controller/environment/path.dsv
[11.569s] -- Up-to-date: /home/huy/ros2_ws/install/uav_controller/share/uav_controller/local_setup.bash
[11.569s] -- Up-to-date: /home/huy/ros2_ws/install/uav_controller/share/uav_controller/local_setup.sh
[11.569s] -- Up-to-date: /home/huy/ros2_ws/install/uav_controller/share/uav_controller/local_setup.zsh
[11.569s] -- Up-to-date: /home/huy/ros2_ws/install/uav_controller/share/uav_controller/local_setup.dsv
[11.569s] -- Installing: /home/huy/ros2_ws/install/uav_controller/share/uav_controller/package.dsv
[11.570s] -- Up-to-date: /home/huy/ros2_ws/install/uav_controller/share/ament_index/resource_index/packages/uav_controller
[11.570s] -- Up-to-date: /home/huy/ros2_ws/install/uav_controller/share/uav_controller/cmake/uav_controllerConfig.cmake
[11.570s] -- Up-to-date: /home/huy/ros2_ws/install/uav_controller/share/uav_controller/cmake/uav_controllerConfig-version.cmake
[11.570s] -- Up-to-date: /home/huy/ros2_ws/install/uav_controller/share/uav_controller/package.xml
[11.572s] Invoked command in '/home/huy/ros2_ws/build/uav_controller' returned '0': CMAKE_PREFIX_PATH=/home/huy/ros2_ws/install/uav_dynamics:/opt/ros/humble:/home/huy/ros2_ws/install/uav_msgs:/home/huy/ros2_ws/install/uav_motor_plugin:/home/huy/ros2_ws/install/uav_controller /usr/bin/cmake --install /home/huy/ros2_ws/build/uav_controller
