[0.012s] Invoking command in '/home/huy/ros2_ws/build/my_drone_pkg': CMAKE_PREFIX_PATH=/home/huy/install/my_robot_pkg:/home/huy/ros2_ws/install/my_robot_pkg:/opt/ros/humble /usr/bin/cmake --build /home/huy/ros2_ws/build/my_drone_pkg -- -j16 -l16
[0.202s] Invoked command in '/home/huy/ros2_ws/build/my_drone_pkg' returned '0': CMAKE_PREFIX_PATH=/home/huy/install/my_robot_pkg:/home/huy/ros2_ws/install/my_robot_pkg:/opt/ros/humble /usr/bin/cmake --build /home/huy/ros2_ws/build/my_drone_pkg -- -j16 -l16
[0.211s] Invoking command in '/home/huy/ros2_ws/build/my_drone_pkg': CMAKE_PREFIX_PATH=/home/huy/install/my_robot_pkg:/home/huy/ros2_ws/install/my_robot_pkg:/opt/ros/humble /usr/bin/cmake --install /home/huy/ros2_ws/build/my_drone_pkg
[0.217s] -- Install configuration: ""
[0.217s] -- Up-to-date: /home/huy/ros2_ws/install/my_drone_pkg/share/ament_index/resource_index/package_run_dependencies/my_drone_pkg
[0.217s] -- Up-to-date: /home/huy/ros2_ws/install/my_drone_pkg/share/ament_index/resource_index/parent_prefix_path/my_drone_pkg
[0.217s] -- Up-to-date: /home/huy/ros2_ws/install/my_drone_pkg/share/my_drone_pkg/environment/ament_prefix_path.sh
[0.217s] -- Up-to-date: /home/huy/ros2_ws/install/my_drone_pkg/share/my_drone_pkg/environment/ament_prefix_path.dsv
[0.217s] -- Up-to-date: /home/huy/ros2_ws/install/my_drone_pkg/share/my_drone_pkg/environment/path.sh
[0.217s] -- Up-to-date: /home/huy/ros2_ws/install/my_drone_pkg/share/my_drone_pkg/environment/path.dsv
[0.217s] -- Up-to-date: /home/huy/ros2_ws/install/my_drone_pkg/share/my_drone_pkg/local_setup.bash
[0.217s] -- Up-to-date: /home/huy/ros2_ws/install/my_drone_pkg/share/my_drone_pkg/local_setup.sh
[0.217s] -- Up-to-date: /home/huy/ros2_ws/install/my_drone_pkg/share/my_drone_pkg/local_setup.zsh
[0.217s] -- Up-to-date: /home/huy/ros2_ws/install/my_drone_pkg/share/my_drone_pkg/local_setup.dsv
[0.218s] -- Up-to-date: /home/huy/ros2_ws/install/my_drone_pkg/share/my_drone_pkg/package.dsv
[0.218s] -- Up-to-date: /home/huy/ros2_ws/install/my_drone_pkg/share/ament_index/resource_index/packages/my_drone_pkg
[0.218s] -- Up-to-date: /home/huy/ros2_ws/install/my_drone_pkg/share/my_drone_pkg/cmake/my_drone_pkgConfig.cmake
[0.218s] -- Up-to-date: /home/huy/ros2_ws/install/my_drone_pkg/share/my_drone_pkg/cmake/my_drone_pkgConfig-version.cmake
[0.218s] -- Up-to-date: /home/huy/ros2_ws/install/my_drone_pkg/share/my_drone_pkg/package.xml
[0.219s] Invoked command in '/home/huy/ros2_ws/build/my_drone_pkg' returned '0': CMAKE_PREFIX_PATH=/home/huy/install/my_robot_pkg:/home/huy/ros2_ws/install/my_robot_pkg:/opt/ros/humble /usr/bin/cmake --install /home/huy/ros2_ws/build/my_drone_pkg
