[0.011s] Invoking command in '/home/huy/ros2_ws/build/uav_controller': CMAKE_PREFIX_PATH=/opt/ros/humble:${CMAKE_PREFIX_PATH} /usr/bin/cmake --build /home/huy/ros2_ws/build/uav_controller -- -j16 -l16
[0.065s] [ 66%] [32mBuilding CXX object CMakeFiles/pos_controller_node.dir/src/pid_controller.cpp.o[0m
[0.065s] [ 83%] Built target smc_controller_node
[0.065s] [ 83%] Built target imu_node
[6.774s] [100%] [32m[1mLinking CXX executable pos_controller_node[0m
[7.087s] [100%] Built target pos_controller_node
[7.098s] Invoked command in '/home/huy/ros2_ws/build/uav_controller' returned '0': CMAKE_PREFIX_PATH=/opt/ros/humble:${CMAKE_PREFIX_PATH} /usr/bin/cmake --build /home/huy/ros2_ws/build/uav_controller -- -j16 -l16
[7.099s] Invoking command in '/home/huy/ros2_ws/build/uav_controller': CMAKE_PREFIX_PATH=/opt/ros/humble:${CMAKE_PREFIX_PATH} /usr/bin/cmake --install /home/huy/ros2_ws/build/uav_controller
[7.107s] -- Install configuration: ""
[7.107s] -- Up-to-date: /home/huy/ros2_ws/install/uav_controller/lib/uav_controller/imu_node
[7.107s] -- Installing: /home/huy/ros2_ws/install/uav_controller/lib/uav_controller/pos_controller_node
[7.113s] -- Set runtime path of "/home/huy/ros2_ws/install/uav_controller/lib/uav_controller/pos_controller_node" to ""
[7.113s] -- Up-to-date: /home/huy/ros2_ws/install/uav_controller/lib/uav_controller/smc_controller_node
[7.113s] -- Up-to-date: /home/huy/ros2_ws/install/uav_controller/share/ament_index/resource_index/package_run_dependencies/uav_controller
[7.113s] -- Up-to-date: /home/huy/ros2_ws/install/uav_controller/share/ament_index/resource_index/parent_prefix_path/uav_controller
[7.113s] -- Up-to-date: /home/huy/ros2_ws/install/uav_controller/share/uav_controller/environment/ament_prefix_path.sh
[7.113s] -- Up-to-date: /home/huy/ros2_ws/install/uav_controller/share/uav_controller/environment/ament_prefix_path.dsv
[7.114s] -- Up-to-date: /home/huy/ros2_ws/install/uav_controller/share/uav_controller/environment/path.sh
[7.114s] -- Up-to-date: /home/huy/ros2_ws/install/uav_controller/share/uav_controller/environment/path.dsv
[7.114s] -- Up-to-date: /home/huy/ros2_ws/install/uav_controller/share/uav_controller/local_setup.bash
[7.114s] -- Up-to-date: /home/huy/ros2_ws/install/uav_controller/share/uav_controller/local_setup.sh
[7.114s] -- Up-to-date: /home/huy/ros2_ws/install/uav_controller/share/uav_controller/local_setup.zsh
[7.114s] -- Up-to-date: /home/huy/ros2_ws/install/uav_controller/share/uav_controller/local_setup.dsv
[7.114s] -- Installing: /home/huy/ros2_ws/install/uav_controller/share/uav_controller/package.dsv
[7.114s] -- Up-to-date: /home/huy/ros2_ws/install/uav_controller/share/ament_index/resource_index/packages/uav_controller
[7.114s] -- Up-to-date: /home/huy/ros2_ws/install/uav_controller/share/uav_controller/cmake/uav_controllerConfig.cmake
[7.114s] -- Up-to-date: /home/huy/ros2_ws/install/uav_controller/share/uav_controller/cmake/uav_controllerConfig-version.cmake
[7.114s] -- Up-to-date: /home/huy/ros2_ws/install/uav_controller/share/uav_controller/package.xml
[7.116s] Invoked command in '/home/huy/ros2_ws/build/uav_controller' returned '0': CMAKE_PREFIX_PATH=/opt/ros/humble:${CMAKE_PREFIX_PATH} /usr/bin/cmake --install /home/huy/ros2_ws/build/uav_controller
