[0.015s] Invoking command in '/home/huy/ros2_ws/build/custom_msgs': CMAKE_PREFIX_PATH=${CMAKE_PREFIX_PATH}:/home/huy/ros2_ws/install/ps4_controller:/home/huy/ros2_ws/install/example_pkg:/opt/ros/humble /usr/bin/cmake /home/huy/ros2_ws/src/custom_msgs -DCMAKE_INSTALL_PREFIX=/home/huy/ros2_ws/install/custom_msgs
[0.084s] -- The C compiler identification is GNU 11.4.0
[0.152s] -- The CXX compiler identification is GNU 11.4.0
[0.161s] -- Detecting C compiler ABI info
[0.251s] -- Detecting C compiler ABI info - done
[0.259s] -- Check for working C compiler: /usr/bin/cc - skipped
[0.259s] -- Detecting C compile features
[0.260s] -- Detecting C compile features - done
[0.263s] -- Detecting CXX compiler ABI info
[0.376s] -- Detecting CXX compiler ABI info - done
[0.385s] -- Check for working CXX compiler: /usr/bin/c++ - skipped
[0.385s] -- Detecting CXX compile features
[0.386s] -- Detecting CXX compile features - done
[0.389s] -- Found rosidl_default_generators: 1.2.0 (/opt/ros/humble/share/rosidl_default_generators/cmake)
[0.391s] -- Found ament_cmake_core: 1.3.11 (/opt/ros/humble/share/ament_cmake_core/cmake)
[0.568s] -- Found Python3: /usr/bin/python3 (found version "3.10.12") found components: Interpreter 
[0.644s] -- Using all available rosidl_typesupport_c: rosidl_typesupport_fastrtps_c;rosidl_typesupport_introspection_c
[0.653s] -- Found rosidl_adapter: 3.1.6 (/opt/ros/humble/share/rosidl_adapter/cmake)
[0.731s] -- Using all available rosidl_typesupport_cpp: rosidl_typesupport_fastrtps_cpp;rosidl_typesupport_introspection_cpp
[0.769s] -- Found rclcpp: 16.0.12 (/opt/ros/humble/share/rclcpp/cmake)
[0.826s] -- Found rmw_implementation_cmake: 6.1.2 (/opt/ros/humble/share/rmw_implementation_cmake/cmake)
[0.829s] -- Found rmw_fastrtps_cpp: 6.2.7 (/opt/ros/humble/share/rmw_fastrtps_cpp/cmake)
[0.953s] -- Found OpenSSL: /usr/lib/x86_64-linux-gnu/libcrypto.so (found version "3.0.2")  
[0.988s] -- Found FastRTPS: /opt/ros/humble/include  
[1.040s] -- Using RMW implementation 'rmw_fastrtps_cpp' as default
[1.050s] -- Looking for pthread.h
[1.150s] -- Looking for pthread.h - found
[1.151s] -- Performing Test CMAKE_HAVE_LIBC_PTHREAD
[1.247s] -- Performing Test CMAKE_HAVE_LIBC_PTHREAD - Success
[1.248s] -- Found Threads: TRUE  
[1.490s] [31mCMake Error at /opt/ros/humble/share/rosidl_adapter/cmake/rosidl_adapt_interfaces.cmake:59 (message):
[1.490s]   execute_process(/usr/bin/python3 -m rosidl_adapter --package-name
[1.490s]   custom_msgs --arguments-file
[1.490s]   /home/huy/ros2_ws/build/custom_msgs/rosidl_adapter__arguments__custom_msgs.json
[1.490s]   --output-dir /home/huy/ros2_ws/build/custom_msgs/rosidl_adapter/custom_msgs
[1.491s]   --output-file
[1.491s]   /home/huy/ros2_ws/build/custom_msgs/rosidl_adapter/custom_msgs.idls)
[1.491s]   returned error code 1:
[1.491s] 
[1.491s]   Traceback (most recent call last):
[1.491s] 
[1.491s]     File "/usr/lib/python3.10/runpy.py", line 196, in _run_module_as_main
[1.491s]       return _run_code(code, main_globals, None,
[1.491s]     File "/usr/lib/python3.10/runpy.py", line 86, in _run_code
[1.491s]       exec(code, run_globals)
[1.491s]     File "/opt/ros/humble/local/lib/python3.10/dist-packages/rosidl_adapter/__main__.py", line 19, in <module>
[1.491s]       sys.exit(main())
[1.491s]     File "/opt/ros/humble/local/lib/python3.10/dist-packages/rosidl_adapter/main.py", line 53, in main
[1.492s]       abs_idl_file = convert_to_idl(
[1.492s]     File "/opt/ros/humble/local/lib/python3.10/dist-packages/rosidl_adapter/__init__.py", line 19, in convert_to_idl
[1.492s]       return convert_msg_to_idl(
[1.492s]     File "/opt/ros/humble/local/lib/python3.10/dist-packages/rosidl_adapter/msg/__init__.py", line 28, in convert_msg_to_idl
[1.492s]       msg = parse_message_string(package_name, input_file.stem, content)
[1.492s]     File "/opt/ros/humble/local/lib/python3.10/dist-packages/rosidl_adapter/parser.py", line 544, in parse_message_string
[1.492s]       msg = MessageSpecification(pkg_name, msg_name, fields, constants)
[1.492s]     File "/opt/ros/humble/local/lib/python3.10/dist-packages/rosidl_adapter/parser.py", line 388, in __init__
[1.492s]       self.base_type = BaseType(
[1.492s]     File "/opt/ros/humble/local/lib/python3.10/dist-packages/rosidl_adapter/parser.py", line 205, in __init__
[1.492s]       raise InvalidResourceName(
[1.492s] 
[1.493s]   rosidl_adapter.parser.InvalidResourceName: 'ps4_msg' is an invalid message
[1.493s]   name.  It should have the pattern '^[A-Z][A-Za-z0-9]*$'
[1.493s] 
[1.493s] Call Stack (most recent call first):
[1.493s]   /opt/ros/humble/share/rosidl_cmake/cmake/rosidl_generate_interfaces.cmake:130 (rosidl_adapt_interfaces)
[1.493s]   CMakeLists.txt:14 (rosidl_generate_interfaces)
[1.493s] 
[1.493s] [0m
[1.493s] -- Configuring incomplete, errors occurred!
[1.493s] See also "/home/huy/ros2_ws/build/custom_msgs/CMakeFiles/CMakeOutput.log".
[1.502s] Invoked command in '/home/huy/ros2_ws/build/custom_msgs' returned '1': CMAKE_PREFIX_PATH=${CMAKE_PREFIX_PATH}:/home/huy/ros2_ws/install/ps4_controller:/home/huy/ros2_ws/install/example_pkg:/opt/ros/humble /usr/bin/cmake /home/huy/ros2_ws/src/custom_msgs -DCMAKE_INSTALL_PREFIX=/home/huy/ros2_ws/install/custom_msgs
