[0.010s] Invoking command in '/home/huy/ros2_ws/build/uav_sim': CMAKE_PREFIX_PATH=/home/huy/ros2_ws/install/uav_dynamics:/opt/ros/humble:/home/huy/ros2_ws/install/uav_msgs:/home/huy/ros2_ws/install/uav_motor_plugin:/home/huy/ros2_ws/install/uav_controller:/home/huy/ros2_ws/install/uav_sim LD_LIBRARY_PATH=/home/huy/ros2_ws/install/uav_msgs/lib:/home/huy/ros2_ws/install/uav_motor_plugin/lib:/usr/lib/x86_64-linux-gnu/gazebo-11/plugins:/opt/ros/humble/opt/rviz_ogre_vendor/lib:/opt/ros/humble/lib/x86_64-linux-gnu:/opt/ros/humble/lib:/usr/lib/x86_64-linux-gnu/gazebo-11/plugins /usr/bin/cmake --build /home/huy/ros2_ws/build/uav_sim -- -j16 -l16
[0.045s] Invoked command in '/home/huy/ros2_ws/build/uav_sim' returned '0': CMAKE_PREFIX_PATH=/home/huy/ros2_ws/install/uav_dynamics:/opt/ros/humble:/home/huy/ros2_ws/install/uav_msgs:/home/huy/ros2_ws/install/uav_motor_plugin:/home/huy/ros2_ws/install/uav_controller:/home/huy/ros2_ws/install/uav_sim LD_LIBRARY_PATH=/home/huy/ros2_ws/install/uav_msgs/lib:/home/huy/ros2_ws/install/uav_motor_plugin/lib:/usr/lib/x86_64-linux-gnu/gazebo-11/plugins:/opt/ros/humble/opt/rviz_ogre_vendor/lib:/opt/ros/humble/lib/x86_64-linux-gnu:/opt/ros/humble/lib:/usr/lib/x86_64-linux-gnu/gazebo-11/plugins /usr/bin/cmake --build /home/huy/ros2_ws/build/uav_sim -- -j16 -l16
[0.046s] Invoking command in '/home/huy/ros2_ws/build/uav_sim': CMAKE_PREFIX_PATH=/home/huy/ros2_ws/install/uav_dynamics:/opt/ros/humble:/home/huy/ros2_ws/install/uav_msgs:/home/huy/ros2_ws/install/uav_motor_plugin:/home/huy/ros2_ws/install/uav_controller:/home/huy/ros2_ws/install/uav_sim LD_LIBRARY_PATH=/home/huy/ros2_ws/install/uav_msgs/lib:/home/huy/ros2_ws/install/uav_motor_plugin/lib:/usr/lib/x86_64-linux-gnu/gazebo-11/plugins:/opt/ros/humble/opt/rviz_ogre_vendor/lib:/opt/ros/humble/lib/x86_64-linux-gnu:/opt/ros/humble/lib:/usr/lib/x86_64-linux-gnu/gazebo-11/plugins /usr/bin/cmake --install /home/huy/ros2_ws/build/uav_sim
[0.053s] -- Install configuration: ""
[0.053s] -- Up-to-date: /home/huy/ros2_ws/install/uav_sim/share/uav_sim/launch
[0.053s] -- Up-to-date: /home/huy/ros2_ws/install/uav_sim/share/uav_sim/launch/uav_sim.launch.py
[0.053s] -- Up-to-date: /home/huy/ros2_ws/install/uav_sim/share/uav_sim/models
[0.053s] -- Installing: /home/huy/ros2_ws/install/uav_sim/share/uav_sim/models/uav_world.sdf
[0.053s] -- Up-to-date: /home/huy/ros2_ws/install/uav_sim/share/uav_sim/models/uav
[0.053s] -- Up-to-date: /home/huy/ros2_ws/install/uav_sim/share/uav_sim/models/uav/drone.sdf
[0.053s] -- Up-to-date: /home/huy/ros2_ws/install/uav_sim/share/uav_sim/models/uav/uav.stl
[0.053s] -- Up-to-date: /home/huy/ros2_ws/install/uav_sim/share/uav_sim/models/uav/model.config
[0.053s] -- Up-to-date: /home/huy/ros2_ws/install/uav_sim/share/ament_index/resource_index/package_run_dependencies/uav_sim
[0.053s] -- Up-to-date: /home/huy/ros2_ws/install/uav_sim/share/ament_index/resource_index/parent_prefix_path/uav_sim
[0.053s] -- Up-to-date: /home/huy/ros2_ws/install/uav_sim/share/uav_sim/environment/ament_prefix_path.sh
[0.054s] -- Up-to-date: /home/huy/ros2_ws/install/uav_sim/share/uav_sim/environment/ament_prefix_path.dsv
[0.054s] -- Up-to-date: /home/huy/ros2_ws/install/uav_sim/share/uav_sim/environment/path.sh
[0.054s] -- Up-to-date: /home/huy/ros2_ws/install/uav_sim/share/uav_sim/environment/path.dsv
[0.054s] -- Up-to-date: /home/huy/ros2_ws/install/uav_sim/share/uav_sim/local_setup.bash
[0.054s] -- Up-to-date: /home/huy/ros2_ws/install/uav_sim/share/uav_sim/local_setup.sh
[0.054s] -- Up-to-date: /home/huy/ros2_ws/install/uav_sim/share/uav_sim/local_setup.zsh
[0.054s] -- Up-to-date: /home/huy/ros2_ws/install/uav_sim/share/uav_sim/local_setup.dsv
[0.054s] -- Installing: /home/huy/ros2_ws/install/uav_sim/share/uav_sim/package.dsv
[0.054s] -- Up-to-date: /home/huy/ros2_ws/install/uav_sim/share/ament_index/resource_index/packages/uav_sim
[0.054s] -- Up-to-date: /home/huy/ros2_ws/install/uav_sim/share/uav_sim/cmake/uav_simConfig.cmake
[0.054s] -- Up-to-date: /home/huy/ros2_ws/install/uav_sim/share/uav_sim/cmake/uav_simConfig-version.cmake
[0.054s] -- Up-to-date: /home/huy/ros2_ws/install/uav_sim/share/uav_sim/package.xml
[0.055s] Invoked command in '/home/huy/ros2_ws/build/uav_sim' returned '0': CMAKE_PREFIX_PATH=/home/huy/ros2_ws/install/uav_dynamics:/opt/ros/humble:/home/huy/ros2_ws/install/uav_msgs:/home/huy/ros2_ws/install/uav_motor_plugin:/home/huy/ros2_ws/install/uav_controller:/home/huy/ros2_ws/install/uav_sim LD_LIBRARY_PATH=/home/huy/ros2_ws/install/uav_msgs/lib:/home/huy/ros2_ws/install/uav_motor_plugin/lib:/usr/lib/x86_64-linux-gnu/gazebo-11/plugins:/opt/ros/humble/opt/rviz_ogre_vendor/lib:/opt/ros/humble/lib/x86_64-linux-gnu:/opt/ros/humble/lib:/usr/lib/x86_64-linux-gnu/gazebo-11/plugins /usr/bin/cmake --install /home/huy/ros2_ws/build/uav_sim
