[0.013s] Invoking command in '/home/huy/ros2_ws/build/drone_drive': CMAKE_PREFIX_PATH=${CMAKE_PREFIX_PATH}:/home/huy/ros2_ws/install/my_robot_pkg:/opt/ros/humble /usr/bin/cmake --build /home/huy/ros2_ws/build/drone_drive -- -j16 -l16
[0.037s] -- Found ament_cmake: 1.3.11 (/opt/ros/humble/share/ament_cmake/cmake)
[0.137s] -- Found rclcpp: 16.0.12 (/opt/ros/humble/share/rclcpp/cmake)
[0.160s] -- Found rosidl_generator_c: 3.1.6 (/opt/ros/humble/share/rosidl_generator_c/cmake)
[0.162s] -- Found rosidl_adapter: 3.1.6 (/opt/ros/humble/share/rosidl_adapter/cmake)
[0.166s] -- Found rosidl_generator_cpp: 3.1.6 (/opt/ros/humble/share/rosidl_generator_cpp/cmake)
[0.173s] -- Using all available rosidl_typesupport_c: rosidl_typesupport_fastrtps_c;rosidl_typesupport_introspection_c
[0.182s] -- Using all available rosidl_typesupport_cpp: rosidl_typesupport_fastrtps_cpp;rosidl_typesupport_introspection_cpp
[0.205s] -- Found rmw_implementation_cmake: 6.1.2 (/opt/ros/humble/share/rmw_implementation_cmake/cmake)
[0.206s] -- Found rmw_fastrtps_cpp: 6.2.7 (/opt/ros/humble/share/rmw_fastrtps_cpp/cmake)
[0.298s] -- Using RMW implementation 'rmw_fastrtps_cpp' as default
[0.335s] -- Found geometry_msgs: 4.9.0 (/opt/ros/humble/share/geometry_msgs/cmake)
[0.344s] -- Found gazebo_ros: 3.9.0 (/opt/ros/humble/share/gazebo_ros/cmake)
[0.369s] -- Found DART: /usr/include (Required is at least version "6.6") found components: dart 
[0.393s] -- Found Protobuf: /usr/lib/x86_64-linux-gnu/libprotobuf.so (found version "3.12.4") 
[0.394s] -- Looking for ignition-math6 -- found version 6.15.1
[0.398s] -- Searching for dependencies of ignition-math6
[0.399s] -- Looking for OGRE...
[0.406s] -- Found Ogre Ghadamon (1.9.0)
[0.406s] -- Found OGRE: optimized;/usr/lib/x86_64-linux-gnu/libOgreMain.so;debug;/usr/lib/x86_64-linux-gnu/libOgreMain.so
[0.415s] -- Looking for OGRE_Paging...
[0.415s] -- Found OGRE_Paging: optimized;/usr/lib/x86_64-linux-gnu/libOgrePaging.so;debug;/usr/lib/x86_64-linux-gnu/libOgrePaging.so
[0.415s] -- Looking for OGRE_Terrain...
[0.415s] -- Found OGRE_Terrain: optimized;/usr/lib/x86_64-linux-gnu/libOgreTerrain.so;debug;/usr/lib/x86_64-linux-gnu/libOgreTerrain.so
[0.415s] -- Looking for OGRE_Property...
[0.415s] -- Found OGRE_Property: optimized;/usr/lib/x86_64-linux-gnu/libOgreProperty.so;debug;/usr/lib/x86_64-linux-gnu/libOgreProperty.so
[0.415s] -- Looking for OGRE_RTShaderSystem...
[0.416s] -- Found OGRE_RTShaderSystem: optimized;/usr/lib/x86_64-linux-gnu/libOgreRTShaderSystem.so;debug;/usr/lib/x86_64-linux-gnu/libOgreRTShaderSystem.so
[0.416s] -- Looking for OGRE_Volume...
[0.416s] -- Found OGRE_Volume: optimized;/usr/lib/x86_64-linux-gnu/libOgreVolume.so;debug;/usr/lib/x86_64-linux-gnu/libOgreVolume.so
[0.416s] -- Looking for OGRE_Overlay...
[0.416s] -- Found OGRE_Overlay: optimized;/usr/lib/x86_64-linux-gnu/libOgreOverlay.so;debug;/usr/lib/x86_64-linux-gnu/libOgreOverlay.so
[0.497s] -- Looking for ignition-math6 -- found version 6.15.1
[0.498s] -- Looking for ignition-transport8 -- found version 8.2.1
[0.498s] -- Searching for dependencies of ignition-transport8
[0.515s] -- Found Protobuf: /usr/lib/x86_64-linux-gnu/libprotobuf.so (found suitable version "3.12.4", minimum required is "3") 
[0.526s] -- Config-file not installed for ZeroMQ -- checking for pkg-config
[0.532s] -- Checking for module 'libzmq >= 4'
[0.546s] --   Found libzmq , version 4.3.4
[0.587s] -- Checking for module 'uuid'
[0.599s] --   Found uuid, version 2.37.2
[0.631s] -- Looking for ignition-msgs5 -- found version 5.8.1
[0.631s] -- Searching for dependencies of ignition-msgs5
[0.653s] -- Looking for ignition-math6 -- found version 6.15.1
[0.660s] -- Checking for module 'tinyxml2'
[0.676s] --   Found tinyxml2, version 9.0.0
[0.713s] -- Looking for ignition-msgs5 -- found version 5.8.1
[0.713s] -- Looking for ignition-common3 -- found version 3.14.0
[0.714s] -- Searching for dependencies of ignition-common3
[0.714s] -- Looking for dlfcn.h - found
[0.714s] -- Looking for libdl - found
[0.724s] -- Searching for <ignition-common3> component [graphics]
[0.725s] -- Looking for ignition-common3-graphics -- found version 3.14.0
[0.725s] -- Searching for dependencies of ignition-common3-graphics
[0.725s] -- Looking for ignition-math6 -- found version 6.15.1
[0.726s] -- Looking for ignition-fuel_tools4 -- found version 4.4.0
[0.726s] -- Searching for dependencies of ignition-fuel_tools4
[0.765s] -- Checking for module 'jsoncpp'
[0.777s] --   Found jsoncpp, version 1.9.5
[0.813s] -- Checking for module 'libzip'
[0.825s] --   Found libzip, version 1.7.3
[0.858s] -- Looking for ignition-common3 -- found version 3.14.0
[0.858s] -- Looking for ignition-math6 -- found version 6.15.1
[0.858s] -- Looking for ignition-msgs5 -- found version 5.8.1
[0.859s] -- Gazebo version: 11.10
[0.860s] -- Found gazebo_msgs: 3.9.0 (/opt/ros/humble/share/gazebo_msgs/cmake)
[0.890s] -- Found ament_lint_auto: 0.12.12 (/opt/ros/humble/share/ament_lint_auto/cmake)
[0.941s] -- Added test 'cppcheck' to perform static code analysis on C / C++ code
[0.942s] -- Configured cppcheck include dirs: /home/huy/ros2_ws/src/drone_drive/include
[0.942s] -- Configured cppcheck exclude dirs and/or files: 
[0.942s] -- Added test 'lint_cmake' to check CMake code style
[0.943s] -- Added test 'uncrustify' to check C / C++ code style
[0.943s] -- Configured uncrustify additional arguments: 
[0.943s] -- Added test 'xmllint' to check XML markup files
[0.944s] -- Configuring done
[0.962s] -- Generating done
[0.966s] -- Build files have been written to: /home/huy/ros2_ws/build/drone_drive
[0.994s] [35m[1mConsolidate compiler generated dependencies of target drone_drive[0m
[1.006s] [ 50%] [32mBuilding CXX object CMakeFiles/drone_drive.dir/src/drone_drive.cpp.o[0m
[1.348s] [100%] [32m[1mLinking CXX shared library libdrone_drive.so[0m
[1.462s] [100%] Built target drone_drive
[1.473s] Invoked command in '/home/huy/ros2_ws/build/drone_drive' returned '0': CMAKE_PREFIX_PATH=${CMAKE_PREFIX_PATH}:/home/huy/ros2_ws/install/my_robot_pkg:/opt/ros/humble /usr/bin/cmake --build /home/huy/ros2_ws/build/drone_drive -- -j16 -l16
[1.482s] Invoking command in '/home/huy/ros2_ws/build/drone_drive': CMAKE_PREFIX_PATH=${CMAKE_PREFIX_PATH}:/home/huy/ros2_ws/install/my_robot_pkg:/opt/ros/humble /usr/bin/cmake --install /home/huy/ros2_ws/build/drone_drive
[1.489s] -- Install configuration: ""
[1.489s] -- Installing: /home/huy/ros2_ws/install/drone_drive/lib/libdrone_drive.so
[1.490s] -- Set runtime path of "/home/huy/ros2_ws/install/drone_drive/lib/libdrone_drive.so" to ""
[1.490s] -- Up-to-date: /home/huy/ros2_ws/install/drone_drive/include/drone_drive
[1.490s] -- Up-to-date: /home/huy/ros2_ws/install/drone_drive/include/drone_drive/drone_drive
[1.490s] -- Up-to-date: /home/huy/ros2_ws/install/drone_drive/include/drone_drive/drone_drive/drone_drive.hpp
[1.490s] -- Installing: /home/huy/ros2_ws/install/drone_drive/share/drone_drive/package.xml
[1.490s] -- Installing: /home/huy/ros2_ws/install/drone_drive/share/ament_index/resource_index/package_run_dependencies/drone_drive
[1.490s] -- Up-to-date: /home/huy/ros2_ws/install/drone_drive/share/ament_index/resource_index/parent_prefix_path/drone_drive
[1.490s] -- Up-to-date: /home/huy/ros2_ws/install/drone_drive/share/drone_drive/environment/ament_prefix_path.sh
[1.490s] -- Installing: /home/huy/ros2_ws/install/drone_drive/share/drone_drive/environment/ament_prefix_path.dsv
[1.490s] -- Up-to-date: /home/huy/ros2_ws/install/drone_drive/share/drone_drive/environment/path.sh
[1.490s] -- Installing: /home/huy/ros2_ws/install/drone_drive/share/drone_drive/environment/path.dsv
[1.491s] -- Up-to-date: /home/huy/ros2_ws/install/drone_drive/share/drone_drive/local_setup.bash
[1.491s] -- Up-to-date: /home/huy/ros2_ws/install/drone_drive/share/drone_drive/local_setup.sh
[1.491s] -- Up-to-date: /home/huy/ros2_ws/install/drone_drive/share/drone_drive/local_setup.zsh
[1.491s] -- Installing: /home/huy/ros2_ws/install/drone_drive/share/drone_drive/local_setup.dsv
[1.491s] -- Installing: /home/huy/ros2_ws/install/drone_drive/share/drone_drive/package.dsv
[1.491s] -- Up-to-date: /home/huy/ros2_ws/install/drone_drive/share/ament_index/resource_index/packages/drone_drive
[1.491s] -- Up-to-date: /home/huy/ros2_ws/install/drone_drive/share/drone_drive/cmake/drone_driveConfig.cmake
[1.491s] -- Up-to-date: /home/huy/ros2_ws/install/drone_drive/share/drone_drive/cmake/drone_driveConfig-version.cmake
[1.491s] -- Up-to-date: /home/huy/ros2_ws/install/drone_drive/share/drone_drive/package.xml
[1.493s] Invoked command in '/home/huy/ros2_ws/build/drone_drive' returned '0': CMAKE_PREFIX_PATH=${CMAKE_PREFIX_PATH}:/home/huy/ros2_ws/install/my_robot_pkg:/opt/ros/humble /usr/bin/cmake --install /home/huy/ros2_ws/build/drone_drive
