[0.012s] Invoking command in '/home/huy/ros2_ws/build/drone_drive': CMAKE_PREFIX_PATH=${CMAKE_PREFIX_PATH}:/home/huy/ros2_ws/install/my_robot_pkg:/opt/ros/humble /usr/bin/cmake /home/huy/ros2_ws/src/drone_drive -DCMAKE_INSTALL_PREFIX=/home/huy/ros2_ws/install/drone_drive
[0.063s] -- The C compiler identification is GNU 11.4.0
[0.111s] -- The CXX compiler identification is GNU 11.4.0
[0.118s] -- Detecting C compiler ABI info
[0.182s] -- Detecting C compiler ABI info - done
[0.188s] -- Check for working C compiler: /usr/bin/cc - skipped
[0.188s] -- Detecting C compile features
[0.188s] -- Detecting C compile features - done
[0.190s] -- Detecting CXX compiler ABI info
[0.262s] -- Detecting CXX compiler ABI info - done
[0.267s] -- Check for working CXX compiler: /usr/bin/c++ - skipped
[0.268s] -- Detecting CXX compile features
[0.268s] -- Detecting CXX compile features - done
[0.270s] -- Found ament_cmake: 1.3.11 (/opt/ros/humble/share/ament_cmake/cmake)
[0.391s] -- Found Python3: /usr/bin/python3 (found version "3.10.12") found components: Interpreter 
[0.467s] -- Found rclcpp: 16.0.12 (/opt/ros/humble/share/rclcpp/cmake)
[0.501s] -- Found rosidl_generator_c: 3.1.6 (/opt/ros/humble/share/rosidl_generator_c/cmake)
[0.505s] -- Found rosidl_adapter: 3.1.6 (/opt/ros/humble/share/rosidl_adapter/cmake)
[0.511s] -- Found rosidl_generator_cpp: 3.1.6 (/opt/ros/humble/share/rosidl_generator_cpp/cmake)
[0.522s] -- Using all available rosidl_typesupport_c: rosidl_typesupport_fastrtps_c;rosidl_typesupport_introspection_c
[0.533s] -- Using all available rosidl_typesupport_cpp: rosidl_typesupport_fastrtps_cpp;rosidl_typesupport_introspection_cpp
[0.566s] -- Found rmw_implementation_cmake: 6.1.2 (/opt/ros/humble/share/rmw_implementation_cmake/cmake)
[0.568s] -- Found rmw_fastrtps_cpp: 6.2.7 (/opt/ros/humble/share/rmw_fastrtps_cpp/cmake)
[0.646s] -- Found OpenSSL: /usr/lib/x86_64-linux-gnu/libcrypto.so (found version "3.0.2")  
[0.671s] -- Found FastRTPS: /opt/ros/humble/include  
[0.710s] -- Using RMW implementation 'rmw_fastrtps_cpp' as default
[0.717s] -- Looking for pthread.h
[0.807s] -- Looking for pthread.h - found
[0.807s] -- Performing Test CMAKE_HAVE_LIBC_PTHREAD
[0.895s] -- Performing Test CMAKE_HAVE_LIBC_PTHREAD - Success
[0.896s] -- Found Threads: TRUE  
[0.932s] -- Found geometry_msgs: 4.9.0 (/opt/ros/humble/share/geometry_msgs/cmake)
[0.942s] -- Found gazebo_ros: 3.9.0 (/opt/ros/humble/share/gazebo_ros/cmake)
[0.951s] -- Found PkgConfig: /usr/bin/pkg-config (found version "0.29.2") 
[0.952s] -- Checking for module 'bullet>=2.82'
[0.965s] --   Found bullet, version 3.05
[1.078s] -- Found fcl: /usr/include (found suitable version "0.7.0", minimum required is "0.5.0") 
[1.124s] -- Found assimp: /usr/include (found version "5.2.0") 
[1.139s] -- Found DART: /usr/include (Required is at least version "6.6") found components: dart 
[1.162s] -- Found Boost: /usr/lib/x86_64-linux-gnu/cmake/Boost-1.74.0/BoostConfig.cmake (found suitable version "1.74.0", minimum required is "1.40.0") found components: thread system filesystem program_options regex iostreams date_time 
[1.173s] -- Found Protobuf: /usr/lib/x86_64-linux-gnu/libprotobuf.so (found version "3.12.4") 
[1.177s] -- Looking for ignition-math6 -- found version 6.15.1
[1.181s] -- Searching for dependencies of ignition-math6
[1.182s] -- Looking for OGRE...
[1.182s] -- OGRE_PREFIX_WATCH changed.
[1.187s] -- Checking for module 'OGRE'
[1.199s] --   Found OGRE, version 1.9.0
[1.229s] -- Found Ogre Ghadamon (1.9.0)
[1.234s] -- Found OGRE: optimized;/usr/lib/x86_64-linux-gnu/libOgreMain.so;debug;/usr/lib/x86_64-linux-gnu/libOgreMain.so
[1.242s] -- Looking for OGRE_Paging...
[1.245s] -- Found OGRE_Paging: optimized;/usr/lib/x86_64-linux-gnu/libOgrePaging.so;debug;/usr/lib/x86_64-linux-gnu/libOgrePaging.so
[1.245s] -- Looking for OGRE_Terrain...
[1.249s] -- Found OGRE_Terrain: optimized;/usr/lib/x86_64-linux-gnu/libOgreTerrain.so;debug;/usr/lib/x86_64-linux-gnu/libOgreTerrain.so
[1.249s] -- Looking for OGRE_Property...
[1.253s] -- Found OGRE_Property: optimized;/usr/lib/x86_64-linux-gnu/libOgreProperty.so;debug;/usr/lib/x86_64-linux-gnu/libOgreProperty.so
[1.253s] -- Looking for OGRE_RTShaderSystem...
[1.256s] -- Found OGRE_RTShaderSystem: optimized;/usr/lib/x86_64-linux-gnu/libOgreRTShaderSystem.so;debug;/usr/lib/x86_64-linux-gnu/libOgreRTShaderSystem.so
[1.256s] -- Looking for OGRE_Volume...
[1.260s] -- Found OGRE_Volume: optimized;/usr/lib/x86_64-linux-gnu/libOgreVolume.so;debug;/usr/lib/x86_64-linux-gnu/libOgreVolume.so
[1.260s] -- Looking for OGRE_Overlay...
[1.263s] -- Found OGRE_Overlay: optimized;/usr/lib/x86_64-linux-gnu/libOgreOverlay.so;debug;/usr/lib/x86_64-linux-gnu/libOgreOverlay.so
[1.338s] -- Looking for ignition-math6 -- found version 6.15.1
[1.340s] -- Looking for ignition-transport8 -- found version 8.2.1
[1.340s] -- Searching for dependencies of ignition-transport8
[1.356s] -- Found Protobuf: /usr/lib/x86_64-linux-gnu/libprotobuf.so (found suitable version "3.12.4", minimum required is "3") 
[1.366s] -- Config-file not installed for ZeroMQ -- checking for pkg-config
[1.370s] -- Checking for module 'libzmq >= 4'
[1.383s] --   Found libzmq , version 4.3.4
[1.417s] -- Found ZeroMQ: TRUE (Required is at least version "4") 
[1.422s] -- Checking for module 'uuid'
[1.433s] --   Found uuid, version 2.37.2
[1.464s] -- Found UUID: TRUE  
[1.466s] -- Looking for ignition-msgs5 -- found version 5.8.1
[1.466s] -- Searching for dependencies of ignition-msgs5
[1.483s] -- Looking for ignition-math6 -- found version 6.15.1
[1.487s] -- Checking for module 'tinyxml2'
[1.499s] --   Found tinyxml2, version 9.0.0
[1.531s] -- Looking for ignition-msgs5 -- found version 5.8.1
[1.533s] -- Looking for ignition-common3 -- found version 3.14.0
[1.533s] -- Searching for dependencies of ignition-common3
[1.533s] -- Looking for dlfcn.h - found
[1.534s] -- Looking for libdl - found
[1.535s] -- Found DL: TRUE  
[1.545s] -- Found tinyobjloader: /usr/lib/x86_64-linux-gnu/cmake/tinyobjloader/tinyobjloader-config.cmake (found version "2.0.0") 
[1.545s] -- Searching for <ignition-common3> component [graphics]
[1.547s] -- Looking for ignition-common3-graphics -- found version 3.14.0
[1.547s] -- Searching for dependencies of ignition-common3-graphics
[1.547s] -- Looking for ignition-math6 -- found version 6.15.1
[1.549s] -- Looking for ignition-fuel_tools4 -- found version 4.4.0
[1.550s] -- Searching for dependencies of ignition-fuel_tools4
[1.620s] -- Found CURL: /usr/lib/x86_64-linux-gnu/libcurl.so (found version "7.81.0")  
[1.627s] -- Checking for module 'jsoncpp'
[1.639s] --   Found jsoncpp, version 1.9.5
[1.671s] -- Found JSONCPP: TRUE  
[1.676s] -- Checking for module 'libzip'
[1.687s] --   Found libzip, version 1.7.3
[1.718s] -- Found ZIP: TRUE  
[1.719s] -- Looking for ignition-common3 -- found version 3.14.0
[1.719s] -- Looking for ignition-math6 -- found version 6.15.1
[1.719s] -- Looking for ignition-msgs5 -- found version 5.8.1
[1.722s] -- Gazebo version: 11.10
[1.722s] -- Checking for module 'tbb'
[1.734s] --   Found tbb, version 2021.5.0
[1.769s] -- Found ament_lint_auto: 0.12.12 (/opt/ros/humble/share/ament_lint_auto/cmake)
[1.827s] -- Added test 'cppcheck' to perform static code analysis on C / C++ code
[1.828s] -- Configured cppcheck include dirs: /home/huy/ros2_ws/src/drone_drive/include
[1.828s] -- Configured cppcheck exclude dirs and/or files: 
[1.828s] -- Added test 'lint_cmake' to check CMake code style
[1.829s] -- Added test 'uncrustify' to check C / C++ code style
[1.829s] -- Configured uncrustify additional arguments: 
[1.829s] -- Added test 'xmllint' to check XML markup files
[1.830s] -- Configuring done
[1.848s] -- Generating done
[1.852s] -- Build files have been written to: /home/huy/ros2_ws/build/drone_drive
[1.864s] Invoked command in '/home/huy/ros2_ws/build/drone_drive' returned '0': CMAKE_PREFIX_PATH=${CMAKE_PREFIX_PATH}:/home/huy/ros2_ws/install/my_robot_pkg:/opt/ros/humble /usr/bin/cmake /home/huy/ros2_ws/src/drone_drive -DCMAKE_INSTALL_PREFIX=/home/huy/ros2_ws/install/drone_drive
[1.866s] Invoking command in '/home/huy/ros2_ws/build/drone_drive': CMAKE_PREFIX_PATH=${CMAKE_PREFIX_PATH}:/home/huy/ros2_ws/install/my_robot_pkg:/opt/ros/humble /usr/bin/cmake --build /home/huy/ros2_ws/build/drone_drive -- -j16 -l16
[1.914s] [ 50%] [32mBuilding CXX object CMakeFiles/gazebo_drone_diff_drive.dir/src/drone_drive.cpp.o[0m
[2.248s] [100%] [32m[1mLinking CXX shared library libgazebo_drone_diff_drive.so[0m
[2.358s] [100%] Built target gazebo_drone_diff_drive
[2.369s] Invoked command in '/home/huy/ros2_ws/build/drone_drive' returned '0': CMAKE_PREFIX_PATH=${CMAKE_PREFIX_PATH}:/home/huy/ros2_ws/install/my_robot_pkg:/opt/ros/humble /usr/bin/cmake --build /home/huy/ros2_ws/build/drone_drive -- -j16 -l16
[2.378s] Invoking command in '/home/huy/ros2_ws/build/drone_drive': CMAKE_PREFIX_PATH=${CMAKE_PREFIX_PATH}:/home/huy/ros2_ws/install/my_robot_pkg:/opt/ros/humble /usr/bin/cmake --install /home/huy/ros2_ws/build/drone_drive
[2.385s] -- Install configuration: ""
[2.385s] -- Installing: /home/huy/ros2_ws/install/drone_drive/lib/libgazebo_drone_diff_drive.so
[2.385s] -- Set runtime path of "/home/huy/ros2_ws/install/drone_drive/lib/libgazebo_drone_diff_drive.so" to ""
[2.385s] -- Installing: /home/huy/ros2_ws/install/drone_drive/include/drone_drive
[2.385s] -- Installing: /home/huy/ros2_ws/install/drone_drive/include/drone_drive/drone_drive
[2.385s] -- Installing: /home/huy/ros2_ws/install/drone_drive/include/drone_drive/drone_drive/drone_drive.hpp
[2.385s] -- Installing: /home/huy/ros2_ws/install/drone_drive/share/drone_drive/package.xml
[2.386s] -- Installing: /home/huy/ros2_ws/install/drone_drive/share/ament_index/resource_index/package_run_dependencies/drone_drive
[2.386s] -- Installing: /home/huy/ros2_ws/install/drone_drive/share/ament_index/resource_index/parent_prefix_path/drone_drive
[2.386s] -- Installing: /home/huy/ros2_ws/install/drone_drive/share/drone_drive/environment/ament_prefix_path.sh
[2.386s] -- Installing: /home/huy/ros2_ws/install/drone_drive/share/drone_drive/environment/ament_prefix_path.dsv
[2.386s] -- Installing: /home/huy/ros2_ws/install/drone_drive/share/drone_drive/environment/path.sh
[2.386s] -- Installing: /home/huy/ros2_ws/install/drone_drive/share/drone_drive/environment/path.dsv
[2.387s] -- Installing: /home/huy/ros2_ws/install/drone_drive/share/drone_drive/local_setup.bash
[2.387s] -- Installing: /home/huy/ros2_ws/install/drone_drive/share/drone_drive/local_setup.sh
[2.387s] -- Installing: /home/huy/ros2_ws/install/drone_drive/share/drone_drive/local_setup.zsh
[2.387s] -- Installing: /home/huy/ros2_ws/install/drone_drive/share/drone_drive/local_setup.dsv
[2.387s] -- Installing: /home/huy/ros2_ws/install/drone_drive/share/drone_drive/package.dsv
[2.387s] -- Installing: /home/huy/ros2_ws/install/drone_drive/share/ament_index/resource_index/packages/drone_drive
[2.387s] -- Installing: /home/huy/ros2_ws/install/drone_drive/share/drone_drive/cmake/drone_driveConfig.cmake
[2.387s] -- Installing: /home/huy/ros2_ws/install/drone_drive/share/drone_drive/cmake/drone_driveConfig-version.cmake
[2.388s] -- Up-to-date: /home/huy/ros2_ws/install/drone_drive/share/drone_drive/package.xml
[2.389s] Invoked command in '/home/huy/ros2_ws/build/drone_drive' returned '0': CMAKE_PREFIX_PATH=${CMAKE_PREFIX_PATH}:/home/huy/ros2_ws/install/my_robot_pkg:/opt/ros/humble /usr/bin/cmake --install /home/huy/ros2_ws/build/drone_drive
