[0.012s] Invoking command in '/home/huy/ros2_ws/build/drone_drive': CMAKE_PREFIX_PATH=${CMAKE_PREFIX_PATH}:/home/huy/ros2_ws/install/my_robot_pkg:/opt/ros/humble /usr/bin/cmake --build /home/huy/ros2_ws/build/drone_drive -- -j16 -l16
[0.037s] -- Found ament_cmake: 1.3.11 (/opt/ros/humble/share/ament_cmake/cmake)
[0.129s] -- Found rclcpp: 16.0.12 (/opt/ros/humble/share/rclcpp/cmake)
[0.150s] -- Found rosidl_generator_c: 3.1.6 (/opt/ros/humble/share/rosidl_generator_c/cmake)
[0.152s] -- Found rosidl_adapter: 3.1.6 (/opt/ros/humble/share/rosidl_adapter/cmake)
[0.156s] -- Found rosidl_generator_cpp: 3.1.6 (/opt/ros/humble/share/rosidl_generator_cpp/cmake)
[0.162s] -- Using all available rosidl_typesupport_c: rosidl_typesupport_fastrtps_c;rosidl_typesupport_introspection_c
[0.171s] -- Using all available rosidl_typesupport_cpp: rosidl_typesupport_fastrtps_cpp;rosidl_typesupport_introspection_cpp
[0.194s] -- Found rmw_implementation_cmake: 6.1.2 (/opt/ros/humble/share/rmw_implementation_cmake/cmake)
[0.195s] -- Found rmw_fastrtps_cpp: 6.2.7 (/opt/ros/humble/share/rmw_fastrtps_cpp/cmake)
[0.284s] -- Using RMW implementation 'rmw_fastrtps_cpp' as default
[0.318s] -- Found geometry_msgs: 4.9.0 (/opt/ros/humble/share/geometry_msgs/cmake)
[0.327s] -- Found gazebo_ros: 3.9.0 (/opt/ros/humble/share/gazebo_ros/cmake)
[0.351s] -- Found DART: /usr/include (Required is at least version "6.6") found components: dart 
[0.373s] -- Found Protobuf: /usr/lib/x86_64-linux-gnu/libprotobuf.so (found version "3.12.4") 
[0.374s] -- Looking for ignition-math6 -- found version 6.15.1
[0.377s] -- Searching for dependencies of ignition-math6
[0.378s] -- Looking for OGRE...
[0.383s] -- Found Ogre Ghadamon (1.9.0)
[0.383s] -- Found OGRE: optimized;/usr/lib/x86_64-linux-gnu/libOgreMain.so;debug;/usr/lib/x86_64-linux-gnu/libOgreMain.so
[0.391s] -- Looking for OGRE_Paging...
[0.391s] -- Found OGRE_Paging: optimized;/usr/lib/x86_64-linux-gnu/libOgrePaging.so;debug;/usr/lib/x86_64-linux-gnu/libOgrePaging.so
[0.391s] -- Looking for OGRE_Terrain...
[0.391s] -- Found OGRE_Terrain: optimized;/usr/lib/x86_64-linux-gnu/libOgreTerrain.so;debug;/usr/lib/x86_64-linux-gnu/libOgreTerrain.so
[0.391s] -- Looking for OGRE_Property...
[0.391s] -- Found OGRE_Property: optimized;/usr/lib/x86_64-linux-gnu/libOgreProperty.so;debug;/usr/lib/x86_64-linux-gnu/libOgreProperty.so
[0.391s] -- Looking for OGRE_RTShaderSystem...
[0.391s] -- Found OGRE_RTShaderSystem: optimized;/usr/lib/x86_64-linux-gnu/libOgreRTShaderSystem.so;debug;/usr/lib/x86_64-linux-gnu/libOgreRTShaderSystem.so
[0.391s] -- Looking for OGRE_Volume...
[0.391s] -- Found OGRE_Volume: optimized;/usr/lib/x86_64-linux-gnu/libOgreVolume.so;debug;/usr/lib/x86_64-linux-gnu/libOgreVolume.so
[0.391s] -- Looking for OGRE_Overlay...
[0.391s] -- Found OGRE_Overlay: optimized;/usr/lib/x86_64-linux-gnu/libOgreOverlay.so;debug;/usr/lib/x86_64-linux-gnu/libOgreOverlay.so
[0.467s] -- Looking for ignition-math6 -- found version 6.15.1
[0.467s] -- Looking for ignition-transport8 -- found version 8.2.1
[0.468s] -- Searching for dependencies of ignition-transport8
[0.484s] -- Found Protobuf: /usr/lib/x86_64-linux-gnu/libprotobuf.so (found suitable version "3.12.4", minimum required is "3") 
[0.494s] -- Config-file not installed for ZeroMQ -- checking for pkg-config
[0.498s] -- Checking for module 'libzmq >= 4'
[0.511s] --   Found libzmq , version 4.3.4
[0.548s] -- Checking for module 'uuid'
[0.559s] --   Found uuid, version 2.37.2
[0.588s] -- Looking for ignition-msgs5 -- found version 5.8.1
[0.588s] -- Searching for dependencies of ignition-msgs5
[0.604s] -- Looking for ignition-math6 -- found version 6.15.1
[0.608s] -- Checking for module 'tinyxml2'
[0.619s] --   Found tinyxml2, version 9.0.0
[0.650s] -- Looking for ignition-msgs5 -- found version 5.8.1
[0.650s] -- Looking for ignition-common3 -- found version 3.14.0
[0.651s] -- Searching for dependencies of ignition-common3
[0.651s] -- Looking for dlfcn.h - found
[0.651s] -- Looking for libdl - found
[0.660s] -- Searching for <ignition-common3> component [graphics]
[0.661s] -- Looking for ignition-common3-graphics -- found version 3.14.0
[0.661s] -- Searching for dependencies of ignition-common3-graphics
[0.661s] -- Looking for ignition-math6 -- found version 6.15.1
[0.662s] -- Looking for ignition-fuel_tools4 -- found version 4.4.0
[0.662s] -- Searching for dependencies of ignition-fuel_tools4
[0.697s] -- Checking for module 'jsoncpp'
[0.709s] --   Found jsoncpp, version 1.9.5
[0.743s] -- Checking for module 'libzip'
[0.754s] --   Found libzip, version 1.7.3
[0.784s] -- Looking for ignition-common3 -- found version 3.14.0
[0.784s] -- Looking for ignition-math6 -- found version 6.15.1
[0.784s] -- Looking for ignition-msgs5 -- found version 5.8.1
[0.785s] -- Gazebo version: 11.10
[0.786s] -- Found gazebo_msgs: 3.9.0 (/opt/ros/humble/share/gazebo_msgs/cmake)
[0.812s] -- Found rclcpp_components: 16.0.12 (/opt/ros/humble/share/rclcpp_components/cmake)
[0.824s] -- Found nav_msgs: 4.9.0 (/opt/ros/humble/share/nav_msgs/cmake)
[0.835s] -- Found tf2: 0.25.13 (/opt/ros/humble/share/tf2/cmake)
[0.837s] -- Found tf2_ros: 0.25.13 (/opt/ros/humble/share/tf2_ros/cmake)
[0.878s] -- Found sensor_msgs: 4.9.0 (/opt/ros/humble/share/sensor_msgs/cmake)
[0.894s] -- Found ament_lint_auto: 0.12.12 (/opt/ros/humble/share/ament_lint_auto/cmake)
[0.946s] -- Added test 'cppcheck' to perform static code analysis on C / C++ code
[0.946s] -- Configured cppcheck include dirs: /home/huy/ros2_ws/src/drone_drive/include
[0.946s] -- Configured cppcheck exclude dirs and/or files: 
[0.946s] -- Added test 'lint_cmake' to check CMake code style
[0.947s] -- Added test 'uncrustify' to check C / C++ code style
[0.947s] -- Configured uncrustify additional arguments: 
[0.947s] -- Added test 'xmllint' to check XML markup files
[0.948s] -- Configuring done
[0.969s] -- Generating done
[0.974s] -- Build files have been written to: /home/huy/ros2_ws/build/drone_drive
[1.002s] [35m[1mConsolidate compiler generated dependencies of target drone_drive[0m
[1.034s] [ 50%] [32mBuilding CXX object CMakeFiles/drone_drive.dir/src/drone_drive.cpp.o[0m
[3.761s] [100%] [32m[1mLinking CXX shared library libdrone_drive.so[0m
[5.998s] [100%] Built target drone_drive
[6.009s] Invoked command in '/home/huy/ros2_ws/build/drone_drive' returned '0': CMAKE_PREFIX_PATH=${CMAKE_PREFIX_PATH}:/home/huy/ros2_ws/install/my_robot_pkg:/opt/ros/humble /usr/bin/cmake --build /home/huy/ros2_ws/build/drone_drive -- -j16 -l16
[6.018s] Invoking command in '/home/huy/ros2_ws/build/drone_drive': CMAKE_PREFIX_PATH=${CMAKE_PREFIX_PATH}:/home/huy/ros2_ws/install/my_robot_pkg:/opt/ros/humble /usr/bin/cmake --install /home/huy/ros2_ws/build/drone_drive
[6.024s] -- Install configuration: ""
[6.025s] -- Installing: /home/huy/ros2_ws/install/drone_drive/lib/libdrone_drive.so
[6.026s] -- Set runtime path of "/home/huy/ros2_ws/install/drone_drive/lib/libdrone_drive.so" to ""
[6.026s] -- Up-to-date: /home/huy/ros2_ws/install/drone_drive/include/drone_drive
[6.026s] -- Up-to-date: /home/huy/ros2_ws/install/drone_drive/include/drone_drive/drone_drive
[6.026s] -- Installing: /home/huy/ros2_ws/install/drone_drive/include/drone_drive/drone_drive/drone_drive.hpp
[6.026s] -- Installing: /home/huy/ros2_ws/install/drone_drive/include/drone_drive/drone_drive/drone_odometry.hpp
[6.026s] -- Installing: /home/huy/ros2_ws/install/drone_drive/share/drone_drive/package.xml
[6.026s] -- Installing: /home/huy/ros2_ws/install/drone_drive/share/ament_index/resource_index/package_run_dependencies/drone_drive
[6.026s] -- Installing: /home/huy/ros2_ws/install/drone_drive/share/ament_index/resource_index/parent_prefix_path/drone_drive
[6.026s] -- Up-to-date: /home/huy/ros2_ws/install/drone_drive/share/drone_drive/environment/ament_prefix_path.sh
[6.027s] -- Installing: /home/huy/ros2_ws/install/drone_drive/share/drone_drive/environment/ament_prefix_path.dsv
[6.027s] -- Up-to-date: /home/huy/ros2_ws/install/drone_drive/share/drone_drive/environment/path.sh
[6.027s] -- Installing: /home/huy/ros2_ws/install/drone_drive/share/drone_drive/environment/path.dsv
[6.027s] -- Up-to-date: /home/huy/ros2_ws/install/drone_drive/share/drone_drive/local_setup.bash
[6.027s] -- Up-to-date: /home/huy/ros2_ws/install/drone_drive/share/drone_drive/local_setup.sh
[6.027s] -- Up-to-date: /home/huy/ros2_ws/install/drone_drive/share/drone_drive/local_setup.zsh
[6.027s] -- Installing: /home/huy/ros2_ws/install/drone_drive/share/drone_drive/local_setup.dsv
[6.027s] -- Installing: /home/huy/ros2_ws/install/drone_drive/share/drone_drive/package.dsv
[6.027s] -- Up-to-date: /home/huy/ros2_ws/install/drone_drive/share/ament_index/resource_index/packages/drone_drive
[6.027s] -- Installing: /home/huy/ros2_ws/install/drone_drive/share/ament_index/resource_index/rclcpp_components/drone_drive
[6.027s] -- Up-to-date: /home/huy/ros2_ws/install/drone_drive/share/drone_drive/cmake/drone_driveConfig.cmake
[6.028s] -- Up-to-date: /home/huy/ros2_ws/install/drone_drive/share/drone_drive/cmake/drone_driveConfig-version.cmake
[6.028s] -- Up-to-date: /home/huy/ros2_ws/install/drone_drive/share/drone_drive/package.xml
[6.029s] Invoked command in '/home/huy/ros2_ws/build/drone_drive' returned '0': CMAKE_PREFIX_PATH=${CMAKE_PREFIX_PATH}:/home/huy/ros2_ws/install/my_robot_pkg:/opt/ros/humble /usr/bin/cmake --install /home/huy/ros2_ws/build/drone_drive
