[0.011s] Invoking command in '/home/huy/ros2_ws/build/uav_motor_plugin': CMAKE_PREFIX_PATH=/home/huy/ros2_ws/install/uav_dynamics:/opt/ros/humble:/home/huy/ros2_ws/install/uav_msgs:/home/huy/ros2_ws/install/uav_motor_plugin /usr/bin/cmake --build /home/huy/ros2_ws/build/uav_motor_plugin -- -j16 -l16
[0.078s] [100%] Built target uav_motor_plugin
[0.088s] Invoked command in '/home/huy/ros2_ws/build/uav_motor_plugin' returned '0': CMAKE_PREFIX_PATH=/home/huy/ros2_ws/install/uav_dynamics:/opt/ros/humble:/home/huy/ros2_ws/install/uav_msgs:/home/huy/ros2_ws/install/uav_motor_plugin /usr/bin/cmake --build /home/huy/ros2_ws/build/uav_motor_plugin -- -j16 -l16
[0.098s] Invoking command in '/home/huy/ros2_ws/build/uav_motor_plugin': CMAKE_PREFIX_PATH=/home/huy/ros2_ws/install/uav_dynamics:/opt/ros/humble:/home/huy/ros2_ws/install/uav_msgs:/home/huy/ros2_ws/install/uav_motor_plugin /usr/bin/cmake --install /home/huy/ros2_ws/build/uav_motor_plugin
[0.106s] -- Install configuration: ""
[0.106s] -- Up-to-date: /home/huy/ros2_ws/install/uav_motor_plugin/lib/libuav_motor_plugin.so
[0.106s] -- Up-to-date: /home/huy/ros2_ws/install/uav_motor_plugin/share/ament_index/resource_index/package_run_dependencies/uav_motor_plugin
[0.106s] -- Up-to-date: /home/huy/ros2_ws/install/uav_motor_plugin/share/ament_index/resource_index/parent_prefix_path/uav_motor_plugin
[0.107s] -- Up-to-date: /home/huy/ros2_ws/install/uav_motor_plugin/share/uav_motor_plugin/environment/ament_prefix_path.sh
[0.107s] -- Up-to-date: /home/huy/ros2_ws/install/uav_motor_plugin/share/uav_motor_plugin/environment/ament_prefix_path.dsv
[0.107s] -- Up-to-date: /home/huy/ros2_ws/install/uav_motor_plugin/share/uav_motor_plugin/environment/path.sh
[0.107s] -- Up-to-date: /home/huy/ros2_ws/install/uav_motor_plugin/share/uav_motor_plugin/environment/path.dsv
[0.107s] -- Up-to-date: /home/huy/ros2_ws/install/uav_motor_plugin/share/uav_motor_plugin/local_setup.bash
[0.107s] -- Up-to-date: /home/huy/ros2_ws/install/uav_motor_plugin/share/uav_motor_plugin/local_setup.sh
[0.107s] -- Up-to-date: /home/huy/ros2_ws/install/uav_motor_plugin/share/uav_motor_plugin/local_setup.zsh
[0.107s] -- Up-to-date: /home/huy/ros2_ws/install/uav_motor_plugin/share/uav_motor_plugin/local_setup.dsv
[0.108s] -- Installing: /home/huy/ros2_ws/install/uav_motor_plugin/share/uav_motor_plugin/package.dsv
[0.108s] -- Up-to-date: /home/huy/ros2_ws/install/uav_motor_plugin/share/ament_index/resource_index/packages/uav_motor_plugin
[0.108s] -- Up-to-date: /home/huy/ros2_ws/install/uav_motor_plugin/share/uav_motor_plugin/cmake/uav_motor_pluginConfig.cmake
[0.108s] -- Up-to-date: /home/huy/ros2_ws/install/uav_motor_plugin/share/uav_motor_plugin/cmake/uav_motor_pluginConfig-version.cmake
[0.108s] -- Up-to-date: /home/huy/ros2_ws/install/uav_motor_plugin/share/uav_motor_plugin/package.xml
[0.110s] Invoked command in '/home/huy/ros2_ws/build/uav_motor_plugin' returned '0': CMAKE_PREFIX_PATH=/home/huy/ros2_ws/install/uav_dynamics:/opt/ros/humble:/home/huy/ros2_ws/install/uav_msgs:/home/huy/ros2_ws/install/uav_motor_plugin /usr/bin/cmake --install /home/huy/ros2_ws/build/uav_motor_plugin
