[0.012s] Invoking command in '/home/huy/ros2_ws/build/uav_controller': CMAKE_PREFIX_PATH=/opt/ros/humble:${CMAKE_PREFIX_PATH} /usr/bin/cmake --build /home/huy/ros2_ws/build/uav_controller -- -j16 -l16
[0.051s] [35m[1mConsolidate compiler generated dependencies of target pos_controller_node[0m
[0.066s] [ 33%] Built target imu_node
[0.069s] [ 66%] Built target smc_controller_node
[0.072s] [ 83%] [32mBuilding CXX object CMakeFiles/pos_controller_node.dir/src/pid_controller.cpp.o[0m
[6.667s] [100%] [32m[1mLinking CXX executable pos_controller_node[0m
[6.967s] [100%] Built target pos_controller_node
[6.977s] Invoked command in '/home/huy/ros2_ws/build/uav_controller' returned '0': CMAKE_PREFIX_PATH=/opt/ros/humble:${CMAKE_PREFIX_PATH} /usr/bin/cmake --build /home/huy/ros2_ws/build/uav_controller -- -j16 -l16
[6.979s] Invoking command in '/home/huy/ros2_ws/build/uav_controller': CMAKE_PREFIX_PATH=/opt/ros/humble:${CMAKE_PREFIX_PATH} /usr/bin/cmake --install /home/huy/ros2_ws/build/uav_controller
[6.985s] -- Install configuration: ""
[6.986s] -- Up-to-date: /home/huy/ros2_ws/install/uav_controller/lib/uav_controller/imu_node
[6.986s] -- Installing: /home/huy/ros2_ws/install/uav_controller/lib/uav_controller/pos_controller_node
[6.991s] -- Set runtime path of "/home/huy/ros2_ws/install/uav_controller/lib/uav_controller/pos_controller_node" to ""
[6.991s] -- Up-to-date: /home/huy/ros2_ws/install/uav_controller/lib/uav_controller/smc_controller_node
[6.992s] -- Up-to-date: /home/huy/ros2_ws/install/uav_controller/share/ament_index/resource_index/package_run_dependencies/uav_controller
[6.992s] -- Up-to-date: /home/huy/ros2_ws/install/uav_controller/share/ament_index/resource_index/parent_prefix_path/uav_controller
[6.992s] -- Up-to-date: /home/huy/ros2_ws/install/uav_controller/share/uav_controller/environment/ament_prefix_path.sh
[6.992s] -- Up-to-date: /home/huy/ros2_ws/install/uav_controller/share/uav_controller/environment/ament_prefix_path.dsv
[6.992s] -- Up-to-date: /home/huy/ros2_ws/install/uav_controller/share/uav_controller/environment/path.sh
[6.992s] -- Up-to-date: /home/huy/ros2_ws/install/uav_controller/share/uav_controller/environment/path.dsv
[6.992s] -- Up-to-date: /home/huy/ros2_ws/install/uav_controller/share/uav_controller/local_setup.bash
[6.992s] -- Up-to-date: /home/huy/ros2_ws/install/uav_controller/share/uav_controller/local_setup.sh
[6.992s] -- Up-to-date: /home/huy/ros2_ws/install/uav_controller/share/uav_controller/local_setup.zsh
[6.992s] -- Up-to-date: /home/huy/ros2_ws/install/uav_controller/share/uav_controller/local_setup.dsv
[6.993s] -- Installing: /home/huy/ros2_ws/install/uav_controller/share/uav_controller/package.dsv
[6.993s] -- Up-to-date: /home/huy/ros2_ws/install/uav_controller/share/ament_index/resource_index/packages/uav_controller
[6.993s] -- Up-to-date: /home/huy/ros2_ws/install/uav_controller/share/uav_controller/cmake/uav_controllerConfig.cmake
[6.993s] -- Up-to-date: /home/huy/ros2_ws/install/uav_controller/share/uav_controller/cmake/uav_controllerConfig-version.cmake
[6.993s] -- Up-to-date: /home/huy/ros2_ws/install/uav_controller/share/uav_controller/package.xml
[6.994s] Invoked command in '/home/huy/ros2_ws/build/uav_controller' returned '0': CMAKE_PREFIX_PATH=/opt/ros/humble:${CMAKE_PREFIX_PATH} /usr/bin/cmake --install /home/huy/ros2_ws/build/uav_controller
