[0.012s] Invoking command in '/home/huy/ros2_ws/build/drone_drive': CMAKE_PREFIX_PATH=${CMAKE_PREFIX_PATH}:/home/huy/ros2_ws/install/my_robot_pkg:/opt/ros/humble /usr/bin/cmake --build /home/huy/ros2_ws/build/drone_drive -- -j16 -l16
[0.036s] -- Found ament_cmake: 1.3.11 (/opt/ros/humble/share/ament_cmake/cmake)
[0.129s] -- Found rclcpp: 16.0.12 (/opt/ros/humble/share/rclcpp/cmake)
[0.150s] -- Found rosidl_generator_c: 3.1.6 (/opt/ros/humble/share/rosidl_generator_c/cmake)
[0.152s] -- Found rosidl_adapter: 3.1.6 (/opt/ros/humble/share/rosidl_adapter/cmake)
[0.156s] -- Found rosidl_generator_cpp: 3.1.6 (/opt/ros/humble/share/rosidl_generator_cpp/cmake)
[0.163s] -- Using all available rosidl_typesupport_c: rosidl_typesupport_fastrtps_c;rosidl_typesupport_introspection_c
[0.171s] -- Using all available rosidl_typesupport_cpp: rosidl_typesupport_fastrtps_cpp;rosidl_typesupport_introspection_cpp
[0.194s] -- Found rmw_implementation_cmake: 6.1.2 (/opt/ros/humble/share/rmw_implementation_cmake/cmake)
[0.195s] -- Found rmw_fastrtps_cpp: 6.2.7 (/opt/ros/humble/share/rmw_fastrtps_cpp/cmake)
[0.280s] -- Using RMW implementation 'rmw_fastrtps_cpp' as default
[0.314s] -- Found geometry_msgs: 4.9.0 (/opt/ros/humble/share/geometry_msgs/cmake)
[0.322s] -- Found gazebo_ros: 3.9.0 (/opt/ros/humble/share/gazebo_ros/cmake)
[0.347s] -- Found DART: /usr/include (Required is at least version "6.6") found components: dart 
[0.371s] -- Found Protobuf: /usr/lib/x86_64-linux-gnu/libprotobuf.so (found version "3.12.4") 
[0.372s] -- Looking for ignition-math6 -- found version 6.15.1
[0.375s] -- Searching for dependencies of ignition-math6
[0.376s] -- Looking for OGRE...
[0.381s] -- Found Ogre Ghadamon (1.9.0)
[0.381s] -- Found OGRE: optimized;/usr/lib/x86_64-linux-gnu/libOgreMain.so;debug;/usr/lib/x86_64-linux-gnu/libOgreMain.so
[0.389s] -- Looking for OGRE_Paging...
[0.389s] -- Found OGRE_Paging: optimized;/usr/lib/x86_64-linux-gnu/libOgrePaging.so;debug;/usr/lib/x86_64-linux-gnu/libOgrePaging.so
[0.389s] -- Looking for OGRE_Terrain...
[0.389s] -- Found OGRE_Terrain: optimized;/usr/lib/x86_64-linux-gnu/libOgreTerrain.so;debug;/usr/lib/x86_64-linux-gnu/libOgreTerrain.so
[0.389s] -- Looking for OGRE_Property...
[0.389s] -- Found OGRE_Property: optimized;/usr/lib/x86_64-linux-gnu/libOgreProperty.so;debug;/usr/lib/x86_64-linux-gnu/libOgreProperty.so
[0.389s] -- Looking for OGRE_RTShaderSystem...
[0.389s] -- Found OGRE_RTShaderSystem: optimized;/usr/lib/x86_64-linux-gnu/libOgreRTShaderSystem.so;debug;/usr/lib/x86_64-linux-gnu/libOgreRTShaderSystem.so
[0.389s] -- Looking for OGRE_Volume...
[0.389s] -- Found OGRE_Volume: optimized;/usr/lib/x86_64-linux-gnu/libOgreVolume.so;debug;/usr/lib/x86_64-linux-gnu/libOgreVolume.so
[0.389s] -- Looking for OGRE_Overlay...
[0.389s] -- Found OGRE_Overlay: optimized;/usr/lib/x86_64-linux-gnu/libOgreOverlay.so;debug;/usr/lib/x86_64-linux-gnu/libOgreOverlay.so
[0.469s] -- Looking for ignition-math6 -- found version 6.15.1
[0.469s] -- Looking for ignition-transport8 -- found version 8.2.1
[0.470s] -- Searching for dependencies of ignition-transport8
[0.486s] -- Found Protobuf: /usr/lib/x86_64-linux-gnu/libprotobuf.so (found suitable version "3.12.4", minimum required is "3") 
[0.496s] -- Config-file not installed for ZeroMQ -- checking for pkg-config
[0.501s] -- Checking for module 'libzmq >= 4'
[0.513s] --   Found libzmq , version 4.3.4
[0.553s] -- Checking for module 'uuid'
[0.564s] --   Found uuid, version 2.37.2
[0.593s] -- Looking for ignition-msgs5 -- found version 5.8.1
[0.594s] -- Searching for dependencies of ignition-msgs5
[0.610s] -- Looking for ignition-math6 -- found version 6.15.1
[0.614s] -- Checking for module 'tinyxml2'
[0.626s] --   Found tinyxml2, version 9.0.0
[0.656s] -- Looking for ignition-msgs5 -- found version 5.8.1
[0.656s] -- Looking for ignition-common3 -- found version 3.14.0
[0.657s] -- Searching for dependencies of ignition-common3
[0.657s] -- Looking for dlfcn.h - found
[0.657s] -- Looking for libdl - found
[0.666s] -- Searching for <ignition-common3> component [graphics]
[0.666s] -- Looking for ignition-common3-graphics -- found version 3.14.0
[0.667s] -- Searching for dependencies of ignition-common3-graphics
[0.667s] -- Looking for ignition-math6 -- found version 6.15.1
[0.668s] -- Looking for ignition-fuel_tools4 -- found version 4.4.0
[0.668s] -- Searching for dependencies of ignition-fuel_tools4
[0.702s] -- Checking for module 'jsoncpp'
[0.714s] --   Found jsoncpp, version 1.9.5
[0.748s] -- Checking for module 'libzip'
[0.759s] --   Found libzip, version 1.7.3
[0.787s] -- Looking for ignition-common3 -- found version 3.14.0
[0.787s] -- Looking for ignition-math6 -- found version 6.15.1
[0.787s] -- Looking for ignition-msgs5 -- found version 5.8.1
[0.788s] -- Gazebo version: 11.10
[0.789s] -- Found gazebo_msgs: 3.9.0 (/opt/ros/humble/share/gazebo_msgs/cmake)
[0.815s] -- Found rclcpp_components: 16.0.12 (/opt/ros/humble/share/rclcpp_components/cmake)
[0.828s] -- Found nav_msgs: 4.9.0 (/opt/ros/humble/share/nav_msgs/cmake)
[0.839s] -- Found tf2: 0.25.13 (/opt/ros/humble/share/tf2/cmake)
[0.841s] -- Found tf2_ros: 0.25.13 (/opt/ros/humble/share/tf2_ros/cmake)
[0.882s] -- Found sensor_msgs: 4.9.0 (/opt/ros/humble/share/sensor_msgs/cmake)
[0.894s] [31mCMake Error at /opt/ros/humble/share/ament_cmake_target_dependencies/cmake/ament_target_dependencies.cmake:77 (message):
[0.894s]   ament_target_dependencies() the passed package name 'urdf' was not found
[0.894s]   before
[0.894s] Call Stack (most recent call first):
[0.894s]   CMakeLists.txt:47 (ament_target_dependencies)
[0.894s] 
[0.894s] [0m
[0.894s] -- Configuring incomplete, errors occurred!
[0.894s] See also "/home/huy/ros2_ws/build/drone_drive/CMakeFiles/CMakeOutput.log".
[0.904s] gmake: *** [Makefile:267: cmake_check_build_system] Error 1
[0.906s] Invoked command in '/home/huy/ros2_ws/build/drone_drive' returned '2': CMAKE_PREFIX_PATH=${CMAKE_PREFIX_PATH}:/home/huy/ros2_ws/install/my_robot_pkg:/opt/ros/humble /usr/bin/cmake --build /home/huy/ros2_ws/build/drone_drive -- -j16 -l16
