[0.013s] Invoking command in '/home/huy/ros2_ws/build/drone_drive': CMAKE_PREFIX_PATH=${CMAKE_PREFIX_PATH}:/home/huy/ros2_ws/install/my_robot_pkg:/opt/ros/humble /usr/bin/cmake --build /home/huy/ros2_ws/build/drone_drive -- -j16 -l16
[0.066s] [100%] Built target drone_drive
[0.211s] Invoked command in '/home/huy/ros2_ws/build/drone_drive' returned '0': CMAKE_PREFIX_PATH=${CMAKE_PREFIX_PATH}:/home/huy/ros2_ws/install/my_robot_pkg:/opt/ros/humble /usr/bin/cmake --build /home/huy/ros2_ws/build/drone_drive -- -j16 -l16
[0.220s] Invoking command in '/home/huy/ros2_ws/build/drone_drive': CMAKE_PREFIX_PATH=${CMAKE_PREFIX_PATH}:/home/huy/ros2_ws/install/my_robot_pkg:/opt/ros/humble /usr/bin/cmake --install /home/huy/ros2_ws/build/drone_drive
[0.227s] -- Install configuration: ""
[0.228s] -- Up-to-date: /home/huy/ros2_ws/install/drone_drive/lib/libdrone_drive.so
[0.228s] -- Up-to-date: /home/huy/ros2_ws/install/drone_drive/include/drone_drive
[0.228s] -- Up-to-date: /home/huy/ros2_ws/install/drone_drive/include/drone_drive/drone_drive
[0.228s] -- Installing: /home/huy/ros2_ws/install/drone_drive/include/drone_drive/drone_drive/drone_drive.hpp
[0.228s] -- Up-to-date: /home/huy/ros2_ws/install/drone_drive/share/drone_drive/package.xml
[0.228s] -- Up-to-date: /home/huy/ros2_ws/install/drone_drive/share/ament_index/resource_index/package_run_dependencies/drone_drive
[0.228s] -- Up-to-date: /home/huy/ros2_ws/install/drone_drive/share/ament_index/resource_index/parent_prefix_path/drone_drive
[0.228s] -- Up-to-date: /home/huy/ros2_ws/install/drone_drive/share/drone_drive/environment/ament_prefix_path.sh
[0.228s] -- Up-to-date: /home/huy/ros2_ws/install/drone_drive/share/drone_drive/environment/ament_prefix_path.dsv
[0.228s] -- Up-to-date: /home/huy/ros2_ws/install/drone_drive/share/drone_drive/environment/path.sh
[0.228s] -- Up-to-date: /home/huy/ros2_ws/install/drone_drive/share/drone_drive/environment/path.dsv
[0.228s] -- Up-to-date: /home/huy/ros2_ws/install/drone_drive/share/drone_drive/local_setup.bash
[0.228s] -- Up-to-date: /home/huy/ros2_ws/install/drone_drive/share/drone_drive/local_setup.sh
[0.228s] -- Up-to-date: /home/huy/ros2_ws/install/drone_drive/share/drone_drive/local_setup.zsh
[0.228s] -- Up-to-date: /home/huy/ros2_ws/install/drone_drive/share/drone_drive/local_setup.dsv
[0.229s] -- Installing: /home/huy/ros2_ws/install/drone_drive/share/drone_drive/package.dsv
[0.229s] -- Up-to-date: /home/huy/ros2_ws/install/drone_drive/share/ament_index/resource_index/packages/drone_drive
[0.229s] -- Up-to-date: /home/huy/ros2_ws/install/drone_drive/share/drone_drive/cmake/drone_driveConfig.cmake
[0.229s] -- Up-to-date: /home/huy/ros2_ws/install/drone_drive/share/drone_drive/cmake/drone_driveConfig-version.cmake
[0.229s] -- Up-to-date: /home/huy/ros2_ws/install/drone_drive/share/drone_drive/package.xml
[0.231s] Invoked command in '/home/huy/ros2_ws/build/drone_drive' returned '0': CMAKE_PREFIX_PATH=${CMAKE_PREFIX_PATH}:/home/huy/ros2_ws/install/my_robot_pkg:/opt/ros/humble /usr/bin/cmake --install /home/huy/ros2_ws/build/drone_drive
